#
# A fatal error has been detected by the Java Runtime Environment:
#
#  Internal Error (jvmciRuntime.cpp:1609), pid=28, tid=42
#  fatal error: Fatal exception in JVMCI: Error calling jdk.vm.ci.services.Services.serializeSavedProperties
#
# JRE version: OpenJDK Runtime Environment GraalVM CE 22.3.0 (17.0.5+8) (build 17.0.5+8-jvmci-22.3-b08)
# Java VM: OpenJDK 64-Bit Server VM GraalVM CE 22.3.0 (17.0.5+8-jvmci-22.3-b08, mixed mode, sharing, tiered, jvmci, jvmci compiler, compressed oops, compressed class ptrs, parallel gc, linux-amd64)
# Problematic frame:
# V  [libjvm.so+0x972714]  JVMCIRuntime::fatal_exception(JVMCIEnv*, char const*)+0x74
#
# Core dump will be written. Default location: Core dumps may be processed with "/usr/share/apport/apport -p%p -s%s -c%c -d%d -P%P -u%u -g%g -- %E" (or dumping to /home/runner/RPG-game-10-English/core.28)
#
# If you would like to submit a bug report, please visit:
#   https://github.com/oracle/graal/issues
#

---------------  S U M M A R Y ------------

Command Line: -XX:ThreadPriorityPolicy=1 -XX:+UnlockExperimentalVMOptions -XX:+EnableJVMCIProduct -XX:JVMCIThreadsPerNativeLibraryRuntime=1 -XX:-UnlockExperimentalVMOptions -Declipse.application=org.eclipse.jdt.ls.core.id1 -Dosgi.bundles.defaultStartLevel=4 -Declipse.product=org.eclipse.jdt.ls.core.product -Dlog.level=ALL -Xverify:none -XX:+UseParallelGC -XX:GCTimeRatio=4 -XX:AdaptiveSizePolicyWeight=90 -Dsun.zip.disableMemoryMapping=true -Xmx512m -Xms100m /nix/store/m6gcpi1ii6rghy04cjwjddcavv7i90df-jdt-language-server-1.9.0/share/java/plugins/org.eclipse.equinox.launcher_1.6.400.v20210924-0641.jar --add-modules=ALL-SYSTEM --add-opens java.base/java.util=ALL-UNNAMED --add-opens java.base/java.lang=ALL-UNNAMED -configuration /home/runner/.cache/jdt-language-server/config -data /home/runner/.cache/jdt-language-server/data/home/runner/RPG-game-10-English

Host: AMD EPYC 7B12, 8 cores, 1G, Ubuntu 20.04.2 LTS
Time: Sun May 21 15:33:02 2023 UTC elapsed time: 1526.412376 seconds (0d 0h 25m 26s)

---------------  T H R E A D  ---------------

Current thread (0x00007fd8ac0b21e0):  JavaThread "JVMCI-native CompilerThread0" daemon [_thread_in_vm, id=42, stack(0x00007fd892700000,0x00007fd892900000)]


Current CompileTask:
JVMCI-native:1526412 12810       4       org.eclipse.jdt.internal.core.JavaModelCache::getInfo (135 bytes)

Stack: [0x00007fd892700000,0x00007fd892900000],  sp=0x00007fd8928fe380,  free space=2040k
Native frames: (J=compiled Java code, j=interpreted, Vv=VM code, C=native code)
V  [libjvm.so+0x972714]  JVMCIRuntime::fatal_exception(JVMCIEnv*, char const*)+0x74
V  [libjvm.so+0x93e2fe]  JVMCIEnv::copy_saved_properties()+0x14e
V  [libjvm.so+0x9732a9]  JVMCIRuntime::initialize(JVMCIEnv*)+0xb19
V  [libjvm.so+0x9738a2]  JVMCIRuntime::get_HotSpotJVMCIRuntime(JVMCIEnv*)+0x12
V  [libjvm.so+0x9749f2]  JVMCIRuntime::compile_method(JVMCIEnv*, JVMCICompiler*, methodHandle const&, int)+0xd2
V  [libjvm.so+0x5b0d20]  CompileBroker::invoke_compiler_on_method(CompileTask*)+0x1470
V  [libjvm.so+0x5b12e8]  CompileBroker::compiler_thread_loop()+0x528
V  [libjvm.so+0xd82460]  JavaThread::thread_main_inner()+0xd0
V  [libjvm.so+0xd85a40]  Thread::call_run()+0xc0
V  [libjvm.so+0xbdb1e1]  thread_native_entry(Thread*)+0xe1

Register to memory mapping:

RAX=0x00007fd8b2425000 points into unknown readable memory: 0x0000000000000058 | 58 00 00 00 00 00 00 00
RBX=0x00007fd8b3520398: <offset 0x0000000000ef5398> in /nix/store/gpxl5qgg8kicmcvivwmybwjlpf7wh20l-graalvm17-ce-22.3.0/lib/server/libjvm.so at 0x00007fd8b262b000
RCX=0x00007fd8b34d81e8: <offset 0x0000000000ead1e8> in /nix/store/gpxl5qgg8kicmcvivwmybwjlpf7wh20l-graalvm17-ce-22.3.0/lib/server/libjvm.so at 0x00007fd8b262b000
RDX=0x0000000000000649 is an unknown value
RSP=0x00007fd8928fe380 is pointing into the stack for thread: 0x00007fd8ac0b21e0
RBP=0x00007fd8928fe3a0 is pointing into the stack for thread: 0x00007fd8ac0b21e0
RSI=0x00007fd8b3520c48: <offset 0x0000000000ef5c48> in /nix/store/gpxl5qgg8kicmcvivwmybwjlpf7wh20l-graalvm17-ce-22.3.0/lib/server/libjvm.so at 0x00007fd8b262b000
RDI=0x00000000e0000000 is an oop: java.lang.String 
{0x00000000e0000000} - klass: 'java/lang/String'
 - string: "resolution"
R8 =0x00007fd8b3520398: <offset 0x0000000000ef5398> in /nix/store/gpxl5qgg8kicmcvivwmybwjlpf7wh20l-graalvm17-ce-22.3.0/lib/server/libjvm.so at 0x00007fd8b262b000
R9 =0x00007fd8928fe330 is pointing into the stack for thread: 0x00007fd8ac0b21e0
R10=0x00007fd8928ff948 is pointing into the stack for thread: 0x00007fd8ac0b21e0
R11=0x0000000000000293 is an unknown value
R12=0x0 is NULL
R13=0x00007fd8ac0b21e0 is a thread
R14=0x00007fd8ac000b80 points into unknown readable memory: 0x00007fd8b3751a38 | 38 1a 75 b3 d8 7f 00 00
R15=0x00007fd8b385fe40: <offset 0x0000000001234e40> in /nix/store/gpxl5qgg8kicmcvivwmybwjlpf7wh20l-graalvm17-ce-22.3.0/lib/server/libjvm.so at 0x00007fd8b262b000


Registers:
RAX=0x00007fd8b2425000, RBX=0x00007fd8b3520398, RCX=0x00007fd8b34d81e8, RDX=0x0000000000000649
RSP=0x00007fd8928fe380, RBP=0x00007fd8928fe3a0, RSI=0x00007fd8b3520c48, RDI=0x00000000e0000000
R8 =0x00007fd8b3520398, R9 =0x00007fd8928fe330, R10=0x00007fd8928ff948, R11=0x0000000000000293
R12=0x0000000000000000, R13=0x00007fd8ac0b21e0, R14=0x00007fd8ac000b80, R15=0x00007fd8b385fe40
RIP=0x00007fd8b2f9d714, EFLAGS=0x0000000000010206, CSGSFS=0x002b000000000033, ERR=0x0000000000000006
  TRAPNO=0x000000000000000e

Top of Stack: (sp=0x00007fd8928fe380)
0x00007fd8928fe380:   00007fd8928fe940 00007fd8ac0b21e0
0x00007fd8928fe390:   00007fd8b0db68c8 0000000800c417a0
0x00007fd8928fe3a0:   00007fd8928fe500 00007fd8b2f692fe
0x00007fd8928fe3b0:   00007fd8928fe3e0 00007fd8928fe440 

Instructions: (pc=0x00007fd8b2f9d714)
0x00007fd8b2f9d614:   30 e8 f6 cf e8 ff 4c 89 e7 e8 2e 48 d1 ff 84 db
0x00007fd8b2f9d624:   75 2a 4d 85 ed 74 04 4d 8b 6d 00 48 83 c4 08 44
0x00007fd8b2f9d634:   89 f9 4c 89 f2 4c 89 ee 5b 4c 89 e7 41 5c 41 5d
0x00007fd8b2f9d644:   41 5e 41 5f 5d e9 e2 47 d1 ff 66 90 48 83 c4 08
0x00007fd8b2f9d654:   5b 41 5c 41 5d 41 5e 41 5f 5d c3 90 31 d2 be 08
0x00007fd8b2f9d664:   00 00 00 4c 89 ff e8 b1 78 a3 ff 49 89 c5 e9 37
0x00007fd8b2f9d674:   ff ff ff 66 0f 1f 84 00 00 00 00 00 48 8b 7a 08
0x00007fd8b2f9d684:   e9 6d ff ff ff 0f 1f 80 00 00 00 00 e8 5b 48 0a
0x00007fd8b2f9d694:   00 84 c0 75 89 e9 6a ff ff ff 66 90 55 48 89 e5
0x00007fd8b2f9d6a4:   41 56 41 55 41 54 49 89 fc 53 48 89 f3 66 48 8d
0x00007fd8b2f9d6b4:   3d 27 5e 85 00 66 66 48 e8 df 43 8d ff 4c 8b 28
0x00007fd8b2f9d6c4:   8b 05 be 72 8a 00 85 c0 75 14 ba 01 00 00 00 48
0x00007fd8b2f9d6d4:   8d 0d ae 72 8a 00 f0 0f b1 11 85 c0 74 4e be c8
0x00007fd8b2f9d6e4:   00 00 00 4c 89 ef e8 01 0b 41 00 48 8d 05 12 ac
0x00007fd8b2f9d6f4:   85 00 49 89 d8 48 8d 0d e8 aa 53 00 ba 49 06 00
0x00007fd8b2f9d704:   00 48 8d 35 3c 35 58 00 bf 00 00 00 e0 48 8b 00
0x00007fd8b2f9d714:   c6 00 58 31 c0 e8 e2 91 c6 ff 5b 41 5c 41 5d 41
0x00007fd8b2f9d724:   5e 5d e9 55 34 26 00 0f 1f 44 00 00 48 8d 05 81
0x00007fd8b2f9d734:   a3 8b 00 48 89 df 4c 8b 30 e8 9e 43 8d ff 48 89
0x00007fd8b2f9d744:   de 48 89 c2 49 8b 06 4c 89 f7 ff 50 08 4c 89 f7
0x00007fd8b2f9d754:   e8 a7 5c 27 00 4d 85 e4 74 12 be 01 00 00 00 4c
0x00007fd8b2f9d764:   89 e7 e8 35 43 fc ff eb 82 0f 1f 00 be 01 00 00
0x00007fd8b2f9d774:   00 4c 89 ef e8 d3 fd ff ff e9 6d ff ff ff 66 66
0x00007fd8b2f9d784:   2e 0f 1f 84 00 00 00 00 00 0f 1f 00 55 48 89 e5
0x00007fd8b2f9d794:   41 57 41 56 41 55 41 54 53 48 81 ec 08 02 00 00
0x00007fd8b2f9d7a4:   64 48 8b 04 25 28 00 00 00 48 89 45 c8 8b 07 83
0x00007fd8b2f9d7b4:   f8 02 0f 84 11 04 00 00 4c 8b 6f 18 49 89 ff 49
0x00007fd8b2f9d7c4:   89 f4 4d 85 ed 74 14 4c 89 ef e8 5d 57 22 00 41
0x00007fd8b2f9d7d4:   8b 07 83 f8 02 0f 84 19 04 00 00 48 8d 1d 9a 06
0x00007fd8b2f9d7e4:   8a 00 4c 8d 35 0b 3c 58 00 eb 38 90 48 85 d2 7f
0x00007fd8b2f9d7f4:   0d 48 8d 05 b4 c0 85 00 48 83 38 00 7e 0e 41 8b
0x00007fd8b2f9d804:   77 2c 4c 89 f7 31 c0 e8 a0 b2 f7 ff 49 8b 7f 18 


Stack slot to memory mapping:
stack at sp + 0 slots: 0x00007fd8928fe940 is pointing into the stack for thread: 0x00007fd8ac0b21e0
stack at sp + 1 slots: 0x00007fd8ac0b21e0 is a thread
stack at sp + 2 slots: 0x00007fd8b0db68c8 points into unknown readable memory: 0x65730018052dffff | ff ff 2d 05 18 00 73 65
stack at sp + 3 slots: 0x0000000800c417a0 is a pointer to class: 
jdk.vm.ci.services.Services {0x0000000800c417a0}
 - instance size:     2
 - klass size:        65
 - access:            public final synchronized 
 - state:             fully_initialized
 - name:              'jdk/vm/ci/services/Services'
 - super:             'java/lang/Object'
 - sub:               
 - arrays:            NULL
 - methods:           Array<T>(0x00007fd892c43708)
 - method ordering:   Array<T>(0x0000000800928960)
 - default_methods:   Array<T>(0x0000000000000000)
 - local interfaces:  Array<T>(0x00000008005ce810)
 - trans. interfaces: Array<T>(0x00000008005ce810)
 - constants:         constant pool [427] {0x00007fd892c424a0} for 'jdk/vm/ci/services/Services' cache=0x00007fd892c44af0
 - class loader data:  loader data: 0x00007fd8ac0283f0 of 'bootstrap'
 - source file:       'Services.java'
 - class annotations:       Array<T>(0x0000000000000000)
 - class type annotations:  Array<T>(0x0000000000000000)
 - field annotations:       Array<T>(0x0000000000000000)
 - field type annotations:  Array<T>(0x0000000000000000)
 - inner classes:     Array<T>(0x00007fd892c44a50)
 - nest members:     Array<T>(0x00007fd892c44a70)
 - permitted subclasses:     Array<T>(0x00000008005ce7a0)
 - java mirror:       a 'java/lang/Class'{0x00000000e0148a70} = 'jdk/vm/ci/services/Services'
 - vtable length      5  (start addr: 0x0000000800c41970)
 - itable length      2 (start addr: 0x0000000800c41998)
 - ---- static fields (3 words):
 - public static final 'IS_BUILDING_NATIVE_IMAGE' 'Z' @128 
 - public static final 'IS_IN_NATIVE_IMAGE' 'Z' @129 
 - private static volatile 'savedProperties' 'Ljava/util/Map;' @112 
 - static final 'JVMCI_ENABLED' 'Z' @130 
 - private static final 'servicesCache' 'Ljava/util/Map;' @116 
 - private static final 'MAX_UNICODE_IN_UTF8_LENGTH' 'I' @120 
 - private static final 'MAX_UTF8_PROPERTY_STRING_LENGTH' 'I' @124 
 - ---- non-static fields (0 words):
 - non-static oop maps: 
stack at sp + 4 slots: 0x00007fd8928fe500 is pointing into the stack for thread: 0x00007fd8ac0b21e0
stack at sp + 5 slots: 0x00007fd8b2f692fe: <offset 0x000000000093e2fe> in /nix/store/gpxl5qgg8kicmcvivwmybwjlpf7wh20l-graalvm17-ce-22.3.0/lib/server/libjvm.so at 0x00007fd8b262b000
stack at sp + 6 slots: 0x00007fd8928fe3e0 is pointing into the stack for thread: 0x00007fd8ac0b21e0
stack at sp + 7 slots: 0x00007fd8928fe440 is pointing into the stack for thread: 0x00007fd8ac0b21e0


---------------  P R O C E S S  ---------------

Threads class SMR info:
_java_thread_list=0x00007fd800000b70, length=27, elements={
0x00007fd8ac026690, 0x00007fd8ac0a64d0, 0x00007fd8ac0a7910, 0x00007fd8ac0ae050,
0x00007fd8ac0af400, 0x00007fd8ac0b07f0, 0x00007fd8ac0b21e0, 0x00007fd8ac0b36f0,
0x00007fd8ac0b4b40, 0x00007fd8ac0d7de0, 0x00007fd8ac120bd0, 0x00007fd8ac31b4b0,
0x00007fd8ac34de60, 0x00007fd8ac3506d0, 0x00007fd8ac197440, 0x00007fd84001a6f0,
0x00007fd8402a1550, 0x00007fd8340010d0, 0x00007fd840481c50, 0x00007fd828000ff0,
0x00007fd8405f0410, 0x00007fd8ac487de0, 0x00007fd8ac3c4880, 0x00007fd81043fb10,
0x00007fd8104c8b20, 0x00007fd81c14d680, 0x00007fd81c13a320
}

Java Threads: ( => current thread )
  0x00007fd8ac026690 JavaThread "main" [_thread_blocked, id=34, stack(0x00007fd8b2446000,0x00007fd8b2546000)]
  0x00007fd8ac0a64d0 JavaThread "Reference Handler" daemon [_thread_blocked, id=37, stack(0x00007fd8b045d000,0x00007fd8b055d000)]
  0x00007fd8ac0a7910 JavaThread "Finalizer" daemon [_thread_blocked, id=38, stack(0x00007fd8b035d000,0x00007fd8b045d000)]
  0x00007fd8ac0ae050 JavaThread "Signal Dispatcher" daemon [_thread_blocked, id=39, stack(0x00007fd892b00000,0x00007fd892c00000)]
  0x00007fd8ac0af400 JavaThread "Service Thread" daemon [_thread_blocked, id=40, stack(0x00007fd892a00000,0x00007fd892b00000)]
  0x00007fd8ac0b07f0 JavaThread "Monitor Deflation Thread" daemon [_thread_blocked, id=41, stack(0x00007fd892900000,0x00007fd892a00000)]
=>0x00007fd8ac0b21e0 JavaThread "JVMCI-native CompilerThread0" daemon [_thread_in_vm, id=42, stack(0x00007fd892700000,0x00007fd892900000)]
  0x00007fd8ac0b36f0 JavaThread "C1 CompilerThread0" daemon [_thread_blocked, id=43, stack(0x00007fd892500000,0x00007fd892700000)]
  0x00007fd8ac0b4b40 JavaThread "Sweeper thread" daemon [_thread_blocked, id=44, stack(0x00007fd892400000,0x00007fd892500000)]
  0x00007fd8ac0d7de0 JavaThread "Common-Cleaner" daemon [_thread_blocked, id=45, stack(0x00007fd892300000,0x00007fd892400000)]
  0x00007fd8ac120bd0 JavaThread "Notification Thread" daemon [_thread_blocked, id=46, stack(0x00007fd892200000,0x00007fd892300000)]
  0x00007fd8ac31b4b0 JavaThread "Active Thread: Equinox Container: 3862c135-a353-4b26-8ba6-53098c0c0809" [_thread_blocked, id=65, stack(0x00007fd890e00000,0x00007fd890f00000)]
  0x00007fd8ac34de60 JavaThread "Framework Event Dispatcher: Equinox Container: 3862c135-a353-4b26-8ba6-53098c0c0809" daemon [_thread_blocked, id=66, stack(0x00007fd890c00000,0x00007fd890d00000)]
  0x00007fd8ac3506d0 JavaThread "Start Level: Equinox Container: 3862c135-a353-4b26-8ba6-53098c0c0809" daemon [_thread_blocked, id=67, stack(0x00007fd890a00000,0x00007fd890b00000)]
  0x00007fd8ac197440 JavaThread "Refresh Thread: Equinox Container: 3862c135-a353-4b26-8ba6-53098c0c0809" daemon [_thread_blocked, id=76, stack(0x00007fd890800000,0x00007fd890900000)]
  0x00007fd84001a6f0 JavaThread "SCR Component Actor" daemon [_thread_blocked, id=81, stack(0x00007fd890600000,0x00007fd890700000)]
  0x00007fd8402a1550 JavaThread "Worker-JM" [_thread_blocked, id=89, stack(0x00007fd890200000,0x00007fd890300000)]
  0x00007fd8340010d0 JavaThread "Worker-1: Compacting resource model" [_thread_blocked, id=97, stack(0x00007fd859b00000,0x00007fd859c00000)]
  0x00007fd840481c50 JavaThread "Java indexing" daemon [_thread_blocked, id=98, stack(0x00007fd859900000,0x00007fd859a00000)]
  0x00007fd828000ff0 JavaThread "Worker-2" [_thread_blocked, id=99, stack(0x00007fd859700000,0x00007fd859800000)]
  0x00007fd8405f0410 JavaThread "Bundle File Closer" daemon [_thread_blocked, id=100, stack(0x00007fd859500000,0x00007fd859600000)]
  0x00007fd8ac487de0 JavaThread "pool-3-thread-1" [_thread_blocked, id=109, stack(0x00007fd859300000,0x00007fd859400000)]
  0x00007fd8ac3c4880 JavaThread "pool-2-thread-1" [_thread_blocked, id=110, stack(0x00007fd859100000,0x00007fd859200000)]
  0x00007fd81043fb10 JavaThread "Okio Watchdog" daemon [_thread_blocked, id=208, stack(0x00007fd859200000,0x00007fd859300000)]
  0x00007fd8104c8b20 JavaThread "Worker-5: Publish Diagnostics" [_thread_blocked, id=447, stack(0x00007fd859400000,0x00007fd859500000)]
  0x00007fd81c14d680 JavaThread "Thread-21" [_thread_blocked, id=448, stack(0x00007fd890300000,0x00007fd890400000)]
  0x00007fd81c13a320 JavaThread "Thread-22" [_thread_blocked, id=525, stack(0x00007fd858500000,0x00007fd858600000)]

Other Threads:
  0x00007fd8ac0a1c10 VMThread "VM Thread" [stack: 0x00007fd8b055f000,0x00007fd8b065f000] [id=36] _threads_hazard_ptr=0x00007fd800000b70
  0x00007fd8ac122570 WatcherThread [stack: 0x00007fd892100000,0x00007fd892200000] [id=47]
  0x00007fd8ac03df30 GCTaskThread "GC Thread#0" [stack: 0x00007fd8b2009000,0x00007fd8b2109000] [id=35]

Threads with active compile tasks:
JVMCI-native CompilerThread0  1526510 12810       4       org.eclipse.jdt.internal.core.JavaModelCache::getInfo (135 bytes)

VM state: synchronizing (normal execution)

VM Mutex/Monitor currently owned by a thread:  ([mutex/lock_event])
[0x00007fd8ac023840] Threads_lock - owner thread: 0x00007fd8ac0a1c10
[0x00007fd8ac023ff0] Heap_lock - owner thread: 0x00007fd840481c50

OutOfMemory and StackOverflow Exception counts:
OutOfMemoryError java_heap_errors=3
LinkageErrors=77

Heap address: 0x00000000e0000000, size: 512 MB, Compressed Oops mode: 32-bit

CDS archive(s) mapped at: [0x0000000800000000-0x0000000800bc8000-0x0000000800bc8000), size 12353536, SharedBaseAddress: 0x0000000800000000, ArchiveRelocationMode: 0.
Compressed class space mapped at: 0x0000000800c00000-0x0000000840c00000, reserved size: 1073741824
Narrow klass base: 0x0000000800000000, Narrow klass shift: 0, Narrow klass range: 0x100000000

GC Precious Log:
 CPUs: 8 total, 1 available
 Memory: 1024M
 Large Page Support: Disabled
 NUMA Support: Disabled
 Compressed Oops: Enabled (32-bit)
 Alignments: Space 512K, Generation 512K, Heap 2M
 Heap Min Capacity: 100M
 Heap Initial Capacity: 100M
 Heap Max Capacity: 512M
 Pre-touch: Disabled
 Parallel Workers: 1

Heap:
 PSYoungGen      total 32768K, used 24575K [0x00000000f5580000, 0x00000000f7e80000, 0x0000000100000000)
  eden space 24576K, 99% used [0x00000000f5580000,0x00000000f6d7fff8,0x00000000f6d80000)
  from space 8192K, 0% used [0x00000000f6d80000,0x00000000f6d80000,0x00000000f7580000)
  to   space 4608K, 0% used [0x00000000f7900000,0x00000000f7900000,0x00000000f7d80000)
 ParOldGen       total 349696K, used 349693K [0x00000000e0000000, 0x00000000f5580000, 0x00000000f5580000)
  object space 349696K, 99% used [0x00000000e0000000,0x00000000f557f7f8,0x00000000f5580000)
 Metaspace       used 66568K, committed 67648K, reserved 1114112K
  class space    used 6224K, committed 6720K, reserved 1048576K

Card table byte_map: [0x00007fd8b2109000,0x00007fd8b220a000] _byte_map_base: 0x00007fd8b1a09000

Marking Bits: (ParMarkBitMap*) 0x00007fd8b38594c0
 Begin Bits: [0x00007fd8b0f5c000, 0x00007fd8b175c000)
 End Bits:   [0x00007fd8b175c000, 0x00007fd8b1f5c000)

Polling page: 0x00007fd8b2423000

Metaspace:

Usage:
  Non-class:     58.93 MB used.
      Class:      6.08 MB used.
       Both:     65.01 MB used.

Virtual space:
  Non-class space:       64.00 MB reserved,      59.50 MB ( 93%) committed,  8 nodes.
      Class space:        1.00 GB reserved,       6.56 MB ( <1%) committed,  1 nodes.
             Both:        1.06 GB reserved,      66.06 MB (  6%) committed. 

Chunk freelists:
   Non-Class:  163.00 KB
       Class:  1.56 MB
        Both:  1.72 MB

MaxMetaspaceSize: unlimited
CompressedClassSpaceSize: 1.00 GB
Initial GC threshold: 21.00 MB
Current GC threshold: 110.12 MB
CDS: on
MetaspaceReclaimPolicy: balanced
 - commit_granule_bytes: 65536.
 - commit_granule_words: 8192.
 - virtual_space_node_default_size: 1048576.
 - enlarge_chunks_in_place: 1.
 - new_chunks_are_fully_committed: 0.
 - uncommit_free_chunks: 1.
 - use_allocation_guard: 0.
 - handle_deallocations: 1.


Internal statistics:

num_allocs_failed_limit: 6.
num_arena_births: 544.
num_arena_deaths: 164.
num_vsnodes_births: 9.
num_vsnodes_deaths: 0.
num_space_committed: 1053.
num_space_uncommitted: 0.
num_chunks_returned_to_freelist: 239.
num_chunks_taken_from_freelist: 3250.
num_chunk_merges: 85.
num_chunk_splits: 2061.
num_chunks_enlarged: 1243.
num_purges: 4.
num_inconsistent_stats: 0.

CodeHeap 'non-profiled nmethods': size=120036Kb used=2941Kb max_used=2941Kb free=117094Kb
 bounds [0x00007fd89af7a000, 0x00007fd89b25a000, 0x00007fd8a24b3000]
CodeHeap 'profiled nmethods': size=120032Kb used=21054Kb max_used=21210Kb free=98977Kb
 bounds [0x00007fd893a42000, 0x00007fd894f12000, 0x00007fd89af7a000]
CodeHeap 'non-nmethods': size=5692Kb used=1405Kb max_used=1413Kb free=4287Kb
 bounds [0x00007fd8934b3000, 0x00007fd893723000, 0x00007fd893a42000]
 total_blobs=9974 nmethods=9227 adapters=639
 compilation: enabled
              stopped_count=0, restarted_count=0
 full_count=0

JVMCI Events (20 events):
Event: 1199.760 Thread 0x00007fd8ac0b21e0 created JavaVM[5]@0x00007fd7d6e9e340 for JVMCI runtime 0
Event: 1201.391 Thread 0x00007fd8ac0b21e0 initializing JVMCI runtime 0
Event: 1201.391 Thread 0x00007fd8ac0b21e0 done waiting for JavaVM references initialization in JVMCI runtime 0
Event: 1201.392 Thread 0x00007fd8ac0b21e0 initialized JVMCI runtime 0
Event: 1222.892 Thread 0x00007fd8ac0b21e0 compacted oop handles in JVMCI runtime 0 from 62 to 61
Event: 1274.592 Thread 0x00007fd8ac0b21e0 compacted oop handles in JVMCI runtime 0 from 94 to 79
Event: 1274.592 Thread 0x00007fd8ac0b21e0 compacted oop handles in JVMCI runtime 0 from 79 to 54
Event: 1276.274 Thread 0x00007fd8ac0b21e0 compacted oop handles in JVMCI runtime 0 from 64 to 56
Event: 1280.999 Thread 0x00007fd8ac0b21e0 detaching from JVMCI runtime 0: releasing idle compiler thread (0 other threads still attached)
Event: 1280.999 Thread 0x00007fd8ac0b21e0 shutting down HotSpotJVMCIRuntime for JVMCI runtime 0
Event: 1282.396 Thread 0x00007fd8ac0b21e0 compacted oop handles in JVMCI runtime 0 from 59 to 41
Event: 1282.396 Thread 0x00007fd8ac0b21e0 shut down JVMCI runtime 0
Event: 1283.972 Thread 0x00007fd8ac0b21e0 destroyed JavaVM[5]@0x00007fd7d6e9e340 for JVMCI runtime 0
Event: 1283.972 Thread 0x00007fd8ac0b21e0 compacted oop handles in JVMCI runtime 0 from 41 to 41
Event: 1283.972 Thread 0x00007fd8ac0b21e0 releasing handles for JVMCI runtime 0: oop handles=41, metadata handles={total=194, live=194, blocks=39}
Event: 1283.972 Thread 0x00007fd8ac0b21e0 detached from JVMCI runtime 0
Event: 1351.009 Thread 0x00007fd8ac0b21e0 attached to JVMCI runtime 0
Event: 1351.015 Thread 0x00007fd8ac0b21e0 created JavaVM[6]@0x00007fd7d6e9e340 for JVMCI runtime 0
Event: 1353.937 Thread 0x00007fd8ac0b21e0 initializing JVMCI runtime 0
Event: 1353.937 Thread 0x00007fd8ac0b21e0 done waiting for JavaVM references initialization in JVMCI runtime 0

Compilation events (20 events):
Event: 1222.892 Thread 0x00007fd8ac0b21e0 nmethod 12802 0x00007fd89b253d10 code [0x00007fd89b253ec0, 0x00007fd89b254290]
Event: 1222.892 Thread 0x00007fd8ac0b21e0 12803       4       org.eclipse.jdt.internal.core.ClassFile::translatedName (50 bytes)
Event: 1222.904 Thread 0x00007fd8ac0b21e0 nmethod 12803 0x00007fd89b254610 code [0x00007fd89b2547a0, 0x00007fd89b2549a8]
Event: 1222.904 Thread 0x00007fd8ac0b21e0 12800  s!   4       org.eclipse.jdt.core.JavaConventions::scannedIdentifier (144 bytes)
Event: 1274.592 Thread 0x00007fd8ac0b21e0 nmethod 12800 0x00007fd89b254b10 code [0x00007fd89b254da0, 0x00007fd89b256bc8]
Event: 1274.592 Thread 0x00007fd8ac0b21e0 12804       4       java.lang.String::regionMatches (150 bytes)
Event: 1276.274 Thread 0x00007fd8ac0b21e0 nmethod 12804 0x00007fd89b257f90 code [0x00007fd89b258140, 0x00007fd89b258900]
Event: 1276.276 Thread 0x00007fd8ac0b21e0 12805       4       org.eclipse.core.runtime.ProgressMonitorWrapper::isCanceled (10 bytes)
Event: 1279.415 Thread 0x00007fd8ac0b21e0 nmethod 12805 0x00007fd89b258f10 code [0x00007fd89b259080, 0x00007fd89b2590f0]
Event: 1285.468 Thread 0x00007fd8ac0b36f0 12806       3       java.util.concurrent.ScheduledThreadPoolExecutor$DelayedWorkQueue::setIndex (16 bytes)
Event: 1286.795 Thread 0x00007fd8ac0b36f0 nmethod 12806 0x00007fd8948f7610 code [0x00007fd8948f77c0, 0x00007fd8948f7d90]
Event: 1297.008 Thread 0x00007fd8ac0b36f0 12807       1       java.util.concurrent.ThreadPoolExecutor::getQueue (5 bytes)
Event: 1298.582 Thread 0x00007fd8ac0b36f0 nmethod 12807 0x00007fd89b259210 code [0x00007fd89b2593a0, 0x00007fd89b259470]
Event: 1334.511 Thread 0x00007fd8ac0b36f0 12808       3       java.util.concurrent.locks.AbstractQueuedSynchronizer$ConditionObject::canReacquire (28 bytes)
Event: 1338.262 Thread 0x00007fd8ac0b36f0 nmethod 12808 0x00007fd8948f6f90 code [0x00007fd8948f7140, 0x00007fd8948f7490]
Event: 1343.007 Thread 0x00007fd8ac0b36f0 12809       3       org.eclipse.lsp4j.jsonrpc.messages.Either::isLeft (13 bytes)
Event: 1343.008 Thread 0x00007fd8ac0b36f0 nmethod 12809 0x00007fd8948f6c10 code [0x00007fd8948f6da0, 0x00007fd8948f6f10]
Event: 1351.009 Thread 0x00007fd8ac0b21e0 12810       4       org.eclipse.jdt.internal.core.JavaModelCache::getInfo (135 bytes)
Event: 1383.612 Thread 0x00007fd8ac0b36f0 12811       3       org.eclipse.jdt.core.compiler.CharOperation::concatWith (158 bytes)
Event: 1383.612 Thread 0x00007fd8ac0b36f0 nmethod 12811 0x00007fd8948f5f10 code [0x00007fd8948f6120, 0x00007fd8948f68c0]

GC Heap History (20 events):
Event: 1498.728 GC heap before
{Heap before GC invocations=899 (full 754):
 PSYoungGen      total 32768K, used 24575K [0x00000000f5580000, 0x00000000f7e80000, 0x0000000100000000)
  eden space 24576K, 99% used [0x00000000f5580000,0x00000000f6d7fff8,0x00000000f6d80000)
  from space 8192K, 0% used [0x00000000f6d80000,0x00000000f6d80000,0x00000000f7580000)
  to   space 4608K, 0% used [0x00000000f7900000,0x00000000f7900000,0x00000000f7d80000)
 ParOldGen       total 349696K, used 349696K [0x00000000e0000000, 0x00000000f5580000, 0x00000000f5580000)
  object space 349696K, 100% used [0x00000000e0000000,0x00000000f5580000,0x00000000f5580000)
 Metaspace       used 66568K, committed 67648K, reserved 1114112K
  class space    used 6224K, committed 6720K, reserved 1048576K
}
Event: 1501.487 GC heap after
{Heap after GC invocations=899 (full 754):
 PSYoungGen      total 29184K, used 24575K [0x00000000f5580000, 0x00000000f7e80000, 0x0000000100000000)
  eden space 24576K, 99% used [0x00000000f5580000,0x00000000f6d7fff8,0x00000000f6d80000)
  from space 4608K, 0% used [0x00000000f7900000,0x00000000f7900000,0x00000000f7d80000)
  to   space 8192K, 0% used [0x00000000f6d80000,0x00000000f6d80000,0x00000000f7580000)
 ParOldGen       total 349696K, used 349696K [0x00000000e0000000, 0x00000000f5580000, 0x00000000f5580000)
  object space 349696K, 100% used [0x00000000e0000000,0x00000000f5580000,0x00000000f5580000)
 Metaspace       used 66568K, committed 67648K, reserved 1114112K
  class space    used 6224K, committed 6720K, reserved 1048576K
}
Event: 1501.487 GC heap before
{Heap before GC invocations=900 (full 755):
 PSYoungGen      total 29184K, used 24575K [0x00000000f5580000, 0x00000000f7e80000, 0x0000000100000000)
  eden space 24576K, 99% used [0x00000000f5580000,0x00000000f6d7fff8,0x00000000f6d80000)
  from space 4608K, 0% used [0x00000000f7900000,0x00000000f7900000,0x00000000f7d80000)
  to   space 8192K, 0% used [0x00000000f6d80000,0x00000000f6d80000,0x00000000f7580000)
 ParOldGen       total 349696K, used 349696K [0x00000000e0000000, 0x00000000f5580000, 0x00000000f5580000)
  object space 349696K, 100% used [0x00000000e0000000,0x00000000f5580000,0x00000000f5580000)
 Metaspace       used 66568K, committed 67648K, reserved 1114112K
  class space    used 6224K, committed 6720K, reserved 1048576K
}
Event: 1504.269 GC heap after
{Heap after GC invocations=900 (full 755):
 PSYoungGen      total 32768K, used 24575K [0x00000000f5580000, 0x00000000f7e80000, 0x0000000100000000)
  eden space 24576K, 99% used [0x00000000f5580000,0x00000000f6d7fff8,0x00000000f6d80000)
  from space 8192K, 0% used [0x00000000f6d80000,0x00000000f6d80000,0x00000000f7580000)
  to   space 4608K, 0% used [0x00000000f7900000,0x00000000f7900000,0x00000000f7d80000)
 ParOldGen       total 349696K, used 349694K [0x00000000e0000000, 0x00000000f5580000, 0x00000000f5580000)
  object space 349696K, 99% used [0x00000000e0000000,0x00000000f557fa60,0x00000000f5580000)
 Metaspace       used 66568K, committed 67648K, reserved 1114112K
  class space    used 6224K, committed 6720K, reserved 1048576K
}
Event: 1504.270 GC heap before
{Heap before GC invocations=901 (full 756):
 PSYoungGen      total 32768K, used 24575K [0x00000000f5580000, 0x00000000f7e80000, 0x0000000100000000)
  eden space 24576K, 99% used [0x00000000f5580000,0x00000000f6d7fff8,0x00000000f6d80000)
  from space 8192K, 0% used [0x00000000f6d80000,0x00000000f6d80000,0x00000000f7580000)
  to   space 4608K, 0% used [0x00000000f7900000,0x00000000f7900000,0x00000000f7d80000)
 ParOldGen       total 349696K, used 349695K [0x00000000e0000000, 0x00000000f5580000, 0x00000000f5580000)
  object space 349696K, 99% used [0x00000000e0000000,0x00000000f557ffc0,0x00000000f5580000)
 Metaspace       used 66568K, committed 67648K, reserved 1114112K
  class space    used 6224K, committed 6720K, reserved 1048576K
}
Event: 1506.869 GC heap after
{Heap after GC invocations=901 (full 756):
 PSYoungGen      total 29184K, used 24575K [0x00000000f5580000, 0x00000000f7e80000, 0x0000000100000000)
  eden space 24576K, 99% used [0x00000000f5580000,0x00000000f6d7fff8,0x00000000f6d80000)
  from space 4608K, 0% used [0x00000000f7900000,0x00000000f7900000,0x00000000f7d80000)
  to   space 8192K, 0% used [0x00000000f6d80000,0x00000000f6d80000,0x00000000f7580000)
 ParOldGen       total 349696K, used 349694K [0x00000000e0000000, 0x00000000f5580000, 0x00000000f5580000)
  object space 349696K, 99% used [0x00000000e0000000,0x00000000f557fbb8,0x00000000f5580000)
 Metaspace       used 66568K, committed 67648K, reserved 1114112K
  class space    used 6224K, committed 6720K, reserved 1048576K
}
Event: 1506.871 GC heap before
{Heap before GC invocations=902 (full 757):
 PSYoungGen      total 29184K, used 24575K [0x00000000f5580000, 0x00000000f7e80000, 0x0000000100000000)
  eden space 24576K, 99% used [0x00000000f5580000,0x00000000f6d7fff8,0x00000000f6d80000)
  from space 4608K, 0% used [0x00000000f7900000,0x00000000f7900000,0x00000000f7d80000)
  to   space 8192K, 0% used [0x00000000f6d80000,0x00000000f6d80000,0x00000000f7580000)
 ParOldGen       total 349696K, used 349695K [0x00000000e0000000, 0x00000000f5580000, 0x00000000f5580000)
  object space 349696K, 99% used [0x00000000e0000000,0x00000000f557ffe8,0x00000000f5580000)
 Metaspace       used 66568K, committed 67648K, reserved 1114112K
  class space    used 6224K, committed 6720K, reserved 1048576K
}
Event: 1509.542 GC heap after
{Heap after GC invocations=902 (full 757):
 PSYoungGen      total 32768K, used 24575K [0x00000000f5580000, 0x00000000f7e80000, 0x0000000100000000)
  eden space 24576K, 99% used [0x00000000f5580000,0x00000000f6d7fff8,0x00000000f6d80000)
  from space 8192K, 0% used [0x00000000f6d80000,0x00000000f6d80000,0x00000000f7580000)
  to   space 4608K, 0% used [0x00000000f7900000,0x00000000f7900000,0x00000000f7d80000)
 ParOldGen       total 349696K, used 349695K [0x00000000e0000000, 0x00000000f5580000, 0x00000000f5580000)
  object space 349696K, 99% used [0x00000000e0000000,0x00000000f557fc98,0x00000000f5580000)
 Metaspace       used 66568K, committed 67648K, reserved 1114112K
  class space    used 6224K, committed 6720K, reserved 1048576K
}
Event: 1509.563 GC heap before
{Heap before GC invocations=903 (full 758):
 PSYoungGen      total 32768K, used 24575K [0x00000000f5580000, 0x00000000f7e80000, 0x0000000100000000)
  eden space 24576K, 99% used [0x00000000f5580000,0x00000000f6d7fff8,0x00000000f6d80000)
  from space 8192K, 0% used [0x00000000f6d80000,0x00000000f6d80000,0x00000000f7580000)
  to   space 4608K, 0% used [0x00000000f7900000,0x00000000f7900000,0x00000000f7d80000)
 ParOldGen       total 349696K, used 349695K [0x00000000e0000000, 0x00000000f5580000, 0x00000000f5580000)
  object space 349696K, 99% used [0x00000000e0000000,0x00000000f557ff40,0x00000000f5580000)
 Metaspace       used 66568K, committed 67648K, reserved 1114112K
  class space    used 6224K, committed 6720K, reserved 1048576K
}
Event: 1512.167 GC heap after
{Heap after GC invocations=903 (full 758):
 PSYoungGen      total 29184K, used 24575K [0x00000000f5580000, 0x00000000f7e80000, 0x0000000100000000)
  eden space 24576K, 99% used [0x00000000f5580000,0x00000000f6d7fff8,0x00000000f6d80000)
  from space 4608K, 0% used [0x00000000f7900000,0x00000000f7900000,0x00000000f7d80000)
  to   space 8192K, 0% used [0x00000000f6d80000,0x00000000f6d80000,0x00000000f7580000)
 ParOldGen       total 349696K, used 349695K [0x00000000e0000000, 0x00000000f5580000, 0x00000000f5580000)
  object space 349696K, 99% used [0x00000000e0000000,0x00000000f557fc18,0x00000000f5580000)
 Metaspace       used 66568K, committed 67648K, reserved 1114112K
  class space    used 6224K, committed 6720K, reserved 1048576K
}
Event: 1512.167 GC heap before
{Heap before GC invocations=904 (full 759):
 PSYoungGen      total 29184K, used 24575K [0x00000000f5580000, 0x00000000f7e80000, 0x0000000100000000)
  eden space 24576K, 99% used [0x00000000f5580000,0x00000000f6d7fff8,0x00000000f6d80000)
  from space 4608K, 0% used [0x00000000f7900000,0x00000000f7900000,0x00000000f7d80000)
  to   space 8192K, 0% used [0x00000000f6d80000,0x00000000f6d80000,0x00000000f7580000)
 ParOldGen       total 349696K, used 349695K [0x00000000e0000000, 0x00000000f5580000, 0x00000000f5580000)
  object space 349696K, 99% used [0x00000000e0000000,0x00000000f557ff28,0x00000000f5580000)
 Metaspace       used 66568K, committed 67648K, reserved 1114112K
  class space    used 6224K, committed 6720K, reserved 1048576K
}
Event: 1514.700 GC heap after
{Heap after GC invocations=904 (full 759):
 PSYoungGen      total 32768K, used 24575K [0x00000000f5580000, 0x00000000f7e80000, 0x0000000100000000)
  eden space 24576K, 99% used [0x00000000f5580000,0x00000000f6d7ffd8,0x00000000f6d80000)
  from space 8192K, 0% used [0x00000000f6d80000,0x00000000f6d80000,0x00000000f7580000)
  to   space 4608K, 0% used [0x00000000f7900000,0x00000000f7900000,0x00000000f7d80000)
 ParOldGen       total 349696K, used 349695K [0x00000000e0000000, 0x00000000f5580000, 0x00000000f5580000)
  object space 349696K, 99% used [0x00000000e0000000,0x00000000f557fc70,0x00000000f5580000)
 Metaspace       used 66568K, committed 67648K, reserved 1114112K
  class space    used 6224K, committed 6720K, reserved 1048576K
}
Event: 1514.700 GC heap before
{Heap before GC invocations=905 (full 760):
 PSYoungGen      total 32768K, used 24575K [0x00000000f5580000, 0x00000000f7e80000, 0x0000000100000000)
  eden space 24576K, 99% used [0x00000000f5580000,0x00000000f6d7fff8,0x00000000f6d80000)
  from space 8192K, 0% used [0x00000000f6d80000,0x00000000f6d80000,0x00000000f7580000)
  to   space 4608K, 0% used [0x00000000f7900000,0x00000000f7900000,0x00000000f7d80000)
 ParOldGen       total 349696K, used 349695K [0x00000000e0000000, 0x00000000f5580000, 0x00000000f5580000)
  object space 349696K, 99% used [0x00000000e0000000,0x00000000f557fe00,0x00000000f5580000)
 Metaspace       used 66568K, committed 67648K, reserved 1114112K
  class space    used 6224K, committed 6720K, reserved 1048576K
}
Event: 1517.720 GC heap after
{Heap after GC invocations=905 (full 760):
 PSYoungGen      total 29184K, used 24575K [0x00000000f5580000, 0x00000000f7e80000, 0x0000000100000000)
  eden space 24576K, 99% used [0x00000000f5580000,0x00000000f6d7fff8,0x00000000f6d80000)
  from space 4608K, 0% used [0x00000000f7900000,0x00000000f7900000,0x00000000f7d80000)
  to   space 8192K, 0% used [0x00000000f6d80000,0x00000000f6d80000,0x00000000f7580000)
 ParOldGen       total 349696K, used 349695K [0x00000000e0000000, 0x00000000f5580000, 0x00000000f5580000)
  object space 349696K, 99% used [0x00000000e0000000,0x00000000f557fc00,0x00000000f5580000)
 Metaspace       used 66568K, committed 67648K, reserved 1114112K
  class space    used 6224K, committed 6720K, reserved 1048576K
}
Event: 1517.720 GC heap before
{Heap before GC invocations=906 (full 761):
 PSYoungGen      total 29184K, used 24575K [0x00000000f5580000, 0x00000000f7e80000, 0x0000000100000000)
  eden space 24576K, 99% used [0x00000000f5580000,0x00000000f6d7fff8,0x00000000f6d80000)
  from space 4608K, 0% used [0x00000000f7900000,0x00000000f7900000,0x00000000f7d80000)
  to   space 8192K, 0% used [0x00000000f6d80000,0x00000000f6d80000,0x00000000f7580000)
 ParOldGen       total 349696K, used 349695K [0x00000000e0000000, 0x00000000f5580000, 0x00000000f5580000)
  object space 349696K, 99% used [0x00000000e0000000,0x00000000f557fc00,0x00000000f5580000)
 Metaspace       used 66568K, committed 67648K, reserved 1114112K
  class space    used 6224K, committed 6720K, reserved 1048576K
}
Event: 1520.411 GC heap after
{Heap after GC invocations=906 (full 761):
 PSYoungGen      total 32768K, used 24575K [0x00000000f5580000, 0x00000000f7e80000, 0x0000000100000000)
  eden space 24576K, 99% used [0x00000000f5580000,0x00000000f6d7fff8,0x00000000f6d80000)
  from space 8192K, 0% used [0x00000000f6d80000,0x00000000f6d80000,0x00000000f7580000)
  to   space 4608K, 0% used [0x00000000f7900000,0x00000000f7900000,0x00000000f7d80000)
 ParOldGen       total 349696K, used 349695K [0x00000000e0000000, 0x00000000f5580000, 0x00000000f5580000)
  object space 349696K, 99% used [0x00000000e0000000,0x00000000f557fc00,0x00000000f5580000)
 Metaspace       used 66568K, committed 67648K, reserved 1114112K
  class space    used 6224K, committed 6720K, reserved 1048576K
}
Event: 1520.412 GC heap before
{Heap before GC invocations=907 (full 762):
 PSYoungGen      total 32768K, used 24575K [0x00000000f5580000, 0x00000000f7e80000, 0x0000000100000000)
  eden space 24576K, 99% used [0x00000000f5580000,0x00000000f6d7fff8,0x00000000f6d80000)
  from space 8192K, 0% used [0x00000000f6d80000,0x00000000f6d80000,0x00000000f7580000)
  to   space 4608K, 0% used [0x00000000f7900000,0x00000000f7900000,0x00000000f7d80000)
 ParOldGen       total 349696K, used 349695K [0x00000000e0000000, 0x00000000f5580000, 0x00000000f5580000)
  object space 349696K, 99% used [0x00000000e0000000,0x00000000f557fca0,0x00000000f5580000)
 Metaspace       used 66568K, committed 67648K, reserved 1114112K
  class space    used 6224K, committed 6720K, reserved 1048576K
}
Event: 1523.490 GC heap after
{Heap after GC invocations=907 (full 762):
 PSYoungGen      total 29184K, used 24575K [0x00000000f5580000, 0x00000000f7e80000, 0x0000000100000000)
  eden space 24576K, 99% used [0x00000000f5580000,0x00000000f6d7fff8,0x00000000f6d80000)
  from space 4608K, 0% used [0x00000000f7900000,0x00000000f7900000,0x00000000f7d80000)
  to   space 8192K, 0% used [0x00000000f6d80000,0x00000000f6d80000,0x00000000f7580000)
 ParOldGen       total 349696K, used 349693K [0x00000000e0000000, 0x00000000f5580000, 0x00000000f5580000)
  object space 349696K, 99% used [0x00000000e0000000,0x00000000f557f700,0x00000000f5580000)
 Metaspace       used 66568K, committed 67648K, reserved 1114112K
  class space    used 6224K, committed 6720K, reserved 1048576K
}
Event: 1523.490 GC heap before
{Heap before GC invocations=908 (full 763):
 PSYoungGen      total 29184K, used 24575K [0x00000000f5580000, 0x00000000f7e80000, 0x0000000100000000)
  eden space 24576K, 99% used [0x00000000f5580000,0x00000000f6d7fff8,0x00000000f6d80000)
  from space 4608K, 0% used [0x00000000f7900000,0x00000000f7900000,0x00000000f7d80000)
  to   space 8192K, 0% used [0x00000000f6d80000,0x00000000f6d80000,0x00000000f7580000)
 ParOldGen       total 349696K, used 349693K [0x00000000e0000000, 0x00000000f5580000, 0x00000000f5580000)
  object space 349696K, 99% used [0x00000000e0000000,0x00000000f557f700,0x00000000f5580000)
 Metaspace       used 66568K, committed 67648K, reserved 1114112K
  class space    used 6224K, committed 6720K, reserved 1048576K
}
Event: 1526.389 GC heap after
{Heap after GC invocations=908 (full 763):
 PSYoungGen      total 32768K, used 24575K [0x00000000f5580000, 0x00000000f7e80000, 0x0000000100000000)
  eden space 24576K, 99% used [0x00000000f5580000,0x00000000f6d7fff8,0x00000000f6d80000)
  from space 8192K, 0% used [0x00000000f6d80000,0x00000000f6d80000,0x00000000f7580000)
  to   space 4608K, 0% used [0x00000000f7900000,0x00000000f7900000,0x00000000f7d80000)
 ParOldGen       total 349696K, used 349693K [0x00000000e0000000, 0x00000000f5580000, 0x00000000f5580000)
  object space 349696K, 99% used [0x00000000e0000000,0x00000000f557f700,0x00000000f5580000)
 Metaspace       used 66568K, committed 67648K, reserved 1114112K
  class space    used 6224K, committed 6720K, reserved 1048576K
}

Dll operation events (9 events):
Event: 0.002 Loaded shared library /nix/store/gpxl5qgg8kicmcvivwmybwjlpf7wh20l-graalvm17-ce-22.3.0/lib/libjava.so
Event: 0.007 Loaded shared library /nix/store/gpxl5qgg8kicmcvivwmybwjlpf7wh20l-graalvm17-ce-22.3.0/lib/libjsvml.so
Event: 0.311 Loaded shared library /nix/store/gpxl5qgg8kicmcvivwmybwjlpf7wh20l-graalvm17-ce-22.3.0/lib/libnio.so
Event: 0.365 Loaded shared library /nix/store/gpxl5qgg8kicmcvivwmybwjlpf7wh20l-graalvm17-ce-22.3.0/lib/libjvmcicompiler.so
Event: 0.367 Loaded shared library /nix/store/gpxl5qgg8kicmcvivwmybwjlpf7wh20l-graalvm17-ce-22.3.0/lib/libzip.so
Event: 0.871 Loaded shared library /nix/store/gpxl5qgg8kicmcvivwmybwjlpf7wh20l-graalvm17-ce-22.3.0/lib/libjimage.so
Event: 1.685 Loaded shared library /nix/store/gpxl5qgg8kicmcvivwmybwjlpf7wh20l-graalvm17-ce-22.3.0/lib/libnet.so
Event: 5.877 Loaded shared library /home/runner/.cache/jdt-language-server/config/org.eclipse.equinox.launcher/org.eclipse.equinox.launcher.gtk.linux.x86_64_1.2.400.v20211117-0650/eclipse_11600.so
Event: 15.989 Loaded shared library /nix/store/gpxl5qgg8kicmcvivwmybwjlpf7wh20l-graalvm17-ce-22.3.0/lib/libextnet.so

Deoptimization events (20 events):
Event: 118.895 Thread 0x00007fd840481c50 DEOPT PACKING pc=0x00007fd894eab4dd sp=0x00007fd8599fe530
Event: 118.895 Thread 0x00007fd840481c50 DEOPT UNPACKING pc=0x00007fd893505325 sp=0x00007fd8599fda20 mode 0
Event: 118.974 Thread 0x00007fd840481c50 DEOPT PACKING pc=0x00007fd894eab4dd sp=0x00007fd8599fe530
Event: 118.974 Thread 0x00007fd840481c50 DEOPT UNPACKING pc=0x00007fd893505325 sp=0x00007fd8599fda20 mode 0
Event: 118.981 Thread 0x00007fd840481c50 DEOPT PACKING pc=0x00007fd894eab4dd sp=0x00007fd8599fe530
Event: 118.981 Thread 0x00007fd840481c50 DEOPT UNPACKING pc=0x00007fd893505325 sp=0x00007fd8599fda20 mode 0
Event: 120.870 Thread 0x00007fd828000ff0 DEOPT PACKING pc=0x00007fd894ea58d6 sp=0x00007fd8597fdd30
Event: 120.870 Thread 0x00007fd828000ff0 DEOPT UNPACKING pc=0x00007fd893505325 sp=0x00007fd8597fd210 mode 0
Event: 389.686 Thread 0x00007fd8ac0b21e0 Uncommon trap: trap_request=0xffffffcd fr.pc=0x00007fd89b19eddf relative=0x000000000000049f
Event: 389.686 Thread 0x00007fd8ac0b21e0 Uncommon trap: reason=intrinsic_or_type_checked_inlining action=reinterpret pc=0x00007fd89b19eddf method=java.io.DataOutputStream.writeInt(I)V @ 0 jvmci
Event: 389.686 Thread 0x00007fd8ac0b21e0 DEOPT PACKING pc=0x00007fd89b19eddf sp=0x00007fd8928fe000
Event: 389.686 Thread 0x00007fd8ac0b21e0 DEOPT UNPACKING pc=0x00007fd893505325 sp=0x00007fd8928fd4d8 mode 3
Event: 1501.487 Thread 0x00007fd840481c50 Uncommon trap: trap_request=0xffffff8f fr.pc=0x00007fd89b1ff586 relative=0x00000000000011c6
Event: 1501.487 Thread 0x00007fd840481c50 Uncommon trap: reason=constraint action=none pc=0x00007fd89b1ff586 method=org.eclipse.jdt.internal.core.index.DiskIndex.copyQueryResults(Lorg/eclipse/jdt/internal/compiler/util/HashtableOfObject;I)V @ 123 jvmci
Event: 1501.487 Thread 0x00007fd840481c50 DEOPT PACKING pc=0x00007fd89b1ff586 sp=0x00007fd8599fe530
Event: 1501.487 Thread 0x00007fd840481c50 DEOPT UNPACKING pc=0x00007fd893505325 sp=0x00007fd8599fda28 mode 3
Event: 1520.412 Thread 0x00007fd8ac0b21e0 Uncommon trap: trap_request=0xffffff8f fr.pc=0x00007fd89b0b50bf relative=0x000000000000019f
Event: 1520.412 Thread 0x00007fd8ac0b21e0 Uncommon trap: reason=constraint action=none pc=0x00007fd89b0b50bf method=java.util.Arrays.copyOf([BI)[B @ 0 jvmci
Event: 1520.412 Thread 0x00007fd8ac0b21e0 DEOPT PACKING pc=0x00007fd89b0b50bf sp=0x00007fd8928fdfe0
Event: 1520.412 Thread 0x00007fd8ac0b21e0 DEOPT UNPACKING pc=0x00007fd893505325 sp=0x00007fd8928fd470 mode 3

Classes unloaded (20 events):
Event: 113.277 Thread 0x00007fd8ac0a1c10 Unloading class 0x0000000800ee4000 'jdk/internal/reflect/GeneratedConstructorAccessor8'
Event: 113.277 Thread 0x00007fd8ac0a1c10 Unloading class 0x0000000800d99000 'java/lang/invoke/LambdaForm$MH+0x0000000800d99000'
Event: 113.277 Thread 0x00007fd8ac0a1c10 Unloading class 0x0000000800d98c00 'java/lang/invoke/LambdaForm$MH+0x0000000800d98c00'
Event: 113.277 Thread 0x00007fd8ac0a1c10 Unloading class 0x0000000800d98800 'java/lang/invoke/LambdaForm$MH+0x0000000800d98800'
Event: 113.277 Thread 0x00007fd8ac0a1c10 Unloading class 0x0000000800d98400 'java/lang/invoke/LambdaForm$MH+0x0000000800d98400'
Event: 113.277 Thread 0x00007fd8ac0a1c10 Unloading class 0x0000000800d98000 'jdk/internal/reflect/GeneratedConstructorAccessor3'
Event: 113.277 Thread 0x00007fd8ac0a1c10 Unloading class 0x0000000800d06800 'java/lang/invoke/LambdaForm$MH+0x0000000800d06800'
Event: 113.277 Thread 0x00007fd8ac0a1c10 Unloading class 0x0000000800d06000 'java/lang/invoke/LambdaForm$MH+0x0000000800d06000'
Event: 113.277 Thread 0x00007fd8ac0a1c10 Unloading class 0x0000000800d05c00 'java/lang/invoke/LambdaForm$MH+0x0000000800d05c00'
Event: 113.277 Thread 0x00007fd8ac0a1c10 Unloading class 0x0000000800d05800 'java/lang/invoke/LambdaForm$MH+0x0000000800d05800'
Event: 113.277 Thread 0x00007fd8ac0a1c10 Unloading class 0x0000000800d05000 'java/lang/invoke/LambdaForm$MH+0x0000000800d05000'
Event: 113.277 Thread 0x00007fd8ac0a1c10 Unloading class 0x0000000800d04c00 'java/lang/invoke/LambdaForm$MH+0x0000000800d04c00'
Event: 113.277 Thread 0x00007fd8ac0a1c10 Unloading class 0x0000000800d04800 'java/lang/invoke/LambdaForm$MH+0x0000000800d04800'
Event: 113.277 Thread 0x00007fd8ac0a1c10 Unloading class 0x0000000800d04000 'java/lang/invoke/LambdaForm$MH+0x0000000800d04000'
Event: 113.277 Thread 0x00007fd8ac0a1c10 Unloading class 0x0000000800c1d000 'jdk/internal/reflect/GeneratedMethodAccessor5'
Event: 113.277 Thread 0x00007fd8ac0a1c10 Unloading class 0x0000000800c1cc00 'jdk/internal/reflect/GeneratedMethodAccessor4'
Event: 113.277 Thread 0x00007fd8ac0a1c10 Unloading class 0x0000000800c1c800 'jdk/internal/reflect/GeneratedMethodAccessor3'
Event: 113.277 Thread 0x00007fd8ac0a1c10 Unloading class 0x0000000800c1c400 'jdk/internal/reflect/GeneratedMethodAccessor2'
Event: 113.277 Thread 0x00007fd8ac0a1c10 Unloading class 0x0000000800c1c000 'jdk/internal/reflect/GeneratedMethodAccessor1'
Event: 113.277 Thread 0x00007fd8ac0a1c10 Unloading class 0x0000000800c01c00 'java/lang/invoke/LambdaForm$DMH+0x0000000800c01c00'

Classes redefined (0 events):
No events

Internal exceptions (20 events):
Event: 74.880 Thread 0x00007fd81c13e400 Exception <a 'java/lang/NoSuchMethodError'{0x00000000f579a5e0}: 'void java.lang.invoke.DirectMethodHandle$Holder.invokeSpecial(java.lang.Object, java.lang.Object, int)'> (0x00000000f579a5e0) 
thrown [src/hotspot/share/interpreter/linkResolver.cpp, line 758]
Event: 74.880 Thread 0x00007fd81c149010 Exception <a 'java/lang/NoSuchMethodError'{0x00000000f57a1da8}: 'void java.lang.invoke.DirectMethodHandle$Holder.invokeSpecial(java.lang.Object, java.lang.Object, int)'> (0x00000000f57a1da8) 
thrown [src/hotspot/share/interpreter/linkResolver.cpp, line 758]
Event: 74.881 Thread 0x00007fd81c14b3b0 Exception <a 'java/lang/NoSuchMethodError'{0x00000000f5791350}: 'void java.lang.invoke.DirectMethodHandle$Holder.invokeSpecial(java.lang.Object, java.lang.Object, int)'> (0x00000000f5791350) 
thrown [src/hotspot/share/interpreter/linkResolver.cpp, line 758]
Event: 75.566 Thread 0x00007fd81c149010 Exception <a 'java/lang/NoSuchMethodError'{0x00000000f6127538}: 'int java.lang.invoke.DirectMethodHandle$Holder.invokeStatic(java.lang.Object, int, int, java.lang.Object)'> (0x00000000f6127538) 
thrown [src/hotspot/share/interpreter/linkResolver.cpp, line 758]
Event: 77.068 Thread 0x00007fd81c14a480 Exception <a 'java/lang/NoSuchMethodError'{0x00000000f5e884b8}: 'int java.lang.invoke.DirectMethodHandle$Holder.invokeSpecialIFC(java.lang.Object, java.lang.Object, java.lang.Object, java.lang.Object)'> (0x00000000f5e884b8) 
thrown [src/hotspot/share/interpreter/linkResolver.cpp, line 758]
Event: 77.069 Thread 0x00007fd81c13e400 Exception <a 'java/lang/NoSuchMethodError'{0x00000000f5e8d2c0}: 'int java.lang.invoke.DirectMethodHandle$Holder.invokeSpecialIFC(java.lang.Object, java.lang.Object, java.lang.Object, java.lang.Object)'> (0x00000000f5e8d2c0) 
thrown [src/hotspot/share/interpreter/linkResolver.cpp, line 758]
Event: 89.289 Thread 0x00007fd81c149010 Exception <a 'java/lang/ArrayIndexOutOfBoundsException'{0x00000000f65b8d40}: Index 145 out of bounds for length 145> (0x00000000f65b8d40) 
thrown [src/hotspot/share/interpreter/interpreterRuntime.cpp, line 428]
Event: 89.289 Thread 0x00007fd81c149010 Exception <a 'java/lang/ArrayIndexOutOfBoundsException'{0x00000000f65b91b8}: Index 145 out of bounds for length 145> (0x00000000f65b91b8) 
thrown [src/hotspot/share/interpreter/interpreterRuntime.cpp, line 428]
Event: 89.289 Thread 0x00007fd81c149010 Exception <a 'java/lang/ArrayIndexOutOfBoundsException'{0x00000000f65b9528}: Index 146 out of bounds for length 145> (0x00000000f65b9528) 
thrown [src/hotspot/share/interpreter/interpreterRuntime.cpp, line 428]
Event: 101.789 Thread 0x00007fd81c14d680 Exception <a 'java/lang/ArrayIndexOutOfBoundsException'{0x00000000f6cf0f78}: Index 164 out of bounds for length 164> (0x00000000f6cf0f78) 
thrown [src/hotspot/share/interpreter/interpreterRuntime.cpp, line 428]
Event: 101.789 Thread 0x00007fd81c14d680 Exception <a 'java/lang/ArrayIndexOutOfBoundsException'{0x00000000f6cf12e8}: Index 164 out of bounds for length 164> (0x00000000f6cf12e8) 
thrown [src/hotspot/share/interpreter/interpreterRuntime.cpp, line 428]
Event: 101.790 Thread 0x00007fd81c14d680 Exception <a 'java/lang/ArrayIndexOutOfBoundsException'{0x00000000f6cf1658}: Index 165 out of bounds for length 164> (0x00000000f6cf1658) 
thrown [src/hotspot/share/interpreter/interpreterRuntime.cpp, line 428]
Event: 124.461 Thread 0x00007fd81c13a320 Exception <a 'java/lang/ArrayIndexOutOfBoundsException'{0x00000000f6d00e08}: Index 184 out of bounds for length 184> (0x00000000f6d00e08) 
thrown [src/hotspot/share/interpreter/interpreterRuntime.cpp, line 428]
Event: 124.461 Thread 0x00007fd81c13a320 Exception <a 'java/lang/ArrayIndexOutOfBoundsException'{0x00000000f6d01178}: Index 184 out of bounds for length 184> (0x00000000f6d01178) 
thrown [src/hotspot/share/interpreter/interpreterRuntime.cpp, line 428]
Event: 124.461 Thread 0x00007fd81c13a320 Exception <a 'java/lang/ArrayIndexOutOfBoundsException'{0x00000000f6d01498}: Index 185 out of bounds for length 184> (0x00000000f6d01498) 
thrown [src/hotspot/share/interpreter/interpreterRuntime.cpp, line 428]
Event: 1501.487 Thread 0x00007fd840481c50 Exception <a 'java/lang/OutOfMemoryError'{0x00000000e0004d58}> (0x00000000e0004d58) 
thrown [src/hotspot/share/gc/shared/memAllocator.cpp, line 138]
Event: 1501.487 Thread 0x00007fd840481c50 Implicit null exception at 0x00007fd89b1fefd3 to 0x00007fd89b1ff56b
Event: 1520.412 Thread 0x00007fd8ac0b21e0 Exception <a 'java/lang/OutOfMemoryError'{0x00000000e00047b8}> (0x00000000e00047b8) 
thrown [src/hotspot/share/gc/shared/memAllocator.cpp, line 138]
Event: 1520.412 Thread 0x00007fd8ac0b21e0 Implicit null exception at 0x00007fd89b0b5059 to 0x00007fd89b0b50a4
Event: 1526.390 Thread 0x00007fd8ac0b21e0 Exception <a 'java/lang/OutOfMemoryError'{0x00000000e0004538}> (0x00000000e0004538) 
thrown [src/hotspot/share/gc/shared/memAllocator.cpp, line 136]

VM Operations (20 events):
Event: 1490.005 Executing VM operation: ParallelGCFailedAllocation
Event: 1492.681 Executing VM operation: ParallelGCFailedAllocation done
Event: 1492.690 Executing VM operation: ParallelGCFailedAllocation
Event: 1496.091 Executing VM operation: ParallelGCFailedAllocation done
Event: 1496.091 Executing VM operation: ParallelGCFailedAllocation
Event: 1501.487 Executing VM operation: ParallelGCFailedAllocation done
Event: 1501.487 Executing VM operation: ParallelGCFailedAllocation
Event: 1504.269 Executing VM operation: ParallelGCFailedAllocation done
Event: 1504.269 Executing VM operation: ParallelGCFailedAllocation
Event: 1506.869 Executing VM operation: ParallelGCFailedAllocation done
Event: 1506.870 Executing VM operation: ParallelGCFailedAllocation
Event: 1509.542 Executing VM operation: ParallelGCFailedAllocation done
Event: 1509.542 Executing VM operation: ParallelGCFailedAllocation
Event: 1512.167 Executing VM operation: ParallelGCFailedAllocation done
Event: 1512.167 Executing VM operation: ParallelGCFailedAllocation
Event: 1514.700 Executing VM operation: ParallelGCFailedAllocation done
Event: 1514.700 Executing VM operation: ParallelGCFailedAllocation
Event: 1520.412 Executing VM operation: ParallelGCFailedAllocation done
Event: 1520.412 Executing VM operation: ParallelGCFailedAllocation
Event: 1526.390 Executing VM operation: ParallelGCFailedAllocation done

Events (20 events):
Event: 103.985 loading class java/util/stream/Streams$ConcatSpliterator$OfRef
Event: 103.985 loading class java/util/stream/Streams$ConcatSpliterator
Event: 103.985 loading class java/util/stream/Streams$ConcatSpliterator done
Event: 103.985 loading class java/util/stream/Streams$ConcatSpliterator$OfRef done
Event: 103.985 loading class java/util/stream/Streams$2
Event: 103.985 loading class java/util/stream/Streams$2 done
Event: 124.395 Thread 0x00007fd81c13a320 Thread added: 0x00007fd81c13a320
Event: 124.395 Protecting memory [0x00007fd858500000,0x00007fd858504000] with protection modes 0
Event: 190.470 Thread 0x00007fd820000ff0 Thread exited: 0x00007fd820000ff0
Event: 193.398 Thread 0x00007fd8403032a0 Thread exited: 0x00007fd8403032a0
Event: 193.398 Thread 0x00007fd83c001580 Thread exited: 0x00007fd83c001580
Event: 365.203 loading class java/io/InterruptedIOException
Event: 387.987 loading class java/io/InterruptedIOException done
Event: 387.987 loading class javax/net/ssl/SSLException
Event: 387.987 loading class javax/net/ssl/SSLException done
Event: 419.722 loading class java/lang/AssertionError
Event: 421.584 loading class java/lang/AssertionError done
Event: 491.398 Thread 0x00007fd81042ef70 Thread exited: 0x00007fd81042ef70
Event: 518.170 Thread 0x00007fd8140038b0 Thread exited: 0x00007fd8140038b0
Event: 523.466 Thread 0x00007fd81042f4f0 Thread exited: 0x00007fd81042f4f0


Dynamic libraries:
e0000000-f5580000 rw-p 00000000 00:00 0 
f5580000-f7e80000 rw-p 00000000 00:00 0 
f7e80000-100000000 ---p 00000000 00:00 0 
800000000-800449000 rw-p 00001000 00:1168 4611686019135357769            /nix/store/gpxl5qgg8kicmcvivwmybwjlpf7wh20l-graalvm17-ce-22.3.0/lib/server/classes.jsa
800449000-800bc8000 r--p 0044a000 00:1168 4611686019135357769            /nix/store/gpxl5qgg8kicmcvivwmybwjlpf7wh20l-graalvm17-ce-22.3.0/lib/server/classes.jsa
800bc8000-800c00000 ---p 00000000 00:00 0 
800c00000-800c20000 rw-p 00000000 00:00 0 
800c20000-800c40000 rw-p 00000000 00:00 0 
800c40000-800cc0000 rw-p 00000000 00:00 0 
800cc0000-800d00000 rw-p 00000000 00:00 0 
800d00000-800dc0000 rw-p 00000000 00:00 0 
800dc0000-800e00000 rw-p 00000000 00:00 0 
800e00000-800f40000 rw-p 00000000 00:00 0 
800f40000-800fc0000 rw-p 00000000 00:00 0 
800fc0000-801000000 rw-p 00000000 00:00 0 
801000000-801290000 rw-p 00000000 00:00 0 
801290000-840c00000 ---p 00000000 00:00 0 
55eed1ab4000-55eed1ab5000 r-xp 00000000 00:1168 4611686019099417844      /nix/store/gpxl5qgg8kicmcvivwmybwjlpf7wh20l-graalvm17-ce-22.3.0/bin/.java-wrapped
55eed1ab6000-55eed1ab7000 r--p 00001000 00:1168 4611686019099417844      /nix/store/gpxl5qgg8kicmcvivwmybwjlpf7wh20l-graalvm17-ce-22.3.0/bin/.java-wrapped
55eed1ab7000-55eed1ab8000 rw-p 00002000 00:1168 4611686019099417844      /nix/store/gpxl5qgg8kicmcvivwmybwjlpf7wh20l-graalvm17-ce-22.3.0/bin/.java-wrapped
55eed1ab8000-55eed1ab9000 rw-p 00004000 00:1168 4611686019099417844      /nix/store/gpxl5qgg8kicmcvivwmybwjlpf7wh20l-graalvm17-ce-22.3.0/bin/.java-wrapped
55eed1ab9000-55eed1aba000 rw-p 00005000 00:1168 4611686019099417844      /nix/store/gpxl5qgg8kicmcvivwmybwjlpf7wh20l-graalvm17-ce-22.3.0/bin/.java-wrapped
55eed3934000-55eed397c000 rw-p 00000000 00:00 0                          [heap]
7fd7cc000000-7fd7cc021000 rw-p 00000000 00:00 0 
7fd7cc021000-7fd7d0000000 ---p 00000000 00:00 0 
7fd7d0000000-7fd7d004e000 rw-p 00000000 00:00 0 
7fd7d004e000-7fd7d4000000 ---p 00000000 00:00 0 
7fd7d6200000-7fd7d6300000 ---p 00000000 00:00 0 
7fd7d6300000-7fd7d68af000 r--p 01122000 00:1168 4611686019135190040      /nix/store/gpxl5qgg8kicmcvivwmybwjlpf7wh20l-graalvm17-ce-22.3.0/lib/libjvmcicompiler.so
7fd7d68af000-7fd7d6a00000 r--p 00000000 00:00 0 
7fd7d6a00000-7fd7d6a3d000 rw-p 00000000 00:00 0 
7fd7d6a3d000-7fd7d6f5d000 rw-p 0185f000 00:1168 4611686019135190040      /nix/store/gpxl5qgg8kicmcvivwmybwjlpf7wh20l-graalvm17-ce-22.3.0/lib/libjvmcicompiler.so
7fd7d6f5d000-7fd7d7344000 r--p 01d7f000 00:1168 4611686019135190040      /nix/store/gpxl5qgg8kicmcvivwmybwjlpf7wh20l-graalvm17-ce-22.3.0/lib/libjvmcicompiler.so
7fd7d7400000-7fd7d7620000 rw-p 00000000 00:00 0 
7fd7d7620000-7fd7d77e0000 rw-p 00000000 00:00 0 
7fd7d77e0000-7fd7d7c00000 ---p 00000000 00:00 0 
7fd7d8000000-7fd7d805d000 rw-p 00000000 00:00 0 
7fd7d805d000-7fd7dc000000 ---p 00000000 00:00 0 
7fd7dc000000-7fd7dc02a000 rw-p 00000000 00:00 0 
7fd7dc02a000-7fd7e0000000 ---p 00000000 00:00 0 
7fd7e0000000-7fd7e005c000 rw-p 00000000 00:00 0 
7fd7e005c000-7fd7e4000000 ---p 00000000 00:00 0 
7fd7e4000000-7fd7e4027000 rw-p 00000000 00:00 0 
7fd7e4027000-7fd7e8000000 ---p 00000000 00:00 0 
7fd7e8000000-7fd7e8035000 rw-p 00000000 00:00 0 
7fd7e8035000-7fd7ec000000 ---p 00000000 00:00 0 
7fd7ec000000-7fd7ec022000 rw-p 00000000 00:00 0 
7fd7ec022000-7fd7f0000000 ---p 00000000 00:00 0 
7fd7f0000000-7fd7f0021000 rw-p 00000000 00:00 0 
7fd7f0021000-7fd7f4000000 ---p 00000000 00:00 0 
7fd7f4000000-7fd7f404a000 rw-p 00000000 00:00 0 
7fd7f404a000-7fd7f8000000 ---p 00000000 00:00 0 
7fd7f8000000-7fd7f8021000 rw-p 00000000 00:00 0 
7fd7f8021000-7fd7fc000000 ---p 00000000 00:00 0 
7fd7fc000000-7fd7fc021000 rw-p 00000000 00:00 0 
7fd7fc021000-7fd800000000 ---p 00000000 00:00 0 
7fd800000000-7fd800021000 rw-p 00000000 00:00 0 
7fd800021000-7fd804000000 ---p 00000000 00:00 0 
7fd804400000-7fd804700000 rw-p 00000000 00:00 0 
7fd804700000-7fd8047a0000 rw-p 00000000 00:00 0 
7fd8047a0000-7fd804800000 ---p 00000000 00:00 0 
7fd804800000-7fd804c00000 rw-p 00000000 00:00 0 
7fd805400000-7fd805c00000 rw-p 00000000 00:00 0 
7fd8064b3000-7fd810000000 r--s 00000000 00:1168 4611686019135192581      /nix/store/gpxl5qgg8kicmcvivwmybwjlpf7wh20l-graalvm17-ce-22.3.0/lib/modules
7fd810000000-7fd8104e3000 rw-p 00000000 00:00 0 
7fd8104e3000-7fd814000000 ---p 00000000 00:00 0 
7fd814000000-7fd814021000 rw-p 00000000 00:00 0 
7fd814021000-7fd818000000 ---p 00000000 00:00 0 
7fd818000000-7fd818021000 rw-p 00000000 00:00 0 
7fd818021000-7fd81c000000 ---p 00000000 00:00 0 
7fd81c000000-7fd81c1d1000 rw-p 00000000 00:00 0 
7fd81c1d1000-7fd820000000 ---p 00000000 00:00 0 
7fd820000000-7fd820128000 rw-p 00000000 00:00 0 
7fd820128000-7fd824000000 ---p 00000000 00:00 0 
7fd824000000-7fd824021000 rw-p 00000000 00:00 0 
7fd824021000-7fd828000000 ---p 00000000 00:00 0 
7fd828000000-7fd82815b000 rw-p 00000000 00:00 0 
7fd82815b000-7fd82c000000 ---p 00000000 00:00 0 
7fd82c000000-7fd82c069000 rw-p 00000000 00:00 0 
7fd82c069000-7fd830000000 ---p 00000000 00:00 0 
7fd830000000-7fd830021000 rw-p 00000000 00:00 0 
7fd830021000-7fd834000000 ---p 00000000 00:00 0 
7fd834000000-7fd83430b000 rw-p 00000000 00:00 0 
7fd83430b000-7fd838000000 ---p 00000000 00:00 0 
7fd838000000-7fd838021000 rw-p 00000000 00:00 0 
7fd838021000-7fd83c000000 ---p 00000000 00:00 0 
7fd83c000000-7fd83c05d000 rw-p 00000000 00:00 0 
7fd83c05d000-7fd840000000 ---p 00000000 00:00 0 
7fd840000000-7fd840913000 rw-p 00000000 00:00 0 
7fd840913000-7fd844000000 ---p 00000000 00:00 0 
7fd844000000-7fd844025000 rw-p 00000000 00:00 0 
7fd844025000-7fd848000000 ---p 00000000 00:00 0 
7fd848000000-7fd848021000 rw-p 00000000 00:00 0 
7fd848021000-7fd84c000000 ---p 00000000 00:00 0 
7fd84c000000-7fd84c021000 rw-p 00000000 00:00 0 
7fd84c021000-7fd850000000 ---p 00000000 00:00 0 
7fd850000000-7fd850055000 rw-p 00000000 00:00 0 
7fd850055000-7fd854000000 ---p 00000000 00:00 0 
7fd854000000-7fd854180000 rw-p 00000000 00:00 0 
7fd854180000-7fd854200000 rw-p 00000000 00:00 0 
7fd854200000-7fd854500000 rw-p 00000000 00:00 0 
7fd854500000-7fd854600000 rw-p 00000000 00:00 0 
7fd854600000-7fd854800000 rw-p 00000000 00:00 0 
7fd855000000-7fd855080000 rw-p 00000000 00:00 0 
7fd855080000-7fd855100000 rw-p 00000000 00:00 0 
7fd855100000-7fd855300000 rw-p 00000000 00:00 0 
7fd855300000-7fd855500000 rw-p 00000000 00:00 0 
7fd855500000-7fd855600000 rw-p 00000000 00:00 0 
7fd855600000-7fd855800000 rw-p 00000000 00:00 0 
7fd855800000-7fd855900000 rw-p 00000000 00:00 0 
7fd855900000-7fd855a00000 rw-p 00000000 00:00 0 
7fd855a00000-7fd855f80000 rw-p 00000000 00:00 0 
7fd855f80000-7fd856000000 rw-p 00000000 00:00 0 
7fd856000000-7fd856100000 rw-p 00000000 00:00 0 
7fd856100000-7fd856200000 rw-p 00000000 00:00 0 
7fd856200000-7fd856500000 rw-p 00000000 00:00 0 
7fd856500000-7fd856600000 rw-p 00000000 00:00 0 
7fd856600000-7fd856800000 rw-p 00000000 00:00 0 
7fd856a00000-7fd856a10000 r-xp 00000000 00:1163 366                      /home/runner/.cache/jdt-language-server/config/org.eclipse.equinox.launcher/org.eclipse.equinox.launcher.gtk.linux.x86_64_1.2.400.v20211117-0650/eclipse_11600.so
7fd856a10000-7fd856c0f000 ---p 00010000 00:1163 366                      /home/runner/.cache/jdt-language-server/config/org.eclipse.equinox.launcher/org.eclipse.equinox.launcher.gtk.linux.x86_64_1.2.400.v20211117-0650/eclipse_11600.so
7fd856c0f000-7fd856c10000 r--p 0000f000 00:1163 366                      /home/runner/.cache/jdt-language-server/config/org.eclipse.equinox.launcher/org.eclipse.equinox.launcher.gtk.linux.x86_64_1.2.400.v20211117-0650/eclipse_11600.so
7fd856c10000-7fd856c11000 rw-p 00010000 00:1163 366                      /home/runner/.cache/jdt-language-server/config/org.eclipse.equinox.launcher/org.eclipse.equinox.launcher.gtk.linux.x86_64_1.2.400.v20211117-0650/eclipse_11600.so
7fd857d00000-7fd857d04000 ---p 00000000 00:00 0 
7fd857d04000-7fd857e00000 rw-p 00000000 00:00 0 
7fd857f00000-7fd857f04000 ---p 00000000 00:00 0 
7fd857f04000-7fd858000000 rw-p 00000000 00:00 0 
7fd858100000-7fd858104000 ---p 00000000 00:00 0 
7fd858104000-7fd858200000 rw-p 00000000 00:00 0 
7fd858300000-7fd858304000 ---p 00000000 00:00 0 
7fd858304000-7fd858400000 rw-p 00000000 00:00 0 
7fd858500000-7fd858504000 ---p 00000000 00:00 0 
7fd858504000-7fd858600000 rw-p 00000000 00:00 0 
7fd858700000-7fd858704000 ---p 00000000 00:00 0 
7fd858704000-7fd858800000 rw-p 00000000 00:00 0 
7fd858900000-7fd858904000 ---p 00000000 00:00 0 
7fd858904000-7fd858a00000 rw-p 00000000 00:00 0 
7fd858c00000-7fd858c04000 ---p 00000000 00:00 0 
7fd858c04000-7fd858d00000 rw-p 00000000 00:00 0 
7fd858d00000-7fd858d04000 ---p 00000000 00:00 0 
7fd858d04000-7fd858e00000 rw-p 00000000 00:00 0 
7fd858e00000-7fd858e04000 ---p 00000000 00:00 0 
7fd858e04000-7fd858f00000 rw-p 00000000 00:00 0 
7fd858f00000-7fd858f04000 ---p 00000000 00:00 0 
7fd858f04000-7fd859000000 rw-p 00000000 00:00 0 
7fd859100000-7fd859104000 ---p 00000000 00:00 0 
7fd859104000-7fd859200000 rw-p 00000000 00:00 0 
7fd859200000-7fd859204000 ---p 00000000 00:00 0 
7fd859204000-7fd859300000 rw-p 00000000 00:00 0 
7fd859300000-7fd859304000 ---p 00000000 00:00 0 
7fd859304000-7fd859400000 rw-p 00000000 00:00 0 
7fd859400000-7fd859404000 ---p 00000000 00:00 0 
7fd859404000-7fd859500000 rw-p 00000000 00:00 0 
7fd859500000-7fd859504000 ---p 00000000 00:00 0 
7fd859504000-7fd859600000 rw-p 00000000 00:00 0 
7fd859700000-7fd859704000 ---p 00000000 00:00 0 
7fd859704000-7fd859800000 rw-p 00000000 00:00 0 
7fd859900000-7fd859904000 ---p 00000000 00:00 0 
7fd859904000-7fd859a00000 rw-p 00000000 00:00 0 
7fd859b00000-7fd859b04000 ---p 00000000 00:00 0 
7fd859b04000-7fd859c00000 rw-p 00000000 00:00 0 
7fd859c00000-7fd85bd6a000 r-xp 00000000 00:1168 4611686019135190040      /nix/store/gpxl5qgg8kicmcvivwmybwjlpf7wh20l-graalvm17-ce-22.3.0/lib/libjvmcicompiler.so
7fd85bd6a000-7fd85bf69000 ---p 0216a000 00:1168 4611686019135190040      /nix/store/gpxl5qgg8kicmcvivwmybwjlpf7wh20l-graalvm17-ce-22.3.0/lib/libjvmcicompiler.so
7fd85bf69000-7fd85bf6a000 r--p 02169000 00:1168 4611686019135190040      /nix/store/gpxl5qgg8kicmcvivwmybwjlpf7wh20l-graalvm17-ce-22.3.0/lib/libjvmcicompiler.so
7fd85bf6a000-7fd85bf6c000 rw-p 0216a000 00:1168 4611686019135190040      /nix/store/gpxl5qgg8kicmcvivwmybwjlpf7wh20l-graalvm17-ce-22.3.0/lib/libjvmcicompiler.so
7fd85bf6c000-7fd85bf6d000 rw-p 00000000 00:00 0 
7fd85bf6d000-7fd85bf72000 rw-p 023c3000 00:1168 4611686019135190040      /nix/store/gpxl5qgg8kicmcvivwmybwjlpf7wh20l-graalvm17-ce-22.3.0/lib/libjvmcicompiler.so
7fd85c000000-7fd85c021000 rw-p 00000000 00:00 0 
7fd85c021000-7fd860000000 ---p 00000000 00:00 0 
7fd860000000-7fd860021000 rw-p 00000000 00:00 0 
7fd860021000-7fd864000000 ---p 00000000 00:00 0 
7fd864000000-7fd864021000 rw-p 00000000 00:00 0 
7fd864021000-7fd868000000 ---p 00000000 00:00 0 
7fd868000000-7fd868021000 rw-p 00000000 00:00 0 
7fd868021000-7fd86c000000 ---p 00000000 00:00 0 
7fd86c000000-7fd86c0d4000 rw-p 00000000 00:00 0 
7fd86c0d4000-7fd870000000 ---p 00000000 00:00 0 
7fd870000000-7fd870c33000 rw-p 00000000 00:00 0 
7fd870c33000-7fd874000000 ---p 00000000 00:00 0 
7fd874000000-7fd874021000 rw-p 00000000 00:00 0 
7fd874021000-7fd878000000 ---p 00000000 00:00 0 
7fd878000000-7fd878021000 rw-p 00000000 00:00 0 
7fd878021000-7fd87c000000 ---p 00000000 00:00 0 
7fd87c000000-7fd87c021000 rw-p 00000000 00:00 0 
7fd87c021000-7fd880000000 ---p 00000000 00:00 0 
7fd880000000-7fd880021000 rw-p 00000000 00:00 0 
7fd880021000-7fd884000000 ---p 00000000 00:00 0 
7fd884000000-7fd884026000 rw-p 00000000 00:00 0 
7fd884026000-7fd888000000 ---p 00000000 00:00 0 
7fd888000000-7fd888021000 rw-p 00000000 00:00 0 
7fd888021000-7fd88c000000 ---p 00000000 00:00 0 
7fd88c000000-7fd88c13e000 rw-p 00000000 00:00 0 
7fd88c13e000-7fd890004000 ---p 00000000 00:00 0 
7fd890004000-7fd890100000 rw-p 00000000 00:00 0 
7fd890200000-7fd890204000 ---p 00000000 00:00 0 
7fd890204000-7fd890300000 rw-p 00000000 00:00 0 
7fd890300000-7fd890304000 ---p 00000000 00:00 0 
7fd890304000-7fd890400000 rw-p 00000000 00:00 0 
7fd890400000-7fd890404000 ---p 00000000 00:00 0 
7fd890404000-7fd890500000 rw-p 00000000 00:00 0 
7fd890600000-7fd890604000 ---p 00000000 00:00 0 
7fd890604000-7fd890700000 rw-p 00000000 00:00 0 
7fd890700000-7fd890704000 ---p 00000000 00:00 0 
7fd890704000-7fd890800000 rw-p 00000000 00:00 0 
7fd890800000-7fd890804000 ---p 00000000 00:00 0 
7fd890804000-7fd890900000 rw-p 00000000 00:00 0 
7fd890a00000-7fd890a04000 ---p 00000000 00:00 0 
7fd890a04000-7fd890b00000 rw-p 00000000 00:00 0 
7fd890b00000-7fd890b04000 ---p 00000000 00:00 0 
7fd890b04000-7fd890c00000 rw-p 00000000 00:00 0 
7fd890c00000-7fd890c04000 ---p 00000000 00:00 0 
7fd890c04000-7fd890d00000 rw-p 00000000 00:00 0 
7fd890e00000-7fd890e04000 ---p 00000000 00:00 0 
7fd890e04000-7fd890f00000 rw-p 00000000 00:00 0 
7fd891b68000-7fd892000000 rw-p 00000000 00:00 0 
7fd8920fe000-7fd8920ff000 ---p 00000000 00:00 0 
7fd8920ff000-7fd892200000 rw-p 00000000 00:00 0 
7fd892200000-7fd892204000 ---p 00000000 00:00 0 
7fd892204000-7fd892300000 rw-p 00000000 00:00 0 
7fd892300000-7fd892304000 ---p 00000000 00:00 0 
7fd892304000-7fd892400000 rw-p 00000000 00:00 0 
7fd892400000-7fd892404000 ---p 00000000 00:00 0 
7fd892404000-7fd892500000 rw-p 00000000 00:00 0 
7fd892500000-7fd892504000 ---p 00000000 00:00 0 
7fd892504000-7fd892700000 rw-p 00000000 00:00 0 
7fd892700000-7fd892704000 ---p 00000000 00:00 0 
7fd892704000-7fd892900000 rw-p 00000000 00:00 0 
7fd892900000-7fd892904000 ---p 00000000 00:00 0 
7fd892904000-7fd892a00000 rw-p 00000000 00:00 0 
7fd892a00000-7fd892a04000 ---p 00000000 00:00 0 
7fd892a04000-7fd892b00000 rw-p 00000000 00:00 0 
7fd892b00000-7fd892b04000 ---p 00000000 00:00 0 
7fd892b04000-7fd893000000 rw-p 00000000 00:00 0 
7fd893000000-7fd893300000 rw-p 00000000 00:00 0 
7fd893300000-7fd893400000 rw-p 00000000 00:00 0 
7fd8934b3000-7fd893723000 rwxp 00000000 00:00 0 
7fd893723000-7fd893a42000 ---p 00000000 00:00 0 
7fd893a42000-7fd894f12000 rwxp 00000000 00:00 0 
7fd894f12000-7fd89af7a000 ---p 00000000 00:00 0 
7fd89af7a000-7fd89b25a000 rwxp 00000000 00:00 0 
7fd89b25a000-7fd8a24b3000 ---p 00000000 00:00 0 
7fd8a24b3000-7fd8ac000000 r--s 00000000 00:1168 4611686019135192581      /nix/store/gpxl5qgg8kicmcvivwmybwjlpf7wh20l-graalvm17-ce-22.3.0/lib/modules
7fd8ac000000-7fd8ac604000 rw-p 00000000 00:00 0 
7fd8ac604000-7fd8b0000000 ---p 00000000 00:00 0 
7fd8b000f000-7fd8b0011000 r-xp 00000000 00:1168 4611686019135190017      /nix/store/gpxl5qgg8kicmcvivwmybwjlpf7wh20l-graalvm17-ce-22.3.0/lib/libextnet.so
7fd8b0011000-7fd8b0012000 r--p 00001000 00:1168 4611686019135190017      /nix/store/gpxl5qgg8kicmcvivwmybwjlpf7wh20l-graalvm17-ce-22.3.0/lib/libextnet.so
7fd8b0012000-7fd8b0013000 rw-p 00002000 00:1168 4611686019135190017      /nix/store/gpxl5qgg8kicmcvivwmybwjlpf7wh20l-graalvm17-ce-22.3.0/lib/libextnet.so
7fd8b0013000-7fd8b0014000 rw-p 00004000 00:1168 4611686019135190017      /nix/store/gpxl5qgg8kicmcvivwmybwjlpf7wh20l-graalvm17-ce-22.3.0/lib/libextnet.so
7fd8b0014000-7fd8b0018000 ---p 00000000 00:00 0 
7fd8b0018000-7fd8b0036000 rw-p 00000000 00:00 0 
7fd8b0036000-7fd8b003d000 r-xp 00000000 00:1168 4611686019135192580      /nix/store/gpxl5qgg8kicmcvivwmybwjlpf7wh20l-graalvm17-ce-22.3.0/lib/libzip.so
7fd8b003d000-7fd8b003e000 ---p 00007000 00:1168 4611686019135192580      /nix/store/gpxl5qgg8kicmcvivwmybwjlpf7wh20l-graalvm17-ce-22.3.0/lib/libzip.so
7fd8b003e000-7fd8b003f000 r--p 00007000 00:1168 4611686019135192580      /nix/store/gpxl5qgg8kicmcvivwmybwjlpf7wh20l-graalvm17-ce-22.3.0/lib/libzip.so
7fd8b003f000-7fd8b0040000 rw-p 00008000 00:1168 4611686019135192580      /nix/store/gpxl5qgg8kicmcvivwmybwjlpf7wh20l-graalvm17-ce-22.3.0/lib/libzip.so
7fd8b0040000-7fd8b0042000 rw-p 0000b000 00:1168 4611686019135192580      /nix/store/gpxl5qgg8kicmcvivwmybwjlpf7wh20l-graalvm17-ce-22.3.0/lib/libzip.so
7fd8b0042000-7fd8b0057000 r-xp 00000000 00:1168 4611686019135192570      /nix/store/gpxl5qgg8kicmcvivwmybwjlpf7wh20l-graalvm17-ce-22.3.0/lib/libnet.so
7fd8b0057000-7fd8b0058000 ---p 00015000 00:1168 4611686019135192570      /nix/store/gpxl5qgg8kicmcvivwmybwjlpf7wh20l-graalvm17-ce-22.3.0/lib/libnet.so
7fd8b0058000-7fd8b0059000 r--p 00015000 00:1168 4611686019135192570      /nix/store/gpxl5qgg8kicmcvivwmybwjlpf7wh20l-graalvm17-ce-22.3.0/lib/libnet.so
7fd8b0059000-7fd8b005a000 rw-p 00016000 00:1168 4611686019135192570      /nix/store/gpxl5qgg8kicmcvivwmybwjlpf7wh20l-graalvm17-ce-22.3.0/lib/libnet.so
7fd8b005a000-7fd8b005d000 rw-p 0001b000 00:1168 4611686019135192570      /nix/store/gpxl5qgg8kicmcvivwmybwjlpf7wh20l-graalvm17-ce-22.3.0/lib/libnet.so
7fd8b005d000-7fd8b0070000 r-xp 00000000 00:1168 4611686019135192571      /nix/store/gpxl5qgg8kicmcvivwmybwjlpf7wh20l-graalvm17-ce-22.3.0/lib/libnio.so
7fd8b0070000-7fd8b0071000 r--p 00012000 00:1168 4611686019135192571      /nix/store/gpxl5qgg8kicmcvivwmybwjlpf7wh20l-graalvm17-ce-22.3.0/lib/libnio.so
7fd8b0071000-7fd8b0072000 rw-p 00013000 00:1168 4611686019135192571      /nix/store/gpxl5qgg8kicmcvivwmybwjlpf7wh20l-graalvm17-ce-22.3.0/lib/libnio.so
7fd8b0072000-7fd8b0077000 rw-p 00019000 00:1168 4611686019135192571      /nix/store/gpxl5qgg8kicmcvivwmybwjlpf7wh20l-graalvm17-ce-22.3.0/lib/libnio.so
7fd8b0077000-7fd8b035d000 r--p 00000000 00:1151 28444448                 /usr/lib/locale/locale-archive
7fd8b035d000-7fd8b0361000 ---p 00000000 00:00 0 
7fd8b0361000-7fd8b045d000 rw-p 00000000 00:00 0 
7fd8b045d000-7fd8b0461000 ---p 00000000 00:00 0 
7fd8b0461000-7fd8b055d000 rw-p 00000000 00:00 0 
7fd8b055d000-7fd8b055e000 ---p 00000000 00:00 0 
7fd8b055e000-7fd8b065f000 rw-p 00000000 00:00 0 
7fd8b065f000-7fd8b072d000 r-xp 00000000 00:1168 4611686019135190036      /nix/store/gpxl5qgg8kicmcvivwmybwjlpf7wh20l-graalvm17-ce-22.3.0/lib/libjsvml.so
7fd8b072d000-7fd8b072e000 r--p 000cd000 00:1168 4611686019135190036      /nix/store/gpxl5qgg8kicmcvivwmybwjlpf7wh20l-graalvm17-ce-22.3.0/lib/libjsvml.so
7fd8b072e000-7fd8b072f000 rw-p 000ce000 00:1168 4611686019135190036      /nix/store/gpxl5qgg8kicmcvivwmybwjlpf7wh20l-graalvm17-ce-22.3.0/lib/libjsvml.so
7fd8b072f000-7fd8b2007000 rw-p 00000000 00:00 0 
7fd8b2007000-7fd8b2008000 ---p 00000000 00:00 0 
7fd8b2008000-7fd8b21b3000 rw-p 00000000 00:00 0 
7fd8b21b3000-7fd8b21c9000 rw-p 00000000 00:00 0 
7fd8b21c9000-7fd8b2209000 ---p 00000000 00:00 0 
7fd8b2209000-7fd8b2210000 rw-p 00000000 00:00 0 
7fd8b2210000-7fd8b22f5000 ---p 00000000 00:00 0 
7fd8b22f5000-7fd8b231f000 rw-p 00000000 00:00 0 
7fd8b231f000-7fd8b23e0000 ---p 00000000 00:00 0 
7fd8b23e0000-7fd8b23e5000 rw-p 00000000 00:00 0 
7fd8b23e5000-7fd8b23ec000 ---p 00000000 00:00 0 
7fd8b23ec000-7fd8b2410000 r-xp 00000000 00:1168 4611686019135190028      /nix/store/gpxl5qgg8kicmcvivwmybwjlpf7wh20l-graalvm17-ce-22.3.0/lib/libjava.so
7fd8b2410000-7fd8b2411000 ---p 00024000 00:1168 4611686019135190028      /nix/store/gpxl5qgg8kicmcvivwmybwjlpf7wh20l-graalvm17-ce-22.3.0/lib/libjava.so
7fd8b2411000-7fd8b2412000 r--p 00024000 00:1168 4611686019135190028      /nix/store/gpxl5qgg8kicmcvivwmybwjlpf7wh20l-graalvm17-ce-22.3.0/lib/libjava.so
7fd8b2412000-7fd8b2413000 rw-p 00025000 00:1168 4611686019135190028      /nix/store/gpxl5qgg8kicmcvivwmybwjlpf7wh20l-graalvm17-ce-22.3.0/lib/libjava.so
7fd8b2413000-7fd8b2414000 rw-p 00000000 00:00 0 
7fd8b2414000-7fd8b241b000 rw-p 0002f000 00:1168 4611686019135190028      /nix/store/gpxl5qgg8kicmcvivwmybwjlpf7wh20l-graalvm17-ce-22.3.0/lib/libjava.so
7fd8b241b000-7fd8b2423000 rw-s 00000000 00:ea8 361                       /tmp/hsperfdata_runner/28
7fd8b2423000-7fd8b2424000 ---p 00000000 00:00 0 
7fd8b2424000-7fd8b2425000 r--p 00000000 00:00 0 
7fd8b2425000-7fd8b2426000 rwxp 00000000 00:00 0 
7fd8b2426000-7fd8b2441000 r-xp 00000000 00:1168 4611686019135190032      /nix/store/gpxl5qgg8kicmcvivwmybwjlpf7wh20l-graalvm17-ce-22.3.0/lib/libjimage.so
7fd8b2441000-7fd8b2442000 ---p 0001b000 00:1168 4611686019135190032      /nix/store/gpxl5qgg8kicmcvivwmybwjlpf7wh20l-graalvm17-ce-22.3.0/lib/libjimage.so
7fd8b2442000-7fd8b2444000 r--p 0001b000 00:1168 4611686019135190032      /nix/store/gpxl5qgg8kicmcvivwmybwjlpf7wh20l-graalvm17-ce-22.3.0/lib/libjimage.so
7fd8b2444000-7fd8b2445000 rw-p 0001d000 00:1168 4611686019135190032      /nix/store/gpxl5qgg8kicmcvivwmybwjlpf7wh20l-graalvm17-ce-22.3.0/lib/libjimage.so
7fd8b2445000-7fd8b2446000 rw-p 00024000 00:1168 4611686019135190032      /nix/store/gpxl5qgg8kicmcvivwmybwjlpf7wh20l-graalvm17-ce-22.3.0/lib/libjimage.so
7fd8b2446000-7fd8b244a000 ---p 00000000 00:00 0 
7fd8b244a000-7fd8b2546000 rw-p 00000000 00:00 0 
7fd8b2546000-7fd8b2554000 r--p 00000000 00:1168 4611686019027979927      /nix/store/4nlgxhb09sdr51nc9hdm8az5b08vzkgx-glibc-2.35-163/lib/libm.so.6
7fd8b2554000-7fd8b25c7000 r-xp 0000e000 00:1168 4611686019027979927      /nix/store/4nlgxhb09sdr51nc9hdm8az5b08vzkgx-glibc-2.35-163/lib/libm.so.6
7fd8b25c7000-7fd8b2624000 r--p 00081000 00:1168 4611686019027979927      /nix/store/4nlgxhb09sdr51nc9hdm8az5b08vzkgx-glibc-2.35-163/lib/libm.so.6
7fd8b2624000-7fd8b2625000 r--p 000dd000 00:1168 4611686019027979927      /nix/store/4nlgxhb09sdr51nc9hdm8az5b08vzkgx-glibc-2.35-163/lib/libm.so.6
7fd8b2625000-7fd8b2626000 rw-p 000de000 00:1168 4611686019027979927      /nix/store/4nlgxhb09sdr51nc9hdm8az5b08vzkgx-glibc-2.35-163/lib/libm.so.6
7fd8b2626000-7fd8b2627000 r--p 00000000 00:1168 4611686019027979946      /nix/store/4nlgxhb09sdr51nc9hdm8az5b08vzkgx-glibc-2.35-163/lib/librt.so.1
7fd8b2627000-7fd8b2628000 r-xp 00001000 00:1168 4611686019027979946      /nix/store/4nlgxhb09sdr51nc9hdm8az5b08vzkgx-glibc-2.35-163/lib/librt.so.1
7fd8b2628000-7fd8b2629000 r--p 00002000 00:1168 4611686019027979946      /nix/store/4nlgxhb09sdr51nc9hdm8az5b08vzkgx-glibc-2.35-163/lib/librt.so.1
7fd8b2629000-7fd8b262a000 r--p 00002000 00:1168 4611686019027979946      /nix/store/4nlgxhb09sdr51nc9hdm8az5b08vzkgx-glibc-2.35-163/lib/librt.so.1
7fd8b262a000-7fd8b262b000 rw-p 00003000 00:1168 4611686019027979946      /nix/store/4nlgxhb09sdr51nc9hdm8az5b08vzkgx-glibc-2.35-163/lib/librt.so.1
7fd8b262b000-7fd8b373e000 r-xp 00000000 00:1168 4611686019135360866      /nix/store/gpxl5qgg8kicmcvivwmybwjlpf7wh20l-graalvm17-ce-22.3.0/lib/server/libjvm.so
7fd8b373e000-7fd8b373f000 ---p 01113000 00:1168 4611686019135360866      /nix/store/gpxl5qgg8kicmcvivwmybwjlpf7wh20l-graalvm17-ce-22.3.0/lib/server/libjvm.so
7fd8b373f000-7fd8b37f4000 r--p 01113000 00:1168 4611686019135360866      /nix/store/gpxl5qgg8kicmcvivwmybwjlpf7wh20l-graalvm17-ce-22.3.0/lib/server/libjvm.so
7fd8b37f4000-7fd8b3828000 rw-p 011c8000 00:1168 4611686019135360866      /nix/store/gpxl5qgg8kicmcvivwmybwjlpf7wh20l-graalvm17-ce-22.3.0/lib/server/libjvm.so
7fd8b3828000-7fd8b3884000 rw-p 00000000 00:00 0 
7fd8b3884000-7fd8b38ac000 r--p 00000000 00:1168 4611686019027979918      /nix/store/4nlgxhb09sdr51nc9hdm8az5b08vzkgx-glibc-2.35-163/lib/libc.so.6
7fd8b38ac000-7fd8b3a22000 r-xp 00028000 00:1168 4611686019027979918      /nix/store/4nlgxhb09sdr51nc9hdm8az5b08vzkgx-glibc-2.35-163/lib/libc.so.6
7fd8b3a22000-7fd8b3a7a000 r--p 0019e000 00:1168 4611686019027979918      /nix/store/4nlgxhb09sdr51nc9hdm8az5b08vzkgx-glibc-2.35-163/lib/libc.so.6
7fd8b3a7a000-7fd8b3a7e000 r--p 001f6000 00:1168 4611686019027979918      /nix/store/4nlgxhb09sdr51nc9hdm8az5b08vzkgx-glibc-2.35-163/lib/libc.so.6
7fd8b3a7e000-7fd8b3a80000 rw-p 001fa000 00:1168 4611686019027979918      /nix/store/4nlgxhb09sdr51nc9hdm8az5b08vzkgx-glibc-2.35-163/lib/libc.so.6
7fd8b3a80000-7fd8b3a8f000 rw-p 00000000 00:00 0 
7fd8b3a8f000-7fd8b3a90000 r--p 00000000 00:1168 4611686019027979923      /nix/store/4nlgxhb09sdr51nc9hdm8az5b08vzkgx-glibc-2.35-163/lib/libdl.so.2
7fd8b3a90000-7fd8b3a91000 r-xp 00001000 00:1168 4611686019027979923      /nix/store/4nlgxhb09sdr51nc9hdm8az5b08vzkgx-glibc-2.35-163/lib/libdl.so.2
7fd8b3a91000-7fd8b3a92000 r--p 00002000 00:1168 4611686019027979923      /nix/store/4nlgxhb09sdr51nc9hdm8az5b08vzkgx-glibc-2.35-163/lib/libdl.so.2
7fd8b3a92000-7fd8b3a93000 r--p 00002000 00:1168 4611686019027979923      /nix/store/4nlgxhb09sdr51nc9hdm8az5b08vzkgx-glibc-2.35-163/lib/libdl.so.2
7fd8b3a93000-7fd8b3a94000 rw-p 00003000 00:1168 4611686019027979923      /nix/store/4nlgxhb09sdr51nc9hdm8az5b08vzkgx-glibc-2.35-163/lib/libdl.so.2
7fd8b3a94000-7fd8b3a95000 r--p 00000000 00:1168 4611686019027979942      /nix/store/4nlgxhb09sdr51nc9hdm8az5b08vzkgx-glibc-2.35-163/lib/libpthread.so.0
7fd8b3a95000-7fd8b3a96000 r-xp 00001000 00:1168 4611686019027979942      /nix/store/4nlgxhb09sdr51nc9hdm8az5b08vzkgx-glibc-2.35-163/lib/libpthread.so.0
7fd8b3a96000-7fd8b3a97000 r--p 00002000 00:1168 4611686019027979942      /nix/store/4nlgxhb09sdr51nc9hdm8az5b08vzkgx-glibc-2.35-163/lib/libpthread.so.0
7fd8b3a97000-7fd8b3a98000 r--p 00002000 00:1168 4611686019027979942      /nix/store/4nlgxhb09sdr51nc9hdm8az5b08vzkgx-glibc-2.35-163/lib/libpthread.so.0
7fd8b3a98000-7fd8b3a99000 rw-p 00003000 00:1168 4611686019027979942      /nix/store/4nlgxhb09sdr51nc9hdm8az5b08vzkgx-glibc-2.35-163/lib/libpthread.so.0
7fd8b3a99000-7fd8b3aa7000 r-xp 00000000 00:1168 4611686019135190033      /nix/store/gpxl5qgg8kicmcvivwmybwjlpf7wh20l-graalvm17-ce-22.3.0/lib/libjli.so
7fd8b3aa7000-7fd8b3aa8000 ---p 0000e000 00:1168 4611686019135190033      /nix/store/gpxl5qgg8kicmcvivwmybwjlpf7wh20l-graalvm17-ce-22.3.0/lib/libjli.so
7fd8b3aa8000-7fd8b3aa9000 r--p 0000e000 00:1168 4611686019135190033      /nix/store/gpxl5qgg8kicmcvivwmybwjlpf7wh20l-graalvm17-ce-22.3.0/lib/libjli.so
7fd8b3aa9000-7fd8b3aaa000 rw-p 0000f000 00:1168 4611686019135190033      /nix/store/gpxl5qgg8kicmcvivwmybwjlpf7wh20l-graalvm17-ce-22.3.0/lib/libjli.so
7fd8b3aaa000-7fd8b3aab000 rw-p 00012000 00:1168 4611686019135190033      /nix/store/gpxl5qgg8kicmcvivwmybwjlpf7wh20l-graalvm17-ce-22.3.0/lib/libjli.so
7fd8b3aab000-7fd8b3aae000 r--p 00000000 00:1168 4611686019106210071      /nix/store/026hln0aq1hyshaxsdvhg0kmcm6yf45r-zlib-1.2.13/lib/libz.so.1.2.13
7fd8b3aae000-7fd8b3ac0000 r-xp 00003000 00:1168 4611686019106210071      /nix/store/026hln0aq1hyshaxsdvhg0kmcm6yf45r-zlib-1.2.13/lib/libz.so.1.2.13
7fd8b3ac0000-7fd8b3ac7000 r--p 00015000 00:1168 4611686019106210071      /nix/store/026hln0aq1hyshaxsdvhg0kmcm6yf45r-zlib-1.2.13/lib/libz.so.1.2.13
7fd8b3ac7000-7fd8b3ac8000 r--p 0001b000 00:1168 4611686019106210071      /nix/store/026hln0aq1hyshaxsdvhg0kmcm6yf45r-zlib-1.2.13/lib/libz.so.1.2.13
7fd8b3ac8000-7fd8b3ac9000 rw-p 0001c000 00:1168 4611686019106210071      /nix/store/026hln0aq1hyshaxsdvhg0kmcm6yf45r-zlib-1.2.13/lib/libz.so.1.2.13
7fd8b3ac9000-7fd8b3acb000 rw-p 00000000 00:00 0 
7fd8b3acb000-7fd8b3acd000 r--p 00000000 00:1168 4611686019027979912      /nix/store/4nlgxhb09sdr51nc9hdm8az5b08vzkgx-glibc-2.35-163/lib/ld-linux-x86-64.so.2
7fd8b3acd000-7fd8b3af4000 r-xp 00002000 00:1168 4611686019027979912      /nix/store/4nlgxhb09sdr51nc9hdm8az5b08vzkgx-glibc-2.35-163/lib/ld-linux-x86-64.so.2
7fd8b3af4000-7fd8b3b00000 r--p 00029000 00:1168 4611686019027979912      /nix/store/4nlgxhb09sdr51nc9hdm8az5b08vzkgx-glibc-2.35-163/lib/ld-linux-x86-64.so.2
7fd8b3b00000-7fd8b3b02000 r--p 00034000 00:1168 4611686019027979912      /nix/store/4nlgxhb09sdr51nc9hdm8az5b08vzkgx-glibc-2.35-163/lib/ld-linux-x86-64.so.2
7fd8b3b02000-7fd8b3b04000 rw-p 00036000 00:1168 4611686019027979912      /nix/store/4nlgxhb09sdr51nc9hdm8az5b08vzkgx-glibc-2.35-163/lib/ld-linux-x86-64.so.2
7ffff3cfa000-7ffff3d1f000 rw-p 00000000 00:00 0                          [stack]
7ffff3df0000-7ffff3df4000 r--p 00000000 00:00 0                          [vvar]
7ffff3df4000-7ffff3df6000 r-xp 00000000 00:00 0                          [vdso]
ffffffffff600000-ffffffffff601000 --xp 00000000 00:00 0                  [vsyscall]


VM Arguments:
jvm_args: -XX:ThreadPriorityPolicy=1 -XX:+UnlockExperimentalVMOptions -XX:+EnableJVMCIProduct -XX:JVMCIThreadsPerNativeLibraryRuntime=1 -XX:-UnlockExperimentalVMOptions -Declipse.application=org.eclipse.jdt.ls.core.id1 -Dosgi.bundles.defaultStartLevel=4 -Declipse.product=org.eclipse.jdt.ls.core.product -Dlog.level=ALL -Xverify:none -XX:+UseParallelGC -XX:GCTimeRatio=4 -XX:AdaptiveSizePolicyWeight=90 -Dsun.zip.disableMemoryMapping=true -Xmx512m -Xms100m 
java_command: /nix/store/m6gcpi1ii6rghy04cjwjddcavv7i90df-jdt-language-server-1.9.0/share/java/plugins/org.eclipse.equinox.launcher_1.6.400.v20210924-0641.jar --add-modules=ALL-SYSTEM --add-opens java.base/java.util=ALL-UNNAMED --add-opens java.base/java.lang=ALL-UNNAMED -configuration /home/runner/.cache/jdt-language-server/config -data /home/runner/.cache/jdt-language-server/data/home/runner/RPG-game-10-English
java_class_path (initial): /nix/store/m6gcpi1ii6rghy04cjwjddcavv7i90df-jdt-language-server-1.9.0/share/java/plugins/org.eclipse.equinox.launcher_1.6.400.v20210924-0641.jar
Launcher Type: SUN_STANDARD

[Global flags]
    uintx AdaptiveSizePolicyWeight                 = 90                                        {product} {command line}
     intx CICompilerCount                          = 2                                         {product} {ergonomic}
     bool EnableJVMCIProduct                       = true                                {JVMCI product} {jimage}
    uintx GCTimeRatio                              = 4                                         {product} {command line}
   size_t InitialHeapSize                          = 104857600                                 {product} {command line}
     uint JVMCIThreadsPerNativeLibraryRuntime      = 1                                   {JVMCI product} {jimage}
   size_t MaxHeapSize                              = 536870912                                 {product} {command line}
   size_t MaxNewSize                               = 178782208                                 {product} {ergonomic}
   size_t MinHeapDeltaBytes                        = 524288                                    {product} {ergonomic}
   size_t MinHeapSize                              = 104857600                                 {product} {command line}
   size_t NewSize                                  = 34603008                                  {product} {ergonomic}
    uintx NonNMethodCodeHeapSize                   = 5826188                                {pd product} {ergonomic}
    uintx NonProfiledCodeHeapSize                  = 122916026                              {pd product} {ergonomic}
   size_t OldSize                                  = 70254592                                  {product} {ergonomic}
    uintx ProfiledCodeHeapSize                     = 122916026                              {pd product} {ergonomic}
    uintx ReservedCodeCacheSize                    = 251658240                              {pd product} {ergonomic}
     bool SegmentedCodeCache                       = true                                      {product} {ergonomic}
   size_t SoftMaxHeapSize                          = 536870912                              {manageable} {ergonomic}
     intx ThreadPriorityPolicy                     = 1                                         {product} {jimage}
     bool UseCompressedClassPointers               = true                           {product lp64_product} {ergonomic}
     bool UseCompressedOops                        = true                           {product lp64_product} {ergonomic}
     bool UseParallelGC                            = true                                      {product} {command line}

Logging:
Log output configuration:
 #0: stdout all=warning uptime,level,tags
 #1: stderr all=off uptime,level,tags

Environment Variables:
JAVA_HOME=/nix/store/gpxl5qgg8kicmcvivwmybwjlpf7wh20l-graalvm17-ce-22.3.0
PATH=/nix/store/1d6ian3r8kdzspw8hacjhl3xkp40g1lj-binutils-wrapper-2.39/bin:/nix/store/dq0xwmsk1g0i2ayg6pb7y87na2knzylh-gcc-wrapper-11.3.0/bin:/nix/store/bap4d0lpcrhpwmpb8ayjcgkmvfj62lnq-bash-interactive-5.1-p16/bin:/nix/store/pr5n59mb4jzmfx6kanwxly0l07p861fg-patchelf-0.15.0/bin:/nix/store/1gf2flfqnpqbr1b4p4qz2f72y42bs56r-gcc-11.3.0/bin:/nix/store/57xv61c5zi8pphjbcwxxjlgc34p61ic9-glibc-2.35-163-bin/bin:/nix/store/a7gvj343m05j2s32xcnwr35v31ynlypr-coreutils-9.1/bin:/nix/store/039g378vc3pc3dvi9dzdlrd0i4q93qwf-binutils-2.39/bin:/nix/store/gpxl5qgg8kicmcvivwmybwjlpf7wh20l-graalvm17-ce-22.3.0/bin:/nix/store/6z9ag3ihc8mq2hzsw48lhbznvzny65nz-apache-maven-3.8.6/bin:/nix/store/m6gcpi1ii6rghy04cjwjddcavv7i90df-jdt-language-server-1.9.0/bin:/nix/store/84xs5alhs01zrbr4ywm05kxbjbp5590l-java-debug/bin:/nix/store/mydc6f4k2z73xlcz7ilif3v2lcaiqvza-findutils-4.9.0/bin:/nix/store/j9p3g8472iijd50vhdprx0nmk2fqn5gv-diffutils-3.8/bin:/nix/store/89zs7rms6x00xfq4dq6m7mjnhkr8a6r4-gnused-4.8/bin:/nix/store/86bp03jkmsl6f92w0yzg4s59g5mhxwmy-gnugrep-3.7/bin:/nix/store/hwcdqw4jrjnd37wxqgsd47hd0j8bnj09-gawk-5.1.1/bin:/nix/store/cfbhw8r8ags41vwqaz47r583d0p4h4a1-gnutar-1.34/bin:/nix/store/p3m1ndl1lapwrlh698bnb5lvvxh67378-gzip-1.12/bin:/nix/store/a8mhcagrsly7c7mpjrpsnaahk4aax056-bzip2-1.0.8-bin/bin:/nix/store/mblgz65m3zv9x548a3d5m96fj2pbwr09-gnumake-4.3/bin:/nix/store/dsd5gz46hdbdk2rfdimqddhq6m8m8fqs-bash-5.1-p16/bin:/nix/store/v7ljksji50mg3w61dykaa3n3y79n6nil-patch-2.7.6/bin:/nix/store/zlcnmqq14jz5x9439jf937mvayyl63da-xz-5.2.7-bin/bin:/nix/store/y6aj732zm9m87c82fpvf103a1xb22blp-file-5.43/bin:/nix/store/i4kzir3m7mrisxmf5xvlnkw01x4qaqr4-prybar-elisp-0.0.0-e0d9a52/bin:/nix/store/lwwivxf6h7x3cvxp9zv8sj0mv7dak99r-prybar-lua-0.0.0-e0d9a52/bin:/nix/store/gxj28g1cg4hq3qanmjv07156h800qr58-prybar-python3-0.0.0-e0d9a52/bin:/nix/store/hshkjnxrgidigf8x75vg6lqng2xlx9i3-prybar-sqlite-0.0.0-e0d9a52/bin:/nix/store/c4w01bpjgyy5ixmwdk8m1pw87zq4sl26-prybar-tcl-0.0.0-e0d9a52/bin:/nix/store/hpbvrlwd5viqmvcaisb3x0118i913a9n-st
LD_LIBRARY_PATH=/nix/store/a4pff549sk2idnkpzk5nsfps3mdkdnvm-cups-2.4.2-lib/lib:/nix/store/72mqxxhh3cy5yifh92wh2yb8cl2hikyy-cairo-1.16.0/lib:/nix/store/2k366jrbsra97gjfxwvrhvixjfxdach5-glib-2.74.1/lib:/nix/store/2j2znigd8ak37rlwh9khz0ry3clqlw1l-gtk+3-3.24.34/lib:/nix/store/hisqvx32cd57apbpcsnkpx6k3549wql1-libglvnd-1.4.0/lib:/nix/store/p36pgcv991mq5srvg765b78yqpxvk3qs-mesa-21.3.3-drivers/lib:/nix/store/mav4251if1ahjq5vkpwycyyvnmy459c4-pulseaudio-14.2/lib
DISPLAY=:0
LANG=en_US.UTF-8

Signal Handlers:
   SIGSEGV: crash_handler in libjvm.so, mask=11100100010111111101111111111110, flags=SA_RESTART|SA_SIGINFO
    SIGBUS: crash_handler in libjvm.so, mask=11100100010111111101111111111110, flags=SA_RESTART|SA_SIGINFO
    SIGFPE: crash_handler in libjvm.so, mask=11100100010111111101111111111110, flags=SA_RESTART|SA_SIGINFO
   SIGPIPE: IsolateEnterStub_IgnoreSIGPIPEStartupHook_noopSignalHandler_8f19bff2f35b5f630d83b364d6b2339320d4ec70_216e8361c6bc87a8f89f58cc10d3b2fd4415bf87 in libjvmcicompiler.so, mask=00000000000000000000000000000000, flags=SA_RESTART
  *** Handler was modified!
  *** Expected: javaSignalHandler in libjvm.so, mask=11100100110111111111111111111110, flags=SA_RESTART|SA_SIGINFO
   SIGXFSZ: javaSignalHandler in libjvm.so, mask=11100100010111111101111111111110, flags=SA_RESTART|SA_SIGINFO
    SIGILL: crash_handler in libjvm.so, mask=11100100010111111101111111111110, flags=SA_RESTART|SA_SIGINFO
   SIGUSR2: SR_handler in libjvm.so, mask=00000000000000000000000000000000, flags=SA_RESTART|SA_SIGINFO
    SIGHUP: UserHandler in libjvm.so, mask=11100100010111111101111111111110, flags=SA_RESTART|SA_SIGINFO
    SIGINT: UserHandler in libjvm.so, mask=11100100010111111101111111111110, flags=SA_RESTART|SA_SIGINFO
   SIGTERM: UserHandler in libjvm.so, mask=11100100010111111101111111111110, flags=SA_RESTART|SA_SIGINFO
   SIGQUIT: UserHandler in libjvm.so, mask=11100100010111111101111111111110, flags=SA_RESTART|SA_SIGINFO
  *** Handler was modified!
  *** Expected: javaSignalHandler in libjvm.so, mask=11100100110111111111111111111110, flags=SA_RESTART|SA_SIGINFO
   SIGTRAP: crash_handler in libjvm.so, mask=11100100010111111101111111111110, flags=SA_RESTART|SA_SIGINFO


---------------  S Y S T E M  ---------------

OS:
DISTRIB_ID=Ubuntu
DISTRIB_RELEASE=20.04
DISTRIB_CODENAME=focal
DISTRIB_DESCRIPTION="Ubuntu 20.04.2 LTS"
uname: Linux 5.19.0-1022-gcp #24~22.04.1-Ubuntu SMP Sun Apr 23 09:51:08 UTC 2023 x86_64
OS uptime: 0 days 5:56 hours
libc: glibc 2.35 NPTL 2.35 
rlimit (soft/hard): STACK 8192k/infinity , CORE infinity/infinity , NPROC infinity/infinity , NOFILE 5242/5242 , AS infinity/infinity , CPU infinity/infinity , DATA infinity/infinity , FSIZE infinity/infinity , MEMLOCK 8192k/8192k
load average: 14.77 17.52 17.52

/proc/meminfo:
MemTotal:       65852256 kB
MemFree:         7069884 kB
MemAvailable:   40962336 kB
Buffers:         2688816 kB
Cached:         29780876 kB
SwapCached:            0 kB
Active:         11395116 kB
Inactive:       43230268 kB
Active(anon):      16476 kB
Inactive(anon): 21863536 kB
Active(file):   11378640 kB
Inactive(file): 21366732 kB
Unevictable:       54740 kB
Mlocked:           54740 kB
SwapTotal:             0 kB
SwapFree:              0 kB
Zswap:                 0 kB
Zswapped:              0 kB
Dirty:              2176 kB
Writeback:             0 kB
AnonPages:      20944276 kB
Mapped:          2146308 kB
Shmem:             69188 kB
KReclaimable:    1873680 kB
Slab:            3044568 kB
SReclaimable:    1873680 kB
SUnreclaim:      1170888 kB
KernelStack:      439436 kB
PageTables:       210708 kB
NFS_Unstable:          0 kB
Bounce:                0 kB
WritebackTmp:          0 kB
CommitLimit:    32926128 kB
Committed_AS:   73702368 kB
VmallocTotal:   34359738367 kB
VmallocUsed:      483340 kB
VmallocChunk:          0 kB
Percpu:            55424 kB
HardwareCorrupted:     0 kB
AnonHugePages:   4679680 kB
ShmemHugePages:        0 kB
ShmemPmdMapped:        0 kB
FileHugePages:         0 kB
FilePmdMapped:         0 kB
HugePages_Total:       0
HugePages_Free:        0
HugePages_Rsvd:        0
HugePages_Surp:        0
Hugepagesize:       2048 kB
Hugetlb:               0 kB
DirectMap4k:     5413688 kB
DirectMap2M:    54351872 kB
DirectMap1G:     9437184 kB

/sys/kernel/mm/transparent_hugepage/enabled: always [madvise] never
/sys/kernel/mm/transparent_hugepage/defrag (defrag/compaction efforts parameter): always defer defer+madvise [madvise] never

Process Memory:
Virtual Size: 5263452K (peak: 5299008K)
Resident Set Size: 753440K (peak: 792464K) (anon: 557436K, file: 196004K, shmem: 0K)
Swapped out: 0K
C-Heap outstanding allocations: 45483K, retained: 16900K
glibc malloc tunables: (default)

/proc/sys/kernel/threads-max (system-wide limit on the number of threads): 514406
/proc/sys/vm/max_map_count (maximum number of memory map areas a process may have): 65530
/proc/sys/kernel/pid_max (system-wide limit on number of process identifiers): 4194304

container (cgroup) information:
container_type: cgroupv1
cpu_cpuset_cpus: 2-7
cpu_memory_nodes: 0
active_processor_count: 1
cpu_quota: 50000
cpu_period: 100000
cpu_shares: 512
memory_limit_in_bytes: 1048576 k
memory_and_swap_limit_in_bytes: 1048576 k
memory_soft_limit_in_bytes: 524288 k
memory_usage_in_bytes: 615736 k
memory_max_usage_in_bytes: 706264 k
maximum number of tasks: 1000
current number of tasks: 47

KVM virtualization detected
Steal ticks since vm start: 0
Steal ticks percentage since vm start:  0.000

CPU: total 8 (initial active 1) (8 cores per cpu, 2 threads per core) family 23 model 49 stepping 0 microcode 0xffffffff, cx8, cmov, fxsr, ht, mmx, 3dnowpref, sse, sse2, sse3, ssse3, sse4a, sse4.1, sse4.2, popcnt, lzcnt, tsc, tscinvbit, avx, avx2, aes, clmul, bmi1, bmi2, adx, sha, fma, vzeroupper, clflush, clflushopt, hv
CPU Model and flags from /proc/cpuinfo:
model name	: AMD EPYC 7B12
flags		: fpu vme de pse tsc msr pae mce cx8 apic sep mtrr pge mca cmov pat pse36 clflush mmx fxsr sse sse2 ht syscall nx mmxext fxsr_opt pdpe1gb rdtscp lm constant_tsc rep_good nopl nonstop_tsc cpuid extd_apicid tsc_known_freq pni pclmulqdq ssse3 fma cx16 sse4_1 sse4_2 movbe popcnt aes xsave avx f16c rdrand hypervisor lahf_lm cmp_legacy cr8_legacy abm sse4a misalignsse 3dnowprefetch osvw topoext ssbd ibrs ibpb stibp vmmcall fsgsbase tsc_adjust bmi1 avx2 smep bmi2 rdseed adx smap clflushopt clwb sha_ni xsaveopt xsavec xgetbv1 clzero xsaveerptr arat npt nrip_save umip rdpid

Online cpus: 0-7
Offline cpus: 
BIOS frequency limitation: <Not Available>
Frequency switch latency (ns): <Not Available>
Available cpu frequencies: <Not Available>
Current governor: <Not Available>
Core performance/turbo boost: <Not Available>

Memory: 4k page, physical 1048576k(432836k free), swap 0k(0k free)
Page Sizes: 4k

vm_info: OpenJDK 64-Bit Server VM (17.0.5+8-jvmci-22.3-b08) for linux-amd64 JRE (17.0.5+8-jvmci-22.3-b08), built on Oct 19 2022 09:01:27 by "buildslave" with gcc 10.3.0

END.
