#
# A fatal error has been detected by the Java Runtime Environment:
#
#  Internal Error (jvmciRuntime.cpp:1609), pid=14553, tid=14567
#  fatal error: Fatal exception in JVMCI: Error calling jdk.vm.ci.services.Services.serializeSavedProperties
#
# JRE version: OpenJDK Runtime Environment GraalVM CE 22.3.0 (17.0.5+8) (build 17.0.5+8-jvmci-22.3-b08)
# Java VM: OpenJDK 64-Bit Server VM GraalVM CE 22.3.0 (17.0.5+8-jvmci-22.3-b08, mixed mode, sharing, tiered, jvmci, jvmci compiler, compressed oops, compressed class ptrs, parallel gc, linux-amd64)
# Problematic frame:
# V  [libjvm.so+0x972714]  JVMCIRuntime::fatal_exception(JVMCIEnv*, char const*)+0x74
#
# Core dump will be written. Default location: Core dumps may be processed with "/usr/share/apport/apport -p%p -s%s -c%c -d%d -P%P -u%u -g%g -- %E" (or dumping to /home/runner/RPG-game-10-English/core.14553)
#
# If you would like to submit a bug report, please visit:
#   https://github.com/oracle/graal/issues
#

---------------  S U M M A R Y ------------

Command Line: -XX:ThreadPriorityPolicy=1 -XX:+UnlockExperimentalVMOptions -XX:+EnableJVMCIProduct -XX:JVMCIThreadsPerNativeLibraryRuntime=1 -XX:-UnlockExperimentalVMOptions -Declipse.application=org.eclipse.jdt.ls.core.id1 -Dosgi.bundles.defaultStartLevel=4 -Declipse.product=org.eclipse.jdt.ls.core.product -Dlog.level=ALL -Xverify:none -XX:+UseParallelGC -XX:GCTimeRatio=4 -XX:AdaptiveSizePolicyWeight=90 -Dsun.zip.disableMemoryMapping=true -Xmx512m -Xms100m /nix/store/m6gcpi1ii6rghy04cjwjddcavv7i90df-jdt-language-server-1.9.0/share/java/plugins/org.eclipse.equinox.launcher_1.6.400.v20210924-0641.jar --add-modules=ALL-SYSTEM --add-opens java.base/java.util=ALL-UNNAMED --add-opens java.base/java.lang=ALL-UNNAMED -configuration /home/runner/.cache/jdt-language-server/config -data /home/runner/.cache/jdt-language-server/data/home/runner/RPG-game-10-English

Host: AMD EPYC 7B12, 8 cores, 1G, Ubuntu 20.04.2 LTS
Time: Sun May 21 17:39:07 2023 UTC elapsed time: 392.154604 seconds (0d 0h 6m 32s)

---------------  T H R E A D  ---------------

Current thread (0x00007f548c0b2210):  JavaThread "JVMCI-native CompilerThread0" daemon [_thread_in_vm, id=14567, stack(0x00007f547121a000,0x00007f547141a000)]


Current CompileTask:
JVMCI-native: 392154 11313   !   4       org.eclipse.osgi.internal.container.AtomicLazyInitializer::getInitialized (70 bytes)

Stack: [0x00007f547121a000,0x00007f547141a000],  sp=0x00007f5471418380,  free space=2040k
Native frames: (J=compiled Java code, j=interpreted, Vv=VM code, C=native code)
V  [libjvm.so+0x972714]  JVMCIRuntime::fatal_exception(JVMCIEnv*, char const*)+0x74
V  [libjvm.so+0x93e2fe]  JVMCIEnv::copy_saved_properties()+0x14e
V  [libjvm.so+0x9732a9]  JVMCIRuntime::initialize(JVMCIEnv*)+0xb19
V  [libjvm.so+0x9738a2]  JVMCIRuntime::get_HotSpotJVMCIRuntime(JVMCIEnv*)+0x12
V  [libjvm.so+0x9749f2]  JVMCIRuntime::compile_method(JVMCIEnv*, JVMCICompiler*, methodHandle const&, int)+0xd2
V  [libjvm.so+0x5b0d20]  CompileBroker::invoke_compiler_on_method(CompileTask*)+0x1470
V  [libjvm.so+0x5b12e8]  CompileBroker::compiler_thread_loop()+0x528
V  [libjvm.so+0xd82460]  JavaThread::thread_main_inner()+0xd0
V  [libjvm.so+0xd85a40]  Thread::call_run()+0xc0
V  [libjvm.so+0xbdb1e1]  thread_native_entry(Thread*)+0xe1

Register to memory mapping:

RAX=0x00007f5490f6d000 points into unknown readable memory: 0x0000000000000058 | 58 00 00 00 00 00 00 00
RBX=0x00007f5492068398: <offset 0x0000000000ef5398> in /nix/store/gpxl5qgg8kicmcvivwmybwjlpf7wh20l-graalvm17-ce-22.3.0/lib/server/libjvm.so at 0x00007f5491173000
RCX=0x00007f54920201e8: <offset 0x0000000000ead1e8> in /nix/store/gpxl5qgg8kicmcvivwmybwjlpf7wh20l-graalvm17-ce-22.3.0/lib/server/libjvm.so at 0x00007f5491173000
RDX=0x0000000000000649 is an unknown value
RSP=0x00007f5471418380 is pointing into the stack for thread: 0x00007f548c0b2210
RBP=0x00007f54714183a0 is pointing into the stack for thread: 0x00007f548c0b2210
RSI=0x00007f5492068c48: <offset 0x0000000000ef5c48> in /nix/store/gpxl5qgg8kicmcvivwmybwjlpf7wh20l-graalvm17-ce-22.3.0/lib/server/libjvm.so at 0x00007f5491173000
RDI=0x00000000e0000000 is an oop: [B 
{0x00000000e0000000} - klass: {type array byte}
 - length: 79
R8 =0x00007f5492068398: <offset 0x0000000000ef5398> in /nix/store/gpxl5qgg8kicmcvivwmybwjlpf7wh20l-graalvm17-ce-22.3.0/lib/server/libjvm.so at 0x00007f5491173000
R9 =0x00007f5471418330 is pointing into the stack for thread: 0x00007f548c0b2210
R10=0x00007f5471419948 is pointing into the stack for thread: 0x00007f548c0b2210
R11=0x0000000000000293 is an unknown value
R12=0x0 is NULL
R13=0x00007f548c0b2210 is a thread
R14=0x00007f548c000b80 points into unknown readable memory: 0x00007f5492299a38 | 38 9a 29 92 54 7f 00 00
R15=0x00007f54923a7e40: <offset 0x0000000001234e40> in /nix/store/gpxl5qgg8kicmcvivwmybwjlpf7wh20l-graalvm17-ce-22.3.0/lib/server/libjvm.so at 0x00007f5491173000


Registers:
RAX=0x00007f5490f6d000, RBX=0x00007f5492068398, RCX=0x00007f54920201e8, RDX=0x0000000000000649
RSP=0x00007f5471418380, RBP=0x00007f54714183a0, RSI=0x00007f5492068c48, RDI=0x00000000e0000000
R8 =0x00007f5492068398, R9 =0x00007f5471418330, R10=0x00007f5471419948, R11=0x0000000000000293
R12=0x0000000000000000, R13=0x00007f548c0b2210, R14=0x00007f548c000b80, R15=0x00007f54923a7e40
RIP=0x00007f5491ae5714, EFLAGS=0x0000000000010206, CSGSFS=0x002b000000000033, ERR=0x0000000000000006
  TRAPNO=0x000000000000000e

Top of Stack: (sp=0x00007f5471418380)
0x00007f5471418380:   00007f5471418940 00007f548c0b2210
0x00007f5471418390:   00007f54908fe8c8 0000000800c417a0
0x00007f54714183a0:   00007f5471418500 00007f5491ab12fe
0x00007f54714183b0:   00007f54714183e0 00007f5471418440 

Instructions: (pc=0x00007f5491ae5714)
0x00007f5491ae5614:   30 e8 f6 cf e8 ff 4c 89 e7 e8 2e 48 d1 ff 84 db
0x00007f5491ae5624:   75 2a 4d 85 ed 74 04 4d 8b 6d 00 48 83 c4 08 44
0x00007f5491ae5634:   89 f9 4c 89 f2 4c 89 ee 5b 4c 89 e7 41 5c 41 5d
0x00007f5491ae5644:   41 5e 41 5f 5d e9 e2 47 d1 ff 66 90 48 83 c4 08
0x00007f5491ae5654:   5b 41 5c 41 5d 41 5e 41 5f 5d c3 90 31 d2 be 08
0x00007f5491ae5664:   00 00 00 4c 89 ff e8 b1 78 a3 ff 49 89 c5 e9 37
0x00007f5491ae5674:   ff ff ff 66 0f 1f 84 00 00 00 00 00 48 8b 7a 08
0x00007f5491ae5684:   e9 6d ff ff ff 0f 1f 80 00 00 00 00 e8 5b 48 0a
0x00007f5491ae5694:   00 84 c0 75 89 e9 6a ff ff ff 66 90 55 48 89 e5
0x00007f5491ae56a4:   41 56 41 55 41 54 49 89 fc 53 48 89 f3 66 48 8d
0x00007f5491ae56b4:   3d 27 5e 85 00 66 66 48 e8 df 43 8d ff 4c 8b 28
0x00007f5491ae56c4:   8b 05 be 72 8a 00 85 c0 75 14 ba 01 00 00 00 48
0x00007f5491ae56d4:   8d 0d ae 72 8a 00 f0 0f b1 11 85 c0 74 4e be c8
0x00007f5491ae56e4:   00 00 00 4c 89 ef e8 01 0b 41 00 48 8d 05 12 ac
0x00007f5491ae56f4:   85 00 49 89 d8 48 8d 0d e8 aa 53 00 ba 49 06 00
0x00007f5491ae5704:   00 48 8d 35 3c 35 58 00 bf 00 00 00 e0 48 8b 00
0x00007f5491ae5714:   c6 00 58 31 c0 e8 e2 91 c6 ff 5b 41 5c 41 5d 41
0x00007f5491ae5724:   5e 5d e9 55 34 26 00 0f 1f 44 00 00 48 8d 05 81
0x00007f5491ae5734:   a3 8b 00 48 89 df 4c 8b 30 e8 9e 43 8d ff 48 89
0x00007f5491ae5744:   de 48 89 c2 49 8b 06 4c 89 f7 ff 50 08 4c 89 f7
0x00007f5491ae5754:   e8 a7 5c 27 00 4d 85 e4 74 12 be 01 00 00 00 4c
0x00007f5491ae5764:   89 e7 e8 35 43 fc ff eb 82 0f 1f 00 be 01 00 00
0x00007f5491ae5774:   00 4c 89 ef e8 d3 fd ff ff e9 6d ff ff ff 66 66
0x00007f5491ae5784:   2e 0f 1f 84 00 00 00 00 00 0f 1f 00 55 48 89 e5
0x00007f5491ae5794:   41 57 41 56 41 55 41 54 53 48 81 ec 08 02 00 00
0x00007f5491ae57a4:   64 48 8b 04 25 28 00 00 00 48 89 45 c8 8b 07 83
0x00007f5491ae57b4:   f8 02 0f 84 11 04 00 00 4c 8b 6f 18 49 89 ff 49
0x00007f5491ae57c4:   89 f4 4d 85 ed 74 14 4c 89 ef e8 5d 57 22 00 41
0x00007f5491ae57d4:   8b 07 83 f8 02 0f 84 19 04 00 00 48 8d 1d 9a 06
0x00007f5491ae57e4:   8a 00 4c 8d 35 0b 3c 58 00 eb 38 90 48 85 d2 7f
0x00007f5491ae57f4:   0d 48 8d 05 b4 c0 85 00 48 83 38 00 7e 0e 41 8b
0x00007f5491ae5804:   77 2c 4c 89 f7 31 c0 e8 a0 b2 f7 ff 49 8b 7f 18 


Stack slot to memory mapping:
stack at sp + 0 slots: 0x00007f5471418940 is pointing into the stack for thread: 0x00007f548c0b2210
stack at sp + 1 slots: 0x00007f548c0b2210 is a thread
stack at sp + 2 slots: 0x00007f54908fe8c8 points into unknown readable memory: 0x6573001880c9ffff | ff ff c9 80 18 00 73 65
stack at sp + 3 slots: 0x0000000800c417a0 is a pointer to class: 
jdk.vm.ci.services.Services {0x0000000800c417a0}
 - instance size:     2
 - klass size:        65
 - access:            public final synchronized 
 - state:             fully_initialized
 - name:              'jdk/vm/ci/services/Services'
 - super:             'java/lang/Object'
 - sub:               
 - arrays:            NULL
 - methods:           Array<T>(0x00007f5471c41778)
 - method ordering:   Array<T>(0x0000000800928960)
 - default_methods:   Array<T>(0x0000000000000000)
 - local interfaces:  Array<T>(0x00000008005ce810)
 - trans. interfaces: Array<T>(0x00000008005ce810)
 - constants:         constant pool [427] {0x00007f5471c40858} for 'jdk/vm/ci/services/Services' cache=0x00007f5471c42a48
 - class loader data:  loader data: 0x00007f548c0283f0 of 'bootstrap'
 - source file:       'Services.java'
 - class annotations:       Array<T>(0x0000000000000000)
 - class type annotations:  Array<T>(0x0000000000000000)
 - field annotations:       Array<T>(0x0000000000000000)
 - field type annotations:  Array<T>(0x0000000000000000)
 - inner classes:     Array<T>(0x00007f5471c42a18)
 - nest members:     Array<T>(0x00007f5471c42a38)
 - permitted subclasses:     Array<T>(0x00000008005ce7a0)
 - java mirror:       a 'java/lang/Class'{0x00000000e02a7308} = 'jdk/vm/ci/services/Services'
 - vtable length      5  (start addr: 0x0000000800c41970)
 - itable length      2 (start addr: 0x0000000800c41998)
 - ---- static fields (3 words):
 - public static final 'IS_BUILDING_NATIVE_IMAGE' 'Z' @128 
 - public static final 'IS_IN_NATIVE_IMAGE' 'Z' @129 
 - private static volatile 'savedProperties' 'Ljava/util/Map;' @112 
 - static final 'JVMCI_ENABLED' 'Z' @130 
 - private static final 'servicesCache' 'Ljava/util/Map;' @116 
 - private static final 'MAX_UNICODE_IN_UTF8_LENGTH' 'I' @120 
 - private static final 'MAX_UTF8_PROPERTY_STRING_LENGTH' 'I' @124 
 - ---- non-static fields (0 words):
 - non-static oop maps: 
stack at sp + 4 slots: 0x00007f5471418500 is pointing into the stack for thread: 0x00007f548c0b2210
stack at sp + 5 slots: 0x00007f5491ab12fe: <offset 0x000000000093e2fe> in /nix/store/gpxl5qgg8kicmcvivwmybwjlpf7wh20l-graalvm17-ce-22.3.0/lib/server/libjvm.so at 0x00007f5491173000
stack at sp + 6 slots: 0x00007f54714183e0 is pointing into the stack for thread: 0x00007f548c0b2210
stack at sp + 7 slots: 0x00007f5471418440 is pointing into the stack for thread: 0x00007f548c0b2210


---------------  P R O C E S S  ---------------

Threads class SMR info:
_java_thread_list=0x00007f5414000b70, length=26, elements={
0x00007f548c026690, 0x00007f548c0a64d0, 0x00007f548c0a7910, 0x00007f548c0ae080,
0x00007f548c0af430, 0x00007f548c0b0820, 0x00007f548c0b2210, 0x00007f548c0b3720,
0x00007f548c0b4b70, 0x00007f548c0e8810, 0x00007f548c130180, 0x00007f548c2fdc90,
0x00007f548c346200, 0x00007f548c348e90, 0x00007f542002f810, 0x00007f542043d3f0,
0x00007f54100010d0, 0x00007f54206bcfc0, 0x00007f548c375a90, 0x00007f548c4089a0,
0x00007f54080011d0, 0x00007f53f8133fb0, 0x00007f53f8133850, 0x00007f540c00da00,
0x00007f53f81b1310, 0x00007f54141021f0
}

Java Threads: ( => current thread )
  0x00007f548c026690 JavaThread "main" [_thread_blocked, id=14559, stack(0x00007f5490f8e000,0x00007f549108e000)]
  0x00007f548c0a64d0 JavaThread "Reference Handler" daemon [_thread_blocked, id=14562, stack(0x00007f5471b00000,0x00007f5471c00000)]
  0x00007f548c0a7910 JavaThread "Finalizer" daemon [_thread_blocked, id=14563, stack(0x00007f5471a00000,0x00007f5471b00000)]
  0x00007f548c0ae080 JavaThread "Signal Dispatcher" daemon [_thread_blocked, id=14564, stack(0x00007f547161a000,0x00007f547171a000)]
  0x00007f548c0af430 JavaThread "Service Thread" daemon [_thread_blocked, id=14565, stack(0x00007f547151a000,0x00007f547161a000)]
  0x00007f548c0b0820 JavaThread "Monitor Deflation Thread" daemon [_thread_blocked, id=14566, stack(0x00007f547141a000,0x00007f547151a000)]
=>0x00007f548c0b2210 JavaThread "JVMCI-native CompilerThread0" daemon [_thread_in_vm, id=14567, stack(0x00007f547121a000,0x00007f547141a000)]
  0x00007f548c0b3720 JavaThread "C1 CompilerThread0" daemon [_thread_blocked, id=14568, stack(0x00007f547101a000,0x00007f547121a000)]
  0x00007f548c0b4b70 JavaThread "Sweeper thread" daemon [_thread_blocked, id=14569, stack(0x00007f5470f1a000,0x00007f547101a000)]
  0x00007f548c0e8810 JavaThread "Common-Cleaner" daemon [_thread_blocked, id=14571, stack(0x00007f5470e1a000,0x00007f5470f1a000)]
  0x00007f548c130180 JavaThread "Notification Thread" daemon [_thread_blocked, id=14572, stack(0x00007f5470d1a000,0x00007f5470e1a000)]
  0x00007f548c2fdc90 JavaThread "Active Thread: Equinox Container: df331823-9533-4cbf-8b33-2bd86be4d5e0" [_thread_blocked, id=14580, stack(0x00007f5470a00000,0x00007f5470b00000)]
  0x00007f548c346200 JavaThread "Framework Event Dispatcher: Equinox Container: df331823-9533-4cbf-8b33-2bd86be4d5e0" daemon [_thread_blocked, id=14582, stack(0x00007f5470800000,0x00007f5470900000)]
  0x00007f548c348e90 JavaThread "Start Level: Equinox Container: df331823-9533-4cbf-8b33-2bd86be4d5e0" daemon [_thread_blocked, id=14583, stack(0x00007f5470600000,0x00007f5470700000)]
  0x00007f542002f810 JavaThread "SCR Component Actor" daemon [_thread_blocked, id=14584, stack(0x00007f5470400000,0x00007f5470500000)]
  0x00007f542043d3f0 JavaThread "Worker-JM" [_thread_blocked, id=14590, stack(0x00007f5470000000,0x00007f5470100000)]
  0x00007f54100010d0 JavaThread "Worker-1: Periodic workspace save." [_thread_blocked, id=14592, stack(0x00007f5438700000,0x00007f5438800000)]
  0x00007f54206bcfc0 JavaThread "Bundle File Closer" daemon [_thread_blocked, id=14598, stack(0x00007f5438100000,0x00007f5438200000)]
  0x00007f548c375a90 JavaThread "pool-3-thread-1" [_thread_blocked, id=14600, stack(0x00007f5437f00000,0x00007f5438000000)]
  0x00007f548c4089a0 JavaThread "pool-2-thread-1" [_thread_blocked, id=14601, stack(0x00007f5437d00000,0x00007f5437e00000)]
  0x00007f54080011d0 JavaThread "Worker-3: Compacting resource model" [_thread_blocked, id=14602, stack(0x00007f5437b00000,0x00007f5437c00000)]
  0x00007f53f8133fb0 JavaThread "Thread-21" [_thread_blocked, id=14751, stack(0x00007f5436f00000,0x00007f5437000000)]
  0x00007f53f8133850 JavaThread "Thread-22" [_thread_blocked, id=14756, stack(0x00007f5437100000,0x00007f5437200000)]
  0x00007f540c00da00 JavaThread "Java indexing" daemon [_thread_blocked, id=14862, stack(0x00007f5437500000,0x00007f5437600000)]
  0x00007f53f81b1310 JavaThread "Thread-27" [_thread_blocked, id=15117, stack(0x00007f5437300000,0x00007f5437400000)]
  0x00007f54141021f0 JavaThread "Worker-7: Building" [_thread_blocked, id=15344, stack(0x00007f5470100000,0x00007f5470200000)]

Other Threads:
  0x00007f548c0a1c10 VMThread "VM Thread" [stack: 0x00007f54900a7000,0x00007f54901a7000] [id=14561] _threads_hazard_ptr=0x00007f5414000b70
  0x00007f548c131b20 WatcherThread [stack: 0x00007f5470c1a000,0x00007f5470d1a000] [id=14573]
  0x00007f548c03df30 GCTaskThread "GC Thread#0" [stack: 0x00007f5490b51000,0x00007f5490c51000] [id=14560]

Threads with active compile tasks:
JVMCI-native CompilerThread0   392237 11313   !   4       org.eclipse.osgi.internal.container.AtomicLazyInitializer::getInitialized (70 bytes)

VM state: synchronizing (normal execution)

VM Mutex/Monitor currently owned by a thread:  ([mutex/lock_event])
[0x00007f548c023840] Threads_lock - owner thread: 0x00007f548c0a1c10
[0x00007f548c023ff0] Heap_lock - owner thread: 0x00007f54100010d0

OutOfMemory and StackOverflow Exception counts:
OutOfMemoryError java_heap_errors=11
LinkageErrors=56

Heap address: 0x00000000e0000000, size: 512 MB, Compressed Oops mode: 32-bit

CDS archive(s) mapped at: [0x0000000800000000-0x0000000800bc8000-0x0000000800bc8000), size 12353536, SharedBaseAddress: 0x0000000800000000, ArchiveRelocationMode: 0.
Compressed class space mapped at: 0x0000000800c00000-0x0000000840c00000, reserved size: 1073741824
Narrow klass base: 0x0000000800000000, Narrow klass shift: 0, Narrow klass range: 0x100000000

GC Precious Log:
 CPUs: 8 total, 1 available
 Memory: 1024M
 Large Page Support: Disabled
 NUMA Support: Disabled
 Compressed Oops: Enabled (32-bit)
 Alignments: Space 512K, Generation 512K, Heap 2M
 Heap Min Capacity: 100M
 Heap Initial Capacity: 100M
 Heap Max Capacity: 512M
 Pre-touch: Disabled
 Parallel Workers: 1

Heap:
 PSYoungGen      total 56832K, used 35839K [0x00000000f5580000, 0x00000000fd680000, 0x0000000100000000)
  eden space 35840K, 99% used [0x00000000f5580000,0x00000000f787fff8,0x00000000f7880000)
  from space 20992K, 0% used [0x00000000fa700000,0x00000000fa700000,0x00000000fbb80000)
  to   space 47616K, 0% used [0x00000000f7880000,0x00000000f7880000,0x00000000fa700000)
 ParOldGen       total 349696K, used 349695K [0x00000000e0000000, 0x00000000f5580000, 0x00000000f5580000)
  object space 349696K, 99% used [0x00000000e0000000,0x00000000f557fff8,0x00000000f5580000)
 Metaspace       used 58930K, committed 60032K, reserved 1105920K
  class space    used 5434K, committed 5888K, reserved 1048576K

Card table byte_map: [0x00007f5490c51000,0x00007f5490d52000] _byte_map_base: 0x00007f5490551000

Marking Bits: (ParMarkBitMap*) 0x00007f54923a14c0
 Begin Bits: [0x00007f54724b3000, 0x00007f5472cb3000)
 End Bits:   [0x00007f5472cb3000, 0x00007f54734b3000)

Polling page: 0x00007f5490f6b000

Metaspace:

Usage:
  Non-class:     52.24 MB used.
      Class:      5.31 MB used.
       Both:     57.55 MB used.

Virtual space:
  Non-class space:       56.00 MB reserved,      52.88 MB ( 94%) committed,  7 nodes.
      Class space:        1.00 GB reserved,       5.75 MB ( <1%) committed,  1 nodes.
             Both:        1.05 GB reserved,      58.62 MB (  5%) committed. 

Chunk freelists:
   Non-Class:  2.35 MB
       Class:  2.27 MB
        Both:  4.62 MB

MaxMetaspaceSize: unlimited
CompressedClassSpaceSize: 1.00 GB
Initial GC threshold: 21.00 MB
Current GC threshold: 97.62 MB
CDS: on
MetaspaceReclaimPolicy: balanced
 - commit_granule_bytes: 65536.
 - commit_granule_words: 8192.
 - virtual_space_node_default_size: 1048576.
 - enlarge_chunks_in_place: 1.
 - new_chunks_are_fully_committed: 0.
 - uncommit_free_chunks: 1.
 - use_allocation_guard: 0.
 - handle_deallocations: 1.


Internal statistics:

num_allocs_failed_limit: 6.
num_arena_births: 470.
num_arena_deaths: 136.
num_vsnodes_births: 8.
num_vsnodes_deaths: 0.
num_space_committed: 934.
num_space_uncommitted: 0.
num_chunks_returned_to_freelist: 190.
num_chunks_taken_from_freelist: 2899.
num_chunk_merges: 83.
num_chunk_splits: 1899.
num_chunks_enlarged: 1223.
num_purges: 2.
num_inconsistent_stats: 0.

CodeHeap 'non-profiled nmethods': size=120036Kb used=2696Kb max_used=2703Kb free=117339Kb
 bounds [0x00007f547af7a000, 0x00007f547b22a000, 0x00007f54824b3000]
CodeHeap 'profiled nmethods': size=120032Kb used=18916Kb max_used=19766Kb free=101115Kb
 bounds [0x00007f5473a42000, 0x00007f5474d92000, 0x00007f547af7a000]
CodeHeap 'non-nmethods': size=5692Kb used=1360Kb max_used=1376Kb free=4331Kb
 bounds [0x00007f54734b3000, 0x00007f5473723000, 0x00007f5473a42000]
 total_blobs=8901 nmethods=8206 adapters=591
 compilation: enabled
              stopped_count=0, restarted_count=0
 full_count=0

JVMCI Events (20 events):
Event: 195.092 Thread 0x00007f548c0b2210 compacted oop handles in JVMCI runtime 0 from 46 to 46
Event: 195.092 Thread 0x00007f548c0b2210 releasing handles for JVMCI runtime 0: oop handles=46, metadata handles={total=96, live=83, blocks=48}
Event: 195.092 Thread 0x00007f548c0b2210 detached from JVMCI runtime 0
Event: 224.921 Thread 0x00007f548c0b2210 attached to JVMCI runtime 0
Event: 224.922 Thread 0x00007f548c0b2210 created JavaVM[4]@0x00007f53cf29e340 for JVMCI runtime 0
Event: 226.190 Thread 0x00007f548c0b2210 initializing JVMCI runtime 0
Event: 226.190 Thread 0x00007f548c0b2210 done waiting for JavaVM references initialization in JVMCI runtime 0
Event: 296.746 Thread 0x00007f548c0b2210 initialized JVMCI runtime 0
Event: 308.477 Thread 0x00007f548c0b2210 compacted oop handles in JVMCI runtime 0 from 58 to 54
Event: 325.061 Thread 0x00007f548c0b2210 detaching from JVMCI runtime 0: releasing idle compiler thread (0 other threads still attached)
Event: 325.061 Thread 0x00007f548c0b2210 shutting down HotSpotJVMCIRuntime for JVMCI runtime 0
Event: 325.062 Thread 0x00007f548c0b2210 shut down JVMCI runtime 0
Event: 325.067 Thread 0x00007f548c0b2210 destroyed JavaVM[4]@0x00007f53cf29e340 for JVMCI runtime 0
Event: 325.067 Thread 0x00007f548c0b2210 compacted oop handles in JVMCI runtime 0 from 69 to 69
Event: 325.067 Thread 0x00007f548c0b2210 releasing handles for JVMCI runtime 0: oop handles=69, metadata handles={total=131, live=131, blocks=48}
Event: 325.067 Thread 0x00007f548c0b2210 detached from JVMCI runtime 0
Event: 355.144 Thread 0x00007f548c0b2210 attached to JVMCI runtime 0
Event: 355.145 Thread 0x00007f548c0b2210 created JavaVM[5]@0x00007f53cf29e340 for JVMCI runtime 0
Event: 355.145 Thread 0x00007f548c0b2210 initializing JVMCI runtime 0
Event: 355.145 Thread 0x00007f548c0b2210 done waiting for JavaVM references initialization in JVMCI runtime 0

Compilation events (20 events):
Event: 294.275 Thread 0x00007f548c0b3720 11309       3       java.lang.System::lineSeparator (4 bytes)
Event: 295.572 Thread 0x00007f548c0b3720 nmethod 11309 0x00007f54740da790 code [0x00007f54740da920, 0x00007f54740daa10]
Event: 305.989 Thread 0x00007f548c0b3720 11310   !   3       org.eclipse.core.internal.jobs.JobListeners::doNotify (112 bytes)
Event: 305.993 Thread 0x00007f548c0b3720 nmethod 11310 0x00007f5473f1f290 code [0x00007f5473f1f520, 0x00007f5473f207d0]
Event: 307.292 Thread 0x00007f548c0b2210 nmethod 11302 0x00007f547b1af210 code [0x00007f547b1af3c0, 0x00007f547b1af960]
Event: 307.292 Thread 0x00007f548c0b2210 11304       4       org.eclipse.core.runtime.Path::canonicalize (99 bytes)
Event: 308.477 Thread 0x00007f548c0b2210 nmethod 11304 0x00007f547b1ae990 code [0x00007f547b1aeb40, 0x00007f547b1aef90]
Event: 308.477 Thread 0x00007f548c0b2210 11306       4       java.util.Collections$UnmodifiableMap$UnmodifiableEntrySet$1::next (5 bytes)
Event: 315.533 Thread 0x00007f548c0b2210 nmethod 11306 0x00007f547b1ae210 code [0x00007f547b1ae3a0, 0x00007f547b1ae698]
Event: 315.533 Thread 0x00007f548c0b2210 11307       4       java.util.Collections$UnmodifiableMap$UnmodifiableEntrySet$UnmodifiableEntry::getKey (10 bytes)
Event: 317.886 Thread 0x00007f548c0b2210 nmethod 11307 0x00007f547b1adf10 code [0x00007f547b1ae080, 0x00007f547b1ae128]
Event: 317.886 Thread 0x00007f548c0b2210 11308       4       java.util.Collections$UnmodifiableMap$UnmodifiableEntrySet$UnmodifiableEntry::getValue (10 bytes)
Event: 322.704 Thread 0x00007f548c0b2210 nmethod 11308 0x00007f547b1adc10 code [0x00007f547b1add80, 0x00007f547b1ade28]
Event: 322.704 Thread 0x00007f548c0b2210 11305   !   4       org.eclipse.core.internal.dtree.DataTreeLookup::newLookup (68 bytes)
Event: 323.933 Thread 0x00007f548c0b2210 nmethod 11305 0x00007f547b1ad690 code [0x00007f547b1ad840, 0x00007f547b1adad8]
Event: 337.878 Thread 0x00007f548c0b3720 11312       3       org.eclipse.core.internal.dtree.AbstractDataTree::<init> (14 bytes)
Event: 337.878 Thread 0x00007f548c0b3720 nmethod 11312 0x00007f54740b8990 code [0x00007f54740b8b40, 0x00007f54740b8ce0]
Event: 337.878 Thread 0x00007f548c0b3720 11311       3       org.eclipse.core.internal.events.ResourceComparator::getNotificationComparator (4 bytes)
Event: 337.878 Thread 0x00007f548c0b3720 nmethod 11311 0x00007f5474507310 code [0x00007f54745074a0, 0x00007f5474507590]
Event: 355.144 Thread 0x00007f548c0b2210 11313   !   4       org.eclipse.osgi.internal.container.AtomicLazyInitializer::getInitialized (70 bytes)

GC Heap History (20 events):
Event: 381.257 GC heap before
{Heap before GC invocations=346 (full 245):
 PSYoungGen      total 56832K, used 35840K [0x00000000f5580000, 0x00000000fd680000, 0x0000000100000000)
  eden space 35840K, 100% used [0x00000000f5580000,0x00000000f7880000,0x00000000f7880000)
  from space 20992K, 0% used [0x00000000fa700000,0x00000000fa700000,0x00000000fbb80000)
  to   space 47616K, 0% used [0x00000000f7880000,0x00000000f7880000,0x00000000fa700000)
 ParOldGen       total 349696K, used 349696K [0x00000000e0000000, 0x00000000f5580000, 0x00000000f5580000)
  object space 349696K, 100% used [0x00000000e0000000,0x00000000f5580000,0x00000000f5580000)
 Metaspace       used 58929K, committed 60032K, reserved 1105920K
  class space    used 5433K, committed 5888K, reserved 1048576K
}
Event: 382.286 GC heap after
{Heap after GC invocations=346 (full 245):
 PSYoungGen      total 83456K, used 35840K [0x00000000f5580000, 0x00000000fd680000, 0x0000000100000000)
  eden space 35840K, 100% used [0x00000000f5580000,0x00000000f7880000,0x00000000f7880000)
  from space 47616K, 0% used [0x00000000f7880000,0x00000000f7880000,0x00000000fa700000)
  to   space 20992K, 0% used [0x00000000fa700000,0x00000000fa700000,0x00000000fbb80000)
 ParOldGen       total 349696K, used 349696K [0x00000000e0000000, 0x00000000f5580000, 0x00000000f5580000)
  object space 349696K, 100% used [0x00000000e0000000,0x00000000f5580000,0x00000000f5580000)
 Metaspace       used 58929K, committed 60032K, reserved 1105920K
  class space    used 5433K, committed 5888K, reserved 1048576K
}
Event: 382.287 GC heap before
{Heap before GC invocations=347 (full 246):
 PSYoungGen      total 83456K, used 35840K [0x00000000f5580000, 0x00000000fd680000, 0x0000000100000000)
  eden space 35840K, 100% used [0x00000000f5580000,0x00000000f7880000,0x00000000f7880000)
  from space 47616K, 0% used [0x00000000f7880000,0x00000000f7880000,0x00000000fa700000)
  to   space 20992K, 0% used [0x00000000fa700000,0x00000000fa700000,0x00000000fbb80000)
 ParOldGen       total 349696K, used 349696K [0x00000000e0000000, 0x00000000f5580000, 0x00000000f5580000)
  object space 349696K, 100% used [0x00000000e0000000,0x00000000f5580000,0x00000000f5580000)
 Metaspace       used 58930K, committed 60032K, reserved 1105920K
  class space    used 5434K, committed 5888K, reserved 1048576K
}
Event: 383.488 GC heap after
{Heap after GC invocations=347 (full 246):
 PSYoungGen      total 56832K, used 35839K [0x00000000f5580000, 0x00000000fd680000, 0x0000000100000000)
  eden space 35840K, 99% used [0x00000000f5580000,0x00000000f787ff50,0x00000000f7880000)
  from space 20992K, 0% used [0x00000000fa700000,0x00000000fa700000,0x00000000fbb80000)
  to   space 47616K, 0% used [0x00000000f7880000,0x00000000f7880000,0x00000000fa700000)
 ParOldGen       total 349696K, used 349693K [0x00000000e0000000, 0x00000000f5580000, 0x00000000f5580000)
  object space 349696K, 99% used [0x00000000e0000000,0x00000000f557f630,0x00000000f5580000)
 Metaspace       used 58930K, committed 60032K, reserved 1105920K
  class space    used 5434K, committed 5888K, reserved 1048576K
}
Event: 383.488 GC heap before
{Heap before GC invocations=348 (full 247):
 PSYoungGen      total 56832K, used 35839K [0x00000000f5580000, 0x00000000fd680000, 0x0000000100000000)
  eden space 35840K, 99% used [0x00000000f5580000,0x00000000f787fff0,0x00000000f7880000)
  from space 20992K, 0% used [0x00000000fa700000,0x00000000fa700000,0x00000000fbb80000)
  to   space 47616K, 0% used [0x00000000f7880000,0x00000000f7880000,0x00000000fa700000)
 ParOldGen       total 349696K, used 349693K [0x00000000e0000000, 0x00000000f5580000, 0x00000000f5580000)
  object space 349696K, 99% used [0x00000000e0000000,0x00000000f557f630,0x00000000f5580000)
 Metaspace       used 58930K, committed 60032K, reserved 1105920K
  class space    used 5434K, committed 5888K, reserved 1048576K
}
Event: 384.635 GC heap after
{Heap after GC invocations=348 (full 247):
 PSYoungGen      total 83456K, used 35839K [0x00000000f5580000, 0x00000000fd680000, 0x0000000100000000)
  eden space 35840K, 99% used [0x00000000f5580000,0x00000000f787fe60,0x00000000f7880000)
  from space 47616K, 0% used [0x00000000f7880000,0x00000000f7880000,0x00000000fa700000)
  to   space 20992K, 0% used [0x00000000fa700000,0x00000000fa700000,0x00000000fbb80000)
 ParOldGen       total 349696K, used 349692K [0x00000000e0000000, 0x00000000f5580000, 0x00000000f5580000)
  object space 349696K, 99% used [0x00000000e0000000,0x00000000f557f2f8,0x00000000f5580000)
 Metaspace       used 58930K, committed 60032K, reserved 1105920K
  class space    used 5434K, committed 5888K, reserved 1048576K
}
Event: 384.641 GC heap before
{Heap before GC invocations=349 (full 248):
 PSYoungGen      total 83456K, used 35840K [0x00000000f5580000, 0x00000000fd680000, 0x0000000100000000)
  eden space 35840K, 100% used [0x00000000f5580000,0x00000000f7880000,0x00000000f7880000)
  from space 47616K, 0% used [0x00000000f7880000,0x00000000f7880000,0x00000000fa700000)
  to   space 20992K, 0% used [0x00000000fa700000,0x00000000fa700000,0x00000000fbb80000)
 ParOldGen       total 349696K, used 349692K [0x00000000e0000000, 0x00000000f5580000, 0x00000000f5580000)
  object space 349696K, 99% used [0x00000000e0000000,0x00000000f557f2f8,0x00000000f5580000)
 Metaspace       used 58930K, committed 60032K, reserved 1105920K
  class space    used 5434K, committed 5888K, reserved 1048576K
}
Event: 385.763 GC heap after
{Heap after GC invocations=349 (full 248):
 PSYoungGen      total 56832K, used 35838K [0x00000000f5580000, 0x00000000fd680000, 0x0000000100000000)
  eden space 35840K, 99% used [0x00000000f5580000,0x00000000f787fb28,0x00000000f7880000)
  from space 20992K, 0% used [0x00000000fa700000,0x00000000fa700000,0x00000000fbb80000)
  to   space 47616K, 0% used [0x00000000f7880000,0x00000000f7880000,0x00000000fa700000)
 ParOldGen       total 349696K, used 349692K [0x00000000e0000000, 0x00000000f5580000, 0x00000000f5580000)
  object space 349696K, 99% used [0x00000000e0000000,0x00000000f557f2f8,0x00000000f5580000)
 Metaspace       used 58930K, committed 60032K, reserved 1105920K
  class space    used 5434K, committed 5888K, reserved 1048576K
}
Event: 385.764 GC heap before
{Heap before GC invocations=350 (full 249):
 PSYoungGen      total 56832K, used 35840K [0x00000000f5580000, 0x00000000fd680000, 0x0000000100000000)
  eden space 35840K, 100% used [0x00000000f5580000,0x00000000f7880000,0x00000000f7880000)
  from space 20992K, 0% used [0x00000000fa700000,0x00000000fa700000,0x00000000fbb80000)
  to   space 47616K, 0% used [0x00000000f7880000,0x00000000f7880000,0x00000000fa700000)
 ParOldGen       total 349696K, used 349692K [0x00000000e0000000, 0x00000000f5580000, 0x00000000f5580000)
  object space 349696K, 99% used [0x00000000e0000000,0x00000000f557f2f8,0x00000000f5580000)
 Metaspace       used 58930K, committed 60032K, reserved 1105920K
  class space    used 5434K, committed 5888K, reserved 1048576K
}
Event: 386.834 GC heap after
{Heap after GC invocations=350 (full 249):
 PSYoungGen      total 83456K, used 35838K [0x00000000f5580000, 0x00000000fd680000, 0x0000000100000000)
  eden space 35840K, 99% used [0x00000000f5580000,0x00000000f787fb30,0x00000000f7880000)
  from space 47616K, 0% used [0x00000000f7880000,0x00000000f7880000,0x00000000fa700000)
  to   space 20992K, 0% used [0x00000000fa700000,0x00000000fa700000,0x00000000fbb80000)
 ParOldGen       total 349696K, used 349692K [0x00000000e0000000, 0x00000000f5580000, 0x00000000f5580000)
  object space 349696K, 99% used [0x00000000e0000000,0x00000000f557f268,0x00000000f5580000)
 Metaspace       used 58930K, committed 60032K, reserved 1105920K
  class space    used 5434K, committed 5888K, reserved 1048576K
}
Event: 386.834 GC heap before
{Heap before GC invocations=351 (full 250):
 PSYoungGen      total 83456K, used 35839K [0x00000000f5580000, 0x00000000fd680000, 0x0000000100000000)
  eden space 35840K, 99% used [0x00000000f5580000,0x00000000f787fe38,0x00000000f7880000)
  from space 47616K, 0% used [0x00000000f7880000,0x00000000f7880000,0x00000000fa700000)
  to   space 20992K, 0% used [0x00000000fa700000,0x00000000fa700000,0x00000000fbb80000)
 ParOldGen       total 349696K, used 349692K [0x00000000e0000000, 0x00000000f5580000, 0x00000000f5580000)
  object space 349696K, 99% used [0x00000000e0000000,0x00000000f557f268,0x00000000f5580000)
 Metaspace       used 58930K, committed 60032K, reserved 1105920K
  class space    used 5434K, committed 5888K, reserved 1048576K
}
Event: 387.857 GC heap after
{Heap after GC invocations=351 (full 250):
 PSYoungGen      total 56832K, used 35839K [0x00000000f5580000, 0x00000000fd680000, 0x0000000100000000)
  eden space 35840K, 99% used [0x00000000f5580000,0x00000000f787fca0,0x00000000f7880000)
  from space 20992K, 0% used [0x00000000fa700000,0x00000000fa700000,0x00000000fbb80000)
  to   space 47616K, 0% used [0x00000000f7880000,0x00000000f7880000,0x00000000fa700000)
 ParOldGen       total 349696K, used 349692K [0x00000000e0000000, 0x00000000f5580000, 0x00000000f5580000)
  object space 349696K, 99% used [0x00000000e0000000,0x00000000f557f268,0x00000000f5580000)
 Metaspace       used 58930K, committed 60032K, reserved 1105920K
  class space    used 5434K, committed 5888K, reserved 1048576K
}
Event: 387.857 GC heap before
{Heap before GC invocations=352 (full 251):
 PSYoungGen      total 56832K, used 35840K [0x00000000f5580000, 0x00000000fd680000, 0x0000000100000000)
  eden space 35840K, 100% used [0x00000000f5580000,0x00000000f7880000,0x00000000f7880000)
  from space 20992K, 0% used [0x00000000fa700000,0x00000000fa700000,0x00000000fbb80000)
  to   space 47616K, 0% used [0x00000000f7880000,0x00000000f7880000,0x00000000fa700000)
 ParOldGen       total 349696K, used 349695K [0x00000000e0000000, 0x00000000f5580000, 0x00000000f5580000)
  object space 349696K, 99% used [0x00000000e0000000,0x00000000f557ff90,0x00000000f5580000)
 Metaspace       used 58930K, committed 60032K, reserved 1105920K
  class space    used 5434K, committed 5888K, reserved 1048576K
}
Event: 388.772 GC heap after
{Heap after GC invocations=352 (full 251):
 PSYoungGen      total 83456K, used 35839K [0x00000000f5580000, 0x00000000fd680000, 0x0000000100000000)
  eden space 35840K, 99% used [0x00000000f5580000,0x00000000f787ff08,0x00000000f7880000)
  from space 47616K, 0% used [0x00000000f7880000,0x00000000f7880000,0x00000000fa700000)
  to   space 20992K, 0% used [0x00000000fa700000,0x00000000fa700000,0x00000000fbb80000)
 ParOldGen       total 349696K, used 349695K [0x00000000e0000000, 0x00000000f5580000, 0x00000000f5580000)
  object space 349696K, 99% used [0x00000000e0000000,0x00000000f557ff70,0x00000000f5580000)
 Metaspace       used 58930K, committed 60032K, reserved 1105920K
  class space    used 5434K, committed 5888K, reserved 1048576K
}
Event: 388.772 GC heap before
{Heap before GC invocations=353 (full 252):
 PSYoungGen      total 83456K, used 35839K [0x00000000f5580000, 0x00000000fd680000, 0x0000000100000000)
  eden space 35840K, 99% used [0x00000000f5580000,0x00000000f787ff08,0x00000000f7880000)
  from space 47616K, 0% used [0x00000000f7880000,0x00000000f7880000,0x00000000fa700000)
  to   space 20992K, 0% used [0x00000000fa700000,0x00000000fa700000,0x00000000fbb80000)
 ParOldGen       total 349696K, used 349695K [0x00000000e0000000, 0x00000000f5580000, 0x00000000f5580000)
  object space 349696K, 99% used [0x00000000e0000000,0x00000000f557ff70,0x00000000f5580000)
 Metaspace       used 58930K, committed 60032K, reserved 1105920K
  class space    used 5434K, committed 5888K, reserved 1048576K
}
Event: 389.936 GC heap after
{Heap after GC invocations=353 (full 252):
 PSYoungGen      total 56832K, used 35839K [0x00000000f5580000, 0x00000000fd680000, 0x0000000100000000)
  eden space 35840K, 99% used [0x00000000f5580000,0x00000000f787feb8,0x00000000f7880000)
  from space 20992K, 0% used [0x00000000fa700000,0x00000000fa700000,0x00000000fbb80000)
  to   space 47616K, 0% used [0x00000000f7880000,0x00000000f7880000,0x00000000fa700000)
 ParOldGen       total 349696K, used 349695K [0x00000000e0000000, 0x00000000f5580000, 0x00000000f5580000)
  object space 349696K, 99% used [0x00000000e0000000,0x00000000f557ff70,0x00000000f5580000)
 Metaspace       used 58930K, committed 60032K, reserved 1105920K
  class space    used 5434K, committed 5888K, reserved 1048576K
}
Event: 389.936 GC heap before
{Heap before GC invocations=354 (full 253):
 PSYoungGen      total 56832K, used 35840K [0x00000000f5580000, 0x00000000fd680000, 0x0000000100000000)
  eden space 35840K, 100% used [0x00000000f5580000,0x00000000f7880000,0x00000000f7880000)
  from space 20992K, 0% used [0x00000000fa700000,0x00000000fa700000,0x00000000fbb80000)
  to   space 47616K, 0% used [0x00000000f7880000,0x00000000f7880000,0x00000000fa700000)
 ParOldGen       total 349696K, used 349696K [0x00000000e0000000, 0x00000000f5580000, 0x00000000f5580000)
  object space 349696K, 100% used [0x00000000e0000000,0x00000000f5580000,0x00000000f5580000)
 Metaspace       used 58930K, committed 60032K, reserved 1105920K
  class space    used 5434K, committed 5888K, reserved 1048576K
}
Event: 390.956 GC heap after
{Heap after GC invocations=354 (full 253):
 PSYoungGen      total 83456K, used 35839K [0x00000000f5580000, 0x00000000fd680000, 0x0000000100000000)
  eden space 35840K, 99% used [0x00000000f5580000,0x00000000f787ff78,0x00000000f7880000)
  from space 47616K, 0% used [0x00000000f7880000,0x00000000f7880000,0x00000000fa700000)
  to   space 20992K, 0% used [0x00000000fa700000,0x00000000fa700000,0x00000000fbb80000)
 ParOldGen       total 349696K, used 349695K [0x00000000e0000000, 0x00000000f5580000, 0x00000000f5580000)
  object space 349696K, 99% used [0x00000000e0000000,0x00000000f557ff80,0x00000000f5580000)
 Metaspace       used 58930K, committed 60032K, reserved 1105920K
  class space    used 5434K, committed 5888K, reserved 1048576K
}
Event: 390.956 GC heap before
{Heap before GC invocations=355 (full 254):
 PSYoungGen      total 83456K, used 35839K [0x00000000f5580000, 0x00000000fd680000, 0x0000000100000000)
  eden space 35840K, 99% used [0x00000000f5580000,0x00000000f787ff78,0x00000000f7880000)
  from space 47616K, 0% used [0x00000000f7880000,0x00000000f7880000,0x00000000fa700000)
  to   space 20992K, 0% used [0x00000000fa700000,0x00000000fa700000,0x00000000fbb80000)
 ParOldGen       total 349696K, used 349695K [0x00000000e0000000, 0x00000000f5580000, 0x00000000f5580000)
  object space 349696K, 99% used [0x00000000e0000000,0x00000000f557ff80,0x00000000f5580000)
 Metaspace       used 58930K, committed 60032K, reserved 1105920K
  class space    used 5434K, committed 5888K, reserved 1048576K
}
Event: 392.136 GC heap after
{Heap after GC invocations=355 (full 254):
 PSYoungGen      total 56832K, used 35839K [0x00000000f5580000, 0x00000000fd680000, 0x0000000100000000)
  eden space 35840K, 99% used [0x00000000f5580000,0x00000000f787ff78,0x00000000f7880000)
  from space 20992K, 0% used [0x00000000fa700000,0x00000000fa700000,0x00000000fbb80000)
  to   space 47616K, 0% used [0x00000000f7880000,0x00000000f7880000,0x00000000fa700000)
 ParOldGen       total 349696K, used 349695K [0x00000000e0000000, 0x00000000f5580000, 0x00000000f5580000)
  object space 349696K, 99% used [0x00000000e0000000,0x00000000f557ff80,0x00000000f5580000)
 Metaspace       used 58930K, committed 60032K, reserved 1105920K
  class space    used 5434K, committed 5888K, reserved 1048576K
}

Dll operation events (8 events):
Event: 0.002 Loaded shared library /nix/store/gpxl5qgg8kicmcvivwmybwjlpf7wh20l-graalvm17-ce-22.3.0/lib/libjava.so
Event: 0.033 Loaded shared library /nix/store/gpxl5qgg8kicmcvivwmybwjlpf7wh20l-graalvm17-ce-22.3.0/lib/libjsvml.so
Event: 0.239 Loaded shared library /nix/store/gpxl5qgg8kicmcvivwmybwjlpf7wh20l-graalvm17-ce-22.3.0/lib/libnio.so
Event: 0.242 Loaded shared library /nix/store/gpxl5qgg8kicmcvivwmybwjlpf7wh20l-graalvm17-ce-22.3.0/lib/libzip.so
Event: 0.248 Loaded shared library /nix/store/gpxl5qgg8kicmcvivwmybwjlpf7wh20l-graalvm17-ce-22.3.0/lib/libjvmcicompiler.so
Event: 0.543 Loaded shared library /nix/store/gpxl5qgg8kicmcvivwmybwjlpf7wh20l-graalvm17-ce-22.3.0/lib/libjimage.so
Event: 2.041 Loaded shared library /nix/store/gpxl5qgg8kicmcvivwmybwjlpf7wh20l-graalvm17-ce-22.3.0/lib/libnet.so
Event: 3.182 Loaded shared library /home/runner/.cache/jdt-language-server/config/org.eclipse.equinox.launcher/org.eclipse.equinox.launcher.gtk.linux.x86_64_1.2.400.v20211117-0650/eclipse_11600.so

Deoptimization events (20 events):
Event: 290.656 Thread 0x00007f53f81b1310 Uncommon trap: trap_request=0xffffff8f fr.pc=0x00007f547b0bd720 relative=0x00000000000009e0
Event: 290.656 Thread 0x00007f53f81b1310 Uncommon trap: reason=constraint action=none pc=0x00007f547b0bd720 method=java.util.Hashtable.addEntry(ILjava/lang/Object;Ljava/lang/Object;I)V @ 42 jvmci
Event: 290.656 Thread 0x00007f53f81b1310 DEOPT PACKING pc=0x00007f547b0bd720 sp=0x00007f54373fdf30
Event: 290.656 Thread 0x00007f53f81b1310 DEOPT UNPACKING pc=0x00007f5473505325 sp=0x00007f54373fd358 mode 3
Event: 337.877 Thread 0x00007f54100010d0 DEOPT PACKING pc=0x00007f547b0d111c sp=0x00007f54387fdbd0
Event: 337.878 Thread 0x00007f54100010d0 DEOPT UNPACKING pc=0x00007f5473505325 sp=0x00007f54387fcfc8 mode 1
Event: 337.878 Thread 0x00007f54100010d0 DEOPT PACKING pc=0x00007f547b15f938 sp=0x00007f54387fdd40
Event: 337.878 Thread 0x00007f54100010d0 DEOPT UNPACKING pc=0x00007f5473505325 sp=0x00007f54387fd1e8 mode 1
Event: 363.757 Thread 0x00007f54100010d0 Uncommon trap: trap_request=0xffffff8f fr.pc=0x00007f547afafad5 relative=0x0000000000000435
Event: 363.757 Thread 0x00007f54100010d0 Uncommon trap: reason=constraint action=none pc=0x00007f547afafad5 method=java.lang.StringBuilder.append(Ljava/lang/String;)Ljava/lang/StringBuilder; @ 0 jvmci
Event: 363.757 Thread 0x00007f54100010d0 DEOPT PACKING pc=0x00007f547afafad5 sp=0x00007f54387fe590
Event: 363.757 Thread 0x00007f54100010d0 DEOPT UNPACKING pc=0x00007f5473505325 sp=0x00007f54387fda68 mode 3
Event: 378.042 Thread 0x00007f54100010d0 Uncommon trap: trap_request=0xffffff8f fr.pc=0x00007f547b0232c7 relative=0x0000000000000227
Event: 378.042 Thread 0x00007f54100010d0 Uncommon trap: reason=constraint action=none pc=0x00007f547b0232c7 method=java.lang.String.toCharArray()[C @ 0 jvmci
Event: 378.042 Thread 0x00007f54100010d0 DEOPT PACKING pc=0x00007f547b0232c7 sp=0x00007f54387fe280
Event: 378.042 Thread 0x00007f54100010d0 DEOPT UNPACKING pc=0x00007f5473505325 sp=0x00007f54387fd728 mode 3
Event: 380.150 Thread 0x00007f54100010d0 Uncommon trap: trap_request=0xffffff8f fr.pc=0x00007f547afe8814 relative=0x00000000000001f4
Event: 380.150 Thread 0x00007f54100010d0 Uncommon trap: reason=constraint action=none pc=0x00007f547afe8814 method=java.lang.StringLatin1.toChars([B)[C @ 0 jvmci
Event: 382.287 Thread 0x00007f54100010d0 DEOPT PACKING pc=0x00007f547afe8814 sp=0x00007f54387fe210
Event: 382.287 Thread 0x00007f54100010d0 DEOPT UNPACKING pc=0x00007f5473505325 sp=0x00007f54387fd6b0 mode 3

Classes unloaded (20 events):
Event: 91.146 Thread 0x00007f548c0a1c10 Unloading class 0x0000000800d91400 'java/lang/invoke/LambdaForm$MH+0x0000000800d91400'
Event: 91.146 Thread 0x00007f548c0a1c10 Unloading class 0x0000000800d91000 'java/lang/invoke/LambdaForm$MH+0x0000000800d91000'
Event: 91.146 Thread 0x00007f548c0a1c10 Unloading class 0x0000000800d90c00 'java/lang/invoke/LambdaForm$MH+0x0000000800d90c00'
Event: 91.146 Thread 0x00007f548c0a1c10 Unloading class 0x0000000800d90800 'java/lang/invoke/LambdaForm$MH+0x0000000800d90800'
Event: 91.146 Thread 0x00007f548c0a1c10 Unloading class 0x0000000800d90400 'java/lang/invoke/LambdaForm$MH+0x0000000800d90400'
Event: 91.146 Thread 0x00007f548c0a1c10 Unloading class 0x0000000800d90000 'java/lang/invoke/LambdaForm$MH+0x0000000800d90000'
Event: 91.146 Thread 0x00007f548c0a1c10 Unloading class 0x0000000800cb2800 'java/lang/invoke/LambdaForm$MH+0x0000000800cb2800'
Event: 91.146 Thread 0x00007f548c0a1c10 Unloading class 0x0000000800cb2000 'java/lang/invoke/LambdaForm$MH+0x0000000800cb2000'
Event: 91.146 Thread 0x00007f548c0a1c10 Unloading class 0x0000000800cb1c00 'java/lang/invoke/LambdaForm$MH+0x0000000800cb1c00'
Event: 91.146 Thread 0x00007f548c0a1c10 Unloading class 0x0000000800cb1800 'java/lang/invoke/LambdaForm$MH+0x0000000800cb1800'
Event: 91.146 Thread 0x00007f548c0a1c10 Unloading class 0x0000000800cb1000 'java/lang/invoke/LambdaForm$MH+0x0000000800cb1000'
Event: 91.146 Thread 0x00007f548c0a1c10 Unloading class 0x0000000800cb0c00 'java/lang/invoke/LambdaForm$MH+0x0000000800cb0c00'
Event: 91.146 Thread 0x00007f548c0a1c10 Unloading class 0x0000000800cb0800 'java/lang/invoke/LambdaForm$MH+0x0000000800cb0800'
Event: 91.146 Thread 0x00007f548c0a1c10 Unloading class 0x0000000800cb0000 'java/lang/invoke/LambdaForm$MH+0x0000000800cb0000'
Event: 91.146 Thread 0x00007f548c0a1c10 Unloading class 0x0000000800c85000 'jdk/internal/reflect/GeneratedMethodAccessor5'
Event: 91.146 Thread 0x00007f548c0a1c10 Unloading class 0x0000000800c84c00 'jdk/internal/reflect/GeneratedMethodAccessor4'
Event: 91.146 Thread 0x00007f548c0a1c10 Unloading class 0x0000000800c84800 'jdk/internal/reflect/GeneratedMethodAccessor3'
Event: 91.146 Thread 0x00007f548c0a1c10 Unloading class 0x0000000800c84400 'jdk/internal/reflect/GeneratedMethodAccessor2'
Event: 91.146 Thread 0x00007f548c0a1c10 Unloading class 0x0000000800c84000 'jdk/internal/reflect/GeneratedMethodAccessor1'
Event: 91.146 Thread 0x00007f548c0a1c10 Unloading class 0x0000000800c01c00 'java/lang/invoke/LambdaForm$DMH+0x0000000800c01c00'

Classes redefined (0 events):
No events

Internal exceptions (20 events):
Event: 68.097 Thread 0x00007f53f81afc90 Exception <a 'java/lang/ArrayIndexOutOfBoundsException'{0x00000000f5b143f0}> (0x00000000f5b143f0) 
thrown [src/hotspot/share/runtime/sharedRuntime.cpp, line 628]
Event: 68.098 Thread 0x00007f53f81afc90 Exception <a 'java/lang/ArrayIndexOutOfBoundsException'{0x00000000f5b14710}> (0x00000000f5b14710) 
thrown [src/hotspot/share/runtime/sharedRuntime.cpp, line 628]
Event: 94.867 Thread 0x00007f542067fd60 Exception <a 'java/lang/OutOfMemoryError'{0x00000000e00d1f38}> (0x00000000e00d1f38) 
thrown [src/hotspot/share/gc/shared/memAllocator.cpp, line 138]
Event: 94.872 Thread 0x00007f542067fd60 Implicit null exception at 0x00007f547b1f84a5 to 0x00007f547b1f86c2
Event: 98.946 Thread 0x00007f542067fd60 Exception <a 'java/lang/OutOfMemoryError'{0x00000000e00d13f8}> (0x00000000e00d13f8) 
thrown [src/hotspot/share/gc/shared/memAllocator.cpp, line 136]
Event: 246.983 Thread 0x00007f548c4089a0 Exception <a 'java/lang/OutOfMemoryError'{0x00000000e00d1708}> (0x00000000e00d1708) 
thrown [src/hotspot/share/gc/shared/memAllocator.cpp, line 136]
Event: 256.355 Thread 0x00007f548c4089a0 Exception <a 'java/lang/reflect/InvocationTargetException'{0x00000000f557bd78}> (0x00000000f557bd78) 
thrown [src/hotspot/share/runtime/reflection.cpp, line 1119]
Event: 290.656 Thread 0x00007f53f81b1310 Exception <a 'java/lang/OutOfMemoryError'{0x00000000e00d13e8}> (0x00000000e00d13e8) 
thrown [src/hotspot/share/gc/shared/memAllocator.cpp, line 138]
Event: 290.656 Thread 0x00007f53f81b1310 Implicit null exception at 0x00007f547b0bd2e1 to 0x00007f547b0bd705
Event: 293.052 Thread 0x00007f53f81b1310 Exception <a 'java/lang/OutOfMemoryError'{0x00000000e00d1708}> (0x00000000e00d1708) 
thrown [src/hotspot/share/gc/shared/memAllocator.cpp, line 136]
Event: 312.237 Thread 0x00007f53f81b1310 Exception <a 'java/lang/ClassNotFoundException'{0x00000000f557cd68}: sun/util/logging/resources/spi/loggingProvider> (0x00000000f557cd68) 
thrown [src/hotspot/share/classfile/systemDictionary.cpp, line 256]
Event: 337.877 Thread 0x00007f54100010d0 Exception <a 'java/lang/OutOfMemoryError'{0x00000000e00d1708}> (0x00000000e00d1708) 
thrown [src/hotspot/share/gc/shared/memAllocator.cpp, line 136]
Event: 363.757 Thread 0x00007f54100010d0 Exception <a 'java/lang/OutOfMemoryError'{0x00000000e00d13e8}> (0x00000000e00d13e8) 
thrown [src/hotspot/share/gc/shared/memAllocator.cpp, line 138]
Event: 363.757 Thread 0x00007f54100010d0 Implicit null exception at 0x00007f547afaf978 to 0x00007f547afafaba
Event: 378.042 Thread 0x00007f54100010d0 Exception <a 'java/lang/OutOfMemoryError'{0x00000000e00d13e8}> (0x00000000e00d13e8) 
thrown [src/hotspot/share/gc/shared/memAllocator.cpp, line 138]
Event: 378.042 Thread 0x00007f54100010d0 Implicit null exception at 0x00007f547b023264 to 0x00007f547b0232ac
Event: 380.150 Thread 0x00007f54100010d0 Exception <a 'java/lang/OutOfMemoryError'{0x00000000e00d13e8}> (0x00000000e00d13e8) 
thrown [src/hotspot/share/gc/shared/memAllocator.cpp, line 138]
Event: 380.150 Thread 0x00007f54100010d0 Implicit null exception at 0x00007f547afe87c4 to 0x00007f547afe87f9
Event: 382.287 Thread 0x00007f53f81b1310 Exception <a 'java/lang/OutOfMemoryError'{0x00000000e00d1708}> (0x00000000e00d1708) 
thrown [src/hotspot/share/gc/shared/memAllocator.cpp, line 136]
Event: 392.136 Thread 0x00007f548c0b2210 Exception <a 'java/lang/OutOfMemoryError'{0x00000000e00d1708}> (0x00000000e00d1708) 
thrown [src/hotspot/share/gc/shared/memAllocator.cpp, line 136]

VM Operations (20 events):
Event: 378.042 Executing VM operation: ParallelGCFailedAllocation done
Event: 378.042 Executing VM operation: ParallelGCFailedAllocation
Event: 380.150 Executing VM operation: ParallelGCFailedAllocation done
Event: 380.150 Executing VM operation: ParallelGCFailedAllocation
Event: 382.287 Executing VM operation: ParallelGCFailedAllocation done
Event: 382.287 Executing VM operation: ParallelGCFailedAllocation
Event: 383.488 Executing VM operation: ParallelGCFailedAllocation done
Event: 383.488 Executing VM operation: ParallelGCFailedAllocation
Event: 384.635 Executing VM operation: ParallelGCFailedAllocation done
Event: 384.635 Executing VM operation: ParallelGCFailedAllocation
Event: 385.763 Executing VM operation: ParallelGCFailedAllocation done
Event: 385.764 Executing VM operation: ParallelGCFailedAllocation
Event: 386.834 Executing VM operation: ParallelGCFailedAllocation done
Event: 386.834 Executing VM operation: ParallelGCFailedAllocation
Event: 387.857 Executing VM operation: ParallelGCFailedAllocation done
Event: 387.857 Executing VM operation: ParallelGCFailedAllocation
Event: 389.936 Executing VM operation: ParallelGCFailedAllocation done
Event: 389.936 Executing VM operation: ParallelGCFailedAllocation
Event: 392.136 Executing VM operation: ParallelGCFailedAllocation done
Event: 392.137 Executing VM operation: ParallelGCFailedAllocation

Events (20 events):
Event: 98.957 Thread 0x00007f540c00da00 Thread added: 0x00007f540c00da00
Event: 98.957 Protecting memory [0x00007f5437500000,0x00007f5437504000] with protection modes 0
Event: 98.957 loading class java/lang/Throwable$WrappedPrintStream
Event: 98.957 loading class java/lang/Throwable$WrappedPrintStream done
Event: 98.957 Thread 0x00007f542067fd60 Thread exited: 0x00007f542067fd60
Event: 133.484 Thread 0x00007f54204dcf70 Thread exited: 0x00007f54204dcf70
Event: 134.849 Thread 0x00007f5414000ff0 Thread exited: 0x00007f5414000ff0
Event: 134.849 Thread 0x00007f5414014cc0 Thread exited: 0x00007f5414014cc0
Event: 138.889 Thread 0x00007f54080a56a0 Thread exited: 0x00007f54080a56a0
Event: 159.681 Thread 0x00007f54102a77a0 Thread exited: 0x00007f54102a77a0
Event: 164.384 Thread 0x00007f53f81b0d90 Thread added: 0x00007f53f81b0d90
Event: 164.384 Protecting memory [0x00007f5470100000,0x00007f5470104000] with protection modes 0
Event: 164.384 Thread 0x00007f5430016e20 Thread exited: 0x00007f5430016e20
Event: 227.396 Thread 0x00007f53f81b1310 Thread added: 0x00007f53f81b1310
Event: 227.396 Protecting memory [0x00007f5437300000,0x00007f5437304000] with protection modes 0
Event: 248.249 Thread 0x00007f53f81b0d90 Thread exited: 0x00007f53f81b0d90
Event: 337.934 Thread 0x00007f54141021f0 Thread added: 0x00007f54141021f0
Event: 337.934 Protecting memory [0x00007f5470100000,0x00007f5470104000] with protection modes 0
Event: 382.287 loading class java/time/DateTimeException
Event: 383.488 loading class java/time/DateTimeException done


Dynamic libraries:
e0000000-f5580000 rw-p 00000000 00:00 0 
f5580000-fd680000 rw-p 00000000 00:00 0 
fd680000-100000000 ---p 00000000 00:00 0 
800000000-800449000 rw-p 00001000 00:2699 4611686019135357769            /nix/store/gpxl5qgg8kicmcvivwmybwjlpf7wh20l-graalvm17-ce-22.3.0/lib/server/classes.jsa
800449000-800bc8000 r--p 0044a000 00:2699 4611686019135357769            /nix/store/gpxl5qgg8kicmcvivwmybwjlpf7wh20l-graalvm17-ce-22.3.0/lib/server/classes.jsa
800bc8000-800c00000 ---p 00000000 00:00 0 
800c00000-800c20000 rw-p 00000000 00:00 0 
800c20000-800c40000 rw-p 00000000 00:00 0 
800c40000-800cc0000 rw-p 00000000 00:00 0 
800cc0000-800d00000 rw-p 00000000 00:00 0 
800d00000-800dc0000 rw-p 00000000 00:00 0 
800dc0000-800e00000 rw-p 00000000 00:00 0 
800e00000-801170000 rw-p 00000000 00:00 0 
801170000-801180000 ---p 00000000 00:00 0 
801180000-8011d0000 rw-p 00000000 00:00 0 
8011d0000-840c00000 ---p 00000000 00:00 0 
561f29d04000-561f29d05000 r-xp 00000000 00:2699 4611686019099417844      /nix/store/gpxl5qgg8kicmcvivwmybwjlpf7wh20l-graalvm17-ce-22.3.0/bin/.java-wrapped
561f29d06000-561f29d07000 r--p 00001000 00:2699 4611686019099417844      /nix/store/gpxl5qgg8kicmcvivwmybwjlpf7wh20l-graalvm17-ce-22.3.0/bin/.java-wrapped
561f29d07000-561f29d08000 rw-p 00002000 00:2699 4611686019099417844      /nix/store/gpxl5qgg8kicmcvivwmybwjlpf7wh20l-graalvm17-ce-22.3.0/bin/.java-wrapped
561f29d08000-561f29d09000 rw-p 00004000 00:2699 4611686019099417844      /nix/store/gpxl5qgg8kicmcvivwmybwjlpf7wh20l-graalvm17-ce-22.3.0/bin/.java-wrapped
561f29d09000-561f29d0a000 rw-p 00005000 00:2699 4611686019099417844      /nix/store/gpxl5qgg8kicmcvivwmybwjlpf7wh20l-graalvm17-ce-22.3.0/bin/.java-wrapped
561f2a468000-561f2a4b0000 rw-p 00000000 00:00 0                          [heap]
7f53ce600000-7f53ce700000 ---p 00000000 00:00 0 
7f53ce700000-7f53cecaf000 r--p 01122000 00:2699 4611686019135190040      /nix/store/gpxl5qgg8kicmcvivwmybwjlpf7wh20l-graalvm17-ce-22.3.0/lib/libjvmcicompiler.so
7f53cecaf000-7f53cee00000 r--p 00000000 00:00 0 
7f53cee00000-7f53cee3d000 rw-p 00000000 00:00 0 
7f53cee3d000-7f53cf35d000 rw-p 0185f000 00:2699 4611686019135190040      /nix/store/gpxl5qgg8kicmcvivwmybwjlpf7wh20l-graalvm17-ce-22.3.0/lib/libjvmcicompiler.so
7f53cf35d000-7f53cf744000 r--p 01d7f000 00:2699 4611686019135190040      /nix/store/gpxl5qgg8kicmcvivwmybwjlpf7wh20l-graalvm17-ce-22.3.0/lib/libjvmcicompiler.so
7f53cf800000-7f53cfba0000 rw-p 00000000 00:00 0 
7f53cfba0000-7f53cfcd0000 rw-p 00000000 00:00 0 
7f53cfcd0000-7f53cfd00000 ---p 00000000 00:00 0 
7f53cfd00000-7f53cfd10000 rw-p 00000000 00:00 0 
7f53cfd10000-7f53d0000000 ---p 00000000 00:00 0 
7f53d0000000-7f53d009f000 rw-p 00000000 00:00 0 
7f53d009f000-7f53d4000000 ---p 00000000 00:00 0 
7f53d4000000-7f53d404d000 rw-p 00000000 00:00 0 
7f53d404d000-7f53d8000000 ---p 00000000 00:00 0 
7f53d8000000-7f53d805d000 rw-p 00000000 00:00 0 
7f53d805d000-7f53dc000000 ---p 00000000 00:00 0 
7f53dc000000-7f53dc039000 rw-p 00000000 00:00 0 
7f53dc039000-7f53e0000000 ---p 00000000 00:00 0 
7f53e0000000-7f53e0022000 rw-p 00000000 00:00 0 
7f53e0022000-7f53e4000000 ---p 00000000 00:00 0 
7f53e4000000-7f53e40ae000 rw-p 00000000 00:00 0 
7f53e40ae000-7f53e8000000 ---p 00000000 00:00 0 
7f53e8000000-7f53e8021000 rw-p 00000000 00:00 0 
7f53e8021000-7f53ec000000 ---p 00000000 00:00 0 
7f53ec400000-7f53ecc00000 rw-p 00000000 00:00 0 
7f53ed400000-7f53ed500000 rw-p 00000000 00:00 0 
7f53ed500000-7f53ed600000 rw-p 00000000 00:00 0 
7f53ed600000-7f53edc00000 rw-p 00000000 00:00 0 
7f53edcb3000-7f53f7800000 r--s 00000000 00:2699 4611686019135192581      /nix/store/gpxl5qgg8kicmcvivwmybwjlpf7wh20l-graalvm17-ce-22.3.0/lib/modules
7f53f7800000-7f53f8000000 rw-p 00000000 00:00 0 
7f53f8000000-7f53f820c000 rw-p 00000000 00:00 0 
7f53f820c000-7f53fc000000 ---p 00000000 00:00 0 
7f53fc000000-7f53fc037000 rw-p 00000000 00:00 0 
7f53fc037000-7f5400000000 ---p 00000000 00:00 0 
7f5400000000-7f5400021000 rw-p 00000000 00:00 0 
7f5400021000-7f5404000000 ---p 00000000 00:00 0 
7f5404000000-7f5404021000 rw-p 00000000 00:00 0 
7f5404021000-7f5408000000 ---p 00000000 00:00 0 
7f5408000000-7f5408259000 rw-p 00000000 00:00 0 
7f5408259000-7f540c000000 ---p 00000000 00:00 0 
7f540c000000-7f540c03d000 rw-p 00000000 00:00 0 
7f540c03d000-7f5410000000 ---p 00000000 00:00 0 
7f5410000000-7f5410418000 rw-p 00000000 00:00 0 
7f5410418000-7f5414000000 ---p 00000000 00:00 0 
7f5414000000-7f5414160000 rw-p 00000000 00:00 0 
7f5414160000-7f5418000000 ---p 00000000 00:00 0 
7f5418000000-7f5418021000 rw-p 00000000 00:00 0 
7f5418021000-7f541c000000 ---p 00000000 00:00 0 
7f541c000000-7f541c021000 rw-p 00000000 00:00 0 
7f541c021000-7f5420000000 ---p 00000000 00:00 0 
7f5420000000-7f5420931000 rw-p 00000000 00:00 0 
7f5420931000-7f5424000000 ---p 00000000 00:00 0 
7f5424000000-7f5424021000 rw-p 00000000 00:00 0 
7f5424021000-7f5428000000 ---p 00000000 00:00 0 
7f5428000000-7f5428021000 rw-p 00000000 00:00 0 
7f5428021000-7f542c000000 ---p 00000000 00:00 0 
7f542c000000-7f542c021000 rw-p 00000000 00:00 0 
7f542c021000-7f5430000000 ---p 00000000 00:00 0 
7f5430000000-7f5430021000 rw-p 00000000 00:00 0 
7f5430021000-7f5434000000 ---p 00000000 00:00 0 
7f5434c00000-7f5434d00000 rw-p 00000000 00:00 0 
7f5434d00000-7f5435100000 rw-p 00000000 00:00 0 
7f5435100000-7f5435200000 rw-p 00000000 00:00 0 
7f5435200000-7f5435400000 rw-p 00000000 00:00 0 
7f5435400000-7f5435500000 rw-p 00000000 00:00 0 
7f5435500000-7f5435600000 rw-p 00000000 00:00 0 
7f5435600000-7f5435b80000 rw-p 00000000 00:00 0 
7f5435b80000-7f5435c00000 rw-p 00000000 00:00 0 
7f5435c00000-7f5435c10000 r-xp 00000000 00:2688 366                      /home/runner/.cache/jdt-language-server/config/org.eclipse.equinox.launcher/org.eclipse.equinox.launcher.gtk.linux.x86_64_1.2.400.v20211117-0650/eclipse_11600.so
7f5435c10000-7f5435e0f000 ---p 00010000 00:2688 366                      /home/runner/.cache/jdt-language-server/config/org.eclipse.equinox.launcher/org.eclipse.equinox.launcher.gtk.linux.x86_64_1.2.400.v20211117-0650/eclipse_11600.so
7f5435e0f000-7f5435e10000 r--p 0000f000 00:2688 366                      /home/runner/.cache/jdt-language-server/config/org.eclipse.equinox.launcher/org.eclipse.equinox.launcher.gtk.linux.x86_64_1.2.400.v20211117-0650/eclipse_11600.so
7f5435e10000-7f5435e11000 rw-p 00010000 00:2688 366                      /home/runner/.cache/jdt-language-server/config/org.eclipse.equinox.launcher/org.eclipse.equinox.launcher.gtk.linux.x86_64_1.2.400.v20211117-0650/eclipse_11600.so
7f5436f00000-7f5436f04000 ---p 00000000 00:00 0 
7f5436f04000-7f5437000000 rw-p 00000000 00:00 0 
7f5437100000-7f5437104000 ---p 00000000 00:00 0 
7f5437104000-7f5437200000 rw-p 00000000 00:00 0 
7f5437300000-7f5437304000 ---p 00000000 00:00 0 
7f5437304000-7f5437400000 rw-p 00000000 00:00 0 
7f5437500000-7f5437504000 ---p 00000000 00:00 0 
7f5437504000-7f5437600000 rw-p 00000000 00:00 0 
7f5437700000-7f5437704000 ---p 00000000 00:00 0 
7f5437704000-7f5437800000 rw-p 00000000 00:00 0 
7f5437900000-7f5437904000 ---p 00000000 00:00 0 
7f5437904000-7f5437a00000 rw-p 00000000 00:00 0 
7f5437b00000-7f5437b04000 ---p 00000000 00:00 0 
7f5437b04000-7f5437c00000 rw-p 00000000 00:00 0 
7f5437d00000-7f5437d04000 ---p 00000000 00:00 0 
7f5437d04000-7f5437e00000 rw-p 00000000 00:00 0 
7f5437f00000-7f5437f04000 ---p 00000000 00:00 0 
7f5437f04000-7f5438000000 rw-p 00000000 00:00 0 
7f5438100000-7f5438104000 ---p 00000000 00:00 0 
7f5438104000-7f5438200000 rw-p 00000000 00:00 0 
7f5438300000-7f5438304000 ---p 00000000 00:00 0 
7f5438304000-7f5438400000 rw-p 00000000 00:00 0 
7f5438500000-7f5438504000 ---p 00000000 00:00 0 
7f5438504000-7f5438600000 rw-p 00000000 00:00 0 
7f5438700000-7f5438704000 ---p 00000000 00:00 0 
7f5438704000-7f5438800000 rw-p 00000000 00:00 0 
7f5438900000-7f5438904000 ---p 00000000 00:00 0 
7f5438904000-7f5438a00000 rw-p 00000000 00:00 0 
7f5439668000-7f5439b00000 rw-p 00000000 00:00 0 
7f5439c00000-7f543bd6a000 r-xp 00000000 00:2699 4611686019135190040      /nix/store/gpxl5qgg8kicmcvivwmybwjlpf7wh20l-graalvm17-ce-22.3.0/lib/libjvmcicompiler.so
7f543bd6a000-7f543bf69000 ---p 0216a000 00:2699 4611686019135190040      /nix/store/gpxl5qgg8kicmcvivwmybwjlpf7wh20l-graalvm17-ce-22.3.0/lib/libjvmcicompiler.so
7f543bf69000-7f543bf6a000 r--p 02169000 00:2699 4611686019135190040      /nix/store/gpxl5qgg8kicmcvivwmybwjlpf7wh20l-graalvm17-ce-22.3.0/lib/libjvmcicompiler.so
7f543bf6a000-7f543bf6c000 rw-p 0216a000 00:2699 4611686019135190040      /nix/store/gpxl5qgg8kicmcvivwmybwjlpf7wh20l-graalvm17-ce-22.3.0/lib/libjvmcicompiler.so
7f543bf6c000-7f543bf6d000 rw-p 00000000 00:00 0 
7f543bf6d000-7f543bf72000 rw-p 023c3000 00:2699 4611686019135190040      /nix/store/gpxl5qgg8kicmcvivwmybwjlpf7wh20l-graalvm17-ce-22.3.0/lib/libjvmcicompiler.so
7f543c000000-7f543c021000 rw-p 00000000 00:00 0 
7f543c021000-7f5440000000 ---p 00000000 00:00 0 
7f5440000000-7f5440021000 rw-p 00000000 00:00 0 
7f5440021000-7f5444000000 ---p 00000000 00:00 0 
7f5444000000-7f5444021000 rw-p 00000000 00:00 0 
7f5444021000-7f5448000000 ---p 00000000 00:00 0 
7f5448000000-7f5448021000 rw-p 00000000 00:00 0 
7f5448021000-7f544c000000 ---p 00000000 00:00 0 
7f544c000000-7f544c0e2000 rw-p 00000000 00:00 0 
7f544c0e2000-7f5450000000 ---p 00000000 00:00 0 
7f5450000000-7f5450b1c000 rw-p 00000000 00:00 0 
7f5450b1c000-7f5454000000 ---p 00000000 00:00 0 
7f5454000000-7f5454021000 rw-p 00000000 00:00 0 
7f5454021000-7f5458000000 ---p 00000000 00:00 0 
7f5458000000-7f5458021000 rw-p 00000000 00:00 0 
7f5458021000-7f545c000000 ---p 00000000 00:00 0 
7f545c000000-7f545c021000 rw-p 00000000 00:00 0 
7f545c021000-7f5460000000 ---p 00000000 00:00 0 
7f5460000000-7f5460021000 rw-p 00000000 00:00 0 
7f5460021000-7f5464000000 ---p 00000000 00:00 0 
7f5464000000-7f5464021000 rw-p 00000000 00:00 0 
7f5464021000-7f5468000000 ---p 00000000 00:00 0 
7f5468000000-7f5468021000 rw-p 00000000 00:00 0 
7f5468021000-7f546c000000 ---p 00000000 00:00 0 
7f546c000000-7f546c1c1000 rw-p 00000000 00:00 0 
7f546c1c1000-7f5470000000 ---p 00000000 00:00 0 
7f5470000000-7f5470004000 ---p 00000000 00:00 0 
7f5470004000-7f5470100000 rw-p 00000000 00:00 0 
7f5470100000-7f5470104000 ---p 00000000 00:00 0 
7f5470104000-7f5470200000 rw-p 00000000 00:00 0 
7f5470200000-7f5470204000 ---p 00000000 00:00 0 
7f5470204000-7f5470300000 rw-p 00000000 00:00 0 
7f5470400000-7f5470404000 ---p 00000000 00:00 0 
7f5470404000-7f5470500000 rw-p 00000000 00:00 0 
7f5470600000-7f5470604000 ---p 00000000 00:00 0 
7f5470604000-7f5470700000 rw-p 00000000 00:00 0 
7f5470800000-7f5470804000 ---p 00000000 00:00 0 
7f5470804000-7f5470900000 rw-p 00000000 00:00 0 
7f5470a00000-7f5470a04000 ---p 00000000 00:00 0 
7f5470a04000-7f5470b00000 rw-p 00000000 00:00 0 
7f5470c18000-7f5470c19000 ---p 00000000 00:00 0 
7f5470c19000-7f5470d1a000 rw-p 00000000 00:00 0 
7f5470d1a000-7f5470d1e000 ---p 00000000 00:00 0 
7f5470d1e000-7f5470e1a000 rw-p 00000000 00:00 0 
7f5470e1a000-7f5470e1e000 ---p 00000000 00:00 0 
7f5470e1e000-7f5470f1a000 rw-p 00000000 00:00 0 
7f5470f1a000-7f5470f1e000 ---p 00000000 00:00 0 
7f5470f1e000-7f547101a000 rw-p 00000000 00:00 0 
7f547101a000-7f547101e000 ---p 00000000 00:00 0 
7f547101e000-7f547121a000 rw-p 00000000 00:00 0 
7f547121a000-7f547121e000 ---p 00000000 00:00 0 
7f547121e000-7f547141a000 rw-p 00000000 00:00 0 
7f547141a000-7f547141e000 ---p 00000000 00:00 0 
7f547141e000-7f547151a000 rw-p 00000000 00:00 0 
7f547151a000-7f547151e000 ---p 00000000 00:00 0 
7f547151e000-7f547161a000 rw-p 00000000 00:00 0 
7f547161a000-7f547161e000 ---p 00000000 00:00 0 
7f547161e000-7f547171a000 rw-p 00000000 00:00 0 
7f547171a000-7f5471a00000 r--p 00000000 00:227c 28444448                 /usr/lib/locale/locale-archive
7f5471a00000-7f5471a04000 ---p 00000000 00:00 0 
7f5471a04000-7f5471b00000 rw-p 00000000 00:00 0 
7f5471b00000-7f5471b04000 ---p 00000000 00:00 0 
7f5471b04000-7f5472000000 rw-p 00000000 00:00 0 
7f5472000000-7f54722c0000 rw-p 00000000 00:00 0 
7f54722c0000-7f5472300000 rw-p 00000000 00:00 0 
7f5472300000-7f5472400000 rw-p 00000000 00:00 0 
7f54724b3000-7f54734b3000 rw-p 00000000 00:00 0 
7f54734b3000-7f5473723000 rwxp 00000000 00:00 0 
7f5473723000-7f5473a42000 ---p 00000000 00:00 0 
7f5473a42000-7f5474d92000 rwxp 00000000 00:00 0 
7f5474d92000-7f547af7a000 ---p 00000000 00:00 0 
7f547af7a000-7f547b22a000 rwxp 00000000 00:00 0 
7f547b22a000-7f54824b3000 ---p 00000000 00:00 0 
7f54824b3000-7f548c000000 r--s 00000000 00:2699 4611686019135192581      /nix/store/gpxl5qgg8kicmcvivwmybwjlpf7wh20l-graalvm17-ce-22.3.0/lib/modules
7f548c000000-7f548c410000 rw-p 00000000 00:00 0 
7f548c410000-7f5490000000 ---p 00000000 00:00 0 
7f5490042000-7f5490046000 ---p 00000000 00:00 0 
7f5490046000-7f5490064000 rw-p 00000000 00:00 0 
7f5490064000-7f549006b000 r-xp 00000000 00:2699 4611686019135192580      /nix/store/gpxl5qgg8kicmcvivwmybwjlpf7wh20l-graalvm17-ce-22.3.0/lib/libzip.so
7f549006b000-7f549006c000 ---p 00007000 00:2699 4611686019135192580      /nix/store/gpxl5qgg8kicmcvivwmybwjlpf7wh20l-graalvm17-ce-22.3.0/lib/libzip.so
7f549006c000-7f549006d000 r--p 00007000 00:2699 4611686019135192580      /nix/store/gpxl5qgg8kicmcvivwmybwjlpf7wh20l-graalvm17-ce-22.3.0/lib/libzip.so
7f549006d000-7f549006e000 rw-p 00008000 00:2699 4611686019135192580      /nix/store/gpxl5qgg8kicmcvivwmybwjlpf7wh20l-graalvm17-ce-22.3.0/lib/libzip.so
7f549006e000-7f5490070000 rw-p 0000b000 00:2699 4611686019135192580      /nix/store/gpxl5qgg8kicmcvivwmybwjlpf7wh20l-graalvm17-ce-22.3.0/lib/libzip.so
7f5490070000-7f5490085000 r-xp 00000000 00:2699 4611686019135192570      /nix/store/gpxl5qgg8kicmcvivwmybwjlpf7wh20l-graalvm17-ce-22.3.0/lib/libnet.so
7f5490085000-7f5490086000 ---p 00015000 00:2699 4611686019135192570      /nix/store/gpxl5qgg8kicmcvivwmybwjlpf7wh20l-graalvm17-ce-22.3.0/lib/libnet.so
7f5490086000-7f5490087000 r--p 00015000 00:2699 4611686019135192570      /nix/store/gpxl5qgg8kicmcvivwmybwjlpf7wh20l-graalvm17-ce-22.3.0/lib/libnet.so
7f5490087000-7f5490088000 rw-p 00016000 00:2699 4611686019135192570      /nix/store/gpxl5qgg8kicmcvivwmybwjlpf7wh20l-graalvm17-ce-22.3.0/lib/libnet.so
7f5490088000-7f549008b000 rw-p 0001b000 00:2699 4611686019135192570      /nix/store/gpxl5qgg8kicmcvivwmybwjlpf7wh20l-graalvm17-ce-22.3.0/lib/libnet.so
7f549008b000-7f549009e000 r-xp 00000000 00:2699 4611686019135192571      /nix/store/gpxl5qgg8kicmcvivwmybwjlpf7wh20l-graalvm17-ce-22.3.0/lib/libnio.so
7f549009e000-7f549009f000 r--p 00012000 00:2699 4611686019135192571      /nix/store/gpxl5qgg8kicmcvivwmybwjlpf7wh20l-graalvm17-ce-22.3.0/lib/libnio.so
7f549009f000-7f54900a0000 rw-p 00013000 00:2699 4611686019135192571      /nix/store/gpxl5qgg8kicmcvivwmybwjlpf7wh20l-graalvm17-ce-22.3.0/lib/libnio.so
7f54900a0000-7f54900a5000 rw-p 00019000 00:2699 4611686019135192571      /nix/store/gpxl5qgg8kicmcvivwmybwjlpf7wh20l-graalvm17-ce-22.3.0/lib/libnio.so
7f54900a5000-7f54900a6000 ---p 00000000 00:00 0 
7f54900a6000-7f54901a7000 rw-p 00000000 00:00 0 
7f54901a7000-7f5490275000 r-xp 00000000 00:2699 4611686019135190036      /nix/store/gpxl5qgg8kicmcvivwmybwjlpf7wh20l-graalvm17-ce-22.3.0/lib/libjsvml.so
7f5490275000-7f5490276000 r--p 000cd000 00:2699 4611686019135190036      /nix/store/gpxl5qgg8kicmcvivwmybwjlpf7wh20l-graalvm17-ce-22.3.0/lib/libjsvml.so
7f5490276000-7f5490277000 rw-p 000ce000 00:2699 4611686019135190036      /nix/store/gpxl5qgg8kicmcvivwmybwjlpf7wh20l-graalvm17-ce-22.3.0/lib/libjsvml.so
7f5490277000-7f5490b4f000 rw-p 00000000 00:00 0 
7f5490b4f000-7f5490b50000 ---p 00000000 00:00 0 
7f5490b50000-7f5490cfb000 rw-p 00000000 00:00 0 
7f5490cfb000-7f5490d3d000 rw-p 00000000 00:00 0 
7f5490d3d000-7f5490d51000 ---p 00000000 00:00 0 
7f5490d51000-7f5490d58000 rw-p 00000000 00:00 0 
7f5490d58000-7f5490e3d000 ---p 00000000 00:00 0 
7f5490e3d000-7f5490e64000 rw-p 00000000 00:00 0 
7f5490e64000-7f5490f28000 ---p 00000000 00:00 0 
7f5490f28000-7f5490f2d000 rw-p 00000000 00:00 0 
7f5490f2d000-7f5490f34000 ---p 00000000 00:00 0 
7f5490f34000-7f5490f58000 r-xp 00000000 00:2699 4611686019135190028      /nix/store/gpxl5qgg8kicmcvivwmybwjlpf7wh20l-graalvm17-ce-22.3.0/lib/libjava.so
7f5490f58000-7f5490f59000 ---p 00024000 00:2699 4611686019135190028      /nix/store/gpxl5qgg8kicmcvivwmybwjlpf7wh20l-graalvm17-ce-22.3.0/lib/libjava.so
7f5490f59000-7f5490f5a000 r--p 00024000 00:2699 4611686019135190028      /nix/store/gpxl5qgg8kicmcvivwmybwjlpf7wh20l-graalvm17-ce-22.3.0/lib/libjava.so
7f5490f5a000-7f5490f5b000 rw-p 00025000 00:2699 4611686019135190028      /nix/store/gpxl5qgg8kicmcvivwmybwjlpf7wh20l-graalvm17-ce-22.3.0/lib/libjava.so
7f5490f5b000-7f5490f5c000 rw-p 00000000 00:00 0 
7f5490f5c000-7f5490f63000 rw-p 0002f000 00:2699 4611686019135190028      /nix/store/gpxl5qgg8kicmcvivwmybwjlpf7wh20l-graalvm17-ce-22.3.0/lib/libjava.so
7f5490f63000-7f5490f6b000 rw-s 00000000 00:1fde 750                      /tmp/hsperfdata_runner/14553
7f5490f6b000-7f5490f6c000 ---p 00000000 00:00 0 
7f5490f6c000-7f5490f6d000 r--p 00000000 00:00 0 
7f5490f6d000-7f5490f6e000 rwxp 00000000 00:00 0 
7f5490f6e000-7f5490f89000 r-xp 00000000 00:2699 4611686019135190032      /nix/store/gpxl5qgg8kicmcvivwmybwjlpf7wh20l-graalvm17-ce-22.3.0/lib/libjimage.so
7f5490f89000-7f5490f8a000 ---p 0001b000 00:2699 4611686019135190032      /nix/store/gpxl5qgg8kicmcvivwmybwjlpf7wh20l-graalvm17-ce-22.3.0/lib/libjimage.so
7f5490f8a000-7f5490f8c000 r--p 0001b000 00:2699 4611686019135190032      /nix/store/gpxl5qgg8kicmcvivwmybwjlpf7wh20l-graalvm17-ce-22.3.0/lib/libjimage.so
7f5490f8c000-7f5490f8d000 rw-p 0001d000 00:2699 4611686019135190032      /nix/store/gpxl5qgg8kicmcvivwmybwjlpf7wh20l-graalvm17-ce-22.3.0/lib/libjimage.so
7f5490f8d000-7f5490f8e000 rw-p 00024000 00:2699 4611686019135190032      /nix/store/gpxl5qgg8kicmcvivwmybwjlpf7wh20l-graalvm17-ce-22.3.0/lib/libjimage.so
7f5490f8e000-7f5490f92000 ---p 00000000 00:00 0 
7f5490f92000-7f549108e000 rw-p 00000000 00:00 0 
7f549108e000-7f549109c000 r--p 00000000 00:2699 4611686019027979927      /nix/store/4nlgxhb09sdr51nc9hdm8az5b08vzkgx-glibc-2.35-163/lib/libm.so.6
7f549109c000-7f549110f000 r-xp 0000e000 00:2699 4611686019027979927      /nix/store/4nlgxhb09sdr51nc9hdm8az5b08vzkgx-glibc-2.35-163/lib/libm.so.6
7f549110f000-7f549116c000 r--p 00081000 00:2699 4611686019027979927      /nix/store/4nlgxhb09sdr51nc9hdm8az5b08vzkgx-glibc-2.35-163/lib/libm.so.6
7f549116c000-7f549116d000 r--p 000dd000 00:2699 4611686019027979927      /nix/store/4nlgxhb09sdr51nc9hdm8az5b08vzkgx-glibc-2.35-163/lib/libm.so.6
7f549116d000-7f549116e000 rw-p 000de000 00:2699 4611686019027979927      /nix/store/4nlgxhb09sdr51nc9hdm8az5b08vzkgx-glibc-2.35-163/lib/libm.so.6
7f549116e000-7f549116f000 r--p 00000000 00:2699 4611686019027979946      /nix/store/4nlgxhb09sdr51nc9hdm8az5b08vzkgx-glibc-2.35-163/lib/librt.so.1
7f549116f000-7f5491170000 r-xp 00001000 00:2699 4611686019027979946      /nix/store/4nlgxhb09sdr51nc9hdm8az5b08vzkgx-glibc-2.35-163/lib/librt.so.1
7f5491170000-7f5491171000 r--p 00002000 00:2699 4611686019027979946      /nix/store/4nlgxhb09sdr51nc9hdm8az5b08vzkgx-glibc-2.35-163/lib/librt.so.1
7f5491171000-7f5491172000 r--p 00002000 00:2699 4611686019027979946      /nix/store/4nlgxhb09sdr51nc9hdm8az5b08vzkgx-glibc-2.35-163/lib/librt.so.1
7f5491172000-7f5491173000 rw-p 00003000 00:2699 4611686019027979946      /nix/store/4nlgxhb09sdr51nc9hdm8az5b08vzkgx-glibc-2.35-163/lib/librt.so.1
7f5491173000-7f5492286000 r-xp 00000000 00:2699 4611686019135360866      /nix/store/gpxl5qgg8kicmcvivwmybwjlpf7wh20l-graalvm17-ce-22.3.0/lib/server/libjvm.so
7f5492286000-7f5492287000 ---p 01113000 00:2699 4611686019135360866      /nix/store/gpxl5qgg8kicmcvivwmybwjlpf7wh20l-graalvm17-ce-22.3.0/lib/server/libjvm.so
7f5492287000-7f549233c000 r--p 01113000 00:2699 4611686019135360866      /nix/store/gpxl5qgg8kicmcvivwmybwjlpf7wh20l-graalvm17-ce-22.3.0/lib/server/libjvm.so
7f549233c000-7f5492370000 rw-p 011c8000 00:2699 4611686019135360866      /nix/store/gpxl5qgg8kicmcvivwmybwjlpf7wh20l-graalvm17-ce-22.3.0/lib/server/libjvm.so
7f5492370000-7f54923cc000 rw-p 00000000 00:00 0 
7f54923cc000-7f54923f4000 r--p 00000000 00:2699 4611686019027979918      /nix/store/4nlgxhb09sdr51nc9hdm8az5b08vzkgx-glibc-2.35-163/lib/libc.so.6
7f54923f4000-7f549256a000 r-xp 00028000 00:2699 4611686019027979918      /nix/store/4nlgxhb09sdr51nc9hdm8az5b08vzkgx-glibc-2.35-163/lib/libc.so.6
7f549256a000-7f54925c2000 r--p 0019e000 00:2699 4611686019027979918      /nix/store/4nlgxhb09sdr51nc9hdm8az5b08vzkgx-glibc-2.35-163/lib/libc.so.6
7f54925c2000-7f54925c6000 r--p 001f6000 00:2699 4611686019027979918      /nix/store/4nlgxhb09sdr51nc9hdm8az5b08vzkgx-glibc-2.35-163/lib/libc.so.6
7f54925c6000-7f54925c8000 rw-p 001fa000 00:2699 4611686019027979918      /nix/store/4nlgxhb09sdr51nc9hdm8az5b08vzkgx-glibc-2.35-163/lib/libc.so.6
7f54925c8000-7f54925d7000 rw-p 00000000 00:00 0 
7f54925d7000-7f54925d8000 r--p 00000000 00:2699 4611686019027979923      /nix/store/4nlgxhb09sdr51nc9hdm8az5b08vzkgx-glibc-2.35-163/lib/libdl.so.2
7f54925d8000-7f54925d9000 r-xp 00001000 00:2699 4611686019027979923      /nix/store/4nlgxhb09sdr51nc9hdm8az5b08vzkgx-glibc-2.35-163/lib/libdl.so.2
7f54925d9000-7f54925da000 r--p 00002000 00:2699 4611686019027979923      /nix/store/4nlgxhb09sdr51nc9hdm8az5b08vzkgx-glibc-2.35-163/lib/libdl.so.2
7f54925da000-7f54925db000 r--p 00002000 00:2699 4611686019027979923      /nix/store/4nlgxhb09sdr51nc9hdm8az5b08vzkgx-glibc-2.35-163/lib/libdl.so.2
7f54925db000-7f54925dc000 rw-p 00003000 00:2699 4611686019027979923      /nix/store/4nlgxhb09sdr51nc9hdm8az5b08vzkgx-glibc-2.35-163/lib/libdl.so.2
7f54925dc000-7f54925dd000 r--p 00000000 00:2699 4611686019027979942      /nix/store/4nlgxhb09sdr51nc9hdm8az5b08vzkgx-glibc-2.35-163/lib/libpthread.so.0
7f54925dd000-7f54925de000 r-xp 00001000 00:2699 4611686019027979942      /nix/store/4nlgxhb09sdr51nc9hdm8az5b08vzkgx-glibc-2.35-163/lib/libpthread.so.0
7f54925de000-7f54925df000 r--p 00002000 00:2699 4611686019027979942      /nix/store/4nlgxhb09sdr51nc9hdm8az5b08vzkgx-glibc-2.35-163/lib/libpthread.so.0
7f54925df000-7f54925e0000 r--p 00002000 00:2699 4611686019027979942      /nix/store/4nlgxhb09sdr51nc9hdm8az5b08vzkgx-glibc-2.35-163/lib/libpthread.so.0
7f54925e0000-7f54925e1000 rw-p 00003000 00:2699 4611686019027979942      /nix/store/4nlgxhb09sdr51nc9hdm8az5b08vzkgx-glibc-2.35-163/lib/libpthread.so.0
7f54925e1000-7f54925ef000 r-xp 00000000 00:2699 4611686019135190033      /nix/store/gpxl5qgg8kicmcvivwmybwjlpf7wh20l-graalvm17-ce-22.3.0/lib/libjli.so
7f54925ef000-7f54925f0000 ---p 0000e000 00:2699 4611686019135190033      /nix/store/gpxl5qgg8kicmcvivwmybwjlpf7wh20l-graalvm17-ce-22.3.0/lib/libjli.so
7f54925f0000-7f54925f1000 r--p 0000e000 00:2699 4611686019135190033      /nix/store/gpxl5qgg8kicmcvivwmybwjlpf7wh20l-graalvm17-ce-22.3.0/lib/libjli.so
7f54925f1000-7f54925f2000 rw-p 0000f000 00:2699 4611686019135190033      /nix/store/gpxl5qgg8kicmcvivwmybwjlpf7wh20l-graalvm17-ce-22.3.0/lib/libjli.so
7f54925f2000-7f54925f3000 rw-p 00012000 00:2699 4611686019135190033      /nix/store/gpxl5qgg8kicmcvivwmybwjlpf7wh20l-graalvm17-ce-22.3.0/lib/libjli.so
7f54925f3000-7f54925f6000 r--p 00000000 00:2699 4611686019106210071      /nix/store/026hln0aq1hyshaxsdvhg0kmcm6yf45r-zlib-1.2.13/lib/libz.so.1.2.13
7f54925f6000-7f5492608000 r-xp 00003000 00:2699 4611686019106210071      /nix/store/026hln0aq1hyshaxsdvhg0kmcm6yf45r-zlib-1.2.13/lib/libz.so.1.2.13
7f5492608000-7f549260f000 r--p 00015000 00:2699 4611686019106210071      /nix/store/026hln0aq1hyshaxsdvhg0kmcm6yf45r-zlib-1.2.13/lib/libz.so.1.2.13
7f549260f000-7f5492610000 r--p 0001b000 00:2699 4611686019106210071      /nix/store/026hln0aq1hyshaxsdvhg0kmcm6yf45r-zlib-1.2.13/lib/libz.so.1.2.13
7f5492610000-7f5492611000 rw-p 0001c000 00:2699 4611686019106210071      /nix/store/026hln0aq1hyshaxsdvhg0kmcm6yf45r-zlib-1.2.13/lib/libz.so.1.2.13
7f5492611000-7f5492613000 rw-p 00000000 00:00 0 
7f5492613000-7f5492615000 r--p 00000000 00:2699 4611686019027979912      /nix/store/4nlgxhb09sdr51nc9hdm8az5b08vzkgx-glibc-2.35-163/lib/ld-linux-x86-64.so.2
7f5492615000-7f549263c000 r-xp 00002000 00:2699 4611686019027979912      /nix/store/4nlgxhb09sdr51nc9hdm8az5b08vzkgx-glibc-2.35-163/lib/ld-linux-x86-64.so.2
7f549263c000-7f5492648000 r--p 00029000 00:2699 4611686019027979912      /nix/store/4nlgxhb09sdr51nc9hdm8az5b08vzkgx-glibc-2.35-163/lib/ld-linux-x86-64.so.2
7f5492648000-7f549264a000 r--p 00034000 00:2699 4611686019027979912      /nix/store/4nlgxhb09sdr51nc9hdm8az5b08vzkgx-glibc-2.35-163/lib/ld-linux-x86-64.so.2
7f549264a000-7f549264c000 rw-p 00036000 00:2699 4611686019027979912      /nix/store/4nlgxhb09sdr51nc9hdm8az5b08vzkgx-glibc-2.35-163/lib/ld-linux-x86-64.so.2
7ffe876aa000-7ffe876cf000 rw-p 00000000 00:00 0                          [stack]
7ffe87774000-7ffe87778000 r--p 00000000 00:00 0                          [vvar]
7ffe87778000-7ffe8777a000 r-xp 00000000 00:00 0                          [vdso]
ffffffffff600000-ffffffffff601000 --xp 00000000 00:00 0                  [vsyscall]


VM Arguments:
jvm_args: -XX:ThreadPriorityPolicy=1 -XX:+UnlockExperimentalVMOptions -XX:+EnableJVMCIProduct -XX:JVMCIThreadsPerNativeLibraryRuntime=1 -XX:-UnlockExperimentalVMOptions -Declipse.application=org.eclipse.jdt.ls.core.id1 -Dosgi.bundles.defaultStartLevel=4 -Declipse.product=org.eclipse.jdt.ls.core.product -Dlog.level=ALL -Xverify:none -XX:+UseParallelGC -XX:GCTimeRatio=4 -XX:AdaptiveSizePolicyWeight=90 -Dsun.zip.disableMemoryMapping=true -Xmx512m -Xms100m 
java_command: /nix/store/m6gcpi1ii6rghy04cjwjddcavv7i90df-jdt-language-server-1.9.0/share/java/plugins/org.eclipse.equinox.launcher_1.6.400.v20210924-0641.jar --add-modules=ALL-SYSTEM --add-opens java.base/java.util=ALL-UNNAMED --add-opens java.base/java.lang=ALL-UNNAMED -configuration /home/runner/.cache/jdt-language-server/config -data /home/runner/.cache/jdt-language-server/data/home/runner/RPG-game-10-English
java_class_path (initial): /nix/store/m6gcpi1ii6rghy04cjwjddcavv7i90df-jdt-language-server-1.9.0/share/java/plugins/org.eclipse.equinox.launcher_1.6.400.v20210924-0641.jar
Launcher Type: SUN_STANDARD

[Global flags]
    uintx AdaptiveSizePolicyWeight                 = 90                                        {product} {command line}
     intx CICompilerCount                          = 2                                         {product} {ergonomic}
     bool EnableJVMCIProduct                       = true                                {JVMCI product} {jimage}
    uintx GCTimeRatio                              = 4                                         {product} {command line}
   size_t InitialHeapSize                          = 104857600                                 {product} {command line}
     uint JVMCIThreadsPerNativeLibraryRuntime      = 1                                   {JVMCI product} {jimage}
   size_t MaxHeapSize                              = 536870912                                 {product} {command line}
   size_t MaxNewSize                               = 178782208                                 {product} {ergonomic}
   size_t MinHeapDeltaBytes                        = 524288                                    {product} {ergonomic}
   size_t MinHeapSize                              = 104857600                                 {product} {command line}
   size_t NewSize                                  = 34603008                                  {product} {ergonomic}
    uintx NonNMethodCodeHeapSize                   = 5826188                                {pd product} {ergonomic}
    uintx NonProfiledCodeHeapSize                  = 122916026                              {pd product} {ergonomic}
   size_t OldSize                                  = 70254592                                  {product} {ergonomic}
    uintx ProfiledCodeHeapSize                     = 122916026                              {pd product} {ergonomic}
    uintx ReservedCodeCacheSize                    = 251658240                              {pd product} {ergonomic}
     bool SegmentedCodeCache                       = true                                      {product} {ergonomic}
   size_t SoftMaxHeapSize                          = 536870912                              {manageable} {ergonomic}
     intx ThreadPriorityPolicy                     = 1                                         {product} {jimage}
     bool UseCompressedClassPointers               = true                           {product lp64_product} {ergonomic}
     bool UseCompressedOops                        = true                           {product lp64_product} {ergonomic}
     bool UseParallelGC                            = true                                      {product} {command line}

Logging:
Log output configuration:
 #0: stdout all=warning uptime,level,tags
 #1: stderr all=off uptime,level,tags

Environment Variables:
JAVA_HOME=/nix/store/gpxl5qgg8kicmcvivwmybwjlpf7wh20l-graalvm17-ce-22.3.0
PATH=/nix/store/1d6ian3r8kdzspw8hacjhl3xkp40g1lj-binutils-wrapper-2.39/bin:/nix/store/dq0xwmsk1g0i2ayg6pb7y87na2knzylh-gcc-wrapper-11.3.0/bin:/nix/store/bap4d0lpcrhpwmpb8ayjcgkmvfj62lnq-bash-interactive-5.1-p16/bin:/nix/store/pr5n59mb4jzmfx6kanwxly0l07p861fg-patchelf-0.15.0/bin:/nix/store/1gf2flfqnpqbr1b4p4qz2f72y42bs56r-gcc-11.3.0/bin:/nix/store/57xv61c5zi8pphjbcwxxjlgc34p61ic9-glibc-2.35-163-bin/bin:/nix/store/a7gvj343m05j2s32xcnwr35v31ynlypr-coreutils-9.1/bin:/nix/store/039g378vc3pc3dvi9dzdlrd0i4q93qwf-binutils-2.39/bin:/nix/store/gpxl5qgg8kicmcvivwmybwjlpf7wh20l-graalvm17-ce-22.3.0/bin:/nix/store/6z9ag3ihc8mq2hzsw48lhbznvzny65nz-apache-maven-3.8.6/bin:/nix/store/m6gcpi1ii6rghy04cjwjddcavv7i90df-jdt-language-server-1.9.0/bin:/nix/store/84xs5alhs01zrbr4ywm05kxbjbp5590l-java-debug/bin:/nix/store/mydc6f4k2z73xlcz7ilif3v2lcaiqvza-findutils-4.9.0/bin:/nix/store/j9p3g8472iijd50vhdprx0nmk2fqn5gv-diffutils-3.8/bin:/nix/store/89zs7rms6x00xfq4dq6m7mjnhkr8a6r4-gnused-4.8/bin:/nix/store/86bp03jkmsl6f92w0yzg4s59g5mhxwmy-gnugrep-3.7/bin:/nix/store/hwcdqw4jrjnd37wxqgsd47hd0j8bnj09-gawk-5.1.1/bin:/nix/store/cfbhw8r8ags41vwqaz47r583d0p4h4a1-gnutar-1.34/bin:/nix/store/p3m1ndl1lapwrlh698bnb5lvvxh67378-gzip-1.12/bin:/nix/store/a8mhcagrsly7c7mpjrpsnaahk4aax056-bzip2-1.0.8-bin/bin:/nix/store/mblgz65m3zv9x548a3d5m96fj2pbwr09-gnumake-4.3/bin:/nix/store/dsd5gz46hdbdk2rfdimqddhq6m8m8fqs-bash-5.1-p16/bin:/nix/store/v7ljksji50mg3w61dykaa3n3y79n6nil-patch-2.7.6/bin:/nix/store/zlcnmqq14jz5x9439jf937mvayyl63da-xz-5.2.7-bin/bin:/nix/store/y6aj732zm9m87c82fpvf103a1xb22blp-file-5.43/bin:/nix/store/i4kzir3m7mrisxmf5xvlnkw01x4qaqr4-prybar-elisp-0.0.0-e0d9a52/bin:/nix/store/lwwivxf6h7x3cvxp9zv8sj0mv7dak99r-prybar-lua-0.0.0-e0d9a52/bin:/nix/store/gxj28g1cg4hq3qanmjv07156h800qr58-prybar-python3-0.0.0-e0d9a52/bin:/nix/store/hshkjnxrgidigf8x75vg6lqng2xlx9i3-prybar-sqlite-0.0.0-e0d9a52/bin:/nix/store/c4w01bpjgyy5ixmwdk8m1pw87zq4sl26-prybar-tcl-0.0.0-e0d9a52/bin:/nix/store/hpbvrlwd5viqmvcaisb3x0118i913a9n-st
LD_LIBRARY_PATH=/nix/store/a4pff549sk2idnkpzk5nsfps3mdkdnvm-cups-2.4.2-lib/lib:/nix/store/72mqxxhh3cy5yifh92wh2yb8cl2hikyy-cairo-1.16.0/lib:/nix/store/2k366jrbsra97gjfxwvrhvixjfxdach5-glib-2.74.1/lib:/nix/store/2j2znigd8ak37rlwh9khz0ry3clqlw1l-gtk+3-3.24.34/lib:/nix/store/hisqvx32cd57apbpcsnkpx6k3549wql1-libglvnd-1.4.0/lib:/nix/store/p36pgcv991mq5srvg765b78yqpxvk3qs-mesa-21.3.3-drivers/lib:/nix/store/mav4251if1ahjq5vkpwycyyvnmy459c4-pulseaudio-14.2/lib
DISPLAY=:0
LANG=en_US.UTF-8

Signal Handlers:
   SIGSEGV: crash_handler in libjvm.so, mask=11100100010111111101111111111110, flags=SA_RESTART|SA_SIGINFO
    SIGBUS: crash_handler in libjvm.so, mask=11100100010111111101111111111110, flags=SA_RESTART|SA_SIGINFO
    SIGFPE: crash_handler in libjvm.so, mask=11100100010111111101111111111110, flags=SA_RESTART|SA_SIGINFO
   SIGPIPE: IsolateEnterStub_IgnoreSIGPIPEStartupHook_noopSignalHandler_8f19bff2f35b5f630d83b364d6b2339320d4ec70_216e8361c6bc87a8f89f58cc10d3b2fd4415bf87 in libjvmcicompiler.so, mask=00000000000000000000000000000000, flags=SA_RESTART
  *** Handler was modified!
  *** Expected: javaSignalHandler in libjvm.so, mask=11100100110111111111111111111110, flags=SA_RESTART|SA_SIGINFO
   SIGXFSZ: javaSignalHandler in libjvm.so, mask=11100100010111111101111111111110, flags=SA_RESTART|SA_SIGINFO
    SIGILL: crash_handler in libjvm.so, mask=11100100010111111101111111111110, flags=SA_RESTART|SA_SIGINFO
   SIGUSR2: SR_handler in libjvm.so, mask=00000000000000000000000000000000, flags=SA_RESTART|SA_SIGINFO
    SIGHUP: UserHandler in libjvm.so, mask=11100100010111111101111111111110, flags=SA_RESTART|SA_SIGINFO
    SIGINT: UserHandler in libjvm.so, mask=11100100010111111101111111111110, flags=SA_RESTART|SA_SIGINFO
   SIGTERM: UserHandler in libjvm.so, mask=11100100010111111101111111111110, flags=SA_RESTART|SA_SIGINFO
   SIGQUIT: UserHandler in libjvm.so, mask=11100100010111111101111111111110, flags=SA_RESTART|SA_SIGINFO
  *** Handler was modified!
  *** Expected: javaSignalHandler in libjvm.so, mask=11100100110111111111111111111110, flags=SA_RESTART|SA_SIGINFO
   SIGTRAP: crash_handler in libjvm.so, mask=11100100010111111101111111111110, flags=SA_RESTART|SA_SIGINFO


---------------  S Y S T E M  ---------------

OS:
DISTRIB_ID=Ubuntu
DISTRIB_RELEASE=20.04
DISTRIB_CODENAME=focal
DISTRIB_DESCRIPTION="Ubuntu 20.04.2 LTS"
uname: Linux 5.19.0-1022-gcp #24~22.04.1-Ubuntu SMP Sun Apr 23 09:51:08 UTC 2023 x86_64
OS uptime: 0 days 11:07 hours
libc: glibc 2.35 NPTL 2.35 
rlimit (soft/hard): STACK 8192k/infinity , CORE infinity/infinity , NPROC infinity/infinity , NOFILE 5242/5242 , AS infinity/infinity , CPU infinity/infinity , DATA infinity/infinity , FSIZE infinity/infinity , MEMLOCK 8192k/8192k
load average: 11.81 14.98 14.46

/proc/meminfo:
MemTotal:       65852256 kB
MemFree:         9940152 kB
MemAvailable:   35684928 kB
Buffers:         2563600 kB
Cached:         21497492 kB
SwapCached:            0 kB
Active:         10726984 kB
Inactive:       40137400 kB
Active(anon):      19984 kB
Inactive(anon): 26474532 kB
Active(file):   10707000 kB
Inactive(file): 13662868 kB
Unevictable:       55940 kB
Mlocked:           55940 kB
SwapTotal:             0 kB
SwapFree:              0 kB
Zswap:                 0 kB
Zswapped:              0 kB
Dirty:             13252 kB
Writeback:             0 kB
AnonPages:      25846316 kB
Mapped:          2247856 kB
Shmem:             42980 kB
KReclaimable:    2101508 kB
Slab:            3434396 kB
SReclaimable:    2101508 kB
SUnreclaim:      1332888 kB
KernelStack:      480352 kB
PageTables:       292052 kB
NFS_Unstable:          0 kB
Bounce:                0 kB
WritebackTmp:          0 kB
CommitLimit:    32926128 kB
Committed_AS:   93292852 kB
VmallocTotal:   34359738367 kB
VmallocUsed:      527644 kB
VmallocChunk:          0 kB
Percpu:            62624 kB
HardwareCorrupted:     0 kB
AnonHugePages:   4128768 kB
ShmemHugePages:        0 kB
ShmemPmdMapped:        0 kB
FileHugePages:         0 kB
FilePmdMapped:         0 kB
HugePages_Total:       0
HugePages_Free:        0
HugePages_Rsvd:        0
HugePages_Surp:        0
Hugepagesize:       2048 kB
Hugetlb:               0 kB
DirectMap4k:     6841144 kB
DirectMap2M:    53972992 kB
DirectMap1G:     8388608 kB

/sys/kernel/mm/transparent_hugepage/enabled: always [madvise] never
/sys/kernel/mm/transparent_hugepage/defrag (defrag/compaction efforts parameter): always defer defer+madvise [madvise] never

Process Memory:
Virtual Size: 4721736K (peak: 4795180K)
Resident Set Size: 802096K (peak: 830132K) (anon: 606004K, file: 196092K, shmem: 0K)
Swapped out: 0K
C-Heap outstanding allocations: 40044K, retained: 14095K
glibc malloc tunables: (default)

/proc/sys/kernel/threads-max (system-wide limit on the number of threads): 514406
/proc/sys/vm/max_map_count (maximum number of memory map areas a process may have): 65530
/proc/sys/kernel/pid_max (system-wide limit on number of process identifiers): 4194304

container (cgroup) information:
container_type: cgroupv1
cpu_cpuset_cpus: 2-7
cpu_memory_nodes: 0
active_processor_count: 1
cpu_quota: 50000
cpu_period: 100000
cpu_shares: 512
memory_limit_in_bytes: 1048576 k
memory_and_swap_limit_in_bytes: 1048576 k
memory_soft_limit_in_bytes: 524288 k
memory_usage_in_bytes: 673004 k
memory_max_usage_in_bytes: 1048580 k
maximum number of tasks: 1000
current number of tasks: 59

KVM virtualization detected
Steal ticks since vm start: 0
Steal ticks percentage since vm start:  0.000

CPU: total 8 (initial active 1) (8 cores per cpu, 2 threads per core) family 23 model 49 stepping 0 microcode 0xffffffff, cx8, cmov, fxsr, ht, mmx, 3dnowpref, sse, sse2, sse3, ssse3, sse4a, sse4.1, sse4.2, popcnt, lzcnt, tsc, tscinvbit, avx, avx2, aes, clmul, bmi1, bmi2, adx, sha, fma, vzeroupper, clflush, clflushopt, hv
CPU Model and flags from /proc/cpuinfo:
model name	: AMD EPYC 7B12
flags		: fpu vme de pse tsc msr pae mce cx8 apic sep mtrr pge mca cmov pat pse36 clflush mmx fxsr sse sse2 ht syscall nx mmxext fxsr_opt pdpe1gb rdtscp lm constant_tsc rep_good nopl nonstop_tsc cpuid extd_apicid tsc_known_freq pni pclmulqdq ssse3 fma cx16 sse4_1 sse4_2 movbe popcnt aes xsave avx f16c rdrand hypervisor lahf_lm cmp_legacy cr8_legacy abm sse4a misalignsse 3dnowprefetch osvw topoext ssbd ibrs ibpb stibp vmmcall fsgsbase tsc_adjust bmi1 avx2 smep bmi2 rdseed adx smap clflushopt clwb sha_ni xsaveopt xsavec xgetbv1 clzero xsaveerptr arat npt nrip_save umip rdpid

Online cpus: 0-7
Offline cpus: 
BIOS frequency limitation: <Not Available>
Frequency switch latency (ns): <Not Available>
Available cpu frequencies: <Not Available>
Current governor: <Not Available>
Core performance/turbo boost: <Not Available>

Memory: 4k page, physical 1048576k(375560k free), swap 0k(0k free)
Page Sizes: 4k

vm_info: OpenJDK 64-Bit Server VM (17.0.5+8-jvmci-22.3-b08) for linux-amd64 JRE (17.0.5+8-jvmci-22.3-b08), built on Oct 19 2022 09:01:27 by "buildslave" with gcc 10.3.0

END.
