#
# A fatal error has been detected by the Java Runtime Environment:
#
#  Internal Error (jvmciRuntime.cpp:1609), pid=18366, tid=18380
#  fatal error: Fatal exception in JVMCI: Error calling jdk.vm.ci.services.Services.serializeSavedProperties
#
# JRE version: OpenJDK Runtime Environment GraalVM CE 22.3.0 (17.0.5+8) (build 17.0.5+8-jvmci-22.3-b08)
# Java VM: OpenJDK 64-Bit Server VM GraalVM CE 22.3.0 (17.0.5+8-jvmci-22.3-b08, mixed mode, sharing, tiered, jvmci, jvmci compiler, compressed oops, compressed class ptrs, parallel gc, linux-amd64)
# Problematic frame:
# V  [libjvm.so+0x972714]  JVMCIRuntime::fatal_exception(JVMCIEnv*, char const*)+0x74
#
# Core dump will be written. Default location: Core dumps may be processed with "/usr/share/apport/apport -p%p -s%s -c%c -d%d -P%P -u%u -g%g -- %E" (or dumping to /home/runner/RPG-game-10-English/core.18366)
#
# If you would like to submit a bug report, please visit:
#   https://github.com/oracle/graal/issues
#

---------------  S U M M A R Y ------------

Command Line: -XX:ThreadPriorityPolicy=1 -XX:+UnlockExperimentalVMOptions -XX:+EnableJVMCIProduct -XX:JVMCIThreadsPerNativeLibraryRuntime=1 -XX:-UnlockExperimentalVMOptions -Declipse.application=org.eclipse.jdt.ls.core.id1 -Dosgi.bundles.defaultStartLevel=4 -Declipse.product=org.eclipse.jdt.ls.core.product -Dlog.level=ALL -Xverify:none -XX:+UseParallelGC -XX:GCTimeRatio=4 -XX:AdaptiveSizePolicyWeight=90 -Dsun.zip.disableMemoryMapping=true -Xmx512m -Xms100m /nix/store/m6gcpi1ii6rghy04cjwjddcavv7i90df-jdt-language-server-1.9.0/share/java/plugins/org.eclipse.equinox.launcher_1.6.400.v20210924-0641.jar --add-modules=ALL-SYSTEM --add-opens java.base/java.util=ALL-UNNAMED --add-opens java.base/java.lang=ALL-UNNAMED -configuration /home/runner/.cache/jdt-language-server/config -data /home/runner/.cache/jdt-language-server/data/home/runner/RPG-game-10-English

Host: AMD EPYC 7B12, 8 cores, 1G, Ubuntu 20.04.2 LTS
Time: Sun May 21 18:22:18 2023 UTC elapsed time: 1413.177173 seconds (0d 0h 23m 33s)

---------------  T H R E A D  ---------------

Current thread (0x00007face80b21e0):  JavaThread "JVMCI-native CompilerThread0" daemon [_thread_in_vm, id=18380, stack(0x00007faccd118000,0x00007faccd318000)]


Current CompileTask:
JVMCI-native:1413177 9884       4       java.lang.Thread::interrupted (23 bytes)

Stack: [0x00007faccd118000,0x00007faccd318000],  sp=0x00007faccd316380,  free space=2040k
Native frames: (J=compiled Java code, j=interpreted, Vv=VM code, C=native code)
V  [libjvm.so+0x972714]  JVMCIRuntime::fatal_exception(JVMCIEnv*, char const*)+0x74
V  [libjvm.so+0x93e2fe]  JVMCIEnv::copy_saved_properties()+0x14e
V  [libjvm.so+0x9732a9]  JVMCIRuntime::initialize(JVMCIEnv*)+0xb19
V  [libjvm.so+0x9738a2]  JVMCIRuntime::get_HotSpotJVMCIRuntime(JVMCIEnv*)+0x12
V  [libjvm.so+0x9749f2]  JVMCIRuntime::compile_method(JVMCIEnv*, JVMCICompiler*, methodHandle const&, int)+0xd2
V  [libjvm.so+0x5b0d20]  CompileBroker::invoke_compiler_on_method(CompileTask*)+0x1470
V  [libjvm.so+0x5b12e8]  CompileBroker::compiler_thread_loop()+0x528
V  [libjvm.so+0xd82460]  JavaThread::thread_main_inner()+0xd0
V  [libjvm.so+0xd85a40]  Thread::call_run()+0xc0
V  [libjvm.so+0xbdb1e1]  thread_native_entry(Thread*)+0xe1

Register to memory mapping:

RAX=0x00007facecde2000 points into unknown readable memory: 0x0000000000000058 | 58 00 00 00 00 00 00 00
RBX=0x00007facededd398: <offset 0x0000000000ef5398> in /nix/store/gpxl5qgg8kicmcvivwmybwjlpf7wh20l-graalvm17-ce-22.3.0/lib/server/libjvm.so at 0x00007facecfe8000
RCX=0x00007facede951e8: <offset 0x0000000000ead1e8> in /nix/store/gpxl5qgg8kicmcvivwmybwjlpf7wh20l-graalvm17-ce-22.3.0/lib/server/libjvm.so at 0x00007facecfe8000
RDX=0x0000000000000649 is an unknown value
RSP=0x00007faccd316380 is pointing into the stack for thread: 0x00007face80b21e0
RBP=0x00007faccd3163a0 is pointing into the stack for thread: 0x00007face80b21e0
RSI=0x00007facededdc48: <offset 0x0000000000ef5c48> in /nix/store/gpxl5qgg8kicmcvivwmybwjlpf7wh20l-graalvm17-ce-22.3.0/lib/server/libjvm.so at 0x00007facecfe8000
RDI=0x00000000e0000000 is an oop: [B 
{0x00000000e0000000} - klass: {type array byte}
 - length: 79
R8 =0x00007facededd398: <offset 0x0000000000ef5398> in /nix/store/gpxl5qgg8kicmcvivwmybwjlpf7wh20l-graalvm17-ce-22.3.0/lib/server/libjvm.so at 0x00007facecfe8000
R9 =0x00007faccd316330 is pointing into the stack for thread: 0x00007face80b21e0
R10=0x00007faccd317948 is pointing into the stack for thread: 0x00007face80b21e0
R11=0x0000000000000293 is an unknown value
R12=0x0 is NULL
R13=0x00007face80b21e0 is a thread
R14=0x00007face8000b80 points into unknown readable memory: 0x00007facee10ea38 | 38 ea 10 ee ac 7f 00 00
R15=0x00007facee21ce40: <offset 0x0000000001234e40> in /nix/store/gpxl5qgg8kicmcvivwmybwjlpf7wh20l-graalvm17-ce-22.3.0/lib/server/libjvm.so at 0x00007facecfe8000


Registers:
RAX=0x00007facecde2000, RBX=0x00007facededd398, RCX=0x00007facede951e8, RDX=0x0000000000000649
RSP=0x00007faccd316380, RBP=0x00007faccd3163a0, RSI=0x00007facededdc48, RDI=0x00000000e0000000
R8 =0x00007facededd398, R9 =0x00007faccd316330, R10=0x00007faccd317948, R11=0x0000000000000293
R12=0x0000000000000000, R13=0x00007face80b21e0, R14=0x00007face8000b80, R15=0x00007facee21ce40
RIP=0x00007faced95a714, EFLAGS=0x0000000000010206, CSGSFS=0x002b000000000033, ERR=0x0000000000000006
  TRAPNO=0x000000000000000e

Top of Stack: (sp=0x00007faccd316380)
0x00007faccd316380:   00007faccd316940 00007face80b21e0
0x00007faccd316390:   00007facec7738c8 0000000800c417a0
0x00007faccd3163a0:   00007faccd316500 00007faced9262fe
0x00007faccd3163b0:   00007faccd3163e0 00007faccd316440 

Instructions: (pc=0x00007faced95a714)
0x00007faced95a614:   30 e8 f6 cf e8 ff 4c 89 e7 e8 2e 48 d1 ff 84 db
0x00007faced95a624:   75 2a 4d 85 ed 74 04 4d 8b 6d 00 48 83 c4 08 44
0x00007faced95a634:   89 f9 4c 89 f2 4c 89 ee 5b 4c 89 e7 41 5c 41 5d
0x00007faced95a644:   41 5e 41 5f 5d e9 e2 47 d1 ff 66 90 48 83 c4 08
0x00007faced95a654:   5b 41 5c 41 5d 41 5e 41 5f 5d c3 90 31 d2 be 08
0x00007faced95a664:   00 00 00 4c 89 ff e8 b1 78 a3 ff 49 89 c5 e9 37
0x00007faced95a674:   ff ff ff 66 0f 1f 84 00 00 00 00 00 48 8b 7a 08
0x00007faced95a684:   e9 6d ff ff ff 0f 1f 80 00 00 00 00 e8 5b 48 0a
0x00007faced95a694:   00 84 c0 75 89 e9 6a ff ff ff 66 90 55 48 89 e5
0x00007faced95a6a4:   41 56 41 55 41 54 49 89 fc 53 48 89 f3 66 48 8d
0x00007faced95a6b4:   3d 27 5e 85 00 66 66 48 e8 df 43 8d ff 4c 8b 28
0x00007faced95a6c4:   8b 05 be 72 8a 00 85 c0 75 14 ba 01 00 00 00 48
0x00007faced95a6d4:   8d 0d ae 72 8a 00 f0 0f b1 11 85 c0 74 4e be c8
0x00007faced95a6e4:   00 00 00 4c 89 ef e8 01 0b 41 00 48 8d 05 12 ac
0x00007faced95a6f4:   85 00 49 89 d8 48 8d 0d e8 aa 53 00 ba 49 06 00
0x00007faced95a704:   00 48 8d 35 3c 35 58 00 bf 00 00 00 e0 48 8b 00
0x00007faced95a714:   c6 00 58 31 c0 e8 e2 91 c6 ff 5b 41 5c 41 5d 41
0x00007faced95a724:   5e 5d e9 55 34 26 00 0f 1f 44 00 00 48 8d 05 81
0x00007faced95a734:   a3 8b 00 48 89 df 4c 8b 30 e8 9e 43 8d ff 48 89
0x00007faced95a744:   de 48 89 c2 49 8b 06 4c 89 f7 ff 50 08 4c 89 f7
0x00007faced95a754:   e8 a7 5c 27 00 4d 85 e4 74 12 be 01 00 00 00 4c
0x00007faced95a764:   89 e7 e8 35 43 fc ff eb 82 0f 1f 00 be 01 00 00
0x00007faced95a774:   00 4c 89 ef e8 d3 fd ff ff e9 6d ff ff ff 66 66
0x00007faced95a784:   2e 0f 1f 84 00 00 00 00 00 0f 1f 00 55 48 89 e5
0x00007faced95a794:   41 57 41 56 41 55 41 54 53 48 81 ec 08 02 00 00
0x00007faced95a7a4:   64 48 8b 04 25 28 00 00 00 48 89 45 c8 8b 07 83
0x00007faced95a7b4:   f8 02 0f 84 11 04 00 00 4c 8b 6f 18 49 89 ff 49
0x00007faced95a7c4:   89 f4 4d 85 ed 74 14 4c 89 ef e8 5d 57 22 00 41
0x00007faced95a7d4:   8b 07 83 f8 02 0f 84 19 04 00 00 48 8d 1d 9a 06
0x00007faced95a7e4:   8a 00 4c 8d 35 0b 3c 58 00 eb 38 90 48 85 d2 7f
0x00007faced95a7f4:   0d 48 8d 05 b4 c0 85 00 48 83 38 00 7e 0e 41 8b
0x00007faced95a804:   77 2c 4c 89 f7 31 c0 e8 a0 b2 f7 ff 49 8b 7f 18 


Stack slot to memory mapping:
stack at sp + 0 slots: 0x00007faccd316940 is pointing into the stack for thread: 0x00007face80b21e0
stack at sp + 1 slots: 0x00007face80b21e0 is a thread
stack at sp + 2 slots: 0x00007facec7738c8 points into unknown readable memory: 0x6573001880c9ffff | ff ff c9 80 18 00 73 65
stack at sp + 3 slots: 0x0000000800c417a0 is a pointer to class: 
jdk.vm.ci.services.Services {0x0000000800c417a0}
 - instance size:     2
 - klass size:        65
 - access:            public final synchronized 
 - state:             fully_initialized
 - name:              'jdk/vm/ci/services/Services'
 - super:             'java/lang/Object'
 - sub:               
 - arrays:            NULL
 - methods:           Array<T>(0x00007faccdc41ad0)
 - method ordering:   Array<T>(0x0000000800928960)
 - default_methods:   Array<T>(0x0000000000000000)
 - local interfaces:  Array<T>(0x00000008005ce810)
 - trans. interfaces: Array<T>(0x00000008005ce810)
 - constants:         constant pool [427] {0x00007faccdc40bb0} for 'jdk/vm/ci/services/Services' cache=0x00007faccdc42da0
 - class loader data:  loader data: 0x00007face80283f0 of 'bootstrap'
 - source file:       'Services.java'
 - class annotations:       Array<T>(0x0000000000000000)
 - class type annotations:  Array<T>(0x0000000000000000)
 - field annotations:       Array<T>(0x0000000000000000)
 - field type annotations:  Array<T>(0x0000000000000000)
 - inner classes:     Array<T>(0x00007faccdc42d70)
 - nest members:     Array<T>(0x00007faccdc42d90)
 - permitted subclasses:     Array<T>(0x00000008005ce7a0)
 - java mirror:       a 'java/lang/Class'{0x00000000e02b4b18} = 'jdk/vm/ci/services/Services'
 - vtable length      5  (start addr: 0x0000000800c41970)
 - itable length      2 (start addr: 0x0000000800c41998)
 - ---- static fields (3 words):
 - public static final 'IS_BUILDING_NATIVE_IMAGE' 'Z' @128 
 - public static final 'IS_IN_NATIVE_IMAGE' 'Z' @129 
 - private static volatile 'savedProperties' 'Ljava/util/Map;' @112 
 - static final 'JVMCI_ENABLED' 'Z' @130 
 - private static final 'servicesCache' 'Ljava/util/Map;' @116 
 - private static final 'MAX_UNICODE_IN_UTF8_LENGTH' 'I' @120 
 - private static final 'MAX_UTF8_PROPERTY_STRING_LENGTH' 'I' @124 
 - ---- non-static fields (0 words):
 - non-static oop maps: 
stack at sp + 4 slots: 0x00007faccd316500 is pointing into the stack for thread: 0x00007face80b21e0
stack at sp + 5 slots: 0x00007faced9262fe: <offset 0x000000000093e2fe> in /nix/store/gpxl5qgg8kicmcvivwmybwjlpf7wh20l-graalvm17-ce-22.3.0/lib/server/libjvm.so at 0x00007facecfe8000
stack at sp + 6 slots: 0x00007faccd3163e0 is pointing into the stack for thread: 0x00007face80b21e0
stack at sp + 7 slots: 0x00007faccd316440 is pointing into the stack for thread: 0x00007face80b21e0


---------------  P R O C E S S  ---------------

Threads class SMR info:
_java_thread_list=0x00007fac74250620, length=26, elements={
0x00007face8026690, 0x00007face80a64d0, 0x00007face80a7910, 0x00007face80ae050,
0x00007face80af400, 0x00007face80b07f0, 0x00007face80b21e0, 0x00007face80b36f0,
0x00007face80b4b40, 0x00007face80d8270, 0x00007face811f910, 0x00007face82c4c90,
0x00007face830d150, 0x00007face830fce0, 0x00007fac7c032e70, 0x00007fac7c415ef0,
0x00007fac70000ff0, 0x00007fac7c663ce0, 0x00007fac7c7397b0, 0x00007face8364d10,
0x00007face83f80e0, 0x00007fac70002330, 0x00007fac74268280, 0x00007fac541d7060,
0x00007fac541a79f0, 0x00007fac7424e440
}

Java Threads: ( => current thread )
  0x00007face8026690 JavaThread "main" [_thread_blocked, id=18372, stack(0x00007facece03000,0x00007facecf03000)]
  0x00007face80a64d0 JavaThread "Reference Handler" daemon [_thread_blocked, id=18375, stack(0x00007faccd9fe000,0x00007faccdafe000)]
  0x00007face80a7910 JavaThread "Finalizer" daemon [_thread_blocked, id=18376, stack(0x00007faccd8fe000,0x00007faccd9fe000)]
  0x00007face80ae050 JavaThread "Signal Dispatcher" daemon [_thread_blocked, id=18377, stack(0x00007faccd518000,0x00007faccd618000)]
  0x00007face80af400 JavaThread "Service Thread" daemon [_thread_blocked, id=18378, stack(0x00007faccd418000,0x00007faccd518000)]
  0x00007face80b07f0 JavaThread "Monitor Deflation Thread" daemon [_thread_blocked, id=18379, stack(0x00007faccd318000,0x00007faccd418000)]
=>0x00007face80b21e0 JavaThread "JVMCI-native CompilerThread0" daemon [_thread_in_vm, id=18380, stack(0x00007faccd118000,0x00007faccd318000)]
  0x00007face80b36f0 JavaThread "C1 CompilerThread0" daemon [_thread_blocked, id=18381, stack(0x00007facccf18000,0x00007faccd118000)]
  0x00007face80b4b40 JavaThread "Sweeper thread" daemon [_thread_blocked, id=18382, stack(0x00007faccce18000,0x00007facccf18000)]
  0x00007face80d8270 JavaThread "Common-Cleaner" daemon [_thread_blocked, id=18383, stack(0x00007facccd18000,0x00007faccce18000)]
  0x00007face811f910 JavaThread "Notification Thread" daemon [_thread_blocked, id=18384, stack(0x00007facccc18000,0x00007facccd18000)]
  0x00007face82c4c90 JavaThread "Active Thread: Equinox Container: a4c1df0c-6fb8-43d3-9973-cce3ca301e9f" [_thread_blocked, id=18393, stack(0x00007faccc900000,0x00007faccca00000)]
  0x00007face830d150 JavaThread "Framework Event Dispatcher: Equinox Container: a4c1df0c-6fb8-43d3-9973-cce3ca301e9f" daemon [_thread_blocked, id=18398, stack(0x00007faccc700000,0x00007faccc800000)]
  0x00007face830fce0 JavaThread "Start Level: Equinox Container: a4c1df0c-6fb8-43d3-9973-cce3ca301e9f" daemon [_thread_blocked, id=18399, stack(0x00007faccc500000,0x00007faccc600000)]
  0x00007fac7c032e70 JavaThread "SCR Component Actor" daemon [_thread_blocked, id=18400, stack(0x00007faccc300000,0x00007faccc400000)]
  0x00007fac7c415ef0 JavaThread "Worker-JM" [_thread_blocked, id=18405, stack(0x00007fac94900000,0x00007fac94a00000)]
  0x00007fac70000ff0 JavaThread "Worker-2: Java indexing... " [_thread_blocked, id=18409, stack(0x00007fac94300000,0x00007fac94400000)]
  0x00007fac7c663ce0 JavaThread "Java indexing" daemon [_thread_blocked, id=18410, stack(0x00007fac94100000,0x00007fac94200000)]
  0x00007fac7c7397b0 JavaThread "Bundle File Closer" daemon [_thread_blocked, id=18411, stack(0x00007fac93f00000,0x00007fac94000000)]
  0x00007face8364d10 JavaThread "pool-3-thread-1" [_thread_blocked, id=18416, stack(0x00007fac93d00000,0x00007fac93e00000)]
  0x00007face83f80e0 JavaThread "pool-2-thread-1" [_thread_blocked, id=18417, stack(0x00007fac93b00000,0x00007fac93c00000)]
  0x00007fac70002330 JavaThread "Worker-3: Periodic workspace save." [_thread_blocked, id=18422, stack(0x00007faccc100000,0x00007faccc200000)]
  0x00007fac74268280 JavaThread "Worker-4: Compacting resource model" [_thread_blocked, id=18435, stack(0x00007fac93900000,0x00007fac93a00000)]
  0x00007fac541d7060 JavaThread "Thread-7" [_thread_blocked, id=18745, stack(0x00007fac94700000,0x00007fac94800000)]
  0x00007fac541a79f0 JavaThread "Thread-8" [_thread_blocked, id=18939, stack(0x00007fac94500000,0x00007fac94600000)]
  0x00007fac7424e440 JavaThread "ForkJoinPool-1-worker-1" daemon [_thread_blocked, id=20532, stack(0x00007fac93500000,0x00007fac93600000)]

Other Threads:
  0x00007face80a1c10 VMThread "VM Thread" [stack: 0x00007faccdb00000,0x00007faccdc00000] [id=18374] _threads_hazard_ptr=0x00007fac74250620
  0x00007face81212b0 WatcherThread [stack: 0x00007facccb18000,0x00007facccc18000] [id=18385]
  0x00007face803df30 GCTaskThread "GC Thread#0" [stack: 0x00007facec9c6000,0x00007facecac6000] [id=18373]

Threads with active compile tasks:
JVMCI-native CompilerThread0  1413243 9884       4       java.lang.Thread::interrupted (23 bytes)

VM state: synchronizing (normal execution)

VM Mutex/Monitor currently owned by a thread:  ([mutex/lock_event])
[0x00007face8023840] Threads_lock - owner thread: 0x00007face80a1c10
[0x00007face8023ff0] Heap_lock - owner thread: 0x00007fac70000ff0

OutOfMemory and StackOverflow Exception counts:
OutOfMemoryError java_heap_errors=5
LinkageErrors=58

Heap address: 0x00000000e0000000, size: 512 MB, Compressed Oops mode: 32-bit

CDS archive(s) mapped at: [0x0000000800000000-0x0000000800bc8000-0x0000000800bc8000), size 12353536, SharedBaseAddress: 0x0000000800000000, ArchiveRelocationMode: 0.
Compressed class space mapped at: 0x0000000800c00000-0x0000000840c00000, reserved size: 1073741824
Narrow klass base: 0x0000000800000000, Narrow klass shift: 0, Narrow klass range: 0x100000000

GC Precious Log:
 CPUs: 8 total, 1 available
 Memory: 1024M
 Large Page Support: Disabled
 NUMA Support: Disabled
 Compressed Oops: Enabled (32-bit)
 Alignments: Space 512K, Generation 512K, Heap 2M
 Heap Min Capacity: 100M
 Heap Initial Capacity: 100M
 Heap Max Capacity: 512M
 Pre-touch: Disabled
 Parallel Workers: 1

Heap:
 PSYoungGen      total 50176K, used 30720K [0x00000000f5580000, 0x00000000fa700000, 0x0000000100000000)
  eden space 30720K, 100% used [0x00000000f5580000,0x00000000f7380000,0x00000000f7380000)
  from space 19456K, 0% used [0x00000000f7380000,0x00000000f7380000,0x00000000f8680000)
  to   space 23552K, 0% used [0x00000000f9000000,0x00000000f9000000,0x00000000fa700000)
 ParOldGen       total 349696K, used 349695K [0x00000000e0000000, 0x00000000f5580000, 0x00000000f5580000)
  object space 349696K, 99% used [0x00000000e0000000,0x00000000f557fff8,0x00000000f5580000)
 Metaspace       used 56169K, committed 57344K, reserved 1105920K
  class space    used 5248K, committed 5760K, reserved 1048576K

Card table byte_map: [0x00007facecac6000,0x00007facecbc7000] _byte_map_base: 0x00007facec3c6000

Marking Bits: (ParMarkBitMap*) 0x00007facee2164c0
 Begin Bits: [0x00007facce4b3000, 0x00007faccecb3000)
 End Bits:   [0x00007faccecb3000, 0x00007faccf4b3000)

Polling page: 0x00007facecde0000

Metaspace:

Usage:
  Non-class:     49.73 MB used.
      Class:      5.13 MB used.
       Both:     54.85 MB used.

Virtual space:
  Non-class space:       56.00 MB reserved,      50.38 MB ( 90%) committed,  7 nodes.
      Class space:        1.00 GB reserved,       5.62 MB ( <1%) committed,  1 nodes.
             Both:        1.05 GB reserved,      56.00 MB (  5%) committed. 

Chunk freelists:
   Non-Class:  1.78 MB
       Class:  2.41 MB
        Both:  4.19 MB

MaxMetaspaceSize: unlimited
CompressedClassSpaceSize: 1.00 GB
Initial GC threshold: 21.00 MB
Current GC threshold: 93.12 MB
CDS: on
MetaspaceReclaimPolicy: balanced
 - commit_granule_bytes: 65536.
 - commit_granule_words: 8192.
 - virtual_space_node_default_size: 1048576.
 - enlarge_chunks_in_place: 1.
 - new_chunks_are_fully_committed: 0.
 - uncommit_free_chunks: 1.
 - use_allocation_guard: 0.
 - handle_deallocations: 1.


Internal statistics:

num_allocs_failed_limit: 6.
num_arena_births: 478.
num_arena_deaths: 146.
num_vsnodes_births: 8.
num_vsnodes_deaths: 0.
num_space_committed: 895.
num_space_uncommitted: 0.
num_chunks_returned_to_freelist: 204.
num_chunks_taken_from_freelist: 2840.
num_chunk_merges: 86.
num_chunk_splits: 1835.
num_chunks_enlarged: 1156.
num_purges: 4.
num_inconsistent_stats: 0.

CodeHeap 'non-profiled nmethods': size=120036Kb used=2954Kb max_used=2954Kb free=117081Kb
 bounds [0x00007facd6f7a000, 0x00007facd726a000, 0x00007facde4b3000]
CodeHeap 'profiled nmethods': size=120032Kb used=18116Kb max_used=18116Kb free=101915Kb
 bounds [0x00007faccfa42000, 0x00007facd0c02000, 0x00007facd6f7a000]
CodeHeap 'non-nmethods': size=5692Kb used=1357Kb max_used=1363Kb free=4335Kb
 bounds [0x00007faccf4b3000, 0x00007faccf723000, 0x00007faccfa42000]
 total_blobs=8231 nmethods=7539 adapters=583
 compilation: enabled
              stopped_count=0, restarted_count=0
 full_count=0

JVMCI Events (20 events):
Event: 961.958 Thread 0x00007face80b21e0 releasing handles for JVMCI runtime 0: oop handles=63, metadata handles={total=100, live=100, blocks=37}
Event: 961.958 Thread 0x00007face80b21e0 detached from JVMCI runtime 0
Event: 1199.951 Thread 0x00007face80b21e0 attached to JVMCI runtime 0
Event: 1199.952 Thread 0x00007face80b21e0 created JavaVM[10]@0x00007fac92f9e340 for JVMCI runtime 0
Event: 1199.952 Thread 0x00007face80b21e0 initializing JVMCI runtime 0
Event: 1199.952 Thread 0x00007face80b21e0 done waiting for JavaVM references initialization in JVMCI runtime 0
Event: 1215.360 Thread 0x00007face80b21e0 initialized JVMCI runtime 0
Event: 1235.439 Thread 0x00007face80b21e0 compacted oop handles in JVMCI runtime 0 from 119 to 90
Event: 1240.644 Thread 0x00007face80b21e0 detaching from JVMCI runtime 0: releasing idle compiler thread (0 other threads still attached)
Event: 1240.644 Thread 0x00007face80b21e0 shutting down HotSpotJVMCIRuntime for JVMCI runtime 0
Event: 1241.848 Thread 0x00007face80b21e0 compacted oop handles in JVMCI runtime 0 from 95 to 42
Event: 1241.848 Thread 0x00007face80b21e0 shut down JVMCI runtime 0
Event: 1242.954 Thread 0x00007face80b21e0 destroyed JavaVM[10]@0x00007fac92f9e340 for JVMCI runtime 0
Event: 1242.954 Thread 0x00007face80b21e0 compacted oop handles in JVMCI runtime 0 from 42 to 42
Event: 1242.954 Thread 0x00007face80b21e0 releasing handles for JVMCI runtime 0: oop handles=42, metadata handles={total=166, live=163, blocks=37}
Event: 1242.954 Thread 0x00007face80b21e0 detached from JVMCI runtime 0
Event: 1377.533 Thread 0x00007face80b21e0 attached to JVMCI runtime 0
Event: 1377.534 Thread 0x00007face80b21e0 created JavaVM[11]@0x00007fac92f9e340 for JVMCI runtime 0
Event: 1378.862 Thread 0x00007face80b21e0 initializing JVMCI runtime 0
Event: 1378.862 Thread 0x00007face80b21e0 done waiting for JavaVM references initialization in JVMCI runtime 0

Compilation events (20 events):
Event: 1215.366 Thread 0x00007face80b36f0 9873       3       java.util.concurrent.locks.AbstractQueuedSynchronizer$Node::<init> (5 bytes)
Event: 1215.366 Thread 0x00007face80b36f0 nmethod 9873 0x00007facd0584690 code [0x00007facd0584840, 0x00007facd0584990]
Event: 1219.762 Thread 0x00007face80b21e0 nmethod 9869 0x00007facd725a090 code [0x00007facd725a220, 0x00007facd725a418]
Event: 1219.763 Thread 0x00007face80b21e0 9874       4       java.lang.invoke.MethodType::makeImpl (109 bytes)
Event: 1235.439 Thread 0x00007face80b21e0 nmethod 9874 0x00007facd725a610 code [0x00007facd725a860, 0x00007facd725b368]
Event: 1235.439 Thread 0x00007face80b21e0 9876       4       java.lang.AbstractStringBuilder::append (63 bytes)
Event: 1239.456 Thread 0x00007face80b21e0 nmethod 9876 0x00007facd725ba10 code [0x00007facd725bba0, 0x00007facd725c108]
Event: 1261.565 Thread 0x00007face80b36f0 9878       3       org.eclipse.jdt.ls.core.internal.handlers.ProgressReporterManager$ProgressReporter::subTask (40 bytes)
Event: 1261.566 Thread 0x00007face80b36f0 nmethod 9878 0x00007facd097e310 code [0x00007facd097e4e0, 0x00007facd097e810]
Event: 1341.773 Thread 0x00007face80b36f0 9880       3       java.lang.invoke.MethodHandleNatives::refKindHasReceiver (33 bytes)
Event: 1342.925 Thread 0x00007face80b36f0 nmethod 9880 0x00007facd0869c90 code [0x00007facd0869e20, 0x00007facd0869f70]
Event: 1346.249 Thread 0x00007face80b36f0 9881       3       java.util.concurrent.locks.AbstractQueuedSynchronizer$Node::clearStatus (12 bytes)
Event: 1346.250 Thread 0x00007face80b36f0 nmethod 9881 0x00007facd05a3e90 code [0x00007facd05a4040, 0x00007facd05a41a0]
Event: 1346.250 Thread 0x00007face80b36f0 9882       3       jdk.internal.misc.Unsafe::putIntOpaque (9 bytes)
Event: 1347.425 Thread 0x00007face80b36f0 nmethod 9882 0x00007facd06db490 code [0x00007facd06db620, 0x00007facd06db730]
Event: 1349.751 Thread 0x00007face80b36f0 9883   !   3       java.util.concurrent.locks.AbstractQueuedSynchronizer::acquire (407 bytes)
Event: 1354.268 Thread 0x00007face80b36f0 nmethod 9883 0x00007facd0bf3590 code [0x00007facd0bf3900, 0x00007facd0bf5720]
Event: 1377.533 Thread 0x00007face80b21e0 9884       4       java.lang.Thread::interrupted (23 bytes)
Event: 1398.470 Thread 0x00007face80b36f0 9885       3       java.util.concurrent.ThreadLocalRandom::getProbe (13 bytes)
Event: 1398.470 Thread 0x00007face80b36f0 nmethod 9885 0x00007facd0274210 code [0x00007facd02743a0, 0x00007facd02744b0]

GC Heap History (20 events):
Event: 1399.737 GC heap before
{Heap before GC invocations=1223 (full 1144):
 PSYoungGen      total 50176K, used 30720K [0x00000000f5580000, 0x00000000fa700000, 0x0000000100000000)
  eden space 30720K, 100% used [0x00000000f5580000,0x00000000f7380000,0x00000000f7380000)
  from space 19456K, 0% used [0x00000000f7380000,0x00000000f7380000,0x00000000f8680000)
  to   space 23552K, 0% used [0x00000000f9000000,0x00000000f9000000,0x00000000fa700000)
 ParOldGen       total 349696K, used 349695K [0x00000000e0000000, 0x00000000f5580000, 0x00000000f5580000)
  object space 349696K, 99% used [0x00000000e0000000,0x00000000f557fff8,0x00000000f5580000)
 Metaspace       used 56169K, committed 57344K, reserved 1105920K
  class space    used 5248K, committed 5760K, reserved 1048576K
}
Event: 1401.055 GC heap after
{Heap after GC invocations=1223 (full 1144):
 PSYoungGen      total 54272K, used 30720K [0x00000000f5580000, 0x00000000fa700000, 0x0000000100000000)
  eden space 30720K, 100% used [0x00000000f5580000,0x00000000f7380000,0x00000000f7380000)
  from space 23552K, 0% used [0x00000000f9000000,0x00000000f9000000,0x00000000fa700000)
  to   space 19456K, 0% used [0x00000000f7380000,0x00000000f7380000,0x00000000f8680000)
 ParOldGen       total 349696K, used 349695K [0x00000000e0000000, 0x00000000f5580000, 0x00000000f5580000)
  object space 349696K, 99% used [0x00000000e0000000,0x00000000f557fff8,0x00000000f5580000)
 Metaspace       used 56169K, committed 57344K, reserved 1105920K
  class space    used 5248K, committed 5760K, reserved 1048576K
}
Event: 1401.055 GC heap before
{Heap before GC invocations=1224 (full 1145):
 PSYoungGen      total 54272K, used 30720K [0x00000000f5580000, 0x00000000fa700000, 0x0000000100000000)
  eden space 30720K, 100% used [0x00000000f5580000,0x00000000f7380000,0x00000000f7380000)
  from space 23552K, 0% used [0x00000000f9000000,0x00000000f9000000,0x00000000fa700000)
  to   space 19456K, 0% used [0x00000000f7380000,0x00000000f7380000,0x00000000f8680000)
 ParOldGen       total 349696K, used 349695K [0x00000000e0000000, 0x00000000f5580000, 0x00000000f5580000)
  object space 349696K, 99% used [0x00000000e0000000,0x00000000f557fff8,0x00000000f5580000)
 Metaspace       used 56169K, committed 57344K, reserved 1105920K
  class space    used 5248K, committed 5760K, reserved 1048576K
}
Event: 1402.257 GC heap after
{Heap after GC invocations=1224 (full 1145):
 PSYoungGen      total 50176K, used 30720K [0x00000000f5580000, 0x00000000fa700000, 0x0000000100000000)
  eden space 30720K, 100% used [0x00000000f5580000,0x00000000f7380000,0x00000000f7380000)
  from space 19456K, 0% used [0x00000000f7380000,0x00000000f7380000,0x00000000f8680000)
  to   space 23552K, 0% used [0x00000000f9000000,0x00000000f9000000,0x00000000fa700000)
 ParOldGen       total 349696K, used 349695K [0x00000000e0000000, 0x00000000f5580000, 0x00000000f5580000)
  object space 349696K, 99% used [0x00000000e0000000,0x00000000f557fff8,0x00000000f5580000)
 Metaspace       used 56169K, committed 57344K, reserved 1105920K
  class space    used 5248K, committed 5760K, reserved 1048576K
}
Event: 1402.257 GC heap before
{Heap before GC invocations=1225 (full 1146):
 PSYoungGen      total 50176K, used 30720K [0x00000000f5580000, 0x00000000fa700000, 0x0000000100000000)
  eden space 30720K, 100% used [0x00000000f5580000,0x00000000f7380000,0x00000000f7380000)
  from space 19456K, 0% used [0x00000000f7380000,0x00000000f7380000,0x00000000f8680000)
  to   space 23552K, 0% used [0x00000000f9000000,0x00000000f9000000,0x00000000fa700000)
 ParOldGen       total 349696K, used 349695K [0x00000000e0000000, 0x00000000f5580000, 0x00000000f5580000)
  object space 349696K, 99% used [0x00000000e0000000,0x00000000f557fff8,0x00000000f5580000)
 Metaspace       used 56169K, committed 57344K, reserved 1105920K
  class space    used 5248K, committed 5760K, reserved 1048576K
}
Event: 1403.371 GC heap after
{Heap after GC invocations=1225 (full 1146):
 PSYoungGen      total 54272K, used 30720K [0x00000000f5580000, 0x00000000fa700000, 0x0000000100000000)
  eden space 30720K, 100% used [0x00000000f5580000,0x00000000f7380000,0x00000000f7380000)
  from space 23552K, 0% used [0x00000000f9000000,0x00000000f9000000,0x00000000fa700000)
  to   space 19456K, 0% used [0x00000000f7380000,0x00000000f7380000,0x00000000f8680000)
 ParOldGen       total 349696K, used 349695K [0x00000000e0000000, 0x00000000f5580000, 0x00000000f5580000)
  object space 349696K, 99% used [0x00000000e0000000,0x00000000f557fe10,0x00000000f5580000)
 Metaspace       used 56169K, committed 57344K, reserved 1105920K
  class space    used 5248K, committed 5760K, reserved 1048576K
}
Event: 1403.371 GC heap before
{Heap before GC invocations=1226 (full 1147):
 PSYoungGen      total 54272K, used 30720K [0x00000000f5580000, 0x00000000fa700000, 0x0000000100000000)
  eden space 30720K, 100% used [0x00000000f5580000,0x00000000f7380000,0x00000000f7380000)
  from space 23552K, 0% used [0x00000000f9000000,0x00000000f9000000,0x00000000fa700000)
  to   space 19456K, 0% used [0x00000000f7380000,0x00000000f7380000,0x00000000f8680000)
 ParOldGen       total 349696K, used 349695K [0x00000000e0000000, 0x00000000f5580000, 0x00000000f5580000)
  object space 349696K, 99% used [0x00000000e0000000,0x00000000f557ffa0,0x00000000f5580000)
 Metaspace       used 56169K, committed 57344K, reserved 1105920K
  class space    used 5248K, committed 5760K, reserved 1048576K
}
Event: 1404.588 GC heap after
{Heap after GC invocations=1226 (full 1147):
 PSYoungGen      total 50176K, used 30720K [0x00000000f5580000, 0x00000000fa700000, 0x0000000100000000)
  eden space 30720K, 100% used [0x00000000f5580000,0x00000000f7380000,0x00000000f7380000)
  from space 19456K, 0% used [0x00000000f7380000,0x00000000f7380000,0x00000000f8680000)
  to   space 23552K, 0% used [0x00000000f9000000,0x00000000f9000000,0x00000000fa700000)
 ParOldGen       total 349696K, used 349695K [0x00000000e0000000, 0x00000000f5580000, 0x00000000f5580000)
  object space 349696K, 99% used [0x00000000e0000000,0x00000000f557ff68,0x00000000f5580000)
 Metaspace       used 56169K, committed 57344K, reserved 1105920K
  class space    used 5248K, committed 5760K, reserved 1048576K
}
Event: 1404.590 GC heap before
{Heap before GC invocations=1227 (full 1148):
 PSYoungGen      total 50176K, used 30720K [0x00000000f5580000, 0x00000000fa700000, 0x0000000100000000)
  eden space 30720K, 100% used [0x00000000f5580000,0x00000000f7380000,0x00000000f7380000)
  from space 19456K, 0% used [0x00000000f7380000,0x00000000f7380000,0x00000000f8680000)
  to   space 23552K, 0% used [0x00000000f9000000,0x00000000f9000000,0x00000000fa700000)
 ParOldGen       total 349696K, used 349695K [0x00000000e0000000, 0x00000000f5580000, 0x00000000f5580000)
  object space 349696K, 99% used [0x00000000e0000000,0x00000000f557ffe8,0x00000000f5580000)
 Metaspace       used 56169K, committed 57344K, reserved 1105920K
  class space    used 5248K, committed 5760K, reserved 1048576K
}
Event: 1405.756 GC heap after
{Heap after GC invocations=1227 (full 1148):
 PSYoungGen      total 54272K, used 30720K [0x00000000f5580000, 0x00000000fa700000, 0x0000000100000000)
  eden space 30720K, 100% used [0x00000000f5580000,0x00000000f7380000,0x00000000f7380000)
  from space 23552K, 0% used [0x00000000f9000000,0x00000000f9000000,0x00000000fa700000)
  to   space 19456K, 0% used [0x00000000f7380000,0x00000000f7380000,0x00000000f8680000)
 ParOldGen       total 349696K, used 349695K [0x00000000e0000000, 0x00000000f5580000, 0x00000000f5580000)
  object space 349696K, 99% used [0x00000000e0000000,0x00000000f557ffa8,0x00000000f5580000)
 Metaspace       used 56169K, committed 57344K, reserved 1105920K
  class space    used 5248K, committed 5760K, reserved 1048576K
}
Event: 1405.757 GC heap before
{Heap before GC invocations=1228 (full 1149):
 PSYoungGen      total 54272K, used 30720K [0x00000000f5580000, 0x00000000fa700000, 0x0000000100000000)
  eden space 30720K, 100% used [0x00000000f5580000,0x00000000f7380000,0x00000000f7380000)
  from space 23552K, 0% used [0x00000000f9000000,0x00000000f9000000,0x00000000fa700000)
  to   space 19456K, 0% used [0x00000000f7380000,0x00000000f7380000,0x00000000f8680000)
 ParOldGen       total 349696K, used 349695K [0x00000000e0000000, 0x00000000f5580000, 0x00000000f5580000)
  object space 349696K, 99% used [0x00000000e0000000,0x00000000f557fff8,0x00000000f5580000)
 Metaspace       used 56169K, committed 57344K, reserved 1105920K
  class space    used 5248K, committed 5760K, reserved 1048576K
}
Event: 1406.992 GC heap after
{Heap after GC invocations=1228 (full 1149):
 PSYoungGen      total 50176K, used 30720K [0x00000000f5580000, 0x00000000fa700000, 0x0000000100000000)
  eden space 30720K, 100% used [0x00000000f5580000,0x00000000f7380000,0x00000000f7380000)
  from space 19456K, 0% used [0x00000000f7380000,0x00000000f7380000,0x00000000f8680000)
  to   space 23552K, 0% used [0x00000000f9000000,0x00000000f9000000,0x00000000fa700000)
 ParOldGen       total 349696K, used 349695K [0x00000000e0000000, 0x00000000f5580000, 0x00000000f5580000)
  object space 349696K, 99% used [0x00000000e0000000,0x00000000f557fff8,0x00000000f5580000)
 Metaspace       used 56169K, committed 57344K, reserved 1105920K
  class space    used 5248K, committed 5760K, reserved 1048576K
}
Event: 1406.992 GC heap before
{Heap before GC invocations=1229 (full 1150):
 PSYoungGen      total 50176K, used 30720K [0x00000000f5580000, 0x00000000fa700000, 0x0000000100000000)
  eden space 30720K, 100% used [0x00000000f5580000,0x00000000f7380000,0x00000000f7380000)
  from space 19456K, 0% used [0x00000000f7380000,0x00000000f7380000,0x00000000f8680000)
  to   space 23552K, 0% used [0x00000000f9000000,0x00000000f9000000,0x00000000fa700000)
 ParOldGen       total 349696K, used 349695K [0x00000000e0000000, 0x00000000f5580000, 0x00000000f5580000)
  object space 349696K, 99% used [0x00000000e0000000,0x00000000f557fff8,0x00000000f5580000)
 Metaspace       used 56169K, committed 57344K, reserved 1105920K
  class space    used 5248K, committed 5760K, reserved 1048576K
}
Event: 1408.800 GC heap after
{Heap after GC invocations=1229 (full 1150):
 PSYoungGen      total 54272K, used 30720K [0x00000000f5580000, 0x00000000fa700000, 0x0000000100000000)
  eden space 30720K, 100% used [0x00000000f5580000,0x00000000f7380000,0x00000000f7380000)
  from space 23552K, 0% used [0x00000000f9000000,0x00000000f9000000,0x00000000fa700000)
  to   space 19456K, 0% used [0x00000000f7380000,0x00000000f7380000,0x00000000f8680000)
 ParOldGen       total 349696K, used 349695K [0x00000000e0000000, 0x00000000f5580000, 0x00000000f5580000)
  object space 349696K, 99% used [0x00000000e0000000,0x00000000f557fff8,0x00000000f5580000)
 Metaspace       used 56169K, committed 57344K, reserved 1105920K
  class space    used 5248K, committed 5760K, reserved 1048576K
}
Event: 1408.802 GC heap before
{Heap before GC invocations=1230 (full 1151):
 PSYoungGen      total 54272K, used 30720K [0x00000000f5580000, 0x00000000fa700000, 0x0000000100000000)
  eden space 30720K, 100% used [0x00000000f5580000,0x00000000f7380000,0x00000000f7380000)
  from space 23552K, 0% used [0x00000000f9000000,0x00000000f9000000,0x00000000fa700000)
  to   space 19456K, 0% used [0x00000000f7380000,0x00000000f7380000,0x00000000f8680000)
 ParOldGen       total 349696K, used 349695K [0x00000000e0000000, 0x00000000f5580000, 0x00000000f5580000)
  object space 349696K, 99% used [0x00000000e0000000,0x00000000f557fff8,0x00000000f5580000)
 Metaspace       used 56169K, committed 57344K, reserved 1105920K
  class space    used 5248K, committed 5760K, reserved 1048576K
}
Event: 1410.334 GC heap after
{Heap after GC invocations=1230 (full 1151):
 PSYoungGen      total 50176K, used 30719K [0x00000000f5580000, 0x00000000fa700000, 0x0000000100000000)
  eden space 30720K, 99% used [0x00000000f5580000,0x00000000f737ffe0,0x00000000f7380000)
  from space 19456K, 0% used [0x00000000f7380000,0x00000000f7380000,0x00000000f8680000)
  to   space 23552K, 0% used [0x00000000f9000000,0x00000000f9000000,0x00000000fa700000)
 ParOldGen       total 349696K, used 349695K [0x00000000e0000000, 0x00000000f5580000, 0x00000000f5580000)
  object space 349696K, 99% used [0x00000000e0000000,0x00000000f557ffd8,0x00000000f5580000)
 Metaspace       used 56169K, committed 57344K, reserved 1105920K
  class space    used 5248K, committed 5760K, reserved 1048576K
}
Event: 1410.339 GC heap before
{Heap before GC invocations=1231 (full 1152):
 PSYoungGen      total 50176K, used 30720K [0x00000000f5580000, 0x00000000fa700000, 0x0000000100000000)
  eden space 30720K, 100% used [0x00000000f5580000,0x00000000f7380000,0x00000000f7380000)
  from space 19456K, 0% used [0x00000000f7380000,0x00000000f7380000,0x00000000f8680000)
  to   space 23552K, 0% used [0x00000000f9000000,0x00000000f9000000,0x00000000fa700000)
 ParOldGen       total 349696K, used 349695K [0x00000000e0000000, 0x00000000f5580000, 0x00000000f5580000)
  object space 349696K, 99% used [0x00000000e0000000,0x00000000f557ffd8,0x00000000f5580000)
 Metaspace       used 56169K, committed 57344K, reserved 1105920K
  class space    used 5248K, committed 5760K, reserved 1048576K
}
Event: 1411.931 GC heap after
{Heap after GC invocations=1231 (full 1152):
 PSYoungGen      total 54272K, used 30720K [0x00000000f5580000, 0x00000000fa700000, 0x0000000100000000)
  eden space 30720K, 100% used [0x00000000f5580000,0x00000000f7380000,0x00000000f7380000)
  from space 23552K, 0% used [0x00000000f9000000,0x00000000f9000000,0x00000000fa700000)
  to   space 19456K, 0% used [0x00000000f7380000,0x00000000f7380000,0x00000000f8680000)
 ParOldGen       total 349696K, used 349695K [0x00000000e0000000, 0x00000000f5580000, 0x00000000f5580000)
  object space 349696K, 99% used [0x00000000e0000000,0x00000000f557ffd8,0x00000000f5580000)
 Metaspace       used 56169K, committed 57344K, reserved 1105920K
  class space    used 5248K, committed 5760K, reserved 1048576K
}
Event: 1411.931 GC heap before
{Heap before GC invocations=1232 (full 1153):
 PSYoungGen      total 54272K, used 30720K [0x00000000f5580000, 0x00000000fa700000, 0x0000000100000000)
  eden space 30720K, 100% used [0x00000000f5580000,0x00000000f7380000,0x00000000f7380000)
  from space 23552K, 0% used [0x00000000f9000000,0x00000000f9000000,0x00000000fa700000)
  to   space 19456K, 0% used [0x00000000f7380000,0x00000000f7380000,0x00000000f8680000)
 ParOldGen       total 349696K, used 349695K [0x00000000e0000000, 0x00000000f5580000, 0x00000000f5580000)
  object space 349696K, 99% used [0x00000000e0000000,0x00000000f557ffd8,0x00000000f5580000)
 Metaspace       used 56169K, committed 57344K, reserved 1105920K
  class space    used 5248K, committed 5760K, reserved 1048576K
}
Event: 1413.158 GC heap after
{Heap after GC invocations=1232 (full 1153):
 PSYoungGen      total 50176K, used 30720K [0x00000000f5580000, 0x00000000fa700000, 0x0000000100000000)
  eden space 30720K, 100% used [0x00000000f5580000,0x00000000f7380000,0x00000000f7380000)
  from space 19456K, 0% used [0x00000000f7380000,0x00000000f7380000,0x00000000f8680000)
  to   space 23552K, 0% used [0x00000000f9000000,0x00000000f9000000,0x00000000fa700000)
 ParOldGen       total 349696K, used 349695K [0x00000000e0000000, 0x00000000f5580000, 0x00000000f5580000)
  object space 349696K, 99% used [0x00000000e0000000,0x00000000f557ffd8,0x00000000f5580000)
 Metaspace       used 56169K, committed 57344K, reserved 1105920K
  class space    used 5248K, committed 5760K, reserved 1048576K
}

Dll operation events (8 events):
Event: 0.002 Loaded shared library /nix/store/gpxl5qgg8kicmcvivwmybwjlpf7wh20l-graalvm17-ce-22.3.0/lib/libjava.so
Event: 0.010 Loaded shared library /nix/store/gpxl5qgg8kicmcvivwmybwjlpf7wh20l-graalvm17-ce-22.3.0/lib/libjsvml.so
Event: 0.164 Loaded shared library /nix/store/gpxl5qgg8kicmcvivwmybwjlpf7wh20l-graalvm17-ce-22.3.0/lib/libnio.so
Event: 0.167 Loaded shared library /nix/store/gpxl5qgg8kicmcvivwmybwjlpf7wh20l-graalvm17-ce-22.3.0/lib/libzip.so
Event: 0.169 Loaded shared library /nix/store/gpxl5qgg8kicmcvivwmybwjlpf7wh20l-graalvm17-ce-22.3.0/lib/libjvmcicompiler.so
Event: 0.544 Loaded shared library /nix/store/gpxl5qgg8kicmcvivwmybwjlpf7wh20l-graalvm17-ce-22.3.0/lib/libjimage.so
Event: 2.126 Loaded shared library /nix/store/gpxl5qgg8kicmcvivwmybwjlpf7wh20l-graalvm17-ce-22.3.0/lib/libnet.so
Event: 3.330 Loaded shared library /home/runner/.cache/jdt-language-server/config/org.eclipse.equinox.launcher/org.eclipse.equinox.launcher.gtk.linux.x86_64_1.2.400.v20211117-0650/eclipse_11600.so

Deoptimization events (20 events):
Event: 61.741 Thread 0x00007fac7c663ce0 DEOPT PACKING pc=0x00007facd0abfc5d sp=0x00007fac941fe530
Event: 61.741 Thread 0x00007fac7c663ce0 DEOPT UNPACKING pc=0x00007faccf505325 sp=0x00007fac941fda20 mode 0
Event: 61.743 Thread 0x00007fac7c663ce0 DEOPT PACKING pc=0x00007facd0abfc5d sp=0x00007fac941fe530
Event: 61.743 Thread 0x00007fac7c663ce0 DEOPT UNPACKING pc=0x00007faccf505325 sp=0x00007fac941fda20 mode 0
Event: 61.744 Thread 0x00007fac7c663ce0 DEOPT PACKING pc=0x00007facd0abfc5d sp=0x00007fac941fe530
Event: 61.744 Thread 0x00007fac7c663ce0 DEOPT UNPACKING pc=0x00007faccf505325 sp=0x00007fac941fda20 mode 0
Event: 61.745 Thread 0x00007fac7c663ce0 DEOPT PACKING pc=0x00007facd0abfc5d sp=0x00007fac941fe530
Event: 61.745 Thread 0x00007fac7c663ce0 DEOPT UNPACKING pc=0x00007faccf505325 sp=0x00007fac941fda20 mode 0
Event: 61.824 Thread 0x00007fac7c663ce0 DEOPT PACKING pc=0x00007facd0138a1b sp=0x00007fac941fe4b0
Event: 61.824 Thread 0x00007fac7c663ce0 DEOPT UNPACKING pc=0x00007faccf505325 sp=0x00007fac941fd968 mode 0
Event: 61.836 Thread 0x00007fac7c663ce0 DEOPT PACKING pc=0x00007facd0138a1b sp=0x00007fac941fe4b0
Event: 61.836 Thread 0x00007fac7c663ce0 DEOPT UNPACKING pc=0x00007faccf505325 sp=0x00007fac941fd968 mode 0
Event: 1366.152 Thread 0x00007fac7c663ce0 Uncommon trap: trap_request=0xffffff8f fr.pc=0x00007facd724229c relative=0x000000000000105c
Event: 1366.152 Thread 0x00007fac7c663ce0 Uncommon trap: reason=constraint action=none pc=0x00007facd724229c method=org.eclipse.jdt.internal.core.index.DiskIndex.copyQueryResults(Lorg/eclipse/jdt/internal/compiler/util/HashtableOfObject;I)V @ 123 jvmci
Event: 1366.152 Thread 0x00007fac7c663ce0 DEOPT PACKING pc=0x00007facd724229c sp=0x00007fac941fe550
Event: 1366.152 Thread 0x00007fac7c663ce0 DEOPT UNPACKING pc=0x00007faccf505325 sp=0x00007fac941fda28 mode 3
Event: 1408.801 Thread 0x00007fac7c415ef0 Uncommon trap: trap_request=0xffffff8f fr.pc=0x00007facd7058af7 relative=0x00000000000000d7
Event: 1408.802 Thread 0x00007fac7c415ef0 Uncommon trap: reason=constraint action=none pc=0x00007facd7058af7 method=java.util.ArrayList.iterator()Ljava/util/Iterator; @ 0 jvmci
Event: 1408.802 Thread 0x00007fac7c415ef0 DEOPT PACKING pc=0x00007facd7058af7 sp=0x00007fac949fe910
Event: 1408.802 Thread 0x00007fac7c415ef0 DEOPT UNPACKING pc=0x00007faccf505325 sp=0x00007fac949fddb8 mode 3

Classes unloaded (20 events):
Event: 70.864 Thread 0x00007face80a1c10 Unloading class 0x0000000800d91400 'java/lang/invoke/LambdaForm$MH+0x0000000800d91400'
Event: 70.864 Thread 0x00007face80a1c10 Unloading class 0x0000000800d91000 'java/lang/invoke/LambdaForm$MH+0x0000000800d91000'
Event: 70.864 Thread 0x00007face80a1c10 Unloading class 0x0000000800d90c00 'java/lang/invoke/LambdaForm$MH+0x0000000800d90c00'
Event: 70.864 Thread 0x00007face80a1c10 Unloading class 0x0000000800d90800 'java/lang/invoke/LambdaForm$MH+0x0000000800d90800'
Event: 70.864 Thread 0x00007face80a1c10 Unloading class 0x0000000800d90400 'java/lang/invoke/LambdaForm$MH+0x0000000800d90400'
Event: 70.864 Thread 0x00007face80a1c10 Unloading class 0x0000000800d90000 'java/lang/invoke/LambdaForm$MH+0x0000000800d90000'
Event: 70.864 Thread 0x00007face80a1c10 Unloading class 0x0000000800cb2800 'java/lang/invoke/LambdaForm$MH+0x0000000800cb2800'
Event: 70.864 Thread 0x00007face80a1c10 Unloading class 0x0000000800cb2000 'java/lang/invoke/LambdaForm$MH+0x0000000800cb2000'
Event: 70.864 Thread 0x00007face80a1c10 Unloading class 0x0000000800cb1c00 'java/lang/invoke/LambdaForm$MH+0x0000000800cb1c00'
Event: 70.864 Thread 0x00007face80a1c10 Unloading class 0x0000000800cb1800 'java/lang/invoke/LambdaForm$MH+0x0000000800cb1800'
Event: 70.864 Thread 0x00007face80a1c10 Unloading class 0x0000000800cb1000 'java/lang/invoke/LambdaForm$MH+0x0000000800cb1000'
Event: 70.864 Thread 0x00007face80a1c10 Unloading class 0x0000000800cb0c00 'java/lang/invoke/LambdaForm$MH+0x0000000800cb0c00'
Event: 70.864 Thread 0x00007face80a1c10 Unloading class 0x0000000800cb0800 'java/lang/invoke/LambdaForm$MH+0x0000000800cb0800'
Event: 70.864 Thread 0x00007face80a1c10 Unloading class 0x0000000800cb0000 'java/lang/invoke/LambdaForm$MH+0x0000000800cb0000'
Event: 70.864 Thread 0x00007face80a1c10 Unloading class 0x0000000800c85000 'jdk/internal/reflect/GeneratedMethodAccessor5'
Event: 70.864 Thread 0x00007face80a1c10 Unloading class 0x0000000800c84c00 'jdk/internal/reflect/GeneratedMethodAccessor4'
Event: 70.864 Thread 0x00007face80a1c10 Unloading class 0x0000000800c84800 'jdk/internal/reflect/GeneratedMethodAccessor3'
Event: 70.864 Thread 0x00007face80a1c10 Unloading class 0x0000000800c84400 'jdk/internal/reflect/GeneratedMethodAccessor2'
Event: 70.864 Thread 0x00007face80a1c10 Unloading class 0x0000000800c84000 'jdk/internal/reflect/GeneratedMethodAccessor1'
Event: 70.864 Thread 0x00007face80a1c10 Unloading class 0x0000000800c01c00 'java/lang/invoke/LambdaForm$DMH+0x0000000800c01c00'

Classes redefined (0 events):
No events

Internal exceptions (20 events):
Event: 34.163 Thread 0x00007fac7c4a5660 Exception <a 'java/lang/NoSuchMethodError'{0x00000000f6010ff8}: 'java.lang.Object java.lang.invoke.DirectMethodHandle$Holder.newInvokeSpecial(java.lang.Object, java.lang.Object, int)'> (0x00000000f6010ff8) 
thrown [src/hotspot/share/interpreter/linkResolver.cpp, line 758]
Event: 34.228 Thread 0x00007fac541a7a80 Exception <a 'java/lang/NoSuchMethodError'{0x00000000f6090ff0}: 'void java.lang.invoke.DirectMethodHandle$Holder.invokeVirtual(java.lang.Object, java.lang.Object)'> (0x00000000f6090ff0) 
thrown [src/hotspot/share/interpreter/linkResolver.cpp, line 758]
Event: 34.428 Thread 0x00007fac541a7a80 Implicit null exception at 0x00007facd7153235 to 0x00007facd71532a6
Event: 34.644 Thread 0x00007fac541d61d0 Exception <a 'java/lang/NoSuchMethodError'{0x00000000f56bf748}: 'java.lang.Object java.lang.invoke.DirectMethodHandle$Holder.newInvokeSpecial(java.lang.Object, java.lang.Object, int, java.lang.Object, java.lang.Object, java.lang.Object, java.lang.Object)'> (0x00000000f56bf748) 
thrown [src/hotspot/share/interpreter/linkResolver.cpp, line 758]
Event: 35.034 Thread 0x00007fac541d61d0 Exception <a 'java/lang/NoSuchMethodError'{0x00000000f6644e08}: 'void java.lang.invoke.DirectMethodHandle$Holder.invokeSpecial(java.lang.Object, java.lang.Object, int)'> (0x00000000f6644e08) 
thrown [src/hotspot/share/interpreter/linkResolver.cpp, line 758]
Event: 35.034 Thread 0x00007fac541d7fb0 Exception <a 'java/lang/NoSuchMethodError'{0x00000000f664d6b0}: 'void java.lang.invoke.DirectMethodHandle$Holder.invokeSpecial(java.lang.Object, java.lang.Object, int)'> (0x00000000f664d6b0) 
thrown [src/hotspot/share/interpreter/linkResolver.cpp, line 758]
Event: 35.527 Thread 0x00007fac541d8f70 Exception <a 'java/lang/NoSuchMethodError'{0x00000000f5bb6b60}: 'int java.lang.invoke.DirectMethodHandle$Holder.invokeSpecial(java.lang.Object, java.lang.Object, java.lang.Object)'> (0x00000000f5bb6b60) 
thrown [src/hotspot/share/interpreter/linkResolver.cpp, line 758]
Event: 35.527 Thread 0x00007fac541d70d0 Exception <a 'java/lang/NoSuchMethodError'{0x00000000f59ff960}: 'int java.lang.invoke.DirectMethodHandle$Holder.invokeSpecial(java.lang.Object, java.lang.Object, java.lang.Object)'> (0x00000000f59ff960) 
thrown [src/hotspot/share/interpreter/linkResolver.cpp, line 758]
Event: 36.443 Thread 0x00007fac541d61d0 Exception <a 'java/lang/NoSuchMethodError'{0x00000000f66e80c0}: 'java.lang.Object java.lang.invoke.DirectMethodHandle$Holder.invokeStatic(java.lang.Object, int, java.lang.Object, java.lang.Object, java.lang.Object, java.lang.Object)'> (0x00000000f66e80c0) 
thrown [src/hotspot/share/interpreter/linkResolver.cpp, line 758]
Event: 36.444 Thread 0x00007fac541d61d0 Exception <a 'java/lang/NoSuchMethodError'{0x00000000f6733888}: 'java.lang.Object java.lang.invoke.DirectMethodHandle$Holder.newInvokeSpecial(java.lang.Object, int, java.lang.Object, java.lang.Object, java.lang.Object)'> (0x00000000f6733888) 
thrown [src/hotspot/share/interpreter/linkResolver.cpp, line 758]
Event: 37.425 Thread 0x00007fac541d70d0 Exception <a 'java/lang/NoSuchMethodError'{0x00000000f5ceb238}: 'int java.lang.invoke.DirectMethodHandle$Holder.invokeSpecialIFC(java.lang.Object, java.lang.Object, java.lang.Object, java.lang.Object)'> (0x00000000f5ceb238) 
thrown [src/hotspot/share/interpreter/linkResolver.cpp, line 758]
Event: 45.939 Thread 0x00007fac7c663ce0 Implicit null exception at 0x00007facd71c5c78 to 0x00007facd71c7605
Event: 50.628 Thread 0x00007fac7c663ce0 Implicit null exception at 0x00007facd71e282e to 0x00007facd71e5720
Event: 1366.152 Thread 0x00007fac7c663ce0 Exception <a 'java/lang/OutOfMemoryError'{0x00000000e00cea40}> (0x00000000e00cea40) 
thrown [src/hotspot/share/gc/shared/memAllocator.cpp, line 138]
Event: 1366.152 Thread 0x00007fac7c663ce0 Implicit null exception at 0x00007facd7241d1f to 0x00007facd7242281
Event: 1370.826 Thread 0x00007fac7424e440 Exception <a 'java/lang/OutOfMemoryError'{0x00000000e00cdf00}> (0x00000000e00cdf00) 
thrown [src/hotspot/share/gc/shared/memAllocator.cpp, line 136]
Event: 1402.257 Thread 0x00007fac70000ff0 Exception <a 'java/lang/OutOfMemoryError'{0x00000000e00ce4f0}> (0x00000000e00ce4f0) 
thrown [src/hotspot/share/gc/shared/memAllocator.cpp, line 136]
Event: 1408.801 Thread 0x00007fac7c415ef0 Exception <a 'java/lang/OutOfMemoryError'{0x00000000e00ce1d0}> (0x00000000e00ce1d0) 
thrown [src/hotspot/share/gc/shared/memAllocator.cpp, line 138]
Event: 1408.801 Thread 0x00007fac7c415ef0 Implicit null exception at 0x00007facd7058ad8 to 0x00007facd7058adc
Event: 1413.158 Thread 0x00007face80b21e0 Exception <a 'java/lang/OutOfMemoryError'{0x00000000e00ce4f0}> (0x00000000e00ce4f0) 
thrown [src/hotspot/share/gc/shared/memAllocator.cpp, line 136]

VM Operations (20 events):
Event: 1397.234 Executing VM operation: ParallelGCFailedAllocation done
Event: 1397.234 Executing VM operation: ParallelGCFailedAllocation
Event: 1398.473 Executing VM operation: ParallelGCFailedAllocation done
Event: 1398.473 Executing VM operation: ParallelGCFailedAllocation
Event: 1399.737 Executing VM operation: ParallelGCFailedAllocation done
Event: 1399.737 Executing VM operation: ParallelGCFailedAllocation
Event: 1402.257 Executing VM operation: ParallelGCFailedAllocation done
Event: 1402.257 Executing VM operation: ParallelGCFailedAllocation
Event: 1403.371 Executing VM operation: ParallelGCFailedAllocation done
Event: 1403.371 Executing VM operation: ParallelGCFailedAllocation
Event: 1404.588 Executing VM operation: ParallelGCFailedAllocation done
Event: 1404.588 Executing VM operation: ParallelGCFailedAllocation
Event: 1405.756 Executing VM operation: ParallelGCFailedAllocation done
Event: 1405.757 Executing VM operation: ParallelGCFailedAllocation
Event: 1408.801 Executing VM operation: ParallelGCFailedAllocation done
Event: 1408.802 Executing VM operation: ParallelGCFailedAllocation
Event: 1410.334 Executing VM operation: ParallelGCFailedAllocation done
Event: 1410.339 Executing VM operation: ParallelGCFailedAllocation
Event: 1413.158 Executing VM operation: ParallelGCFailedAllocation done
Event: 1413.159 Executing VM operation: ParallelGCFailedAllocation

Events (20 events):
Event: 1332.923 loading class java/util/stream/Nodes$CollectorTask$OfRef
Event: 1332.923 loading class java/util/stream/Nodes$CollectorTask
Event: 1339.636 loading class java/util/stream/Nodes$CollectorTask done
Event: 1339.636 loading class java/util/stream/Nodes$CollectorTask$OfRef done
Event: 1346.249 loading class java/util/function/LongFunction
Event: 1346.249 loading class java/util/function/LongFunction done
Event: 1387.956 loading class java/lang/StackStreamFactory
Event: 1387.957 loading class java/lang/StackStreamFactory done
Event: 1387.957 loading class java/lang/StackStreamFactory$CallerClassFinder
Event: 1387.957 loading class java/lang/StackStreamFactory$CallerClassFinder done
Event: 1387.957 loading class java/lang/StackWalker$ExtendedOption
Event: 1387.957 loading class java/lang/StackWalker$ExtendedOption done
Event: 1387.957 loading class java/lang/StackStreamFactory$WalkerState
Event: 1387.957 loading class java/lang/StackStreamFactory$WalkerState done
Event: 1387.957 loading class java/lang/StackStreamFactory$1
Event: 1387.957 loading class java/lang/StackStreamFactory$1 done
Event: 1387.957 loading class java/lang/StackStreamFactory$CallerClassFinder$ClassBuffer
Event: 1387.957 loading class java/lang/StackStreamFactory$FrameBuffer
Event: 1387.957 loading class java/lang/StackStreamFactory$FrameBuffer done
Event: 1390.779 loading class java/lang/StackStreamFactory$CallerClassFinder$ClassBuffer done


Dynamic libraries:
e0000000-f5580000 rw-p 00000000 00:00 0 
f5580000-fa700000 rw-p 00000000 00:00 0 
fa700000-100000000 ---p 00000000 00:00 0 
800000000-800449000 rw-p 00001000 00:2699 4611686019135357769            /nix/store/gpxl5qgg8kicmcvivwmybwjlpf7wh20l-graalvm17-ce-22.3.0/lib/server/classes.jsa
800449000-800bc8000 r--p 0044a000 00:2699 4611686019135357769            /nix/store/gpxl5qgg8kicmcvivwmybwjlpf7wh20l-graalvm17-ce-22.3.0/lib/server/classes.jsa
800bc8000-800c00000 ---p 00000000 00:00 0 
800c00000-800c20000 rw-p 00000000 00:00 0 
800c20000-800c40000 rw-p 00000000 00:00 0 
800c40000-800cc0000 rw-p 00000000 00:00 0 
800cc0000-800d00000 rw-p 00000000 00:00 0 
800d00000-800dc0000 rw-p 00000000 00:00 0 
800dc0000-800e00000 rw-p 00000000 00:00 0 
800e00000-801170000 rw-p 00000000 00:00 0 
801170000-801180000 ---p 00000000 00:00 0 
801180000-8011b0000 rw-p 00000000 00:00 0 
8011b0000-840c00000 ---p 00000000 00:00 0 
55ade3cd8000-55ade3cd9000 r-xp 00000000 00:2699 4611686019099417844      /nix/store/gpxl5qgg8kicmcvivwmybwjlpf7wh20l-graalvm17-ce-22.3.0/bin/.java-wrapped
55ade3cda000-55ade3cdb000 r--p 00001000 00:2699 4611686019099417844      /nix/store/gpxl5qgg8kicmcvivwmybwjlpf7wh20l-graalvm17-ce-22.3.0/bin/.java-wrapped
55ade3cdb000-55ade3cdc000 rw-p 00002000 00:2699 4611686019099417844      /nix/store/gpxl5qgg8kicmcvivwmybwjlpf7wh20l-graalvm17-ce-22.3.0/bin/.java-wrapped
55ade3cdc000-55ade3cdd000 rw-p 00004000 00:2699 4611686019099417844      /nix/store/gpxl5qgg8kicmcvivwmybwjlpf7wh20l-graalvm17-ce-22.3.0/bin/.java-wrapped
55ade3cdd000-55ade3cde000 rw-p 00005000 00:2699 4611686019099417844      /nix/store/gpxl5qgg8kicmcvivwmybwjlpf7wh20l-graalvm17-ce-22.3.0/bin/.java-wrapped
55ade40f5000-55ade413d000 rw-p 00000000 00:00 0                          [heap]
7fac2c000000-7fac2c0e8000 rw-p 00000000 00:00 0 
7fac2c0e8000-7fac30000000 ---p 00000000 00:00 0 
7fac34000000-7fac34031000 rw-p 00000000 00:00 0 
7fac34031000-7fac38000000 ---p 00000000 00:00 0 
7fac38000000-7fac38072000 rw-p 00000000 00:00 0 
7fac38072000-7fac3c000000 ---p 00000000 00:00 0 
7fac3c000000-7fac3c0ec000 rw-p 00000000 00:00 0 
7fac3c0ec000-7fac40000000 ---p 00000000 00:00 0 
7fac40000000-7fac4008f000 rw-p 00000000 00:00 0 
7fac4008f000-7fac44000000 ---p 00000000 00:00 0 
7fac44000000-7fac4412d000 rw-p 00000000 00:00 0 
7fac4412d000-7fac48000000 ---p 00000000 00:00 0 
7fac4a4b3000-7fac54000000 r--s 00000000 00:2699 4611686019135192581      /nix/store/gpxl5qgg8kicmcvivwmybwjlpf7wh20l-graalvm17-ce-22.3.0/lib/modules
7fac54000000-7fac541ef000 rw-p 00000000 00:00 0 
7fac541ef000-7fac58000000 ---p 00000000 00:00 0 
7fac59000000-7fac59260000 rw-p 00000000 00:00 0 
7fac59260000-7fac59800000 ---p 00000000 00:00 0 
7fac59800000-7fac5a000000 rw-p 00000000 00:00 0 
7fac5b400000-7fac5b680000 rw-p 00000000 00:00 0 
7fac5b680000-7fac5bc00000 rw-p 00000000 00:00 0 
7fac5c000000-7fac5c021000 rw-p 00000000 00:00 0 
7fac5c021000-7fac60000000 ---p 00000000 00:00 0 
7fac60000000-7fac60021000 rw-p 00000000 00:00 0 
7fac60021000-7fac64000000 ---p 00000000 00:00 0 
7fac64000000-7fac6432a000 rw-p 00000000 00:00 0 
7fac6432a000-7fac68000000 ---p 00000000 00:00 0 
7fac68000000-7fac68021000 rw-p 00000000 00:00 0 
7fac68021000-7fac6c000000 ---p 00000000 00:00 0 
7fac6c000000-7fac6c093000 rw-p 00000000 00:00 0 
7fac6c093000-7fac70000000 ---p 00000000 00:00 0 
7fac70000000-7fac70112000 rw-p 00000000 00:00 0 
7fac70112000-7fac74000000 ---p 00000000 00:00 0 
7fac74000000-7fac74279000 rw-p 00000000 00:00 0 
7fac74279000-7fac78000000 ---p 00000000 00:00 0 
7fac78000000-7fac78021000 rw-p 00000000 00:00 0 
7fac78021000-7fac7c000000 ---p 00000000 00:00 0 
7fac7c000000-7fac7c921000 rw-p 00000000 00:00 0 
7fac7c921000-7fac80000000 ---p 00000000 00:00 0 
7fac80000000-7fac80021000 rw-p 00000000 00:00 0 
7fac80021000-7fac84000000 ---p 00000000 00:00 0 
7fac84000000-7fac84021000 rw-p 00000000 00:00 0 
7fac84021000-7fac88000000 ---p 00000000 00:00 0 
7fac88000000-7fac88021000 rw-p 00000000 00:00 0 
7fac88021000-7fac8c000000 ---p 00000000 00:00 0 
7fac8c000000-7fac8c021000 rw-p 00000000 00:00 0 
7fac8c021000-7fac90000000 ---p 00000000 00:00 0 
7fac90400000-7fac90c00000 rw-p 00000000 00:00 0 
7fac90c00000-7fac90d00000 rw-p 00000000 00:00 0 
7fac90d00000-7fac90e00000 rw-p 00000000 00:00 0 
7fac90e00000-7fac91100000 rw-p 00000000 00:00 0 
7fac91100000-7fac91200000 rw-p 00000000 00:00 0 
7fac91200000-7fac91400000 rw-p 00000000 00:00 0 
7fac91400000-7fac91500000 rw-p 00000000 00:00 0 
7fac91500000-7fac91600000 rw-p 00000000 00:00 0 
7fac91600000-7fac91b80000 rw-p 00000000 00:00 0 
7fac91b80000-7fac91c00000 rw-p 00000000 00:00 0 
7fac91e00000-7fac91e10000 r-xp 00000000 00:2688 366                      /home/runner/.cache/jdt-language-server/config/org.eclipse.equinox.launcher/org.eclipse.equinox.launcher.gtk.linux.x86_64_1.2.400.v20211117-0650/eclipse_11600.so
7fac91e10000-7fac9200f000 ---p 00010000 00:2688 366                      /home/runner/.cache/jdt-language-server/config/org.eclipse.equinox.launcher/org.eclipse.equinox.launcher.gtk.linux.x86_64_1.2.400.v20211117-0650/eclipse_11600.so
7fac9200f000-7fac92010000 r--p 0000f000 00:2688 366                      /home/runner/.cache/jdt-language-server/config/org.eclipse.equinox.launcher/org.eclipse.equinox.launcher.gtk.linux.x86_64_1.2.400.v20211117-0650/eclipse_11600.so
7fac92010000-7fac92011000 rw-p 00010000 00:2688 366                      /home/runner/.cache/jdt-language-server/config/org.eclipse.equinox.launcher/org.eclipse.equinox.launcher.gtk.linux.x86_64_1.2.400.v20211117-0650/eclipse_11600.so
7fac92300000-7fac92400000 ---p 00000000 00:00 0 
7fac92400000-7fac929af000 r--p 01122000 00:2699 4611686019135190040      /nix/store/gpxl5qgg8kicmcvivwmybwjlpf7wh20l-graalvm17-ce-22.3.0/lib/libjvmcicompiler.so
7fac929af000-7fac92b00000 r--p 00000000 00:00 0 
7fac92b00000-7fac92b3d000 rw-p 00000000 00:00 0 
7fac92b3d000-7fac9305d000 rw-p 0185f000 00:2699 4611686019135190040      /nix/store/gpxl5qgg8kicmcvivwmybwjlpf7wh20l-graalvm17-ce-22.3.0/lib/libjvmcicompiler.so
7fac9305d000-7fac93444000 r--p 01d7f000 00:2699 4611686019135190040      /nix/store/gpxl5qgg8kicmcvivwmybwjlpf7wh20l-graalvm17-ce-22.3.0/lib/libjvmcicompiler.so
7fac93500000-7fac93504000 ---p 00000000 00:00 0 
7fac93504000-7fac93600000 rw-p 00000000 00:00 0 
7fac93800000-7fac93804000 ---p 00000000 00:00 0 
7fac93804000-7fac93900000 rw-p 00000000 00:00 0 
7fac93900000-7fac93904000 ---p 00000000 00:00 0 
7fac93904000-7fac93a00000 rw-p 00000000 00:00 0 
7fac93b00000-7fac93b04000 ---p 00000000 00:00 0 
7fac93b04000-7fac93c00000 rw-p 00000000 00:00 0 
7fac93d00000-7fac93d04000 ---p 00000000 00:00 0 
7fac93d04000-7fac93e00000 rw-p 00000000 00:00 0 
7fac93f00000-7fac93f04000 ---p 00000000 00:00 0 
7fac93f04000-7fac94000000 rw-p 00000000 00:00 0 
7fac94100000-7fac94104000 ---p 00000000 00:00 0 
7fac94104000-7fac94200000 rw-p 00000000 00:00 0 
7fac94300000-7fac94304000 ---p 00000000 00:00 0 
7fac94304000-7fac94400000 rw-p 00000000 00:00 0 
7fac94500000-7fac94504000 ---p 00000000 00:00 0 
7fac94504000-7fac94600000 rw-p 00000000 00:00 0 
7fac94700000-7fac94704000 ---p 00000000 00:00 0 
7fac94704000-7fac94800000 rw-p 00000000 00:00 0 
7fac94800000-7fac94804000 ---p 00000000 00:00 0 
7fac94804000-7fac94900000 rw-p 00000000 00:00 0 
7fac94900000-7fac94904000 ---p 00000000 00:00 0 
7fac94904000-7fac94a00000 rw-p 00000000 00:00 0 
7fac95668000-7fac95b00000 rw-p 00000000 00:00 0 
7fac95c00000-7fac97d6a000 r-xp 00000000 00:2699 4611686019135190040      /nix/store/gpxl5qgg8kicmcvivwmybwjlpf7wh20l-graalvm17-ce-22.3.0/lib/libjvmcicompiler.so
7fac97d6a000-7fac97f69000 ---p 0216a000 00:2699 4611686019135190040      /nix/store/gpxl5qgg8kicmcvivwmybwjlpf7wh20l-graalvm17-ce-22.3.0/lib/libjvmcicompiler.so
7fac97f69000-7fac97f6a000 r--p 02169000 00:2699 4611686019135190040      /nix/store/gpxl5qgg8kicmcvivwmybwjlpf7wh20l-graalvm17-ce-22.3.0/lib/libjvmcicompiler.so
7fac97f6a000-7fac97f6c000 rw-p 0216a000 00:2699 4611686019135190040      /nix/store/gpxl5qgg8kicmcvivwmybwjlpf7wh20l-graalvm17-ce-22.3.0/lib/libjvmcicompiler.so
7fac97f6c000-7fac97f6d000 rw-p 00000000 00:00 0 
7fac97f6d000-7fac97f72000 rw-p 023c3000 00:2699 4611686019135190040      /nix/store/gpxl5qgg8kicmcvivwmybwjlpf7wh20l-graalvm17-ce-22.3.0/lib/libjvmcicompiler.so
7fac98000000-7fac98021000 rw-p 00000000 00:00 0 
7fac98021000-7fac9c000000 ---p 00000000 00:00 0 
7fac9c000000-7fac9c021000 rw-p 00000000 00:00 0 
7fac9c021000-7faca0000000 ---p 00000000 00:00 0 
7faca0000000-7faca0021000 rw-p 00000000 00:00 0 
7faca0021000-7faca4000000 ---p 00000000 00:00 0 
7faca4000000-7faca4021000 rw-p 00000000 00:00 0 
7faca4021000-7faca8000000 ---p 00000000 00:00 0 
7faca8000000-7faca80dd000 rw-p 00000000 00:00 0 
7faca80dd000-7facac000000 ---p 00000000 00:00 0 
7facac000000-7facaca3c000 rw-p 00000000 00:00 0 
7facaca3c000-7facb0000000 ---p 00000000 00:00 0 
7facb0000000-7facb0021000 rw-p 00000000 00:00 0 
7facb0021000-7facb4000000 ---p 00000000 00:00 0 
7facb4000000-7facb4021000 rw-p 00000000 00:00 0 
7facb4021000-7facb8000000 ---p 00000000 00:00 0 
7facb8000000-7facb8021000 rw-p 00000000 00:00 0 
7facb8021000-7facbc000000 ---p 00000000 00:00 0 
7facbc000000-7facbc021000 rw-p 00000000 00:00 0 
7facbc021000-7facc0000000 ---p 00000000 00:00 0 
7facc0000000-7facc0021000 rw-p 00000000 00:00 0 
7facc0021000-7facc4000000 ---p 00000000 00:00 0 
7facc4000000-7facc4021000 rw-p 00000000 00:00 0 
7facc4021000-7facc8000000 ---p 00000000 00:00 0 
7facc8000000-7facc81c0000 rw-p 00000000 00:00 0 
7facc81c0000-7faccc004000 ---p 00000000 00:00 0 
7faccc004000-7faccc100000 rw-p 00000000 00:00 0 
7faccc100000-7faccc104000 ---p 00000000 00:00 0 
7faccc104000-7faccc200000 rw-p 00000000 00:00 0 
7faccc300000-7faccc304000 ---p 00000000 00:00 0 
7faccc304000-7faccc400000 rw-p 00000000 00:00 0 
7faccc400000-7faccc404000 ---p 00000000 00:00 0 
7faccc404000-7faccc500000 rw-p 00000000 00:00 0 
7faccc500000-7faccc504000 ---p 00000000 00:00 0 
7faccc504000-7faccc600000 rw-p 00000000 00:00 0 
7faccc700000-7faccc704000 ---p 00000000 00:00 0 
7faccc704000-7faccc800000 rw-p 00000000 00:00 0 
7faccc900000-7faccc904000 ---p 00000000 00:00 0 
7faccc904000-7faccca00000 rw-p 00000000 00:00 0 
7facccb16000-7facccb17000 ---p 00000000 00:00 0 
7facccb17000-7facccc18000 rw-p 00000000 00:00 0 
7facccc18000-7facccc1c000 ---p 00000000 00:00 0 
7facccc1c000-7facccd18000 rw-p 00000000 00:00 0 
7facccd18000-7facccd1c000 ---p 00000000 00:00 0 
7facccd1c000-7faccce18000 rw-p 00000000 00:00 0 
7faccce18000-7faccce1c000 ---p 00000000 00:00 0 
7faccce1c000-7facccf18000 rw-p 00000000 00:00 0 
7facccf18000-7facccf1c000 ---p 00000000 00:00 0 
7facccf1c000-7faccd118000 rw-p 00000000 00:00 0 
7faccd118000-7faccd11c000 ---p 00000000 00:00 0 
7faccd11c000-7faccd318000 rw-p 00000000 00:00 0 
7faccd318000-7faccd31c000 ---p 00000000 00:00 0 
7faccd31c000-7faccd418000 rw-p 00000000 00:00 0 
7faccd418000-7faccd41c000 ---p 00000000 00:00 0 
7faccd41c000-7faccd518000 rw-p 00000000 00:00 0 
7faccd518000-7faccd51c000 ---p 00000000 00:00 0 
7faccd51c000-7faccd618000 rw-p 00000000 00:00 0 
7faccd618000-7faccd8fe000 r--p 00000000 00:227c 28444448                 /usr/lib/locale/locale-archive
7faccd8fe000-7faccd902000 ---p 00000000 00:00 0 
7faccd902000-7faccd9fe000 rw-p 00000000 00:00 0 
7faccd9fe000-7faccda02000 ---p 00000000 00:00 0 
7faccda02000-7faccdafe000 rw-p 00000000 00:00 0 
7faccdafe000-7faccdaff000 ---p 00000000 00:00 0 
7faccdaff000-7facce000000 rw-p 00000000 00:00 0 
7facce000000-7facce2c0000 rw-p 00000000 00:00 0 
7facce2c0000-7facce300000 rw-p 00000000 00:00 0 
7facce300000-7facce400000 rw-p 00000000 00:00 0 
7facce46a000-7facce46e000 ---p 00000000 00:00 0 
7facce46e000-7facce48c000 rw-p 00000000 00:00 0 
7facce48c000-7facce493000 r-xp 00000000 00:2699 4611686019135192580      /nix/store/gpxl5qgg8kicmcvivwmybwjlpf7wh20l-graalvm17-ce-22.3.0/lib/libzip.so
7facce493000-7facce494000 ---p 00007000 00:2699 4611686019135192580      /nix/store/gpxl5qgg8kicmcvivwmybwjlpf7wh20l-graalvm17-ce-22.3.0/lib/libzip.so
7facce494000-7facce495000 r--p 00007000 00:2699 4611686019135192580      /nix/store/gpxl5qgg8kicmcvivwmybwjlpf7wh20l-graalvm17-ce-22.3.0/lib/libzip.so
7facce495000-7facce496000 rw-p 00008000 00:2699 4611686019135192580      /nix/store/gpxl5qgg8kicmcvivwmybwjlpf7wh20l-graalvm17-ce-22.3.0/lib/libzip.so
7facce496000-7facce498000 rw-p 0000b000 00:2699 4611686019135192580      /nix/store/gpxl5qgg8kicmcvivwmybwjlpf7wh20l-graalvm17-ce-22.3.0/lib/libzip.so
7facce498000-7facce4ad000 r-xp 00000000 00:2699 4611686019135192570      /nix/store/gpxl5qgg8kicmcvivwmybwjlpf7wh20l-graalvm17-ce-22.3.0/lib/libnet.so
7facce4ad000-7facce4ae000 ---p 00015000 00:2699 4611686019135192570      /nix/store/gpxl5qgg8kicmcvivwmybwjlpf7wh20l-graalvm17-ce-22.3.0/lib/libnet.so
7facce4ae000-7facce4af000 r--p 00015000 00:2699 4611686019135192570      /nix/store/gpxl5qgg8kicmcvivwmybwjlpf7wh20l-graalvm17-ce-22.3.0/lib/libnet.so
7facce4af000-7facce4b0000 rw-p 00016000 00:2699 4611686019135192570      /nix/store/gpxl5qgg8kicmcvivwmybwjlpf7wh20l-graalvm17-ce-22.3.0/lib/libnet.so
7facce4b0000-7facce4b3000 rw-p 0001b000 00:2699 4611686019135192570      /nix/store/gpxl5qgg8kicmcvivwmybwjlpf7wh20l-graalvm17-ce-22.3.0/lib/libnet.so
7facce4b3000-7faccf4b3000 rw-p 00000000 00:00 0 
7faccf4b3000-7faccf723000 rwxp 00000000 00:00 0 
7faccf723000-7faccfa42000 ---p 00000000 00:00 0 
7faccfa42000-7facd0c02000 rwxp 00000000 00:00 0 
7facd0c02000-7facd6f7a000 ---p 00000000 00:00 0 
7facd6f7a000-7facd726a000 rwxp 00000000 00:00 0 
7facd726a000-7facde4b3000 ---p 00000000 00:00 0 
7facde4b3000-7face8000000 r--s 00000000 00:2699 4611686019135192581      /nix/store/gpxl5qgg8kicmcvivwmybwjlpf7wh20l-graalvm17-ce-22.3.0/lib/modules
7face8000000-7face8400000 rw-p 00000000 00:00 0 
7face8400000-7facec000000 ---p 00000000 00:00 0 
7facec002000-7facec015000 r-xp 00000000 00:2699 4611686019135192571      /nix/store/gpxl5qgg8kicmcvivwmybwjlpf7wh20l-graalvm17-ce-22.3.0/lib/libnio.so
7facec015000-7facec016000 r--p 00012000 00:2699 4611686019135192571      /nix/store/gpxl5qgg8kicmcvivwmybwjlpf7wh20l-graalvm17-ce-22.3.0/lib/libnio.so
7facec016000-7facec017000 rw-p 00013000 00:2699 4611686019135192571      /nix/store/gpxl5qgg8kicmcvivwmybwjlpf7wh20l-graalvm17-ce-22.3.0/lib/libnio.so
7facec017000-7facec01c000 rw-p 00019000 00:2699 4611686019135192571      /nix/store/gpxl5qgg8kicmcvivwmybwjlpf7wh20l-graalvm17-ce-22.3.0/lib/libnio.so
7facec01c000-7facec0ea000 r-xp 00000000 00:2699 4611686019135190036      /nix/store/gpxl5qgg8kicmcvivwmybwjlpf7wh20l-graalvm17-ce-22.3.0/lib/libjsvml.so
7facec0ea000-7facec0eb000 r--p 000cd000 00:2699 4611686019135190036      /nix/store/gpxl5qgg8kicmcvivwmybwjlpf7wh20l-graalvm17-ce-22.3.0/lib/libjsvml.so
7facec0eb000-7facec0ec000 rw-p 000ce000 00:2699 4611686019135190036      /nix/store/gpxl5qgg8kicmcvivwmybwjlpf7wh20l-graalvm17-ce-22.3.0/lib/libjsvml.so
7facec0ec000-7facec9c4000 rw-p 00000000 00:00 0 
7facec9c4000-7facec9c5000 ---p 00000000 00:00 0 
7facec9c5000-7facecb70000 rw-p 00000000 00:00 0 
7facecb70000-7facecb9a000 rw-p 00000000 00:00 0 
7facecb9a000-7facecbc6000 ---p 00000000 00:00 0 
7facecbc6000-7facecbcd000 rw-p 00000000 00:00 0 
7facecbcd000-7faceccb2000 ---p 00000000 00:00 0 
7faceccb2000-7faceccd6000 rw-p 00000000 00:00 0 
7faceccd6000-7facecd9d000 ---p 00000000 00:00 0 
7facecd9d000-7facecda2000 rw-p 00000000 00:00 0 
7facecda2000-7facecda9000 ---p 00000000 00:00 0 
7facecda9000-7facecdcd000 r-xp 00000000 00:2699 4611686019135190028      /nix/store/gpxl5qgg8kicmcvivwmybwjlpf7wh20l-graalvm17-ce-22.3.0/lib/libjava.so
7facecdcd000-7facecdce000 ---p 00024000 00:2699 4611686019135190028      /nix/store/gpxl5qgg8kicmcvivwmybwjlpf7wh20l-graalvm17-ce-22.3.0/lib/libjava.so
7facecdce000-7facecdcf000 r--p 00024000 00:2699 4611686019135190028      /nix/store/gpxl5qgg8kicmcvivwmybwjlpf7wh20l-graalvm17-ce-22.3.0/lib/libjava.so
7facecdcf000-7facecdd0000 rw-p 00025000 00:2699 4611686019135190028      /nix/store/gpxl5qgg8kicmcvivwmybwjlpf7wh20l-graalvm17-ce-22.3.0/lib/libjava.so
7facecdd0000-7facecdd1000 rw-p 00000000 00:00 0 
7facecdd1000-7facecdd8000 rw-p 0002f000 00:2699 4611686019135190028      /nix/store/gpxl5qgg8kicmcvivwmybwjlpf7wh20l-graalvm17-ce-22.3.0/lib/libjava.so
7facecdd8000-7facecde0000 rw-s 00000000 00:1fde 801                      /tmp/hsperfdata_runner/18366
7facecde0000-7facecde1000 ---p 00000000 00:00 0 
7facecde1000-7facecde2000 r--p 00000000 00:00 0 
7facecde2000-7facecde3000 rwxp 00000000 00:00 0 
7facecde3000-7facecdfe000 r-xp 00000000 00:2699 4611686019135190032      /nix/store/gpxl5qgg8kicmcvivwmybwjlpf7wh20l-graalvm17-ce-22.3.0/lib/libjimage.so
7facecdfe000-7facecdff000 ---p 0001b000 00:2699 4611686019135190032      /nix/store/gpxl5qgg8kicmcvivwmybwjlpf7wh20l-graalvm17-ce-22.3.0/lib/libjimage.so
7facecdff000-7facece01000 r--p 0001b000 00:2699 4611686019135190032      /nix/store/gpxl5qgg8kicmcvivwmybwjlpf7wh20l-graalvm17-ce-22.3.0/lib/libjimage.so
7facece01000-7facece02000 rw-p 0001d000 00:2699 4611686019135190032      /nix/store/gpxl5qgg8kicmcvivwmybwjlpf7wh20l-graalvm17-ce-22.3.0/lib/libjimage.so
7facece02000-7facece03000 rw-p 00024000 00:2699 4611686019135190032      /nix/store/gpxl5qgg8kicmcvivwmybwjlpf7wh20l-graalvm17-ce-22.3.0/lib/libjimage.so
7facece03000-7facece07000 ---p 00000000 00:00 0 
7facece07000-7facecf03000 rw-p 00000000 00:00 0 
7facecf03000-7facecf11000 r--p 00000000 00:2699 4611686019027979927      /nix/store/4nlgxhb09sdr51nc9hdm8az5b08vzkgx-glibc-2.35-163/lib/libm.so.6
7facecf11000-7facecf84000 r-xp 0000e000 00:2699 4611686019027979927      /nix/store/4nlgxhb09sdr51nc9hdm8az5b08vzkgx-glibc-2.35-163/lib/libm.so.6
7facecf84000-7facecfe1000 r--p 00081000 00:2699 4611686019027979927      /nix/store/4nlgxhb09sdr51nc9hdm8az5b08vzkgx-glibc-2.35-163/lib/libm.so.6
7facecfe1000-7facecfe2000 r--p 000dd000 00:2699 4611686019027979927      /nix/store/4nlgxhb09sdr51nc9hdm8az5b08vzkgx-glibc-2.35-163/lib/libm.so.6
7facecfe2000-7facecfe3000 rw-p 000de000 00:2699 4611686019027979927      /nix/store/4nlgxhb09sdr51nc9hdm8az5b08vzkgx-glibc-2.35-163/lib/libm.so.6
7facecfe3000-7facecfe4000 r--p 00000000 00:2699 4611686019027979946      /nix/store/4nlgxhb09sdr51nc9hdm8az5b08vzkgx-glibc-2.35-163/lib/librt.so.1
7facecfe4000-7facecfe5000 r-xp 00001000 00:2699 4611686019027979946      /nix/store/4nlgxhb09sdr51nc9hdm8az5b08vzkgx-glibc-2.35-163/lib/librt.so.1
7facecfe5000-7facecfe6000 r--p 00002000 00:2699 4611686019027979946      /nix/store/4nlgxhb09sdr51nc9hdm8az5b08vzkgx-glibc-2.35-163/lib/librt.so.1
7facecfe6000-7facecfe7000 r--p 00002000 00:2699 4611686019027979946      /nix/store/4nlgxhb09sdr51nc9hdm8az5b08vzkgx-glibc-2.35-163/lib/librt.so.1
7facecfe7000-7facecfe8000 rw-p 00003000 00:2699 4611686019027979946      /nix/store/4nlgxhb09sdr51nc9hdm8az5b08vzkgx-glibc-2.35-163/lib/librt.so.1
7facecfe8000-7facee0fb000 r-xp 00000000 00:2699 4611686019135360866      /nix/store/gpxl5qgg8kicmcvivwmybwjlpf7wh20l-graalvm17-ce-22.3.0/lib/server/libjvm.so
7facee0fb000-7facee0fc000 ---p 01113000 00:2699 4611686019135360866      /nix/store/gpxl5qgg8kicmcvivwmybwjlpf7wh20l-graalvm17-ce-22.3.0/lib/server/libjvm.so
7facee0fc000-7facee1b1000 r--p 01113000 00:2699 4611686019135360866      /nix/store/gpxl5qgg8kicmcvivwmybwjlpf7wh20l-graalvm17-ce-22.3.0/lib/server/libjvm.so
7facee1b1000-7facee1e5000 rw-p 011c8000 00:2699 4611686019135360866      /nix/store/gpxl5qgg8kicmcvivwmybwjlpf7wh20l-graalvm17-ce-22.3.0/lib/server/libjvm.so
7facee1e5000-7facee241000 rw-p 00000000 00:00 0 
7facee241000-7facee269000 r--p 00000000 00:2699 4611686019027979918      /nix/store/4nlgxhb09sdr51nc9hdm8az5b08vzkgx-glibc-2.35-163/lib/libc.so.6
7facee269000-7facee3df000 r-xp 00028000 00:2699 4611686019027979918      /nix/store/4nlgxhb09sdr51nc9hdm8az5b08vzkgx-glibc-2.35-163/lib/libc.so.6
7facee3df000-7facee437000 r--p 0019e000 00:2699 4611686019027979918      /nix/store/4nlgxhb09sdr51nc9hdm8az5b08vzkgx-glibc-2.35-163/lib/libc.so.6
7facee437000-7facee43b000 r--p 001f6000 00:2699 4611686019027979918      /nix/store/4nlgxhb09sdr51nc9hdm8az5b08vzkgx-glibc-2.35-163/lib/libc.so.6
7facee43b000-7facee43d000 rw-p 001fa000 00:2699 4611686019027979918      /nix/store/4nlgxhb09sdr51nc9hdm8az5b08vzkgx-glibc-2.35-163/lib/libc.so.6
7facee43d000-7facee44c000 rw-p 00000000 00:00 0 
7facee44c000-7facee44d000 r--p 00000000 00:2699 4611686019027979923      /nix/store/4nlgxhb09sdr51nc9hdm8az5b08vzkgx-glibc-2.35-163/lib/libdl.so.2
7facee44d000-7facee44e000 r-xp 00001000 00:2699 4611686019027979923      /nix/store/4nlgxhb09sdr51nc9hdm8az5b08vzkgx-glibc-2.35-163/lib/libdl.so.2
7facee44e000-7facee44f000 r--p 00002000 00:2699 4611686019027979923      /nix/store/4nlgxhb09sdr51nc9hdm8az5b08vzkgx-glibc-2.35-163/lib/libdl.so.2
7facee44f000-7facee450000 r--p 00002000 00:2699 4611686019027979923      /nix/store/4nlgxhb09sdr51nc9hdm8az5b08vzkgx-glibc-2.35-163/lib/libdl.so.2
7facee450000-7facee451000 rw-p 00003000 00:2699 4611686019027979923      /nix/store/4nlgxhb09sdr51nc9hdm8az5b08vzkgx-glibc-2.35-163/lib/libdl.so.2
7facee451000-7facee452000 r--p 00000000 00:2699 4611686019027979942      /nix/store/4nlgxhb09sdr51nc9hdm8az5b08vzkgx-glibc-2.35-163/lib/libpthread.so.0
7facee452000-7facee453000 r-xp 00001000 00:2699 4611686019027979942      /nix/store/4nlgxhb09sdr51nc9hdm8az5b08vzkgx-glibc-2.35-163/lib/libpthread.so.0
7facee453000-7facee454000 r--p 00002000 00:2699 4611686019027979942      /nix/store/4nlgxhb09sdr51nc9hdm8az5b08vzkgx-glibc-2.35-163/lib/libpthread.so.0
7facee454000-7facee455000 r--p 00002000 00:2699 4611686019027979942      /nix/store/4nlgxhb09sdr51nc9hdm8az5b08vzkgx-glibc-2.35-163/lib/libpthread.so.0
7facee455000-7facee456000 rw-p 00003000 00:2699 4611686019027979942      /nix/store/4nlgxhb09sdr51nc9hdm8az5b08vzkgx-glibc-2.35-163/lib/libpthread.so.0
7facee456000-7facee464000 r-xp 00000000 00:2699 4611686019135190033      /nix/store/gpxl5qgg8kicmcvivwmybwjlpf7wh20l-graalvm17-ce-22.3.0/lib/libjli.so
7facee464000-7facee465000 ---p 0000e000 00:2699 4611686019135190033      /nix/store/gpxl5qgg8kicmcvivwmybwjlpf7wh20l-graalvm17-ce-22.3.0/lib/libjli.so
7facee465000-7facee466000 r--p 0000e000 00:2699 4611686019135190033      /nix/store/gpxl5qgg8kicmcvivwmybwjlpf7wh20l-graalvm17-ce-22.3.0/lib/libjli.so
7facee466000-7facee467000 rw-p 0000f000 00:2699 4611686019135190033      /nix/store/gpxl5qgg8kicmcvivwmybwjlpf7wh20l-graalvm17-ce-22.3.0/lib/libjli.so
7facee467000-7facee468000 rw-p 00012000 00:2699 4611686019135190033      /nix/store/gpxl5qgg8kicmcvivwmybwjlpf7wh20l-graalvm17-ce-22.3.0/lib/libjli.so
7facee468000-7facee46b000 r--p 00000000 00:2699 4611686019106210071      /nix/store/026hln0aq1hyshaxsdvhg0kmcm6yf45r-zlib-1.2.13/lib/libz.so.1.2.13
7facee46b000-7facee47d000 r-xp 00003000 00:2699 4611686019106210071      /nix/store/026hln0aq1hyshaxsdvhg0kmcm6yf45r-zlib-1.2.13/lib/libz.so.1.2.13
7facee47d000-7facee484000 r--p 00015000 00:2699 4611686019106210071      /nix/store/026hln0aq1hyshaxsdvhg0kmcm6yf45r-zlib-1.2.13/lib/libz.so.1.2.13
7facee484000-7facee485000 r--p 0001b000 00:2699 4611686019106210071      /nix/store/026hln0aq1hyshaxsdvhg0kmcm6yf45r-zlib-1.2.13/lib/libz.so.1.2.13
7facee485000-7facee486000 rw-p 0001c000 00:2699 4611686019106210071      /nix/store/026hln0aq1hyshaxsdvhg0kmcm6yf45r-zlib-1.2.13/lib/libz.so.1.2.13
7facee486000-7facee488000 rw-p 00000000 00:00 0 
7facee488000-7facee48a000 r--p 00000000 00:2699 4611686019027979912      /nix/store/4nlgxhb09sdr51nc9hdm8az5b08vzkgx-glibc-2.35-163/lib/ld-linux-x86-64.so.2
7facee48a000-7facee4b1000 r-xp 00002000 00:2699 4611686019027979912      /nix/store/4nlgxhb09sdr51nc9hdm8az5b08vzkgx-glibc-2.35-163/lib/ld-linux-x86-64.so.2
7facee4b1000-7facee4bd000 r--p 00029000 00:2699 4611686019027979912      /nix/store/4nlgxhb09sdr51nc9hdm8az5b08vzkgx-glibc-2.35-163/lib/ld-linux-x86-64.so.2
7facee4bd000-7facee4bf000 r--p 00034000 00:2699 4611686019027979912      /nix/store/4nlgxhb09sdr51nc9hdm8az5b08vzkgx-glibc-2.35-163/lib/ld-linux-x86-64.so.2
7facee4bf000-7facee4c1000 rw-p 00036000 00:2699 4611686019027979912      /nix/store/4nlgxhb09sdr51nc9hdm8az5b08vzkgx-glibc-2.35-163/lib/ld-linux-x86-64.so.2
7fffd9e33000-7fffd9e58000 rw-p 00000000 00:00 0                          [stack]
7fffd9eff000-7fffd9f03000 r--p 00000000 00:00 0                          [vvar]
7fffd9f03000-7fffd9f05000 r-xp 00000000 00:00 0                          [vdso]
ffffffffff600000-ffffffffff601000 --xp 00000000 00:00 0                  [vsyscall]


VM Arguments:
jvm_args: -XX:ThreadPriorityPolicy=1 -XX:+UnlockExperimentalVMOptions -XX:+EnableJVMCIProduct -XX:JVMCIThreadsPerNativeLibraryRuntime=1 -XX:-UnlockExperimentalVMOptions -Declipse.application=org.eclipse.jdt.ls.core.id1 -Dosgi.bundles.defaultStartLevel=4 -Declipse.product=org.eclipse.jdt.ls.core.product -Dlog.level=ALL -Xverify:none -XX:+UseParallelGC -XX:GCTimeRatio=4 -XX:AdaptiveSizePolicyWeight=90 -Dsun.zip.disableMemoryMapping=true -Xmx512m -Xms100m 
java_command: /nix/store/m6gcpi1ii6rghy04cjwjddcavv7i90df-jdt-language-server-1.9.0/share/java/plugins/org.eclipse.equinox.launcher_1.6.400.v20210924-0641.jar --add-modules=ALL-SYSTEM --add-opens java.base/java.util=ALL-UNNAMED --add-opens java.base/java.lang=ALL-UNNAMED -configuration /home/runner/.cache/jdt-language-server/config -data /home/runner/.cache/jdt-language-server/data/home/runner/RPG-game-10-English
java_class_path (initial): /nix/store/m6gcpi1ii6rghy04cjwjddcavv7i90df-jdt-language-server-1.9.0/share/java/plugins/org.eclipse.equinox.launcher_1.6.400.v20210924-0641.jar
Launcher Type: SUN_STANDARD

[Global flags]
    uintx AdaptiveSizePolicyWeight                 = 90                                        {product} {command line}
     intx CICompilerCount                          = 2                                         {product} {ergonomic}
     bool EnableJVMCIProduct                       = true                                {JVMCI product} {jimage}
    uintx GCTimeRatio                              = 4                                         {product} {command line}
   size_t InitialHeapSize                          = 104857600                                 {product} {command line}
     uint JVMCIThreadsPerNativeLibraryRuntime      = 1                                   {JVMCI product} {jimage}
   size_t MaxHeapSize                              = 536870912                                 {product} {command line}
   size_t MaxNewSize                               = 178782208                                 {product} {ergonomic}
   size_t MinHeapDeltaBytes                        = 524288                                    {product} {ergonomic}
   size_t MinHeapSize                              = 104857600                                 {product} {command line}
   size_t NewSize                                  = 34603008                                  {product} {ergonomic}
    uintx NonNMethodCodeHeapSize                   = 5826188                                {pd product} {ergonomic}
    uintx NonProfiledCodeHeapSize                  = 122916026                              {pd product} {ergonomic}
   size_t OldSize                                  = 70254592                                  {product} {ergonomic}
    uintx ProfiledCodeHeapSize                     = 122916026                              {pd product} {ergonomic}
    uintx ReservedCodeCacheSize                    = 251658240                              {pd product} {ergonomic}
     bool SegmentedCodeCache                       = true                                      {product} {ergonomic}
   size_t SoftMaxHeapSize                          = 536870912                              {manageable} {ergonomic}
     intx ThreadPriorityPolicy                     = 1                                         {product} {jimage}
     bool UseCompressedClassPointers               = true                           {product lp64_product} {ergonomic}
     bool UseCompressedOops                        = true                           {product lp64_product} {ergonomic}
     bool UseParallelGC                            = true                                      {product} {command line}

Logging:
Log output configuration:
 #0: stdout all=warning uptime,level,tags
 #1: stderr all=off uptime,level,tags

Environment Variables:
JAVA_HOME=/nix/store/gpxl5qgg8kicmcvivwmybwjlpf7wh20l-graalvm17-ce-22.3.0
PATH=/nix/store/1d6ian3r8kdzspw8hacjhl3xkp40g1lj-binutils-wrapper-2.39/bin:/nix/store/dq0xwmsk1g0i2ayg6pb7y87na2knzylh-gcc-wrapper-11.3.0/bin:/nix/store/bap4d0lpcrhpwmpb8ayjcgkmvfj62lnq-bash-interactive-5.1-p16/bin:/nix/store/pr5n59mb4jzmfx6kanwxly0l07p861fg-patchelf-0.15.0/bin:/nix/store/1gf2flfqnpqbr1b4p4qz2f72y42bs56r-gcc-11.3.0/bin:/nix/store/57xv61c5zi8pphjbcwxxjlgc34p61ic9-glibc-2.35-163-bin/bin:/nix/store/a7gvj343m05j2s32xcnwr35v31ynlypr-coreutils-9.1/bin:/nix/store/039g378vc3pc3dvi9dzdlrd0i4q93qwf-binutils-2.39/bin:/nix/store/gpxl5qgg8kicmcvivwmybwjlpf7wh20l-graalvm17-ce-22.3.0/bin:/nix/store/6z9ag3ihc8mq2hzsw48lhbznvzny65nz-apache-maven-3.8.6/bin:/nix/store/m6gcpi1ii6rghy04cjwjddcavv7i90df-jdt-language-server-1.9.0/bin:/nix/store/84xs5alhs01zrbr4ywm05kxbjbp5590l-java-debug/bin:/nix/store/mydc6f4k2z73xlcz7ilif3v2lcaiqvza-findutils-4.9.0/bin:/nix/store/j9p3g8472iijd50vhdprx0nmk2fqn5gv-diffutils-3.8/bin:/nix/store/89zs7rms6x00xfq4dq6m7mjnhkr8a6r4-gnused-4.8/bin:/nix/store/86bp03jkmsl6f92w0yzg4s59g5mhxwmy-gnugrep-3.7/bin:/nix/store/hwcdqw4jrjnd37wxqgsd47hd0j8bnj09-gawk-5.1.1/bin:/nix/store/cfbhw8r8ags41vwqaz47r583d0p4h4a1-gnutar-1.34/bin:/nix/store/p3m1ndl1lapwrlh698bnb5lvvxh67378-gzip-1.12/bin:/nix/store/a8mhcagrsly7c7mpjrpsnaahk4aax056-bzip2-1.0.8-bin/bin:/nix/store/mblgz65m3zv9x548a3d5m96fj2pbwr09-gnumake-4.3/bin:/nix/store/dsd5gz46hdbdk2rfdimqddhq6m8m8fqs-bash-5.1-p16/bin:/nix/store/v7ljksji50mg3w61dykaa3n3y79n6nil-patch-2.7.6/bin:/nix/store/zlcnmqq14jz5x9439jf937mvayyl63da-xz-5.2.7-bin/bin:/nix/store/y6aj732zm9m87c82fpvf103a1xb22blp-file-5.43/bin:/nix/store/i4kzir3m7mrisxmf5xvlnkw01x4qaqr4-prybar-elisp-0.0.0-e0d9a52/bin:/nix/store/lwwivxf6h7x3cvxp9zv8sj0mv7dak99r-prybar-lua-0.0.0-e0d9a52/bin:/nix/store/gxj28g1cg4hq3qanmjv07156h800qr58-prybar-python3-0.0.0-e0d9a52/bin:/nix/store/hshkjnxrgidigf8x75vg6lqng2xlx9i3-prybar-sqlite-0.0.0-e0d9a52/bin:/nix/store/c4w01bpjgyy5ixmwdk8m1pw87zq4sl26-prybar-tcl-0.0.0-e0d9a52/bin:/nix/store/hpbvrlwd5viqmvcaisb3x0118i913a9n-st
LD_LIBRARY_PATH=/nix/store/a4pff549sk2idnkpzk5nsfps3mdkdnvm-cups-2.4.2-lib/lib:/nix/store/72mqxxhh3cy5yifh92wh2yb8cl2hikyy-cairo-1.16.0/lib:/nix/store/2k366jrbsra97gjfxwvrhvixjfxdach5-glib-2.74.1/lib:/nix/store/2j2znigd8ak37rlwh9khz0ry3clqlw1l-gtk+3-3.24.34/lib:/nix/store/hisqvx32cd57apbpcsnkpx6k3549wql1-libglvnd-1.4.0/lib:/nix/store/p36pgcv991mq5srvg765b78yqpxvk3qs-mesa-21.3.3-drivers/lib:/nix/store/mav4251if1ahjq5vkpwycyyvnmy459c4-pulseaudio-14.2/lib
DISPLAY=:0
LANG=en_US.UTF-8

Signal Handlers:
   SIGSEGV: crash_handler in libjvm.so, mask=11100100010111111101111111111110, flags=SA_RESTART|SA_SIGINFO
    SIGBUS: crash_handler in libjvm.so, mask=11100100010111111101111111111110, flags=SA_RESTART|SA_SIGINFO
    SIGFPE: crash_handler in libjvm.so, mask=11100100010111111101111111111110, flags=SA_RESTART|SA_SIGINFO
   SIGPIPE: IsolateEnterStub_IgnoreSIGPIPEStartupHook_noopSignalHandler_8f19bff2f35b5f630d83b364d6b2339320d4ec70_216e8361c6bc87a8f89f58cc10d3b2fd4415bf87 in libjvmcicompiler.so, mask=00000000000000000000000000000000, flags=SA_RESTART
  *** Handler was modified!
  *** Expected: javaSignalHandler in libjvm.so, mask=11100100110111111111111111111110, flags=SA_RESTART|SA_SIGINFO
   SIGXFSZ: javaSignalHandler in libjvm.so, mask=11100100010111111101111111111110, flags=SA_RESTART|SA_SIGINFO
    SIGILL: crash_handler in libjvm.so, mask=11100100010111111101111111111110, flags=SA_RESTART|SA_SIGINFO
   SIGUSR2: SR_handler in libjvm.so, mask=00000000000000000000000000000000, flags=SA_RESTART|SA_SIGINFO
    SIGHUP: UserHandler in libjvm.so, mask=11100100010111111101111111111110, flags=SA_RESTART|SA_SIGINFO
    SIGINT: UserHandler in libjvm.so, mask=11100100010111111101111111111110, flags=SA_RESTART|SA_SIGINFO
   SIGTERM: UserHandler in libjvm.so, mask=11100100010111111101111111111110, flags=SA_RESTART|SA_SIGINFO
   SIGQUIT: UserHandler in libjvm.so, mask=11100100010111111101111111111110, flags=SA_RESTART|SA_SIGINFO
  *** Handler was modified!
  *** Expected: javaSignalHandler in libjvm.so, mask=11100100110111111111111111111110, flags=SA_RESTART|SA_SIGINFO
   SIGTRAP: crash_handler in libjvm.so, mask=11100100010111111101111111111110, flags=SA_RESTART|SA_SIGINFO


---------------  S Y S T E M  ---------------

OS:
DISTRIB_ID=Ubuntu
DISTRIB_RELEASE=20.04
DISTRIB_CODENAME=focal
DISTRIB_DESCRIPTION="Ubuntu 20.04.2 LTS"
uname: Linux 5.19.0-1022-gcp #24~22.04.1-Ubuntu SMP Sun Apr 23 09:51:08 UTC 2023 x86_64
OS uptime: 0 days 11:50 hours
libc: glibc 2.35 NPTL 2.35 
rlimit (soft/hard): STACK 8192k/infinity , CORE infinity/infinity , NPROC infinity/infinity , NOFILE 5242/5242 , AS infinity/infinity , CPU infinity/infinity , DATA infinity/infinity , FSIZE infinity/infinity , MEMLOCK 8192k/8192k
load average: 18.31 15.32 15.90

/proc/meminfo:
MemTotal:       65852256 kB
MemFree:        10502604 kB
MemAvailable:   36858524 kB
Buffers:         2619204 kB
Cached:         22160460 kB
SwapCached:            0 kB
Active:         11198140 kB
Inactive:       39097976 kB
Active(anon):      20464 kB
Inactive(anon): 25311780 kB
Active(file):   11177676 kB
Inactive(file): 13786196 kB
Unevictable:       55940 kB
Mlocked:           55940 kB
SwapTotal:             0 kB
SwapFree:              0 kB
Zswap:                 0 kB
Zswapped:              0 kB
Dirty:              9500 kB
Writeback:             0 kB
AnonPages:      24558860 kB
Mapped:          2595484 kB
Shmem:             69592 kB
KReclaimable:    2118648 kB
Slab:            3457400 kB
SReclaimable:    2118648 kB
SUnreclaim:      1338752 kB
KernelStack:      478092 kB
PageTables:       269672 kB
NFS_Unstable:          0 kB
Bounce:                0 kB
WritebackTmp:          0 kB
CommitLimit:    32926128 kB
Committed_AS:   91257776 kB
VmallocTotal:   34359738367 kB
VmallocUsed:      525632 kB
VmallocChunk:          0 kB
Percpu:            62624 kB
HardwareCorrupted:     0 kB
AnonHugePages:   4304896 kB
ShmemHugePages:        0 kB
ShmemPmdMapped:        0 kB
FileHugePages:         0 kB
FilePmdMapped:         0 kB
HugePages_Total:       0
HugePages_Free:        0
HugePages_Rsvd:        0
HugePages_Surp:        0
Hugepagesize:       2048 kB
Hugetlb:               0 kB
DirectMap4k:     6904632 kB
DirectMap2M:    53909504 kB
DirectMap1G:     8388608 kB

/sys/kernel/mm/transparent_hugepage/enabled: always [madvise] never
/sys/kernel/mm/transparent_hugepage/defrag (defrag/compaction efforts parameter): always defer defer+madvise [madvise] never

Process Memory:
Virtual Size: 4588616K (peak: 4675372K)
Resident Set Size: 775424K (peak: 818412K) (anon: 582804K, file: 192620K, shmem: 0K)
Swapped out: 0K
C-Heap outstanding allocations: 39714K, retained: 16477K
glibc malloc tunables: (default)

/proc/sys/kernel/threads-max (system-wide limit on the number of threads): 514406
/proc/sys/vm/max_map_count (maximum number of memory map areas a process may have): 65530
/proc/sys/kernel/pid_max (system-wide limit on number of process identifiers): 4194304

container (cgroup) information:
container_type: cgroupv1
cpu_cpuset_cpus: 2-7
cpu_memory_nodes: 0
active_processor_count: 1
cpu_quota: 50000
cpu_period: 100000
cpu_shares: 512
memory_limit_in_bytes: 1048576 k
memory_and_swap_limit_in_bytes: 1048576 k
memory_soft_limit_in_bytes: 524288 k
memory_usage_in_bytes: 649488 k
memory_max_usage_in_bytes: 1048580 k
maximum number of tasks: 1000
current number of tasks: 59

KVM virtualization detected
Steal ticks since vm start: 0
Steal ticks percentage since vm start:  0.000

CPU: total 8 (initial active 1) (8 cores per cpu, 2 threads per core) family 23 model 49 stepping 0 microcode 0xffffffff, cx8, cmov, fxsr, ht, mmx, 3dnowpref, sse, sse2, sse3, ssse3, sse4a, sse4.1, sse4.2, popcnt, lzcnt, tsc, tscinvbit, avx, avx2, aes, clmul, bmi1, bmi2, adx, sha, fma, vzeroupper, clflush, clflushopt, hv
CPU Model and flags from /proc/cpuinfo:
model name	: AMD EPYC 7B12
flags		: fpu vme de pse tsc msr pae mce cx8 apic sep mtrr pge mca cmov pat pse36 clflush mmx fxsr sse sse2 ht syscall nx mmxext fxsr_opt pdpe1gb rdtscp lm constant_tsc rep_good nopl nonstop_tsc cpuid extd_apicid tsc_known_freq pni pclmulqdq ssse3 fma cx16 sse4_1 sse4_2 movbe popcnt aes xsave avx f16c rdrand hypervisor lahf_lm cmp_legacy cr8_legacy abm sse4a misalignsse 3dnowprefetch osvw topoext ssbd ibrs ibpb stibp vmmcall fsgsbase tsc_adjust bmi1 avx2 smep bmi2 rdseed adx smap clflushopt clwb sha_ni xsaveopt xsavec xgetbv1 clzero xsaveerptr arat npt nrip_save umip rdpid

Online cpus: 0-7
Offline cpus: 
BIOS frequency limitation: <Not Available>
Frequency switch latency (ns): <Not Available>
Available cpu frequencies: <Not Available>
Current governor: <Not Available>
Core performance/turbo boost: <Not Available>

Memory: 4k page, physical 1048576k(399076k free), swap 0k(0k free)
Page Sizes: 4k

vm_info: OpenJDK 64-Bit Server VM (17.0.5+8-jvmci-22.3-b08) for linux-amd64 JRE (17.0.5+8-jvmci-22.3-b08), built on Oct 19 2022 09:01:27 by "buildslave" with gcc 10.3.0

END.
