#
# A fatal error has been detected by the Java Runtime Environment:
#
#  Internal Error (jvmciRuntime.cpp:1609), pid=32, tid=46
#  fatal error: Fatal exception in JVMCI: Error calling jdk.vm.ci.services.Services.serializeSavedProperties
#
# JRE version: OpenJDK Runtime Environment GraalVM CE 22.3.0 (17.0.5+8) (build 17.0.5+8-jvmci-22.3-b08)
# Java VM: OpenJDK 64-Bit Server VM GraalVM CE 22.3.0 (17.0.5+8-jvmci-22.3-b08, mixed mode, sharing, tiered, jvmci, jvmci compiler, compressed oops, compressed class ptrs, parallel gc, linux-amd64)
# Problematic frame:
# V  [libjvm.so+0x972714]  JVMCIRuntime::fatal_exception(JVMCIEnv*, char const*)+0x74
#
# Core dump will be written. Default location: Core dumps may be processed with "/usr/share/apport/apport -p%p -s%s -c%c -d%d -P%P -u%u -g%g -- %E" (or dumping to /home/runner/RPG-game-10-English/core.32)
#
# If you would like to submit a bug report, please visit:
#   https://github.com/oracle/graal/issues
#

---------------  S U M M A R Y ------------

Command Line: -XX:ThreadPriorityPolicy=1 -XX:+UnlockExperimentalVMOptions -XX:+EnableJVMCIProduct -XX:JVMCIThreadsPerNativeLibraryRuntime=1 -XX:-UnlockExperimentalVMOptions -Declipse.application=org.eclipse.jdt.ls.core.id1 -Dosgi.bundles.defaultStartLevel=4 -Declipse.product=org.eclipse.jdt.ls.core.product -Dlog.level=ALL -Xverify:none -XX:+UseParallelGC -XX:GCTimeRatio=4 -XX:AdaptiveSizePolicyWeight=90 -Dsun.zip.disableMemoryMapping=true -Xmx512m -Xms100m /nix/store/m6gcpi1ii6rghy04cjwjddcavv7i90df-jdt-language-server-1.9.0/share/java/plugins/org.eclipse.equinox.launcher_1.6.400.v20210924-0641.jar --add-modules=ALL-SYSTEM --add-opens java.base/java.util=ALL-UNNAMED --add-opens java.base/java.lang=ALL-UNNAMED -configuration /home/runner/.cache/jdt-language-server/config -data /home/runner/.cache/jdt-language-server/data/home/runner/RPG-game-10-English

Host: AMD EPYC 7B12, 8 cores, 1G, Ubuntu 20.04.2 LTS
Time: Thu May 18 21:18:47 2023 UTC elapsed time: 795.585865 seconds (0d 0h 13m 15s)

---------------  T H R E A D  ---------------

Current thread (0x00007f1b400b2210):  JavaThread "JVMCI-native CompilerThread0" daemon [_thread_in_vm, id=46, stack(0x00007f1b26a00000,0x00007f1b26c00000)]


Current CompileTask:
JVMCI-native: 795586 10337       4       java.util.concurrent.locks.ReentrantReadWriteLock$Sync::tryReleaseShared (146 bytes)

Stack: [0x00007f1b26a00000,0x00007f1b26c00000],  sp=0x00007f1b26bfe380,  free space=2040k
Native frames: (J=compiled Java code, j=interpreted, Vv=VM code, C=native code)
V  [libjvm.so+0x972714]  JVMCIRuntime::fatal_exception(JVMCIEnv*, char const*)+0x74
V  [libjvm.so+0x93e2fe]  JVMCIEnv::copy_saved_properties()+0x14e
V  [libjvm.so+0x9732a9]  JVMCIRuntime::initialize(JVMCIEnv*)+0xb19
V  [libjvm.so+0x9738a2]  JVMCIRuntime::get_HotSpotJVMCIRuntime(JVMCIEnv*)+0x12
V  [libjvm.so+0x9749f2]  JVMCIRuntime::compile_method(JVMCIEnv*, JVMCICompiler*, methodHandle const&, int)+0xd2
V  [libjvm.so+0x5b0d20]  CompileBroker::invoke_compiler_on_method(CompileTask*)+0x1470
V  [libjvm.so+0x5b12e8]  CompileBroker::compiler_thread_loop()+0x528
V  [libjvm.so+0xd82460]  JavaThread::thread_main_inner()+0xd0
V  [libjvm.so+0xd85a40]  Thread::call_run()+0xc0
V  [libjvm.so+0xbdb1e1]  thread_native_entry(Thread*)+0xe1

Register to memory mapping:

RAX=0x00007f1b4677e000 points into unknown readable memory: 0x0000000000000058 | 58 00 00 00 00 00 00 00
RBX=0x00007f1b47879398: <offset 0x0000000000ef5398> in /nix/store/gpxl5qgg8kicmcvivwmybwjlpf7wh20l-graalvm17-ce-22.3.0/lib/server/libjvm.so at 0x00007f1b46984000
RCX=0x00007f1b478311e8: <offset 0x0000000000ead1e8> in /nix/store/gpxl5qgg8kicmcvivwmybwjlpf7wh20l-graalvm17-ce-22.3.0/lib/server/libjvm.so at 0x00007f1b46984000
RDX=0x0000000000000649 is an unknown value
RSP=0x00007f1b26bfe380 is pointing into the stack for thread: 0x00007f1b400b2210
RBP=0x00007f1b26bfe3a0 is pointing into the stack for thread: 0x00007f1b400b2210
RSI=0x00007f1b47879c48: <offset 0x0000000000ef5c48> in /nix/store/gpxl5qgg8kicmcvivwmybwjlpf7wh20l-graalvm17-ce-22.3.0/lib/server/libjvm.so at 0x00007f1b46984000
RDI=0x00000000e0000000 is an oop: java.security.AccessControlContext 
{0x00000000e0000000} - klass: 'java/security/AccessControlContext'
 - ---- fields (total size 5 words):
 - private 'isPrivileged' 'Z' @12  true
 - private 'isAuthorized' 'Z' @13  true
 - private 'isWrapped' 'Z' @14  false
 - private 'isLimited' 'Z' @15  false
 - private 'context' '[Ljava/security/ProtectionDomain;' @16  a 'java/security/ProtectionDomain'[1] {0x00000000e0000028} (e0000028)
 - private 'privilegedContext' 'Ljava/security/AccessControlContext;' @20  NULL (0)
 - private 'combiner' 'Ljava/security/DomainCombiner;' @24  NULL (0)
 - private 'permissions' '[Ljava/security/Permission;' @28  NULL (0)
 - private 'parent' 'Ljava/security/AccessControlContext;' @32  NULL (0)
 - private 'limitedContext' '[Ljava/security/ProtectionDomain;' @36  NULL (0)
R8 =0x00007f1b47879398: <offset 0x0000000000ef5398> in /nix/store/gpxl5qgg8kicmcvivwmybwjlpf7wh20l-graalvm17-ce-22.3.0/lib/server/libjvm.so at 0x00007f1b46984000
R9 =0x0000000000000003 is an unknown value
R10=0x00007f1b47bcada0: <offset 0x0000000001246da0> in /nix/store/gpxl5qgg8kicmcvivwmybwjlpf7wh20l-graalvm17-ce-22.3.0/lib/server/libjvm.so at 0x00007f1b46984000
R11=0x000000080044f048 is pointing into metadata
R12=0x0 is NULL
R13=0x00007f1b400b2210 is a thread
R14=0x00007f1b40000b80 points into unknown readable memory: 0x00007f1b47aaaa38 | 38 aa aa 47 1b 7f 00 00
R15=0x00007f1b47bb8e40: <offset 0x0000000001234e40> in /nix/store/gpxl5qgg8kicmcvivwmybwjlpf7wh20l-graalvm17-ce-22.3.0/lib/server/libjvm.so at 0x00007f1b46984000


Registers:
RAX=0x00007f1b4677e000, RBX=0x00007f1b47879398, RCX=0x00007f1b478311e8, RDX=0x0000000000000649
RSP=0x00007f1b26bfe380, RBP=0x00007f1b26bfe3a0, RSI=0x00007f1b47879c48, RDI=0x00000000e0000000
R8 =0x00007f1b47879398, R9 =0x0000000000000003, R10=0x00007f1b47bcada0, R11=0x000000080044f048
R12=0x0000000000000000, R13=0x00007f1b400b2210, R14=0x00007f1b40000b80, R15=0x00007f1b47bb8e40
RIP=0x00007f1b472f6714, EFLAGS=0x0000000000010206, CSGSFS=0x002b000000000033, ERR=0x0000000000000006
  TRAPNO=0x000000000000000e

Top of Stack: (sp=0x00007f1b26bfe380)
0x00007f1b26bfe380:   00007f1b26bfe940 00007f1b400b2210
0x00007f1b26bfe390:   00007f1b4510f8c8 0000000800c417a0
0x00007f1b26bfe3a0:   00007f1b26bfe500 00007f1b472c22fe
0x00007f1b26bfe3b0:   00007f1b26bfe3e0 00007f1b26bfe440 

Instructions: (pc=0x00007f1b472f6714)
0x00007f1b472f6614:   30 e8 f6 cf e8 ff 4c 89 e7 e8 2e 48 d1 ff 84 db
0x00007f1b472f6624:   75 2a 4d 85 ed 74 04 4d 8b 6d 00 48 83 c4 08 44
0x00007f1b472f6634:   89 f9 4c 89 f2 4c 89 ee 5b 4c 89 e7 41 5c 41 5d
0x00007f1b472f6644:   41 5e 41 5f 5d e9 e2 47 d1 ff 66 90 48 83 c4 08
0x00007f1b472f6654:   5b 41 5c 41 5d 41 5e 41 5f 5d c3 90 31 d2 be 08
0x00007f1b472f6664:   00 00 00 4c 89 ff e8 b1 78 a3 ff 49 89 c5 e9 37
0x00007f1b472f6674:   ff ff ff 66 0f 1f 84 00 00 00 00 00 48 8b 7a 08
0x00007f1b472f6684:   e9 6d ff ff ff 0f 1f 80 00 00 00 00 e8 5b 48 0a
0x00007f1b472f6694:   00 84 c0 75 89 e9 6a ff ff ff 66 90 55 48 89 e5
0x00007f1b472f66a4:   41 56 41 55 41 54 49 89 fc 53 48 89 f3 66 48 8d
0x00007f1b472f66b4:   3d 27 5e 85 00 66 66 48 e8 df 43 8d ff 4c 8b 28
0x00007f1b472f66c4:   8b 05 be 72 8a 00 85 c0 75 14 ba 01 00 00 00 48
0x00007f1b472f66d4:   8d 0d ae 72 8a 00 f0 0f b1 11 85 c0 74 4e be c8
0x00007f1b472f66e4:   00 00 00 4c 89 ef e8 01 0b 41 00 48 8d 05 12 ac
0x00007f1b472f66f4:   85 00 49 89 d8 48 8d 0d e8 aa 53 00 ba 49 06 00
0x00007f1b472f6704:   00 48 8d 35 3c 35 58 00 bf 00 00 00 e0 48 8b 00
0x00007f1b472f6714:   c6 00 58 31 c0 e8 e2 91 c6 ff 5b 41 5c 41 5d 41
0x00007f1b472f6724:   5e 5d e9 55 34 26 00 0f 1f 44 00 00 48 8d 05 81
0x00007f1b472f6734:   a3 8b 00 48 89 df 4c 8b 30 e8 9e 43 8d ff 48 89
0x00007f1b472f6744:   de 48 89 c2 49 8b 06 4c 89 f7 ff 50 08 4c 89 f7
0x00007f1b472f6754:   e8 a7 5c 27 00 4d 85 e4 74 12 be 01 00 00 00 4c
0x00007f1b472f6764:   89 e7 e8 35 43 fc ff eb 82 0f 1f 00 be 01 00 00
0x00007f1b472f6774:   00 4c 89 ef e8 d3 fd ff ff e9 6d ff ff ff 66 66
0x00007f1b472f6784:   2e 0f 1f 84 00 00 00 00 00 0f 1f 00 55 48 89 e5
0x00007f1b472f6794:   41 57 41 56 41 55 41 54 53 48 81 ec 08 02 00 00
0x00007f1b472f67a4:   64 48 8b 04 25 28 00 00 00 48 89 45 c8 8b 07 83
0x00007f1b472f67b4:   f8 02 0f 84 11 04 00 00 4c 8b 6f 18 49 89 ff 49
0x00007f1b472f67c4:   89 f4 4d 85 ed 74 14 4c 89 ef e8 5d 57 22 00 41
0x00007f1b472f67d4:   8b 07 83 f8 02 0f 84 19 04 00 00 48 8d 1d 9a 06
0x00007f1b472f67e4:   8a 00 4c 8d 35 0b 3c 58 00 eb 38 90 48 85 d2 7f
0x00007f1b472f67f4:   0d 48 8d 05 b4 c0 85 00 48 83 38 00 7e 0e 41 8b
0x00007f1b472f6804:   77 2c 4c 89 f7 31 c0 e8 a0 b2 f7 ff 49 8b 7f 18 


Stack slot to memory mapping:
stack at sp + 0 slots: 0x00007f1b26bfe940 is pointing into the stack for thread: 0x00007f1b400b2210
stack at sp + 1 slots: 0x00007f1b400b2210 is a thread
stack at sp + 2 slots: 0x00007f1b4510f8c8 points into unknown readable memory: 0x6573001880c9ffff | ff ff c9 80 18 00 73 65
stack at sp + 3 slots: 0x0000000800c417a0 is a pointer to class: 
jdk.vm.ci.services.Services {0x0000000800c417a0}
 - instance size:     2
 - klass size:        65
 - access:            public final synchronized 
 - state:             fully_initialized
 - name:              'jdk/vm/ci/services/Services'
 - super:             'java/lang/Object'
 - sub:               
 - arrays:            NULL
 - methods:           Array<T>(0x00007f1b26c43ae8)
 - method ordering:   Array<T>(0x0000000800928960)
 - default_methods:   Array<T>(0x0000000000000000)
 - local interfaces:  Array<T>(0x00000008005ce810)
 - trans. interfaces: Array<T>(0x00000008005ce810)
 - constants:         constant pool [427] {0x00007f1b26c42bc8} for 'jdk/vm/ci/services/Services' cache=0x00007f1b26c44db8
 - class loader data:  loader data: 0x00007f1b400283f0 of 'bootstrap'
 - source file:       'Services.java'
 - class annotations:       Array<T>(0x0000000000000000)
 - class type annotations:  Array<T>(0x0000000000000000)
 - field annotations:       Array<T>(0x0000000000000000)
 - field type annotations:  Array<T>(0x0000000000000000)
 - inner classes:     Array<T>(0x00007f1b26c44d88)
 - nest members:     Array<T>(0x00007f1b26c44da8)
 - permitted subclasses:     Array<T>(0x00000008005ce7a0)
 - java mirror:       a 'java/lang/Class'{0x00000000e0177198} = 'jdk/vm/ci/services/Services'
 - vtable length      5  (start addr: 0x0000000800c41970)
 - itable length      2 (start addr: 0x0000000800c41998)
 - ---- static fields (3 words):
 - public static final 'IS_BUILDING_NATIVE_IMAGE' 'Z' @128 
 - public static final 'IS_IN_NATIVE_IMAGE' 'Z' @129 
 - private static volatile 'savedProperties' 'Ljava/util/Map;' @112 
 - static final 'JVMCI_ENABLED' 'Z' @130 
 - private static final 'servicesCache' 'Ljava/util/Map;' @116 
 - private static final 'MAX_UNICODE_IN_UTF8_LENGTH' 'I' @120 
 - private static final 'MAX_UTF8_PROPERTY_STRING_LENGTH' 'I' @124 
 - ---- non-static fields (0 words):
 - non-static oop maps: 
stack at sp + 4 slots: 0x00007f1b26bfe500 is pointing into the stack for thread: 0x00007f1b400b2210
stack at sp + 5 slots: 0x00007f1b472c22fe: <offset 0x000000000093e2fe> in /nix/store/gpxl5qgg8kicmcvivwmybwjlpf7wh20l-graalvm17-ce-22.3.0/lib/server/libjvm.so at 0x00007f1b46984000
stack at sp + 6 slots: 0x00007f1b26bfe3e0 is pointing into the stack for thread: 0x00007f1b400b2210
stack at sp + 7 slots: 0x00007f1b26bfe440 is pointing into the stack for thread: 0x00007f1b400b2210


---------------  P R O C E S S  ---------------

Threads class SMR info:
_java_thread_list=0x00007f1a8c001480, length=27, elements={
0x00007f1b40026690, 0x00007f1b400a64d0, 0x00007f1b400a7910, 0x00007f1b400ae080,
0x00007f1b400af430, 0x00007f1b400b0820, 0x00007f1b400b2210, 0x00007f1b400b3720,
0x00007f1b400b4780, 0x00007f1b400d7890, 0x00007f1b4011f220, 0x00007f1b40312ab0,
0x00007f1b40345bc0, 0x00007f1b40348330, 0x00007f1b4032d110, 0x00007f1ad4017040,
0x00007f1ad42a3130, 0x00007f1ad43051c0, 0x00007f1ad4482ec0, 0x00007f1ad4601bb0,
0x00007f1b40479710, 0x00007f1b4037eba0, 0x00007f1aac001130, 0x00007f1ab0111ec0,
0x00007f1ab003a020, 0x00007f1ab015c300, 0x00007f1ab015cd40
}

Java Threads: ( => current thread )
  0x00007f1b40026690 JavaThread "main" [_thread_blocked, id=38, stack(0x00007f1b4679f000,0x00007f1b4689f000)]
  0x00007f1b400a64d0 JavaThread "Reference Handler" daemon [_thread_blocked, id=41, stack(0x00007f1b447b6000,0x00007f1b448b6000)]
  0x00007f1b400a7910 JavaThread "Finalizer" daemon [_thread_blocked, id=42, stack(0x00007f1b446b6000,0x00007f1b447b6000)]
  0x00007f1b400ae080 JavaThread "Signal Dispatcher" daemon [_thread_blocked, id=43, stack(0x00007f1b442d0000,0x00007f1b443d0000)]
  0x00007f1b400af430 JavaThread "Service Thread" daemon [_thread_blocked, id=44, stack(0x00007f1b441d0000,0x00007f1b442d0000)]
  0x00007f1b400b0820 JavaThread "Monitor Deflation Thread" daemon [_thread_blocked, id=45, stack(0x00007f1b440d0000,0x00007f1b441d0000)]
=>0x00007f1b400b2210 JavaThread "JVMCI-native CompilerThread0" daemon [_thread_in_vm, id=46, stack(0x00007f1b26a00000,0x00007f1b26c00000)]
  0x00007f1b400b3720 JavaThread "C1 CompilerThread0" daemon [_thread_blocked, id=48, stack(0x00007f1b26800000,0x00007f1b26a00000)]
  0x00007f1b400b4780 JavaThread "Sweeper thread" daemon [_thread_blocked, id=49, stack(0x00007f1b26700000,0x00007f1b26800000)]
  0x00007f1b400d7890 JavaThread "Common-Cleaner" daemon [_thread_blocked, id=50, stack(0x00007f1b26600000,0x00007f1b26700000)]
  0x00007f1b4011f220 JavaThread "Notification Thread" daemon [_thread_blocked, id=52, stack(0x00007f1b26500000,0x00007f1b26600000)]
  0x00007f1b40312ab0 JavaThread "Active Thread: Equinox Container: 3fbf013f-5b2e-4b8f-96c1-062041a59d4a" [_thread_blocked, id=65, stack(0x00007f1b25100000,0x00007f1b25200000)]
  0x00007f1b40345bc0 JavaThread "Framework Event Dispatcher: Equinox Container: 3fbf013f-5b2e-4b8f-96c1-062041a59d4a" daemon [_thread_blocked, id=66, stack(0x00007f1b24f00000,0x00007f1b25000000)]
  0x00007f1b40348330 JavaThread "Start Level: Equinox Container: 3fbf013f-5b2e-4b8f-96c1-062041a59d4a" daemon [_thread_blocked, id=67, stack(0x00007f1b24d00000,0x00007f1b24e00000)]
  0x00007f1b4032d110 JavaThread "Refresh Thread: Equinox Container: 3fbf013f-5b2e-4b8f-96c1-062041a59d4a" daemon [_thread_blocked, id=68, stack(0x00007f1b24b00000,0x00007f1b24c00000)]
  0x00007f1ad4017040 JavaThread "SCR Component Actor" daemon [_thread_blocked, id=78, stack(0x00007f1b24900000,0x00007f1b24a00000)]
  0x00007f1ad42a3130 JavaThread "Worker-JM" [_thread_blocked, id=90, stack(0x00007f1b24500000,0x00007f1b24600000)]
  0x00007f1ad43051c0 JavaThread "Worker-0" [_thread_blocked, id=92, stack(0x00007f1b24300000,0x00007f1b24400000)]
  0x00007f1ad4482ec0 JavaThread "Java indexing" daemon [_thread_blocked, id=94, stack(0x00007f1aedb00000,0x00007f1aedc00000)]
  0x00007f1ad4601bb0 JavaThread "Bundle File Closer" daemon [_thread_blocked, id=95, stack(0x00007f1aed900000,0x00007f1aeda00000)]
  0x00007f1b40479710 JavaThread "pool-3-thread-1" [_thread_blocked, id=104, stack(0x00007f1aed700000,0x00007f1aed800000)]
  0x00007f1b4037eba0 JavaThread "pool-2-thread-1" [_thread_blocked, id=106, stack(0x00007f1aed300000,0x00007f1aed400000)]
  0x00007f1aac001130 JavaThread "Worker-3" [_thread_blocked, id=107, stack(0x00007f1aed100000,0x00007f1aed200000)]
  0x00007f1ab0111ec0 JavaThread "Thread-7" [_thread_blocked, id=1369, stack(0x00007f1b24100000,0x00007f1b24200000)]
  0x00007f1ab003a020 JavaThread "Thread-8" [_thread_blocked, id=2266, stack(0x00007f1b25000000,0x00007f1b25100000)]
  0x00007f1ab015c300 JavaThread "Thread-10" [_thread_blocked, id=2736, stack(0x00007f1b24700000,0x00007f1b24800000)]
  0x00007f1ab015cd40 JavaThread "Thread-11" [_thread_blocked, id=3081, stack(0x00007f1aecf00000,0x00007f1aed000000)]

Other Threads:
  0x00007f1b400a1c10 VMThread "VM Thread" [stack: 0x00007f1b448b8000,0x00007f1b449b8000] [id=40] _threads_hazard_ptr=0x00007f1a8c001480
  0x00007f1b40120bc0 WatcherThread [stack: 0x00007f1b26400000,0x00007f1b26500000] [id=53]
  0x00007f1b4003df30 GCTaskThread "GC Thread#0" [stack: 0x00007f1b46362000,0x00007f1b46462000] [id=39]

Threads with active compile tasks:
JVMCI-native CompilerThread0   795617 10337       4       java.util.concurrent.locks.ReentrantReadWriteLock$Sync::tryReleaseShared (146 bytes)

VM state: synchronizing (normal execution)

VM Mutex/Monitor currently owned by a thread:  ([mutex/lock_event])
[0x00007f1b40023840] Threads_lock - owner thread: 0x00007f1b400a1c10
[0x00007f1b40023ff0] Heap_lock - owner thread: 0x00007f1b4037eba0

OutOfMemory and StackOverflow Exception counts:
OutOfMemoryError java_heap_errors=1
LinkageErrors=67

Heap address: 0x00000000e0000000, size: 512 MB, Compressed Oops mode: 32-bit

CDS archive(s) mapped at: [0x0000000800000000-0x0000000800bc8000-0x0000000800bc8000), size 12353536, SharedBaseAddress: 0x0000000800000000, ArchiveRelocationMode: 0.
Compressed class space mapped at: 0x0000000800c00000-0x0000000840c00000, reserved size: 1073741824
Narrow klass base: 0x0000000800000000, Narrow klass shift: 0, Narrow klass range: 0x100000000

GC Precious Log:
 CPUs: 8 total, 1 available
 Memory: 1024M
 Large Page Support: Disabled
 NUMA Support: Disabled
 Compressed Oops: Enabled (32-bit)
 Alignments: Space 512K, Generation 512K, Heap 2M
 Heap Min Capacity: 100M
 Heap Initial Capacity: 100M
 Heap Max Capacity: 512M
 Pre-touch: Disabled
 Parallel Workers: 1

Heap:
 PSYoungGen      total 70144K, used 47616K [0x00000000f5580000, 0x00000000fb180000, 0x0000000100000000)
  eden space 47616K, 100% used [0x00000000f5580000,0x00000000f8400000,0x00000000f8400000)
  from space 22528K, 0% used [0x00000000f8400000,0x00000000f8400000,0x00000000f9a00000)
  to   space 21504K, 0% used [0x00000000f9a00000,0x00000000f9a00000,0x00000000faf00000)
 ParOldGen       total 349696K, used 349693K [0x00000000e0000000, 0x00000000f5580000, 0x00000000f5580000)
  object space 349696K, 99% used [0x00000000e0000000,0x00000000f557f658,0x00000000f5580000)
 Metaspace       used 61649K, committed 62784K, reserved 1105920K
  class space    used 5961K, committed 6464K, reserved 1048576K

Card table byte_map: [0x00007f1b46462000,0x00007f1b46563000] _byte_map_base: 0x00007f1b45d62000

Marking Bits: (ParMarkBitMap*) 0x00007f1b47bb24c0
 Begin Bits: [0x00007f1b452b5000, 0x00007f1b45ab5000)
 End Bits:   [0x00007f1b45ab5000, 0x00007f1b462b5000)

Polling page: 0x00007f1b4677c000

Metaspace:

Usage:
  Non-class:     54.38 MB used.
      Class:      5.82 MB used.
       Both:     60.20 MB used.

Virtual space:
  Non-class space:       56.00 MB reserved,      55.00 MB ( 98%) committed,  7 nodes.
      Class space:        1.00 GB reserved,       6.31 MB ( <1%) committed,  1 nodes.
             Both:        1.05 GB reserved,      61.31 MB (  6%) committed. 

Chunk freelists:
   Non-Class:  606.00 KB
       Class:  1.79 MB
        Both:  2.38 MB

MaxMetaspaceSize: unlimited
CompressedClassSpaceSize: 1.00 GB
Initial GC threshold: 21.00 MB
Current GC threshold: 102.00 MB
CDS: on
MetaspaceReclaimPolicy: balanced
 - commit_granule_bytes: 65536.
 - commit_granule_words: 8192.
 - virtual_space_node_default_size: 1048576.
 - enlarge_chunks_in_place: 1.
 - new_chunks_are_fully_committed: 0.
 - uncommit_free_chunks: 1.
 - use_allocation_guard: 0.
 - handle_deallocations: 1.


Internal statistics:

num_allocs_failed_limit: 6.
num_arena_births: 522.
num_arena_deaths: 150.
num_vsnodes_births: 8.
num_vsnodes_deaths: 0.
num_space_committed: 980.
num_space_uncommitted: 0.
num_chunks_returned_to_freelist: 211.
num_chunks_taken_from_freelist: 2925.
num_chunk_merges: 87.
num_chunk_splits: 1920.
num_chunks_enlarged: 1203.
num_purges: 2.
num_inconsistent_stats: 0.

CodeHeap 'non-profiled nmethods': size=120036Kb used=2850Kb max_used=2850Kb free=117186Kb
 bounds [0x00007f1b2ef7a000, 0x00007f1b2f24a000, 0x00007f1b364b3000]
CodeHeap 'profiled nmethods': size=120032Kb used=17706Kb max_used=17706Kb free=102325Kb
 bounds [0x00007f1b27a42000, 0x00007f1b28b92000, 0x00007f1b2ef7a000]
CodeHeap 'non-nmethods': size=5692Kb used=1399Kb max_used=1402Kb free=4292Kb
 bounds [0x00007f1b274b3000, 0x00007f1b27723000, 0x00007f1b27a42000]
 total_blobs=8640 nmethods=7900 adapters=633
 compilation: enabled
              stopped_count=0, restarted_count=0
 full_count=0

JVMCI Events (20 events):
Event: 554.924 Thread 0x00007f1b400b2210 compacted oop handles in JVMCI runtime 0 from 114 to 106
Event: 554.924 Thread 0x00007f1b400b2210 compacted oop handles in JVMCI runtime 0 from 106 to 91
Event: 597.824 Thread 0x00007f1b400b2210 compacted oop handles in JVMCI runtime 0 from 94 to 92
Event: 647.310 Thread 0x00007f1b400b2210 compacted oop handles in JVMCI runtime 0 from 101 to 100
Event: 658.598 Thread 0x00007f1b400b2210 compacted oop handles in JVMCI runtime 0 from 131 to 129
Event: 659.695 Thread 0x00007f1b400b2210 compacted oop handles in JVMCI runtime 0 from 129 to 67
Event: 684.130 Thread 0x00007f1b400b2210 compacted oop handles in JVMCI runtime 0 from 74 to 72
Event: 742.922 Thread 0x00007f1b400b2210 compacted oop handles in JVMCI runtime 0 from 129 to 78
Event: 742.926 Thread 0x00007f1b400b2210 compacted oop handles in JVMCI runtime 0 from 91 to 89
Event: 743.989 Thread 0x00007f1b400b2210 detaching from JVMCI runtime 0: releasing idle compiler thread (0 other threads still attached)
Event: 743.989 Thread 0x00007f1b400b2210 shutting down HotSpotJVMCIRuntime for JVMCI runtime 0
Event: 743.989 Thread 0x00007f1b400b2210 shut down JVMCI runtime 0
Event: 745.300 Thread 0x00007f1b400b2210 destroyed JavaVM[5]@0x00007f1aec79e340 for JVMCI runtime 0
Event: 745.300 Thread 0x00007f1b400b2210 compacted oop handles in JVMCI runtime 0 from 101 to 101
Event: 745.300 Thread 0x00007f1b400b2210 releasing handles for JVMCI runtime 0: oop handles=101, metadata handles={total=376, live=375, blocks=62}
Event: 745.300 Thread 0x00007f1b400b2210 detached from JVMCI runtime 0
Event: 780.886 Thread 0x00007f1b400b2210 attached to JVMCI runtime 0
Event: 780.887 Thread 0x00007f1b400b2210 created JavaVM[6]@0x00007f1aec79e340 for JVMCI runtime 0
Event: 782.016 Thread 0x00007f1b400b2210 initializing JVMCI runtime 0
Event: 782.016 Thread 0x00007f1b400b2210 done waiting for JavaVM references initialization in JVMCI runtime 0

Compilation events (20 events):
Event: 710.395 Thread 0x00007f1b400b3720 nmethod 10332 0x00007f1b28b87510 code [0x00007f1b28b87720, 0x00007f1b28b881c0]
Event: 719.232 Thread 0x00007f1b400b2210 nmethod 10325 0x00007f1b2f23fc90 code [0x00007f1b2f23fee0, 0x00007f1b2f240490]
Event: 719.232 Thread 0x00007f1b400b2210 10328       4       org.eclipse.jdt.internal.core.JavaModelCache::getInfo (135 bytes)
Event: 742.922 Thread 0x00007f1b400b2210 nmethod 10328 0x00007f1b2f240890 code [0x00007f1b2f240ae0, 0x00007f1b2f241660]
Event: 742.922 Thread 0x00007f1b400b2210 10333       4       org.eclipse.jdt.internal.compiler.lookup.LookupEnvironment::convertUnresolvedBinaryToRawType (291 bytes)
Event: 742.926 Thread 0x00007f1b400b2210 nmethod 10333 0x00007f1b2f241d90 code [0x00007f1b2f241f80, 0x00007f1b2f242220]
Event: 742.926 Thread 0x00007f1b400b2210 10327       4       java.security.AccessController::doPrivileged (9 bytes)
Event: 742.927 Thread 0x00007f1b400b2210 nmethod 10327 0x00007f1b2f242490 code [0x00007f1b2f242620, 0x00007f1b2f2426b0]
Event: 755.515 Thread 0x00007f1b400b3720 10334       3       org.eclipse.jdt.core.compiler.CharOperation::subarray (48 bytes)
Event: 757.509 Thread 0x00007f1b400b3720 nmethod 10334 0x00007f1b28b88410 code [0x00007f1b28b885e0, 0x00007f1b28b889c0]
Event: 757.509 Thread 0x00007f1b400b3720 10335       3       org.eclipse.jdt.internal.codeassist.impl.AssistParser::isInsideMethod (56 bytes)
Event: 758.703 Thread 0x00007f1b400b3720 nmethod 10335 0x00007f1b28b88b10 code [0x00007f1b28b88ce0, 0x00007f1b28b89010]
Event: 767.332 Thread 0x00007f1b400b3720 10336       3       org.eclipse.jdt.internal.codeassist.impl.AssistParser::isInsideFieldInitialization (56 bytes)
Event: 769.585 Thread 0x00007f1b400b3720 nmethod 10336 0x00007f1b28b89110 code [0x00007f1b28b892e0, 0x00007f1b28b89610]
Event: 780.886 Thread 0x00007f1b400b2210 10337       4       java.util.concurrent.locks.ReentrantReadWriteLock$Sync::tryReleaseShared (146 bytes)
Event: 780.886 Thread 0x00007f1b400b3720 10339       3       org.eclipse.jdt.internal.core.JarPackageFragmentRoot::equals (55 bytes)
Event: 780.886 Thread 0x00007f1b400b3720 nmethod 10339 0x00007f1b28b89710 code [0x00007f1b28b89900, 0x00007f1b28b8a0f0]
Event: 780.886 Thread 0x00007f1b400b3720 10338       3       jdk.internal.reflect.ByteVectorImpl::resize (44 bytes)
Event: 780.887 Thread 0x00007f1b400b3720 nmethod 10338 0x00007f1b28b8a290 code [0x00007f1b28b8a440, 0x00007f1b28b8a6e0]
Event: 787.523 Thread 0x00007f1b400b3720 10340       3       java.net.URI$Parser::parseHierarchical (178 bytes)

GC Heap History (20 events):
Event: 784.495 GC heap before
{Heap before GC invocations=755 (full 630):
 PSYoungGen      total 70144K, used 47615K [0x00000000f5580000, 0x00000000fb180000, 0x0000000100000000)
  eden space 47616K, 99% used [0x00000000f5580000,0x00000000f83fffe8,0x00000000f8400000)
  from space 22528K, 0% used [0x00000000f8400000,0x00000000f8400000,0x00000000f9a00000)
  to   space 21504K, 0% used [0x00000000f9a00000,0x00000000f9a00000,0x00000000faf00000)
 ParOldGen       total 349696K, used 349688K [0x00000000e0000000, 0x00000000f5580000, 0x00000000f5580000)
  object space 349696K, 99% used [0x00000000e0000000,0x00000000f557e1a0,0x00000000f5580000)
 Metaspace       used 61646K, committed 62784K, reserved 1105920K
  class space    used 5960K, committed 6464K, reserved 1048576K
}
Event: 785.531 GC heap after
{Heap after GC invocations=755 (full 630):
 PSYoungGen      total 69120K, used 47615K [0x00000000f5580000, 0x00000000fb180000, 0x0000000100000000)
  eden space 47616K, 99% used [0x00000000f5580000,0x00000000f83fffc8,0x00000000f8400000)
  from space 21504K, 0% used [0x00000000f9a00000,0x00000000f9a00000,0x00000000faf00000)
  to   space 22528K, 0% used [0x00000000f8400000,0x00000000f8400000,0x00000000f9a00000)
 ParOldGen       total 349696K, used 349688K [0x00000000e0000000, 0x00000000f5580000, 0x00000000f5580000)
  object space 349696K, 99% used [0x00000000e0000000,0x00000000f557e1a0,0x00000000f5580000)
 Metaspace       used 61646K, committed 62784K, reserved 1105920K
  class space    used 5960K, committed 6464K, reserved 1048576K
}
Event: 785.531 GC heap before
{Heap before GC invocations=756 (full 631):
 PSYoungGen      total 69120K, used 47615K [0x00000000f5580000, 0x00000000fb180000, 0x0000000100000000)
  eden space 47616K, 99% used [0x00000000f5580000,0x00000000f83ffff0,0x00000000f8400000)
  from space 21504K, 0% used [0x00000000f9a00000,0x00000000f9a00000,0x00000000faf00000)
  to   space 22528K, 0% used [0x00000000f8400000,0x00000000f8400000,0x00000000f9a00000)
 ParOldGen       total 349696K, used 349688K [0x00000000e0000000, 0x00000000f5580000, 0x00000000f5580000)
  object space 349696K, 99% used [0x00000000e0000000,0x00000000f557e1a0,0x00000000f5580000)
 Metaspace       used 61646K, committed 62784K, reserved 1105920K
  class space    used 5960K, committed 6464K, reserved 1048576K
}
Event: 786.607 GC heap after
{Heap after GC invocations=756 (full 631):
 PSYoungGen      total 70144K, used 47615K [0x00000000f5580000, 0x00000000fb180000, 0x0000000100000000)
  eden space 47616K, 99% used [0x00000000f5580000,0x00000000f83fffc8,0x00000000f8400000)
  from space 22528K, 0% used [0x00000000f8400000,0x00000000f8400000,0x00000000f9a00000)
  to   space 21504K, 0% used [0x00000000f9a00000,0x00000000f9a00000,0x00000000faf00000)
 ParOldGen       total 349696K, used 349688K [0x00000000e0000000, 0x00000000f5580000, 0x00000000f5580000)
  object space 349696K, 99% used [0x00000000e0000000,0x00000000f557e180,0x00000000f5580000)
 Metaspace       used 61646K, committed 62784K, reserved 1105920K
  class space    used 5960K, committed 6464K, reserved 1048576K
}
Event: 786.607 GC heap before
{Heap before GC invocations=757 (full 632):
 PSYoungGen      total 70144K, used 47615K [0x00000000f5580000, 0x00000000fb180000, 0x0000000100000000)
  eden space 47616K, 99% used [0x00000000f5580000,0x00000000f83fffe8,0x00000000f8400000)
  from space 22528K, 0% used [0x00000000f8400000,0x00000000f8400000,0x00000000f9a00000)
  to   space 21504K, 0% used [0x00000000f9a00000,0x00000000f9a00000,0x00000000faf00000)
 ParOldGen       total 349696K, used 349688K [0x00000000e0000000, 0x00000000f5580000, 0x00000000f5580000)
  object space 349696K, 99% used [0x00000000e0000000,0x00000000f557e180,0x00000000f5580000)
 Metaspace       used 61646K, committed 62784K, reserved 1105920K
  class space    used 5960K, committed 6464K, reserved 1048576K
}
Event: 787.523 GC heap after
{Heap after GC invocations=757 (full 632):
 PSYoungGen      total 69120K, used 47615K [0x00000000f5580000, 0x00000000fb180000, 0x0000000100000000)
  eden space 47616K, 99% used [0x00000000f5580000,0x00000000f83fffe8,0x00000000f8400000)
  from space 21504K, 0% used [0x00000000f9a00000,0x00000000f9a00000,0x00000000faf00000)
  to   space 22528K, 0% used [0x00000000f8400000,0x00000000f8400000,0x00000000f9a00000)
 ParOldGen       total 349696K, used 349688K [0x00000000e0000000, 0x00000000f5580000, 0x00000000f5580000)
  object space 349696K, 99% used [0x00000000e0000000,0x00000000f557e160,0x00000000f5580000)
 Metaspace       used 61646K, committed 62784K, reserved 1105920K
  class space    used 5960K, committed 6464K, reserved 1048576K
}
Event: 787.523 GC heap before
{Heap before GC invocations=758 (full 633):
 PSYoungGen      total 69120K, used 47616K [0x00000000f5580000, 0x00000000fb180000, 0x0000000100000000)
  eden space 47616K, 100% used [0x00000000f5580000,0x00000000f8400000,0x00000000f8400000)
  from space 21504K, 0% used [0x00000000f9a00000,0x00000000f9a00000,0x00000000faf00000)
  to   space 22528K, 0% used [0x00000000f8400000,0x00000000f8400000,0x00000000f9a00000)
 ParOldGen       total 349696K, used 349691K [0x00000000e0000000, 0x00000000f5580000, 0x00000000f5580000)
  object space 349696K, 99% used [0x00000000e0000000,0x00000000f557efa0,0x00000000f5580000)
 Metaspace       used 61646K, committed 62784K, reserved 1105920K
  class space    used 5960K, committed 6464K, reserved 1048576K
}
Event: 788.629 GC heap after
{Heap after GC invocations=758 (full 633):
 PSYoungGen      total 70144K, used 47615K [0x00000000f5580000, 0x00000000fb180000, 0x0000000100000000)
  eden space 47616K, 99% used [0x00000000f5580000,0x00000000f83fffe8,0x00000000f8400000)
  from space 22528K, 0% used [0x00000000f8400000,0x00000000f8400000,0x00000000f9a00000)
  to   space 21504K, 0% used [0x00000000f9a00000,0x00000000f9a00000,0x00000000faf00000)
 ParOldGen       total 349696K, used 349689K [0x00000000e0000000, 0x00000000f5580000, 0x00000000f5580000)
  object space 349696K, 99% used [0x00000000e0000000,0x00000000f557e798,0x00000000f5580000)
 Metaspace       used 61646K, committed 62784K, reserved 1105920K
  class space    used 5960K, committed 6464K, reserved 1048576K
}
Event: 788.630 GC heap before
{Heap before GC invocations=759 (full 634):
 PSYoungGen      total 70144K, used 47616K [0x00000000f5580000, 0x00000000fb180000, 0x0000000100000000)
  eden space 47616K, 100% used [0x00000000f5580000,0x00000000f8400000,0x00000000f8400000)
  from space 22528K, 0% used [0x00000000f8400000,0x00000000f8400000,0x00000000f9a00000)
  to   space 21504K, 0% used [0x00000000f9a00000,0x00000000f9a00000,0x00000000faf00000)
 ParOldGen       total 349696K, used 349693K [0x00000000e0000000, 0x00000000f5580000, 0x00000000f5580000)
  object space 349696K, 99% used [0x00000000e0000000,0x00000000f557f7b8,0x00000000f5580000)
 Metaspace       used 61649K, committed 62784K, reserved 1105920K
  class space    used 5961K, committed 6464K, reserved 1048576K
}
Event: 789.724 GC heap after
{Heap after GC invocations=759 (full 634):
 PSYoungGen      total 69120K, used 47615K [0x00000000f5580000, 0x00000000fb180000, 0x0000000100000000)
  eden space 47616K, 99% used [0x00000000f5580000,0x00000000f83fffe8,0x00000000f8400000)
  from space 21504K, 0% used [0x00000000f9a00000,0x00000000f9a00000,0x00000000faf00000)
  to   space 22528K, 0% used [0x00000000f8400000,0x00000000f8400000,0x00000000f9a00000)
 ParOldGen       total 349696K, used 349690K [0x00000000e0000000, 0x00000000f5580000, 0x00000000f5580000)
  object space 349696K, 99% used [0x00000000e0000000,0x00000000f557ebc8,0x00000000f5580000)
 Metaspace       used 61649K, committed 62784K, reserved 1105920K
  class space    used 5961K, committed 6464K, reserved 1048576K
}
Event: 789.724 GC heap before
{Heap before GC invocations=760 (full 635):
 PSYoungGen      total 69120K, used 47615K [0x00000000f5580000, 0x00000000fb180000, 0x0000000100000000)
  eden space 47616K, 99% used [0x00000000f5580000,0x00000000f83ffff8,0x00000000f8400000)
  from space 21504K, 0% used [0x00000000f9a00000,0x00000000f9a00000,0x00000000faf00000)
  to   space 22528K, 0% used [0x00000000f8400000,0x00000000f8400000,0x00000000f9a00000)
 ParOldGen       total 349696K, used 349690K [0x00000000e0000000, 0x00000000f5580000, 0x00000000f5580000)
  object space 349696K, 99% used [0x00000000e0000000,0x00000000f557ebc8,0x00000000f5580000)
 Metaspace       used 61649K, committed 62784K, reserved 1105920K
  class space    used 5961K, committed 6464K, reserved 1048576K
}
Event: 790.821 GC heap after
{Heap after GC invocations=760 (full 635):
 PSYoungGen      total 70144K, used 47615K [0x00000000f5580000, 0x00000000fb180000, 0x0000000100000000)
  eden space 47616K, 99% used [0x00000000f5580000,0x00000000f83ffff8,0x00000000f8400000)
  from space 22528K, 0% used [0x00000000f8400000,0x00000000f8400000,0x00000000f9a00000)
  to   space 21504K, 0% used [0x00000000f9a00000,0x00000000f9a00000,0x00000000faf00000)
 ParOldGen       total 349696K, used 349690K [0x00000000e0000000, 0x00000000f5580000, 0x00000000f5580000)
  object space 349696K, 99% used [0x00000000e0000000,0x00000000f557ebb8,0x00000000f5580000)
 Metaspace       used 61649K, committed 62784K, reserved 1105920K
  class space    used 5961K, committed 6464K, reserved 1048576K
}
Event: 790.822 GC heap before
{Heap before GC invocations=761 (full 636):
 PSYoungGen      total 70144K, used 47615K [0x00000000f5580000, 0x00000000fb180000, 0x0000000100000000)
  eden space 47616K, 99% used [0x00000000f5580000,0x00000000f83ffff8,0x00000000f8400000)
  from space 22528K, 0% used [0x00000000f8400000,0x00000000f8400000,0x00000000f9a00000)
  to   space 21504K, 0% used [0x00000000f9a00000,0x00000000f9a00000,0x00000000faf00000)
 ParOldGen       total 349696K, used 349694K [0x00000000e0000000, 0x00000000f5580000, 0x00000000f5580000)
  object space 349696K, 99% used [0x00000000e0000000,0x00000000f557fbd8,0x00000000f5580000)
 Metaspace       used 61649K, committed 62784K, reserved 1105920K
  class space    used 5961K, committed 6464K, reserved 1048576K
}
Event: 792.022 GC heap after
{Heap after GC invocations=761 (full 636):
 PSYoungGen      total 69120K, used 47615K [0x00000000f5580000, 0x00000000fb180000, 0x0000000100000000)
  eden space 47616K, 99% used [0x00000000f5580000,0x00000000f83ffff8,0x00000000f8400000)
  from space 21504K, 0% used [0x00000000f9a00000,0x00000000f9a00000,0x00000000faf00000)
  to   space 22528K, 0% used [0x00000000f8400000,0x00000000f8400000,0x00000000f9a00000)
 ParOldGen       total 349696K, used 349692K [0x00000000e0000000, 0x00000000f5580000, 0x00000000f5580000)
  object space 349696K, 99% used [0x00000000e0000000,0x00000000f557f078,0x00000000f5580000)
 Metaspace       used 61649K, committed 62784K, reserved 1105920K
  class space    used 5961K, committed 6464K, reserved 1048576K
}
Event: 792.023 GC heap before
{Heap before GC invocations=762 (full 637):
 PSYoungGen      total 69120K, used 47615K [0x00000000f5580000, 0x00000000fb180000, 0x0000000100000000)
  eden space 47616K, 99% used [0x00000000f5580000,0x00000000f83ffff8,0x00000000f8400000)
  from space 21504K, 0% used [0x00000000f9a00000,0x00000000f9a00000,0x00000000faf00000)
  to   space 22528K, 0% used [0x00000000f8400000,0x00000000f8400000,0x00000000f9a00000)
 ParOldGen       total 349696K, used 349694K [0x00000000e0000000, 0x00000000f5580000, 0x00000000f5580000)
  object space 349696K, 99% used [0x00000000e0000000,0x00000000f557fbf0,0x00000000f5580000)
 Metaspace       used 61649K, committed 62784K, reserved 1105920K
  class space    used 5961K, committed 6464K, reserved 1048576K
}
Event: 793.309 GC heap after
{Heap after GC invocations=762 (full 637):
 PSYoungGen      total 70144K, used 47615K [0x00000000f5580000, 0x00000000fb180000, 0x0000000100000000)
  eden space 47616K, 99% used [0x00000000f5580000,0x00000000f83fffb0,0x00000000f8400000)
  from space 22528K, 0% used [0x00000000f8400000,0x00000000f8400000,0x00000000f9a00000)
  to   space 21504K, 0% used [0x00000000f9a00000,0x00000000f9a00000,0x00000000faf00000)
 ParOldGen       total 349696K, used 349692K [0x00000000e0000000, 0x00000000f5580000, 0x00000000f5580000)
  object space 349696K, 99% used [0x00000000e0000000,0x00000000f557f2c8,0x00000000f5580000)
 Metaspace       used 61649K, committed 62784K, reserved 1105920K
  class space    used 5961K, committed 6464K, reserved 1048576K
}
Event: 793.309 GC heap before
{Heap before GC invocations=763 (full 638):
 PSYoungGen      total 70144K, used 47615K [0x00000000f5580000, 0x00000000fb180000, 0x0000000100000000)
  eden space 47616K, 99% used [0x00000000f5580000,0x00000000f83ffff8,0x00000000f8400000)
  from space 22528K, 0% used [0x00000000f8400000,0x00000000f8400000,0x00000000f9a00000)
  to   space 21504K, 0% used [0x00000000f9a00000,0x00000000f9a00000,0x00000000faf00000)
 ParOldGen       total 349696K, used 349694K [0x00000000e0000000, 0x00000000f5580000, 0x00000000f5580000)
  object space 349696K, 99% used [0x00000000e0000000,0x00000000f557faa0,0x00000000f5580000)
 Metaspace       used 61649K, committed 62784K, reserved 1105920K
  class space    used 5961K, committed 6464K, reserved 1048576K
}
Event: 794.389 GC heap after
{Heap after GC invocations=763 (full 638):
 PSYoungGen      total 69120K, used 47615K [0x00000000f5580000, 0x00000000fb180000, 0x0000000100000000)
  eden space 47616K, 99% used [0x00000000f5580000,0x00000000f83fffe8,0x00000000f8400000)
  from space 21504K, 0% used [0x00000000f9a00000,0x00000000f9a00000,0x00000000faf00000)
  to   space 22528K, 0% used [0x00000000f8400000,0x00000000f8400000,0x00000000f9a00000)
 ParOldGen       total 349696K, used 349693K [0x00000000e0000000, 0x00000000f5580000, 0x00000000f5580000)
  object space 349696K, 99% used [0x00000000e0000000,0x00000000f557f7c0,0x00000000f5580000)
 Metaspace       used 61649K, committed 62784K, reserved 1105920K
  class space    used 5961K, committed 6464K, reserved 1048576K
}
Event: 794.389 GC heap before
{Heap before GC invocations=764 (full 639):
 PSYoungGen      total 69120K, used 47615K [0x00000000f5580000, 0x00000000fb180000, 0x0000000100000000)
  eden space 47616K, 99% used [0x00000000f5580000,0x00000000f83fffe8,0x00000000f8400000)
  from space 21504K, 0% used [0x00000000f9a00000,0x00000000f9a00000,0x00000000faf00000)
  to   space 22528K, 0% used [0x00000000f8400000,0x00000000f8400000,0x00000000f9a00000)
 ParOldGen       total 349696K, used 349693K [0x00000000e0000000, 0x00000000f5580000, 0x00000000f5580000)
  object space 349696K, 99% used [0x00000000e0000000,0x00000000f557f7c0,0x00000000f5580000)
 Metaspace       used 61649K, committed 62784K, reserved 1105920K
  class space    used 5961K, committed 6464K, reserved 1048576K
}
Event: 795.525 GC heap after
{Heap after GC invocations=764 (full 639):
 PSYoungGen      total 70144K, used 47615K [0x00000000f5580000, 0x00000000fb180000, 0x0000000100000000)
  eden space 47616K, 99% used [0x00000000f5580000,0x00000000f83fffa8,0x00000000f8400000)
  from space 22528K, 0% used [0x00000000f8400000,0x00000000f8400000,0x00000000f9a00000)
  to   space 21504K, 0% used [0x00000000f9a00000,0x00000000f9a00000,0x00000000faf00000)
 ParOldGen       total 349696K, used 349693K [0x00000000e0000000, 0x00000000f5580000, 0x00000000f5580000)
  object space 349696K, 99% used [0x00000000e0000000,0x00000000f557f568,0x00000000f5580000)
 Metaspace       used 61649K, committed 62784K, reserved 1105920K
  class space    used 5961K, committed 6464K, reserved 1048576K
}

Dll operation events (9 events):
Event: 0.002 Loaded shared library /nix/store/gpxl5qgg8kicmcvivwmybwjlpf7wh20l-graalvm17-ce-22.3.0/lib/libjava.so
Event: 0.010 Loaded shared library /nix/store/gpxl5qgg8kicmcvivwmybwjlpf7wh20l-graalvm17-ce-22.3.0/lib/libjsvml.so
Event: 0.253 Loaded shared library /nix/store/gpxl5qgg8kicmcvivwmybwjlpf7wh20l-graalvm17-ce-22.3.0/lib/libnio.so
Event: 0.263 Loaded shared library /nix/store/gpxl5qgg8kicmcvivwmybwjlpf7wh20l-graalvm17-ce-22.3.0/lib/libzip.so
Event: 0.266 Loaded shared library /nix/store/gpxl5qgg8kicmcvivwmybwjlpf7wh20l-graalvm17-ce-22.3.0/lib/libjvmcicompiler.so
Event: 0.605 Loaded shared library /nix/store/gpxl5qgg8kicmcvivwmybwjlpf7wh20l-graalvm17-ce-22.3.0/lib/libjimage.so
Event: 1.123 Loaded shared library /nix/store/gpxl5qgg8kicmcvivwmybwjlpf7wh20l-graalvm17-ce-22.3.0/lib/libnet.so
Event: 4.202 Loaded shared library /home/runner/.cache/jdt-language-server/config/org.eclipse.equinox.launcher/org.eclipse.equinox.launcher.gtk.linux.x86_64_1.2.400.v20211117-0650/eclipse_11600.so
Event: 12.525 Loaded shared library /nix/store/gpxl5qgg8kicmcvivwmybwjlpf7wh20l-graalvm17-ce-22.3.0/lib/libextnet.so

Deoptimization events (20 events):
Event: 83.690 Thread 0x00007f1ad4482ec0 DEOPT PACKING pc=0x00007f1b28b5a05d sp=0x00007f1aedbfe530
Event: 83.690 Thread 0x00007f1ad4482ec0 DEOPT UNPACKING pc=0x00007f1b27505325 sp=0x00007f1aedbfda20 mode 0
Event: 83.698 Thread 0x00007f1ad4482ec0 DEOPT PACKING pc=0x00007f1b28b5a05d sp=0x00007f1aedbfe530
Event: 83.698 Thread 0x00007f1ad4482ec0 DEOPT UNPACKING pc=0x00007f1b27505325 sp=0x00007f1aedbfda20 mode 0
Event: 363.522 Thread 0x00007f1ad0003ef0 Uncommon trap: trap_request=0xffffffed fr.pc=0x00007f1b2f233adb relative=0x000000000000005b
Event: 363.522 Thread 0x00007f1ad0003ef0 Uncommon trap: reason=null_assert_or_unreached0 action=reinterpret pc=0x00007f1b2f233adb method=java.lang.Thread.interrupted()Z @ 8 jvmci
Event: 363.522 Thread 0x00007f1ad0003ef0 DEOPT PACKING pc=0x00007f1b2f233adb sp=0x00007f1b24efe650
Event: 363.522 Thread 0x00007f1ad0003ef0 DEOPT UNPACKING pc=0x00007f1b27505325 sp=0x00007f1b24efdae0 mode 3
Event: 408.396 Thread 0x00007f1b4037eba0 Uncommon trap: trap_request=0xffffffed fr.pc=0x00007f1b2f234716 relative=0x00000000000008b6
Event: 408.396 Thread 0x00007f1b4037eba0 Uncommon trap: reason=null_assert_or_unreached0 action=reinterpret pc=0x00007f1b2f234716 method=com.google.gson.stream.JsonReader.nextString()Ljava/lang/String; @ 14 jvmci
Event: 409.417 Thread 0x00007f1b4037eba0 DEOPT PACKING pc=0x00007f1b2f234716 sp=0x00007f1aed3fdd10
Event: 409.417 Thread 0x00007f1b4037eba0 DEOPT UNPACKING pc=0x00007f1b27505325 sp=0x00007f1aed3fd1d8 mode 3
Event: 478.019 Thread 0x00007f1ab0111ec0 Uncommon trap: trap_request=0xffffffcd fr.pc=0x00007f1b2f1749a9 relative=0x0000000000000bc9
Event: 478.019 Thread 0x00007f1ab0111ec0 Uncommon trap: reason=intrinsic_or_type_checked_inlining action=reinterpret pc=0x00007f1b2f1749a9 method=org.eclipse.jdt.internal.compiler.parser.Scanner.getNextToken0()I @ 485 jvmci
Event: 478.019 Thread 0x00007f1ab0111ec0 DEOPT PACKING pc=0x00007f1b2f1749a9 sp=0x00007f1b241fddb0
Event: 478.019 Thread 0x00007f1ab0111ec0 DEOPT UNPACKING pc=0x00007f1b27505325 sp=0x00007f1b241fd1f0 mode 3
Event: 762.085 Thread 0x00007f1ab0111ec0 Uncommon trap: trap_request=0xffffffcd fr.pc=0x00007f1b2f1eee68 relative=0x0000000000001688
Event: 762.085 Thread 0x00007f1ab0111ec0 Uncommon trap: reason=intrinsic_or_type_checked_inlining action=reinterpret pc=0x00007f1b2f1eee68 method=java.util.TimSort.binarySort([Ljava/lang/Object;IIILjava/util/Comparator;)V @ 32 jvmci
Event: 762.086 Thread 0x00007f1ab0111ec0 DEOPT PACKING pc=0x00007f1b2f1eee68 sp=0x00007f1b241fde50
Event: 762.086 Thread 0x00007f1ab0111ec0 DEOPT UNPACKING pc=0x00007f1b27505325 sp=0x00007f1b241fd278 mode 3

Classes unloaded (20 events):
Event: 98.497 Thread 0x00007f1b400a1c10 Unloading class 0x0000000800eec000 'jdk/internal/reflect/GeneratedConstructorAccessor8'
Event: 98.497 Thread 0x00007f1b400a1c10 Unloading class 0x0000000800d99000 'java/lang/invoke/LambdaForm$MH+0x0000000800d99000'
Event: 98.497 Thread 0x00007f1b400a1c10 Unloading class 0x0000000800d98c00 'java/lang/invoke/LambdaForm$MH+0x0000000800d98c00'
Event: 98.497 Thread 0x00007f1b400a1c10 Unloading class 0x0000000800d98800 'java/lang/invoke/LambdaForm$MH+0x0000000800d98800'
Event: 98.497 Thread 0x00007f1b400a1c10 Unloading class 0x0000000800d98400 'java/lang/invoke/LambdaForm$MH+0x0000000800d98400'
Event: 98.497 Thread 0x00007f1b400a1c10 Unloading class 0x0000000800d98000 'jdk/internal/reflect/GeneratedConstructorAccessor3'
Event: 98.497 Thread 0x00007f1b400a1c10 Unloading class 0x0000000800d06800 'java/lang/invoke/LambdaForm$MH+0x0000000800d06800'
Event: 98.497 Thread 0x00007f1b400a1c10 Unloading class 0x0000000800d06000 'java/lang/invoke/LambdaForm$MH+0x0000000800d06000'
Event: 98.497 Thread 0x00007f1b400a1c10 Unloading class 0x0000000800d05c00 'java/lang/invoke/LambdaForm$MH+0x0000000800d05c00'
Event: 98.497 Thread 0x00007f1b400a1c10 Unloading class 0x0000000800d05800 'java/lang/invoke/LambdaForm$MH+0x0000000800d05800'
Event: 98.497 Thread 0x00007f1b400a1c10 Unloading class 0x0000000800d05000 'java/lang/invoke/LambdaForm$MH+0x0000000800d05000'
Event: 98.497 Thread 0x00007f1b400a1c10 Unloading class 0x0000000800d04c00 'java/lang/invoke/LambdaForm$MH+0x0000000800d04c00'
Event: 98.497 Thread 0x00007f1b400a1c10 Unloading class 0x0000000800d04800 'java/lang/invoke/LambdaForm$MH+0x0000000800d04800'
Event: 98.497 Thread 0x00007f1b400a1c10 Unloading class 0x0000000800d04000 'java/lang/invoke/LambdaForm$MH+0x0000000800d04000'
Event: 98.497 Thread 0x00007f1b400a1c10 Unloading class 0x0000000800c1d000 'jdk/internal/reflect/GeneratedMethodAccessor5'
Event: 98.497 Thread 0x00007f1b400a1c10 Unloading class 0x0000000800c1cc00 'jdk/internal/reflect/GeneratedMethodAccessor4'
Event: 98.497 Thread 0x00007f1b400a1c10 Unloading class 0x0000000800c1c800 'jdk/internal/reflect/GeneratedMethodAccessor3'
Event: 98.497 Thread 0x00007f1b400a1c10 Unloading class 0x0000000800c1c400 'jdk/internal/reflect/GeneratedMethodAccessor2'
Event: 98.497 Thread 0x00007f1b400a1c10 Unloading class 0x0000000800c1c000 'jdk/internal/reflect/GeneratedMethodAccessor1'
Event: 98.497 Thread 0x00007f1b400a1c10 Unloading class 0x0000000800c01c00 'java/lang/invoke/LambdaForm$DMH+0x0000000800c01c00'

Classes redefined (0 events):
No events

Internal exceptions (20 events):
Event: 35.029 Thread 0x00007f1ac8007260 Exception <a 'java/lang/NoSuchMethodError'{0x00000000f5596678}: static [J.<clinit>()V> (0x00000000f5596678) 
thrown [src/hotspot/share/prims/jni.cpp, line 1107]
Event: 38.707 Thread 0x00007f1aa4000ff0 Exception <a 'java/lang/NoSuchMethodError'{0x00000000f5768468}: 'java.lang.Object java.lang.invoke.DirectMethodHandle$Holder.invokeStatic(java.lang.Object, java.lang.Object, java.lang.Object, long)'> (0x00000000f5768468) 
thrown [src/hotspot/share/interpreter/linkResolver.cpp, line 758]
Event: 38.709 Thread 0x00007f1aa4000ff0 Exception <a 'java/lang/NoSuchMethodError'{0x00000000f5fab4b0}: 'java.lang.Object java.lang.invoke.DirectMethodHandle$Holder.newInvokeSpecial(java.lang.Object, java.lang.Object, java.lang.Object, long)'> (0x00000000f5fab4b0) 
thrown [src/hotspot/share/interpreter/linkResolver.cpp, line 758]
Event: 38.709 Thread 0x00007f1aa4000ff0 Exception <a 'java/lang/NoSuchMethodError'{0x00000000f5faf5c8}: 'java.lang.Object java.lang.invoke.DirectMethodHandle$Holder.invokeSpecial(java.lang.Object, java.lang.Object, java.lang.Object, java.lang.Object, long)'> (0x00000000f5faf5c8) 
thrown [src/hotspot/share/interpreter/linkResolver.cpp, line 758]
Event: 38.709 Thread 0x00007f1aa4000ff0 Exception <a 'java/lang/NoSuchMethodError'{0x00000000f5fb2ef0}: 'java.lang.Object java.lang.invoke.Invokers$Holder.linkToTargetMethod(java.lang.Object, java.lang.Object, long, java.lang.Object)'> (0x00000000f5fb2ef0) 
thrown [src/hotspot/share/interpreter/linkResolver.cpp, line 758]
Event: 38.713 Thread 0x00007f1aa4000ff0 Exception <a 'java/io/FileNotFoundException'{0x00000000f6092188}> (0x00000000f6092188) 
thrown [src/hotspot/share/prims/jni.cpp, line 516]
Event: 38.823 Thread 0x00007f1aa4000ff0 Exception <a 'java/lang/NoSuchMethodError'{0x00000000f572d480}: 'java.lang.Object java.lang.invoke.DirectMethodHandle$Holder.newInvokeSpecial(java.lang.Object, java.lang.Object, int, java.lang.Object, java.lang.Object)'> (0x00000000f572d480) 
thrown [src/hotspot/share/interpreter/linkResolver.cpp, line 758]
Event: 38.823 Thread 0x00007f1aa4000ff0 Exception <a 'java/lang/NoSuchMethodError'{0x00000000f5731b08}: 'java.lang.Object java.lang.invoke.DirectMethodHandle$Holder.invokeSpecial(java.lang.Object, java.lang.Object, java.lang.Object, int, java.lang.Object, java.lang.Object)'> (0x00000000f5731b08) 
thrown [src/hotspot/share/interpreter/linkResolver.cpp, line 758]
Event: 38.988 Thread 0x00007f1ad4482ec0 Implicit null exception at 0x00007f1b2f172766 to 0x00007f1b2f176477
Event: 39.098 Thread 0x00007f1aa4000ff0 Exception <a 'java/lang/NoSuchMethodError'{0x00000000f55e51f8}: 'java.lang.Object java.lang.invoke.DirectMethodHandle$Holder.newInvokeSpecial(java.lang.Object, java.lang.Object, java.lang.Object, int, java.lang.Object)'> (0x00000000f55e51f8) 
thrown [src/hotspot/share/interpreter/linkResolver.cpp, line 758]
Event: 39.099 Thread 0x00007f1aa4000ff0 Exception <a 'java/lang/NoSuchMethodError'{0x00000000f55e9608}: 'java.lang.Object java.lang.invoke.DirectMethodHandle$Holder.invokeSpecial(java.lang.Object, java.lang.Object, java.lang.Object, java.lang.Object, int, java.lang.Object)'> (0x00000000f55e9608) 
thrown [src/hotspot/share/interpreter/linkResolver.cpp, line 758]
Event: 39.099 Thread 0x00007f1aa4000ff0 Exception <a 'java/lang/NoSuchMethodError'{0x00000000f55ed0f0}: 'java.lang.Object java.lang.invoke.Invokers$Holder.linkToTargetMethod(java.lang.Object, java.lang.Object, int, java.lang.Object, java.lang.Object)'> (0x00000000f55ed0f0) 
thrown [src/hotspot/share/interpreter/linkResolver.cpp, line 758]
Event: 39.701 Thread 0x00007f1ad43051c0 Implicit null exception at 0x00007f1b2f1848a2 to 0x00007f1b2f184c32
Event: 40.201 Thread 0x00007f1ad43051c0 Implicit null exception at 0x00007f1b2f0d6769 to 0x00007f1b2f0d691b
Event: 51.403 Thread 0x00007f1ab017e5e0 Exception <a 'java/lang/NoSuchMethodError'{0x00000000f5d697c0}: 'java.lang.Object java.lang.invoke.DirectMethodHandle$Holder.invokeStatic(java.lang.Object, int, java.lang.Object, java.lang.Object, java.lang.Object, java.lang.Object)'> (0x00000000f5d697c0) 
thrown [src/hotspot/share/interpreter/linkResolver.cpp, line 758]
Event: 51.404 Thread 0x00007f1ab017e5e0 Exception <a 'java/lang/NoSuchMethodError'{0x00000000f5dcd720}: 'java.lang.Object java.lang.invoke.DirectMethodHandle$Holder.newInvokeSpecial(java.lang.Object, int, java.lang.Object, java.lang.Object, java.lang.Object)'> (0x00000000f5dcd720) 
thrown [src/hotspot/share/interpreter/linkResolver.cpp, line 758]
Event: 51.893 Thread 0x00007f1ab017e5e0 Exception <a 'java/lang/NoSuchMethodError'{0x00000000f562d638}: 'void java.lang.invoke.DirectMethodHandle$Holder.invokeSpecial(java.lang.Object, java.lang.Object, int)'> (0x00000000f562d638) 
thrown [src/hotspot/share/interpreter/linkResolver.cpp, line 758]
Event: 53.101 Thread 0x00007f1ab017e5e0 Exception <a 'java/lang/NoSuchMethodError'{0x00000000f61d26a0}: 'int java.lang.invoke.DirectMethodHandle$Holder.invokeSpecialIFC(java.lang.Object, java.lang.Object, java.lang.Object, java.lang.Object)'> (0x00000000f61d26a0) 
thrown [src/hotspot/share/interpreter/linkResolver.cpp, line 758]
Event: 57.194 Thread 0x00007f1ab003ae10 Exception <a 'java/lang/NoSuchMethodError'{0x00000000f5872be0}: 'java.lang.Object java.lang.invoke.DirectMethodHandle$Holder.newInvokeSpecial(java.lang.Object, java.lang.Object, int, java.lang.Object, java.lang.Object, java.lang.Object, java.lang.Object)'> (0x00000000f5872be0) 
thrown [src/hotspot/share/interpreter/linkResolver.cpp, line 758]
Event: 795.525 Thread 0x00007f1b400b2210 Exception <a 'java/lang/OutOfMemoryError'{0x00000000e0011df8}> (0x00000000e0011df8) 
thrown [src/hotspot/share/gc/shared/memAllocator.cpp, line 136]

VM Operations (20 events):
Event: 783.216 Executing VM operation: ParallelGCFailedAllocation
Event: 784.495 Executing VM operation: ParallelGCFailedAllocation done
Event: 784.495 Executing VM operation: ParallelGCFailedAllocation
Event: 785.531 Executing VM operation: ParallelGCFailedAllocation done
Event: 785.531 Executing VM operation: ParallelGCFailedAllocation
Event: 786.607 Executing VM operation: ParallelGCFailedAllocation done
Event: 786.607 Executing VM operation: ParallelGCFailedAllocation
Event: 787.523 Executing VM operation: ParallelGCFailedAllocation done
Event: 787.523 Executing VM operation: ParallelGCFailedAllocation
Event: 788.629 Executing VM operation: ParallelGCFailedAllocation done
Event: 788.630 Executing VM operation: ParallelGCFailedAllocation
Event: 789.724 Executing VM operation: ParallelGCFailedAllocation done
Event: 789.724 Executing VM operation: ParallelGCFailedAllocation
Event: 790.821 Executing VM operation: ParallelGCFailedAllocation done
Event: 790.822 Executing VM operation: ParallelGCFailedAllocation
Event: 792.022 Executing VM operation: ParallelGCFailedAllocation done
Event: 792.023 Executing VM operation: ParallelGCFailedAllocation
Event: 793.309 Executing VM operation: ParallelGCFailedAllocation done
Event: 793.309 Executing VM operation: ParallelGCFailedAllocation
Event: 795.525 Executing VM operation: ParallelGCFailedAllocation done

Events (20 events):
Event: 355.914 loading class javax/net/ssl/SSLException done
Event: 355.914 loading class javax/net/ssl/SSLHandshakeException done
Event: 360.419 loading class java/lang/AssertionError
Event: 360.419 loading class java/lang/AssertionError done
Event: 365.704 Thread 0x00007f1aa8436000 Thread exited: 0x00007f1aa8436000
Event: 366.888 Thread 0x00007f1ad0003ef0 Thread exited: 0x00007f1ad0003ef0
Event: 415.121 loading class java/util/concurrent/CancellationException
Event: 417.197 loading class java/util/concurrent/CancellationException done
Event: 417.198 loading class java/util/concurrent/CompletionException
Event: 417.198 loading class java/util/concurrent/CompletionException done
Event: 426.597 Thread 0x00007f1aa8436580 Thread exited: 0x00007f1aa8436580
Event: 547.195 Thread 0x00007f1ab003a020 Thread added: 0x00007f1ab003a020
Event: 547.195 Protecting memory [0x00007f1b25000000,0x00007f1b25004000] with protection modes 0
Event: 594.611 Thread 0x00007f1ab015bb80 Thread added: 0x00007f1ab015bb80
Event: 594.611 Protecting memory [0x00007f1b24e00000,0x00007f1b24e04000] with protection modes 0
Event: 675.389 Thread 0x00007f1ab015c300 Thread added: 0x00007f1ab015c300
Event: 675.389 Protecting memory [0x00007f1b24700000,0x00007f1b24704000] with protection modes 0
Event: 769.586 Thread 0x00007f1ab015cd40 Thread added: 0x00007f1ab015cd40
Event: 769.586 Protecting memory [0x00007f1aecf00000,0x00007f1aecf04000] with protection modes 0
Event: 777.503 Thread 0x00007f1ab015bb80 Thread exited: 0x00007f1ab015bb80


Dynamic libraries:
e0000000-f5580000 rw-p 00000000 00:00 0 
f5580000-fb180000 rw-p 00000000 00:00 0 
fb180000-100000000 ---p 00000000 00:00 0 
800000000-800449000 rw-p 00001000 00:191d 4611686019135357769            /nix/store/gpxl5qgg8kicmcvivwmybwjlpf7wh20l-graalvm17-ce-22.3.0/lib/server/classes.jsa
800449000-800bc8000 r--p 0044a000 00:191d 4611686019135357769            /nix/store/gpxl5qgg8kicmcvivwmybwjlpf7wh20l-graalvm17-ce-22.3.0/lib/server/classes.jsa
800bc8000-800c00000 ---p 00000000 00:00 0 
800c00000-800c20000 rw-p 00000000 00:00 0 
800c20000-800c40000 rw-p 00000000 00:00 0 
800c40000-800cc0000 rw-p 00000000 00:00 0 
800cc0000-800d00000 rw-p 00000000 00:00 0 
800d00000-800dc0000 rw-p 00000000 00:00 0 
800dc0000-800e00000 rw-p 00000000 00:00 0 
800e00000-800f40000 rw-p 00000000 00:00 0 
800f40000-800fc0000 rw-p 00000000 00:00 0 
800fc0000-801000000 rw-p 00000000 00:00 0 
801000000-801250000 rw-p 00000000 00:00 0 
801250000-840c00000 ---p 00000000 00:00 0 
55e02031f000-55e020320000 r-xp 00000000 00:191d 4611686019099417844      /nix/store/gpxl5qgg8kicmcvivwmybwjlpf7wh20l-graalvm17-ce-22.3.0/bin/.java-wrapped
55e020321000-55e020322000 r--p 00001000 00:191d 4611686019099417844      /nix/store/gpxl5qgg8kicmcvivwmybwjlpf7wh20l-graalvm17-ce-22.3.0/bin/.java-wrapped
55e020322000-55e020323000 rw-p 00002000 00:191d 4611686019099417844      /nix/store/gpxl5qgg8kicmcvivwmybwjlpf7wh20l-graalvm17-ce-22.3.0/bin/.java-wrapped
55e020323000-55e020324000 rw-p 00004000 00:191d 4611686019099417844      /nix/store/gpxl5qgg8kicmcvivwmybwjlpf7wh20l-graalvm17-ce-22.3.0/bin/.java-wrapped
55e020324000-55e020325000 rw-p 00005000 00:191d 4611686019099417844      /nix/store/gpxl5qgg8kicmcvivwmybwjlpf7wh20l-graalvm17-ce-22.3.0/bin/.java-wrapped
55e020402000-55e02044a000 rw-p 00000000 00:00 0                          [heap]
7f1a84000000-7f1a84021000 rw-p 00000000 00:00 0 
7f1a84021000-7f1a88000000 ---p 00000000 00:00 0 
7f1a88000000-7f1a8813c000 rw-p 00000000 00:00 0 
7f1a8813c000-7f1a8c000000 ---p 00000000 00:00 0 
7f1a8c000000-7f1a8c021000 rw-p 00000000 00:00 0 
7f1a8c021000-7f1a90000000 ---p 00000000 00:00 0 
7f1a90000000-7f1a90021000 rw-p 00000000 00:00 0 
7f1a90021000-7f1a94000000 ---p 00000000 00:00 0 
7f1a94000000-7f1a94021000 rw-p 00000000 00:00 0 
7f1a94021000-7f1a98000000 ---p 00000000 00:00 0 
7f1a98800000-7f1a98f90000 rw-p 00000000 00:00 0 
7f1a98f90000-7f1a99000000 ---p 00000000 00:00 0 
7f1a99c00000-7f1a9a080000 rw-p 00000000 00:00 0 
7f1a9a080000-7f1a9a300000 rw-p 00000000 00:00 0 
7f1a9a300000-7f1a9a370000 rw-p 00000000 00:00 0 
7f1a9a370000-7f1a9a400000 ---p 00000000 00:00 0 
7f1a9a4b3000-7f1aa4000000 r--s 00000000 00:191d 4611686019135192581      /nix/store/gpxl5qgg8kicmcvivwmybwjlpf7wh20l-graalvm17-ce-22.3.0/lib/modules
7f1aa4000000-7f1aa4021000 rw-p 00000000 00:00 0 
7f1aa4021000-7f1aa8000000 ---p 00000000 00:00 0 
7f1aa8000000-7f1aa8505000 rw-p 00000000 00:00 0 
7f1aa8505000-7f1aac000000 ---p 00000000 00:00 0 
7f1aac000000-7f1aac101000 rw-p 00000000 00:00 0 
7f1aac101000-7f1ab0000000 ---p 00000000 00:00 0 
7f1ab0000000-7f1ab0189000 rw-p 00000000 00:00 0 
7f1ab0189000-7f1ab4000000 ---p 00000000 00:00 0 
7f1ab4000000-7f1ab4021000 rw-p 00000000 00:00 0 
7f1ab4021000-7f1ab8000000 ---p 00000000 00:00 0 
7f1ab8000000-7f1ab8021000 rw-p 00000000 00:00 0 
7f1ab8021000-7f1abc000000 ---p 00000000 00:00 0 
7f1abc000000-7f1abc02e000 rw-p 00000000 00:00 0 
7f1abc02e000-7f1ac0000000 ---p 00000000 00:00 0 
7f1ac0000000-7f1ac0055000 rw-p 00000000 00:00 0 
7f1ac0055000-7f1ac4000000 ---p 00000000 00:00 0 
7f1ac4000000-7f1ac4021000 rw-p 00000000 00:00 0 
7f1ac4021000-7f1ac8000000 ---p 00000000 00:00 0 
7f1ac8000000-7f1ac8434000 rw-p 00000000 00:00 0 
7f1ac8434000-7f1acc000000 ---p 00000000 00:00 0 
7f1acc000000-7f1acc021000 rw-p 00000000 00:00 0 
7f1acc021000-7f1ad0000000 ---p 00000000 00:00 0 
7f1ad0000000-7f1ad0021000 rw-p 00000000 00:00 0 
7f1ad0021000-7f1ad4000000 ---p 00000000 00:00 0 
7f1ad4000000-7f1ad48bb000 rw-p 00000000 00:00 0 
7f1ad48bb000-7f1ad8000000 ---p 00000000 00:00 0 
7f1ad8000000-7f1ad8022000 rw-p 00000000 00:00 0 
7f1ad8022000-7f1adc000000 ---p 00000000 00:00 0 
7f1adc000000-7f1adc021000 rw-p 00000000 00:00 0 
7f1adc021000-7f1ae0000000 ---p 00000000 00:00 0 
7f1ae0000000-7f1ae0021000 rw-p 00000000 00:00 0 
7f1ae0021000-7f1ae4000000 ---p 00000000 00:00 0 
7f1ae4000000-7f1ae4021000 rw-p 00000000 00:00 0 
7f1ae4021000-7f1ae8000000 ---p 00000000 00:00 0 
7f1ae8400000-7f1ae85c0000 rw-p 00000000 00:00 0 
7f1ae85c0000-7f1ae8600000 rw-p 00000000 00:00 0 
7f1ae8600000-7f1ae8900000 rw-p 00000000 00:00 0 
7f1ae8900000-7f1ae8a00000 rw-p 00000000 00:00 0 
7f1ae8a00000-7f1ae8c00000 rw-p 00000000 00:00 0 
7f1ae8c00000-7f1ae8d00000 rw-p 00000000 00:00 0 
7f1ae8d00000-7f1ae8d80000 rw-p 00000000 00:00 0 
7f1ae8d80000-7f1ae8ec0000 rw-p 00000000 00:00 0 
7f1ae8ec0000-7f1ae8f00000 rw-p 00000000 00:00 0 
7f1ae8f00000-7f1ae9100000 rw-p 00000000 00:00 0 
7f1ae9100000-7f1ae9400000 rw-p 00000000 00:00 0 
7f1ae9400000-7f1ae9500000 rw-p 00000000 00:00 0 
7f1ae9500000-7f1ae9600000 rw-p 00000000 00:00 0 
7f1ae9600000-7f1ae9b80000 rw-p 00000000 00:00 0 
7f1ae9b80000-7f1ae9c00000 rw-p 00000000 00:00 0 
7f1ae9c00000-7f1ae9d00000 rw-p 00000000 00:00 0 
7f1ae9d00000-7f1ae9e00000 rw-p 00000000 00:00 0 
7f1ae9e00000-7f1aea100000 rw-p 00000000 00:00 0 
7f1aea100000-7f1aea200000 rw-p 00000000 00:00 0 
7f1aea200000-7f1aea400000 rw-p 00000000 00:00 0 
7f1aeb400000-7f1aeb410000 r-xp 00000000 00:1690 366                      /home/runner/.cache/jdt-language-server/config/org.eclipse.equinox.launcher/org.eclipse.equinox.launcher.gtk.linux.x86_64_1.2.400.v20211117-0650/eclipse_11600.so
7f1aeb410000-7f1aeb60f000 ---p 00010000 00:1690 366                      /home/runner/.cache/jdt-language-server/config/org.eclipse.equinox.launcher/org.eclipse.equinox.launcher.gtk.linux.x86_64_1.2.400.v20211117-0650/eclipse_11600.so
7f1aeb60f000-7f1aeb610000 r--p 0000f000 00:1690 366                      /home/runner/.cache/jdt-language-server/config/org.eclipse.equinox.launcher/org.eclipse.equinox.launcher.gtk.linux.x86_64_1.2.400.v20211117-0650/eclipse_11600.so
7f1aeb610000-7f1aeb611000 rw-p 00010000 00:1690 366                      /home/runner/.cache/jdt-language-server/config/org.eclipse.equinox.launcher/org.eclipse.equinox.launcher.gtk.linux.x86_64_1.2.400.v20211117-0650/eclipse_11600.so
7f1aebb00000-7f1aebc00000 ---p 00000000 00:00 0 
7f1aebc00000-7f1aec1af000 r--p 01122000 00:191d 4611686019135190040      /nix/store/gpxl5qgg8kicmcvivwmybwjlpf7wh20l-graalvm17-ce-22.3.0/lib/libjvmcicompiler.so
7f1aec1af000-7f1aec300000 r--p 00000000 00:00 0 
7f1aec300000-7f1aec33d000 rw-p 00000000 00:00 0 
7f1aec33d000-7f1aec85d000 rw-p 0185f000 00:191d 4611686019135190040      /nix/store/gpxl5qgg8kicmcvivwmybwjlpf7wh20l-graalvm17-ce-22.3.0/lib/libjvmcicompiler.so
7f1aec85d000-7f1aecc44000 r--p 01d7f000 00:191d 4611686019135190040      /nix/store/gpxl5qgg8kicmcvivwmybwjlpf7wh20l-graalvm17-ce-22.3.0/lib/libjvmcicompiler.so
7f1aecd00000-7f1aecd04000 ---p 00000000 00:00 0 
7f1aecd04000-7f1aece00000 rw-p 00000000 00:00 0 
7f1aecf00000-7f1aecf04000 ---p 00000000 00:00 0 
7f1aecf04000-7f1aed000000 rw-p 00000000 00:00 0 
7f1aed100000-7f1aed104000 ---p 00000000 00:00 0 
7f1aed104000-7f1aed200000 rw-p 00000000 00:00 0 
7f1aed300000-7f1aed304000 ---p 00000000 00:00 0 
7f1aed304000-7f1aed400000 rw-p 00000000 00:00 0 
7f1aed500000-7f1aed504000 ---p 00000000 00:00 0 
7f1aed504000-7f1aed600000 rw-p 00000000 00:00 0 
7f1aed700000-7f1aed704000 ---p 00000000 00:00 0 
7f1aed704000-7f1aed800000 rw-p 00000000 00:00 0 
7f1aed800000-7f1aed804000 ---p 00000000 00:00 0 
7f1aed804000-7f1aed900000 rw-p 00000000 00:00 0 
7f1aed900000-7f1aed904000 ---p 00000000 00:00 0 
7f1aed904000-7f1aeda00000 rw-p 00000000 00:00 0 
7f1aedb00000-7f1aedb04000 ---p 00000000 00:00 0 
7f1aedb04000-7f1aedc00000 rw-p 00000000 00:00 0 
7f1aedc00000-7f1aefd6a000 r-xp 00000000 00:191d 4611686019135190040      /nix/store/gpxl5qgg8kicmcvivwmybwjlpf7wh20l-graalvm17-ce-22.3.0/lib/libjvmcicompiler.so
7f1aefd6a000-7f1aeff69000 ---p 0216a000 00:191d 4611686019135190040      /nix/store/gpxl5qgg8kicmcvivwmybwjlpf7wh20l-graalvm17-ce-22.3.0/lib/libjvmcicompiler.so
7f1aeff69000-7f1aeff6a000 r--p 02169000 00:191d 4611686019135190040      /nix/store/gpxl5qgg8kicmcvivwmybwjlpf7wh20l-graalvm17-ce-22.3.0/lib/libjvmcicompiler.so
7f1aeff6a000-7f1aeff6c000 rw-p 0216a000 00:191d 4611686019135190040      /nix/store/gpxl5qgg8kicmcvivwmybwjlpf7wh20l-graalvm17-ce-22.3.0/lib/libjvmcicompiler.so
7f1aeff6c000-7f1aeff6d000 rw-p 00000000 00:00 0 
7f1aeff6d000-7f1aeff72000 rw-p 023c3000 00:191d 4611686019135190040      /nix/store/gpxl5qgg8kicmcvivwmybwjlpf7wh20l-graalvm17-ce-22.3.0/lib/libjvmcicompiler.so
7f1af0000000-7f1af0021000 rw-p 00000000 00:00 0 
7f1af0021000-7f1af4000000 ---p 00000000 00:00 0 
7f1af4000000-7f1af4021000 rw-p 00000000 00:00 0 
7f1af4021000-7f1af8000000 ---p 00000000 00:00 0 
7f1af8000000-7f1af8071000 rw-p 00000000 00:00 0 
7f1af8071000-7f1afc000000 ---p 00000000 00:00 0 
7f1afc000000-7f1afc021000 rw-p 00000000 00:00 0 
7f1afc021000-7f1b00000000 ---p 00000000 00:00 0 
7f1b00000000-7f1b000d1000 rw-p 00000000 00:00 0 
7f1b000d1000-7f1b04000000 ---p 00000000 00:00 0 
7f1b04000000-7f1b04c15000 rw-p 00000000 00:00 0 
7f1b04c15000-7f1b08000000 ---p 00000000 00:00 0 
7f1b08000000-7f1b08021000 rw-p 00000000 00:00 0 
7f1b08021000-7f1b0c000000 ---p 00000000 00:00 0 
7f1b0c000000-7f1b0c021000 rw-p 00000000 00:00 0 
7f1b0c021000-7f1b10000000 ---p 00000000 00:00 0 
7f1b10000000-7f1b10021000 rw-p 00000000 00:00 0 
7f1b10021000-7f1b14000000 ---p 00000000 00:00 0 
7f1b14000000-7f1b14021000 rw-p 00000000 00:00 0 
7f1b14021000-7f1b18000000 ---p 00000000 00:00 0 
7f1b18000000-7f1b1802e000 rw-p 00000000 00:00 0 
7f1b1802e000-7f1b1c000000 ---p 00000000 00:00 0 
7f1b1c000000-7f1b1c021000 rw-p 00000000 00:00 0 
7f1b1c021000-7f1b20000000 ---p 00000000 00:00 0 
7f1b20000000-7f1b20093000 rw-p 00000000 00:00 0 
7f1b20093000-7f1b24000000 ---p 00000000 00:00 0 
7f1b24100000-7f1b24104000 ---p 00000000 00:00 0 
7f1b24104000-7f1b24200000 rw-p 00000000 00:00 0 
7f1b24300000-7f1b24304000 ---p 00000000 00:00 0 
7f1b24304000-7f1b24400000 rw-p 00000000 00:00 0 
7f1b24500000-7f1b24504000 ---p 00000000 00:00 0 
7f1b24504000-7f1b24600000 rw-p 00000000 00:00 0 
7f1b24700000-7f1b24704000 ---p 00000000 00:00 0 
7f1b24704000-7f1b24800000 rw-p 00000000 00:00 0 
7f1b24800000-7f1b24804000 ---p 00000000 00:00 0 
7f1b24804000-7f1b24900000 rw-p 00000000 00:00 0 
7f1b24900000-7f1b24904000 ---p 00000000 00:00 0 
7f1b24904000-7f1b24a00000 rw-p 00000000 00:00 0 
7f1b24b00000-7f1b24b04000 ---p 00000000 00:00 0 
7f1b24b04000-7f1b24c00000 rw-p 00000000 00:00 0 
7f1b24d00000-7f1b24d04000 ---p 00000000 00:00 0 
7f1b24d04000-7f1b24e00000 rw-p 00000000 00:00 0 
7f1b24e00000-7f1b24e04000 ---p 00000000 00:00 0 
7f1b24e04000-7f1b24f00000 rw-p 00000000 00:00 0 
7f1b24f00000-7f1b24f04000 ---p 00000000 00:00 0 
7f1b24f04000-7f1b25000000 rw-p 00000000 00:00 0 
7f1b25000000-7f1b25004000 ---p 00000000 00:00 0 
7f1b25004000-7f1b25100000 rw-p 00000000 00:00 0 
7f1b25100000-7f1b25104000 ---p 00000000 00:00 0 
7f1b25104000-7f1b25200000 rw-p 00000000 00:00 0 
7f1b25e68000-7f1b26300000 rw-p 00000000 00:00 0 
7f1b263fe000-7f1b263ff000 ---p 00000000 00:00 0 
7f1b263ff000-7f1b26500000 rw-p 00000000 00:00 0 
7f1b26500000-7f1b26504000 ---p 00000000 00:00 0 
7f1b26504000-7f1b26600000 rw-p 00000000 00:00 0 
7f1b26600000-7f1b26604000 ---p 00000000 00:00 0 
7f1b26604000-7f1b26700000 rw-p 00000000 00:00 0 
7f1b26700000-7f1b26704000 ---p 00000000 00:00 0 
7f1b26704000-7f1b26800000 rw-p 00000000 00:00 0 
7f1b26800000-7f1b26804000 ---p 00000000 00:00 0 
7f1b26804000-7f1b26a00000 rw-p 00000000 00:00 0 
7f1b26a00000-7f1b26a04000 ---p 00000000 00:00 0 
7f1b26a04000-7f1b27000000 rw-p 00000000 00:00 0 
7f1b27000000-7f1b27300000 rw-p 00000000 00:00 0 
7f1b27300000-7f1b27400000 rw-p 00000000 00:00 0 
7f1b274b3000-7f1b27723000 rwxp 00000000 00:00 0 
7f1b27723000-7f1b27a42000 ---p 00000000 00:00 0 
7f1b27a42000-7f1b28b92000 rwxp 00000000 00:00 0 
7f1b28b92000-7f1b2ef7a000 ---p 00000000 00:00 0 
7f1b2ef7a000-7f1b2f24a000 rwxp 00000000 00:00 0 
7f1b2f24a000-7f1b364b3000 ---p 00000000 00:00 0 
7f1b364b3000-7f1b40000000 r--s 00000000 00:191d 4611686019135192581      /nix/store/gpxl5qgg8kicmcvivwmybwjlpf7wh20l-graalvm17-ce-22.3.0/lib/modules
7f1b40000000-7f1b40624000 rw-p 00000000 00:00 0 
7f1b40624000-7f1b44000000 ---p 00000000 00:00 0 
7f1b44068000-7f1b4406a000 r-xp 00000000 00:191d 4611686019135190017      /nix/store/gpxl5qgg8kicmcvivwmybwjlpf7wh20l-graalvm17-ce-22.3.0/lib/libextnet.so
7f1b4406a000-7f1b4406b000 r--p 00001000 00:191d 4611686019135190017      /nix/store/gpxl5qgg8kicmcvivwmybwjlpf7wh20l-graalvm17-ce-22.3.0/lib/libextnet.so
7f1b4406b000-7f1b4406c000 rw-p 00002000 00:191d 4611686019135190017      /nix/store/gpxl5qgg8kicmcvivwmybwjlpf7wh20l-graalvm17-ce-22.3.0/lib/libextnet.so
7f1b4406c000-7f1b4406d000 rw-p 00004000 00:191d 4611686019135190017      /nix/store/gpxl5qgg8kicmcvivwmybwjlpf7wh20l-graalvm17-ce-22.3.0/lib/libextnet.so
7f1b4406d000-7f1b44071000 ---p 00000000 00:00 0 
7f1b44071000-7f1b4408f000 rw-p 00000000 00:00 0 
7f1b4408f000-7f1b44096000 r-xp 00000000 00:191d 4611686019135192580      /nix/store/gpxl5qgg8kicmcvivwmybwjlpf7wh20l-graalvm17-ce-22.3.0/lib/libzip.so
7f1b44096000-7f1b44097000 ---p 00007000 00:191d 4611686019135192580      /nix/store/gpxl5qgg8kicmcvivwmybwjlpf7wh20l-graalvm17-ce-22.3.0/lib/libzip.so
7f1b44097000-7f1b44098000 r--p 00007000 00:191d 4611686019135192580      /nix/store/gpxl5qgg8kicmcvivwmybwjlpf7wh20l-graalvm17-ce-22.3.0/lib/libzip.so
7f1b44098000-7f1b44099000 rw-p 00008000 00:191d 4611686019135192580      /nix/store/gpxl5qgg8kicmcvivwmybwjlpf7wh20l-graalvm17-ce-22.3.0/lib/libzip.so
7f1b44099000-7f1b4409b000 rw-p 0000b000 00:191d 4611686019135192580      /nix/store/gpxl5qgg8kicmcvivwmybwjlpf7wh20l-graalvm17-ce-22.3.0/lib/libzip.so
7f1b4409b000-7f1b440b0000 r-xp 00000000 00:191d 4611686019135192570      /nix/store/gpxl5qgg8kicmcvivwmybwjlpf7wh20l-graalvm17-ce-22.3.0/lib/libnet.so
7f1b440b0000-7f1b440b1000 ---p 00015000 00:191d 4611686019135192570      /nix/store/gpxl5qgg8kicmcvivwmybwjlpf7wh20l-graalvm17-ce-22.3.0/lib/libnet.so
7f1b440b1000-7f1b440b2000 r--p 00015000 00:191d 4611686019135192570      /nix/store/gpxl5qgg8kicmcvivwmybwjlpf7wh20l-graalvm17-ce-22.3.0/lib/libnet.so
7f1b440b2000-7f1b440b3000 rw-p 00016000 00:191d 4611686019135192570      /nix/store/gpxl5qgg8kicmcvivwmybwjlpf7wh20l-graalvm17-ce-22.3.0/lib/libnet.so
7f1b440b3000-7f1b440b6000 rw-p 0001b000 00:191d 4611686019135192570      /nix/store/gpxl5qgg8kicmcvivwmybwjlpf7wh20l-graalvm17-ce-22.3.0/lib/libnet.so
7f1b440b6000-7f1b440c9000 r-xp 00000000 00:191d 4611686019135192571      /nix/store/gpxl5qgg8kicmcvivwmybwjlpf7wh20l-graalvm17-ce-22.3.0/lib/libnio.so
7f1b440c9000-7f1b440ca000 r--p 00012000 00:191d 4611686019135192571      /nix/store/gpxl5qgg8kicmcvivwmybwjlpf7wh20l-graalvm17-ce-22.3.0/lib/libnio.so
7f1b440ca000-7f1b440cb000 rw-p 00013000 00:191d 4611686019135192571      /nix/store/gpxl5qgg8kicmcvivwmybwjlpf7wh20l-graalvm17-ce-22.3.0/lib/libnio.so
7f1b440cb000-7f1b440d0000 rw-p 00019000 00:191d 4611686019135192571      /nix/store/gpxl5qgg8kicmcvivwmybwjlpf7wh20l-graalvm17-ce-22.3.0/lib/libnio.so
7f1b440d0000-7f1b440d4000 ---p 00000000 00:00 0 
7f1b440d4000-7f1b441d0000 rw-p 00000000 00:00 0 
7f1b441d0000-7f1b441d4000 ---p 00000000 00:00 0 
7f1b441d4000-7f1b442d0000 rw-p 00000000 00:00 0 
7f1b442d0000-7f1b442d4000 ---p 00000000 00:00 0 
7f1b442d4000-7f1b443d0000 rw-p 00000000 00:00 0 
7f1b443d0000-7f1b446b6000 r--p 00000000 00:196c 28444448                 /usr/lib/locale/locale-archive
7f1b446b6000-7f1b446ba000 ---p 00000000 00:00 0 
7f1b446ba000-7f1b447b6000 rw-p 00000000 00:00 0 
7f1b447b6000-7f1b447ba000 ---p 00000000 00:00 0 
7f1b447ba000-7f1b448b6000 rw-p 00000000 00:00 0 
7f1b448b6000-7f1b448b7000 ---p 00000000 00:00 0 
7f1b448b7000-7f1b449b8000 rw-p 00000000 00:00 0 
7f1b449b8000-7f1b44a86000 r-xp 00000000 00:191d 4611686019135190036      /nix/store/gpxl5qgg8kicmcvivwmybwjlpf7wh20l-graalvm17-ce-22.3.0/lib/libjsvml.so
7f1b44a86000-7f1b44a87000 r--p 000cd000 00:191d 4611686019135190036      /nix/store/gpxl5qgg8kicmcvivwmybwjlpf7wh20l-graalvm17-ce-22.3.0/lib/libjsvml.so
7f1b44a87000-7f1b44a88000 rw-p 000ce000 00:191d 4611686019135190036      /nix/store/gpxl5qgg8kicmcvivwmybwjlpf7wh20l-graalvm17-ce-22.3.0/lib/libjsvml.so
7f1b44a88000-7f1b46360000 rw-p 00000000 00:00 0 
7f1b46360000-7f1b46361000 ---p 00000000 00:00 0 
7f1b46361000-7f1b4650c000 rw-p 00000000 00:00 0 
7f1b4650c000-7f1b4653b000 rw-p 00000000 00:00 0 
7f1b4653b000-7f1b46562000 ---p 00000000 00:00 0 
7f1b46562000-7f1b46569000 rw-p 00000000 00:00 0 
7f1b46569000-7f1b4664e000 ---p 00000000 00:00 0 
7f1b4664e000-7f1b46671000 rw-p 00000000 00:00 0 
7f1b46671000-7f1b46739000 ---p 00000000 00:00 0 
7f1b46739000-7f1b4673e000 rw-p 00000000 00:00 0 
7f1b4673e000-7f1b46745000 ---p 00000000 00:00 0 
7f1b46745000-7f1b46769000 r-xp 00000000 00:191d 4611686019135190028      /nix/store/gpxl5qgg8kicmcvivwmybwjlpf7wh20l-graalvm17-ce-22.3.0/lib/libjava.so
7f1b46769000-7f1b4676a000 ---p 00024000 00:191d 4611686019135190028      /nix/store/gpxl5qgg8kicmcvivwmybwjlpf7wh20l-graalvm17-ce-22.3.0/lib/libjava.so
7f1b4676a000-7f1b4676b000 r--p 00024000 00:191d 4611686019135190028      /nix/store/gpxl5qgg8kicmcvivwmybwjlpf7wh20l-graalvm17-ce-22.3.0/lib/libjava.so
7f1b4676b000-7f1b4676c000 rw-p 00025000 00:191d 4611686019135190028      /nix/store/gpxl5qgg8kicmcvivwmybwjlpf7wh20l-graalvm17-ce-22.3.0/lib/libjava.so
7f1b4676c000-7f1b4676d000 rw-p 00000000 00:00 0 
7f1b4676d000-7f1b46774000 rw-p 0002f000 00:191d 4611686019135190028      /nix/store/gpxl5qgg8kicmcvivwmybwjlpf7wh20l-graalvm17-ce-22.3.0/lib/libjava.so
7f1b46774000-7f1b4677c000 rw-s 00000000 00:1969 361                      /tmp/hsperfdata_runner/32
7f1b4677c000-7f1b4677d000 ---p 00000000 00:00 0 
7f1b4677d000-7f1b4677e000 r--p 00000000 00:00 0 
7f1b4677e000-7f1b4677f000 rwxp 00000000 00:00 0 
7f1b4677f000-7f1b4679a000 r-xp 00000000 00:191d 4611686019135190032      /nix/store/gpxl5qgg8kicmcvivwmybwjlpf7wh20l-graalvm17-ce-22.3.0/lib/libjimage.so
7f1b4679a000-7f1b4679b000 ---p 0001b000 00:191d 4611686019135190032      /nix/store/gpxl5qgg8kicmcvivwmybwjlpf7wh20l-graalvm17-ce-22.3.0/lib/libjimage.so
7f1b4679b000-7f1b4679d000 r--p 0001b000 00:191d 4611686019135190032      /nix/store/gpxl5qgg8kicmcvivwmybwjlpf7wh20l-graalvm17-ce-22.3.0/lib/libjimage.so
7f1b4679d000-7f1b4679e000 rw-p 0001d000 00:191d 4611686019135190032      /nix/store/gpxl5qgg8kicmcvivwmybwjlpf7wh20l-graalvm17-ce-22.3.0/lib/libjimage.so
7f1b4679e000-7f1b4679f000 rw-p 00024000 00:191d 4611686019135190032      /nix/store/gpxl5qgg8kicmcvivwmybwjlpf7wh20l-graalvm17-ce-22.3.0/lib/libjimage.so
7f1b4679f000-7f1b467a3000 ---p 00000000 00:00 0 
7f1b467a3000-7f1b4689f000 rw-p 00000000 00:00 0 
7f1b4689f000-7f1b468ad000 r--p 00000000 00:191d 4611686019027979927      /nix/store/4nlgxhb09sdr51nc9hdm8az5b08vzkgx-glibc-2.35-163/lib/libm.so.6
7f1b468ad000-7f1b46920000 r-xp 0000e000 00:191d 4611686019027979927      /nix/store/4nlgxhb09sdr51nc9hdm8az5b08vzkgx-glibc-2.35-163/lib/libm.so.6
7f1b46920000-7f1b4697d000 r--p 00081000 00:191d 4611686019027979927      /nix/store/4nlgxhb09sdr51nc9hdm8az5b08vzkgx-glibc-2.35-163/lib/libm.so.6
7f1b4697d000-7f1b4697e000 r--p 000dd000 00:191d 4611686019027979927      /nix/store/4nlgxhb09sdr51nc9hdm8az5b08vzkgx-glibc-2.35-163/lib/libm.so.6
7f1b4697e000-7f1b4697f000 rw-p 000de000 00:191d 4611686019027979927      /nix/store/4nlgxhb09sdr51nc9hdm8az5b08vzkgx-glibc-2.35-163/lib/libm.so.6
7f1b4697f000-7f1b46980000 r--p 00000000 00:191d 4611686019027979946      /nix/store/4nlgxhb09sdr51nc9hdm8az5b08vzkgx-glibc-2.35-163/lib/librt.so.1
7f1b46980000-7f1b46981000 r-xp 00001000 00:191d 4611686019027979946      /nix/store/4nlgxhb09sdr51nc9hdm8az5b08vzkgx-glibc-2.35-163/lib/librt.so.1
7f1b46981000-7f1b46982000 r--p 00002000 00:191d 4611686019027979946      /nix/store/4nlgxhb09sdr51nc9hdm8az5b08vzkgx-glibc-2.35-163/lib/librt.so.1
7f1b46982000-7f1b46983000 r--p 00002000 00:191d 4611686019027979946      /nix/store/4nlgxhb09sdr51nc9hdm8az5b08vzkgx-glibc-2.35-163/lib/librt.so.1
7f1b46983000-7f1b46984000 rw-p 00003000 00:191d 4611686019027979946      /nix/store/4nlgxhb09sdr51nc9hdm8az5b08vzkgx-glibc-2.35-163/lib/librt.so.1
7f1b46984000-7f1b47a97000 r-xp 00000000 00:191d 4611686019135360866      /nix/store/gpxl5qgg8kicmcvivwmybwjlpf7wh20l-graalvm17-ce-22.3.0/lib/server/libjvm.so
7f1b47a97000-7f1b47a98000 ---p 01113000 00:191d 4611686019135360866      /nix/store/gpxl5qgg8kicmcvivwmybwjlpf7wh20l-graalvm17-ce-22.3.0/lib/server/libjvm.so
7f1b47a98000-7f1b47b4d000 r--p 01113000 00:191d 4611686019135360866      /nix/store/gpxl5qgg8kicmcvivwmybwjlpf7wh20l-graalvm17-ce-22.3.0/lib/server/libjvm.so
7f1b47b4d000-7f1b47b81000 rw-p 011c8000 00:191d 4611686019135360866      /nix/store/gpxl5qgg8kicmcvivwmybwjlpf7wh20l-graalvm17-ce-22.3.0/lib/server/libjvm.so
7f1b47b81000-7f1b47bdd000 rw-p 00000000 00:00 0 
7f1b47bdd000-7f1b47c05000 r--p 00000000 00:191d 4611686019027979918      /nix/store/4nlgxhb09sdr51nc9hdm8az5b08vzkgx-glibc-2.35-163/lib/libc.so.6
7f1b47c05000-7f1b47d7b000 r-xp 00028000 00:191d 4611686019027979918      /nix/store/4nlgxhb09sdr51nc9hdm8az5b08vzkgx-glibc-2.35-163/lib/libc.so.6
7f1b47d7b000-7f1b47dd3000 r--p 0019e000 00:191d 4611686019027979918      /nix/store/4nlgxhb09sdr51nc9hdm8az5b08vzkgx-glibc-2.35-163/lib/libc.so.6
7f1b47dd3000-7f1b47dd7000 r--p 001f6000 00:191d 4611686019027979918      /nix/store/4nlgxhb09sdr51nc9hdm8az5b08vzkgx-glibc-2.35-163/lib/libc.so.6
7f1b47dd7000-7f1b47dd9000 rw-p 001fa000 00:191d 4611686019027979918      /nix/store/4nlgxhb09sdr51nc9hdm8az5b08vzkgx-glibc-2.35-163/lib/libc.so.6
7f1b47dd9000-7f1b47de8000 rw-p 00000000 00:00 0 
7f1b47de8000-7f1b47de9000 r--p 00000000 00:191d 4611686019027979923      /nix/store/4nlgxhb09sdr51nc9hdm8az5b08vzkgx-glibc-2.35-163/lib/libdl.so.2
7f1b47de9000-7f1b47dea000 r-xp 00001000 00:191d 4611686019027979923      /nix/store/4nlgxhb09sdr51nc9hdm8az5b08vzkgx-glibc-2.35-163/lib/libdl.so.2
7f1b47dea000-7f1b47deb000 r--p 00002000 00:191d 4611686019027979923      /nix/store/4nlgxhb09sdr51nc9hdm8az5b08vzkgx-glibc-2.35-163/lib/libdl.so.2
7f1b47deb000-7f1b47dec000 r--p 00002000 00:191d 4611686019027979923      /nix/store/4nlgxhb09sdr51nc9hdm8az5b08vzkgx-glibc-2.35-163/lib/libdl.so.2
7f1b47dec000-7f1b47ded000 rw-p 00003000 00:191d 4611686019027979923      /nix/store/4nlgxhb09sdr51nc9hdm8az5b08vzkgx-glibc-2.35-163/lib/libdl.so.2
7f1b47ded000-7f1b47dee000 r--p 00000000 00:191d 4611686019027979942      /nix/store/4nlgxhb09sdr51nc9hdm8az5b08vzkgx-glibc-2.35-163/lib/libpthread.so.0
7f1b47dee000-7f1b47def000 r-xp 00001000 00:191d 4611686019027979942      /nix/store/4nlgxhb09sdr51nc9hdm8az5b08vzkgx-glibc-2.35-163/lib/libpthread.so.0
7f1b47def000-7f1b47df0000 r--p 00002000 00:191d 4611686019027979942      /nix/store/4nlgxhb09sdr51nc9hdm8az5b08vzkgx-glibc-2.35-163/lib/libpthread.so.0
7f1b47df0000-7f1b47df1000 r--p 00002000 00:191d 4611686019027979942      /nix/store/4nlgxhb09sdr51nc9hdm8az5b08vzkgx-glibc-2.35-163/lib/libpthread.so.0
7f1b47df1000-7f1b47df2000 rw-p 00003000 00:191d 4611686019027979942      /nix/store/4nlgxhb09sdr51nc9hdm8az5b08vzkgx-glibc-2.35-163/lib/libpthread.so.0
7f1b47df2000-7f1b47e00000 r-xp 00000000 00:191d 4611686019135190033      /nix/store/gpxl5qgg8kicmcvivwmybwjlpf7wh20l-graalvm17-ce-22.3.0/lib/libjli.so
7f1b47e00000-7f1b47e01000 ---p 0000e000 00:191d 4611686019135190033      /nix/store/gpxl5qgg8kicmcvivwmybwjlpf7wh20l-graalvm17-ce-22.3.0/lib/libjli.so
7f1b47e01000-7f1b47e02000 r--p 0000e000 00:191d 4611686019135190033      /nix/store/gpxl5qgg8kicmcvivwmybwjlpf7wh20l-graalvm17-ce-22.3.0/lib/libjli.so
7f1b47e02000-7f1b47e03000 rw-p 0000f000 00:191d 4611686019135190033      /nix/store/gpxl5qgg8kicmcvivwmybwjlpf7wh20l-graalvm17-ce-22.3.0/lib/libjli.so
7f1b47e03000-7f1b47e04000 rw-p 00012000 00:191d 4611686019135190033      /nix/store/gpxl5qgg8kicmcvivwmybwjlpf7wh20l-graalvm17-ce-22.3.0/lib/libjli.so
7f1b47e04000-7f1b47e07000 r--p 00000000 00:191d 4611686019106210071      /nix/store/026hln0aq1hyshaxsdvhg0kmcm6yf45r-zlib-1.2.13/lib/libz.so.1.2.13
7f1b47e07000-7f1b47e19000 r-xp 00003000 00:191d 4611686019106210071      /nix/store/026hln0aq1hyshaxsdvhg0kmcm6yf45r-zlib-1.2.13/lib/libz.so.1.2.13
7f1b47e19000-7f1b47e20000 r--p 00015000 00:191d 4611686019106210071      /nix/store/026hln0aq1hyshaxsdvhg0kmcm6yf45r-zlib-1.2.13/lib/libz.so.1.2.13
7f1b47e20000-7f1b47e21000 r--p 0001b000 00:191d 4611686019106210071      /nix/store/026hln0aq1hyshaxsdvhg0kmcm6yf45r-zlib-1.2.13/lib/libz.so.1.2.13
7f1b47e21000-7f1b47e22000 rw-p 0001c000 00:191d 4611686019106210071      /nix/store/026hln0aq1hyshaxsdvhg0kmcm6yf45r-zlib-1.2.13/lib/libz.so.1.2.13
7f1b47e22000-7f1b47e24000 rw-p 00000000 00:00 0 
7f1b47e24000-7f1b47e26000 r--p 00000000 00:191d 4611686019027979912      /nix/store/4nlgxhb09sdr51nc9hdm8az5b08vzkgx-glibc-2.35-163/lib/ld-linux-x86-64.so.2
7f1b47e26000-7f1b47e4d000 r-xp 00002000 00:191d 4611686019027979912      /nix/store/4nlgxhb09sdr51nc9hdm8az5b08vzkgx-glibc-2.35-163/lib/ld-linux-x86-64.so.2
7f1b47e4d000-7f1b47e59000 r--p 00029000 00:191d 4611686019027979912      /nix/store/4nlgxhb09sdr51nc9hdm8az5b08vzkgx-glibc-2.35-163/lib/ld-linux-x86-64.so.2
7f1b47e59000-7f1b47e5b000 r--p 00034000 00:191d 4611686019027979912      /nix/store/4nlgxhb09sdr51nc9hdm8az5b08vzkgx-glibc-2.35-163/lib/ld-linux-x86-64.so.2
7f1b47e5b000-7f1b47e5d000 rw-p 00036000 00:191d 4611686019027979912      /nix/store/4nlgxhb09sdr51nc9hdm8az5b08vzkgx-glibc-2.35-163/lib/ld-linux-x86-64.so.2
7ffd05d31000-7ffd05d56000 rw-p 00000000 00:00 0                          [stack]
7ffd05d9d000-7ffd05da1000 r--p 00000000 00:00 0                          [vvar]
7ffd05da1000-7ffd05da3000 r-xp 00000000 00:00 0                          [vdso]
ffffffffff600000-ffffffffff601000 --xp 00000000 00:00 0                  [vsyscall]


VM Arguments:
jvm_args: -XX:ThreadPriorityPolicy=1 -XX:+UnlockExperimentalVMOptions -XX:+EnableJVMCIProduct -XX:JVMCIThreadsPerNativeLibraryRuntime=1 -XX:-UnlockExperimentalVMOptions -Declipse.application=org.eclipse.jdt.ls.core.id1 -Dosgi.bundles.defaultStartLevel=4 -Declipse.product=org.eclipse.jdt.ls.core.product -Dlog.level=ALL -Xverify:none -XX:+UseParallelGC -XX:GCTimeRatio=4 -XX:AdaptiveSizePolicyWeight=90 -Dsun.zip.disableMemoryMapping=true -Xmx512m -Xms100m 
java_command: /nix/store/m6gcpi1ii6rghy04cjwjddcavv7i90df-jdt-language-server-1.9.0/share/java/plugins/org.eclipse.equinox.launcher_1.6.400.v20210924-0641.jar --add-modules=ALL-SYSTEM --add-opens java.base/java.util=ALL-UNNAMED --add-opens java.base/java.lang=ALL-UNNAMED -configuration /home/runner/.cache/jdt-language-server/config -data /home/runner/.cache/jdt-language-server/data/home/runner/RPG-game-10-English
java_class_path (initial): /nix/store/m6gcpi1ii6rghy04cjwjddcavv7i90df-jdt-language-server-1.9.0/share/java/plugins/org.eclipse.equinox.launcher_1.6.400.v20210924-0641.jar
Launcher Type: SUN_STANDARD

[Global flags]
    uintx AdaptiveSizePolicyWeight                 = 90                                        {product} {command line}
     intx CICompilerCount                          = 2                                         {product} {ergonomic}
     bool EnableJVMCIProduct                       = true                                {JVMCI product} {jimage}
    uintx GCTimeRatio                              = 4                                         {product} {command line}
   size_t InitialHeapSize                          = 104857600                                 {product} {command line}
     uint JVMCIThreadsPerNativeLibraryRuntime      = 1                                   {JVMCI product} {jimage}
   size_t MaxHeapSize                              = 536870912                                 {product} {command line}
   size_t MaxNewSize                               = 178782208                                 {product} {ergonomic}
   size_t MinHeapDeltaBytes                        = 524288                                    {product} {ergonomic}
   size_t MinHeapSize                              = 104857600                                 {product} {command line}
   size_t NewSize                                  = 34603008                                  {product} {ergonomic}
    uintx NonNMethodCodeHeapSize                   = 5826188                                {pd product} {ergonomic}
    uintx NonProfiledCodeHeapSize                  = 122916026                              {pd product} {ergonomic}
   size_t OldSize                                  = 70254592                                  {product} {ergonomic}
    uintx ProfiledCodeHeapSize                     = 122916026                              {pd product} {ergonomic}
    uintx ReservedCodeCacheSize                    = 251658240                              {pd product} {ergonomic}
     bool SegmentedCodeCache                       = true                                      {product} {ergonomic}
   size_t SoftMaxHeapSize                          = 536870912                              {manageable} {ergonomic}
     intx ThreadPriorityPolicy                     = 1                                         {product} {jimage}
     bool UseCompressedClassPointers               = true                           {product lp64_product} {ergonomic}
     bool UseCompressedOops                        = true                           {product lp64_product} {ergonomic}
     bool UseParallelGC                            = true                                      {product} {command line}

Logging:
Log output configuration:
 #0: stdout all=warning uptime,level,tags
 #1: stderr all=off uptime,level,tags

Environment Variables:
JAVA_HOME=/nix/store/gpxl5qgg8kicmcvivwmybwjlpf7wh20l-graalvm17-ce-22.3.0
PATH=/nix/store/1d6ian3r8kdzspw8hacjhl3xkp40g1lj-binutils-wrapper-2.39/bin:/nix/store/dq0xwmsk1g0i2ayg6pb7y87na2knzylh-gcc-wrapper-11.3.0/bin:/nix/store/bap4d0lpcrhpwmpb8ayjcgkmvfj62lnq-bash-interactive-5.1-p16/bin:/nix/store/pr5n59mb4jzmfx6kanwxly0l07p861fg-patchelf-0.15.0/bin:/nix/store/1gf2flfqnpqbr1b4p4qz2f72y42bs56r-gcc-11.3.0/bin:/nix/store/57xv61c5zi8pphjbcwxxjlgc34p61ic9-glibc-2.35-163-bin/bin:/nix/store/a7gvj343m05j2s32xcnwr35v31ynlypr-coreutils-9.1/bin:/nix/store/039g378vc3pc3dvi9dzdlrd0i4q93qwf-binutils-2.39/bin:/nix/store/gpxl5qgg8kicmcvivwmybwjlpf7wh20l-graalvm17-ce-22.3.0/bin:/nix/store/6z9ag3ihc8mq2hzsw48lhbznvzny65nz-apache-maven-3.8.6/bin:/nix/store/m6gcpi1ii6rghy04cjwjddcavv7i90df-jdt-language-server-1.9.0/bin:/nix/store/84xs5alhs01zrbr4ywm05kxbjbp5590l-java-debug/bin:/nix/store/mydc6f4k2z73xlcz7ilif3v2lcaiqvza-findutils-4.9.0/bin:/nix/store/j9p3g8472iijd50vhdprx0nmk2fqn5gv-diffutils-3.8/bin:/nix/store/89zs7rms6x00xfq4dq6m7mjnhkr8a6r4-gnused-4.8/bin:/nix/store/86bp03jkmsl6f92w0yzg4s59g5mhxwmy-gnugrep-3.7/bin:/nix/store/hwcdqw4jrjnd37wxqgsd47hd0j8bnj09-gawk-5.1.1/bin:/nix/store/cfbhw8r8ags41vwqaz47r583d0p4h4a1-gnutar-1.34/bin:/nix/store/p3m1ndl1lapwrlh698bnb5lvvxh67378-gzip-1.12/bin:/nix/store/a8mhcagrsly7c7mpjrpsnaahk4aax056-bzip2-1.0.8-bin/bin:/nix/store/mblgz65m3zv9x548a3d5m96fj2pbwr09-gnumake-4.3/bin:/nix/store/dsd5gz46hdbdk2rfdimqddhq6m8m8fqs-bash-5.1-p16/bin:/nix/store/v7ljksji50mg3w61dykaa3n3y79n6nil-patch-2.7.6/bin:/nix/store/zlcnmqq14jz5x9439jf937mvayyl63da-xz-5.2.7-bin/bin:/nix/store/y6aj732zm9m87c82fpvf103a1xb22blp-file-5.43/bin:/nix/store/i4kzir3m7mrisxmf5xvlnkw01x4qaqr4-prybar-elisp-0.0.0-e0d9a52/bin:/nix/store/lwwivxf6h7x3cvxp9zv8sj0mv7dak99r-prybar-lua-0.0.0-e0d9a52/bin:/nix/store/gxj28g1cg4hq3qanmjv07156h800qr58-prybar-python3-0.0.0-e0d9a52/bin:/nix/store/hshkjnxrgidigf8x75vg6lqng2xlx9i3-prybar-sqlite-0.0.0-e0d9a52/bin:/nix/store/c4w01bpjgyy5ixmwdk8m1pw87zq4sl26-prybar-tcl-0.0.0-e0d9a52/bin:/nix/store/hpbvrlwd5viqmvcaisb3x0118i913a9n-st
LD_LIBRARY_PATH=/nix/store/a4pff549sk2idnkpzk5nsfps3mdkdnvm-cups-2.4.2-lib/lib:/nix/store/72mqxxhh3cy5yifh92wh2yb8cl2hikyy-cairo-1.16.0/lib:/nix/store/2k366jrbsra97gjfxwvrhvixjfxdach5-glib-2.74.1/lib:/nix/store/2j2znigd8ak37rlwh9khz0ry3clqlw1l-gtk+3-3.24.34/lib:/nix/store/hisqvx32cd57apbpcsnkpx6k3549wql1-libglvnd-1.4.0/lib:/nix/store/p36pgcv991mq5srvg765b78yqpxvk3qs-mesa-21.3.3-drivers/lib:/nix/store/mav4251if1ahjq5vkpwycyyvnmy459c4-pulseaudio-14.2/lib
DISPLAY=:0
LANG=en_US.UTF-8

Signal Handlers:
   SIGSEGV: crash_handler in libjvm.so, mask=11100100010111111101111111111110, flags=SA_RESTART|SA_SIGINFO
    SIGBUS: crash_handler in libjvm.so, mask=11100100010111111101111111111110, flags=SA_RESTART|SA_SIGINFO
    SIGFPE: crash_handler in libjvm.so, mask=11100100010111111101111111111110, flags=SA_RESTART|SA_SIGINFO
   SIGPIPE: IsolateEnterStub_IgnoreSIGPIPEStartupHook_noopSignalHandler_8f19bff2f35b5f630d83b364d6b2339320d4ec70_216e8361c6bc87a8f89f58cc10d3b2fd4415bf87 in libjvmcicompiler.so, mask=00000000000000000000000000000000, flags=SA_RESTART
  *** Handler was modified!
  *** Expected: javaSignalHandler in libjvm.so, mask=11100100110111111111111111111110, flags=SA_RESTART|SA_SIGINFO
   SIGXFSZ: javaSignalHandler in libjvm.so, mask=11100100010111111101111111111110, flags=SA_RESTART|SA_SIGINFO
    SIGILL: crash_handler in libjvm.so, mask=11100100010111111101111111111110, flags=SA_RESTART|SA_SIGINFO
   SIGUSR2: SR_handler in libjvm.so, mask=00000000000000000000000000000000, flags=SA_RESTART|SA_SIGINFO
    SIGHUP: UserHandler in libjvm.so, mask=11100100010111111101111111111110, flags=SA_RESTART|SA_SIGINFO
    SIGINT: UserHandler in libjvm.so, mask=11100100010111111101111111111110, flags=SA_RESTART|SA_SIGINFO
   SIGTERM: UserHandler in libjvm.so, mask=11100100010111111101111111111110, flags=SA_RESTART|SA_SIGINFO
   SIGQUIT: UserHandler in libjvm.so, mask=11100100010111111101111111111110, flags=SA_RESTART|SA_SIGINFO
  *** Handler was modified!
  *** Expected: javaSignalHandler in libjvm.so, mask=11100100110111111111111111111110, flags=SA_RESTART|SA_SIGINFO
   SIGTRAP: crash_handler in libjvm.so, mask=11100100010111111101111111111110, flags=SA_RESTART|SA_SIGINFO


---------------  S Y S T E M  ---------------

OS:
DISTRIB_ID=Ubuntu
DISTRIB_RELEASE=20.04
DISTRIB_CODENAME=focal
DISTRIB_DESCRIPTION="Ubuntu 20.04.2 LTS"
uname: Linux 5.19.0-1022-gcp #24~22.04.1-Ubuntu SMP Sun Apr 23 09:51:08 UTC 2023 x86_64
OS uptime: 0 days 0:38 hours
libc: glibc 2.35 NPTL 2.35 
rlimit (soft/hard): STACK 8192k/infinity , CORE infinity/infinity , NPROC infinity/infinity , NOFILE 5242/5242 , AS infinity/infinity , CPU infinity/infinity , DATA infinity/infinity , FSIZE infinity/infinity , MEMLOCK 8192k/8192k
load average: 7.27 6.50 6.02

/proc/meminfo:
MemTotal:       65852256 kB
MemFree:        34874320 kB
MemAvailable:   53552600 kB
Buffers:         1253652 kB
Cached:         16799304 kB
SwapCached:            0 kB
Active:          5936600 kB
Inactive:       22070632 kB
Active(anon):      13944 kB
Inactive(anon):  9758352 kB
Active(file):    5922656 kB
Inactive(file): 12312280 kB
Unevictable:       56324 kB
Mlocked:           56324 kB
SwapTotal:             0 kB
SwapFree:              0 kB
Zswap:                 0 kB
Zswapped:              0 kB
Dirty:              2384 kB
Writeback:             0 kB
AnonPages:       9876812 kB
Mapped:          1412620 kB
Shmem:             24160 kB
KReclaimable:    1169944 kB
Slab:            2025684 kB
SReclaimable:    1169944 kB
SUnreclaim:       855740 kB
KernelStack:      401168 kB
PageTables:       134456 kB
NFS_Unstable:          0 kB
Bounce:                0 kB
WritebackTmp:          0 kB
CommitLimit:    32926128 kB
Committed_AS:   45146948 kB
VmallocTotal:   34359738367 kB
VmallocUsed:      436424 kB
VmallocChunk:          0 kB
Percpu:            39296 kB
HardwareCorrupted:     0 kB
AnonHugePages:    606208 kB
ShmemHugePages:        0 kB
ShmemPmdMapped:        0 kB
FileHugePages:         0 kB
FilePmdMapped:         0 kB
HugePages_Total:       0
HugePages_Free:        0
HugePages_Rsvd:        0
HugePages_Surp:        0
Hugepagesize:       2048 kB
Hugetlb:               0 kB
DirectMap4k:     1405752 kB
DirectMap2M:    31096832 kB
DirectMap1G:    36700160 kB

/sys/kernel/mm/transparent_hugepage/enabled: always [madvise] never
/sys/kernel/mm/transparent_hugepage/defrag (defrag/compaction efforts parameter): always defer defer+madvise [madvise] never

Process Memory:
Virtual Size: 4721756K (peak: 4760384K)
Resident Set Size: 790060K (peak: 821628K) (anon: 592888K, file: 197172K, shmem: 0K)
Swapped out: 0K
C-Heap outstanding allocations: 44631K, retained: 13620K
glibc malloc tunables: (default)

/proc/sys/kernel/threads-max (system-wide limit on the number of threads): 514406
/proc/sys/vm/max_map_count (maximum number of memory map areas a process may have): 65530
/proc/sys/kernel/pid_max (system-wide limit on number of process identifiers): 4194304

container (cgroup) information:
container_type: cgroupv1
cpu_cpuset_cpus: 2-7
cpu_memory_nodes: 0
active_processor_count: 1
cpu_quota: 50000
cpu_period: 100000
cpu_shares: 512
memory_limit_in_bytes: 1048576 k
memory_and_swap_limit_in_bytes: 1048576 k
memory_soft_limit_in_bytes: 524288 k
memory_usage_in_bytes: 660180 k
memory_max_usage_in_bytes: 877396 k
maximum number of tasks: 1000
current number of tasks: 64

KVM virtualization detected
Steal ticks since vm start: 0
Steal ticks percentage since vm start:  0.000

CPU: total 8 (initial active 1) (8 cores per cpu, 2 threads per core) family 23 model 49 stepping 0 microcode 0xffffffff, cx8, cmov, fxsr, ht, mmx, 3dnowpref, sse, sse2, sse3, ssse3, sse4a, sse4.1, sse4.2, popcnt, lzcnt, tsc, tscinvbit, avx, avx2, aes, clmul, bmi1, bmi2, adx, sha, fma, vzeroupper, clflush, clflushopt, hv
CPU Model and flags from /proc/cpuinfo:
model name	: AMD EPYC 7B12
flags		: fpu vme de pse tsc msr pae mce cx8 apic sep mtrr pge mca cmov pat pse36 clflush mmx fxsr sse sse2 ht syscall nx mmxext fxsr_opt pdpe1gb rdtscp lm constant_tsc rep_good nopl nonstop_tsc cpuid extd_apicid tsc_known_freq pni pclmulqdq ssse3 fma cx16 sse4_1 sse4_2 movbe popcnt aes xsave avx f16c rdrand hypervisor lahf_lm cmp_legacy cr8_legacy abm sse4a misalignsse 3dnowprefetch osvw topoext ssbd ibrs ibpb stibp vmmcall fsgsbase tsc_adjust bmi1 avx2 smep bmi2 rdseed adx smap clflushopt clwb sha_ni xsaveopt xsavec xgetbv1 clzero xsaveerptr arat npt nrip_save umip rdpid

Online cpus: 0-7
Offline cpus: 
BIOS frequency limitation: <Not Available>
Frequency switch latency (ns): <Not Available>
Available cpu frequencies: <Not Available>
Current governor: <Not Available>
Core performance/turbo boost: <Not Available>

Memory: 4k page, physical 1048576k(388392k free), swap 0k(0k free)
Page Sizes: 4k

vm_info: OpenJDK 64-Bit Server VM (17.0.5+8-jvmci-22.3-b08) for linux-amd64 JRE (17.0.5+8-jvmci-22.3-b08), built on Oct 19 2022 09:01:27 by "buildslave" with gcc 10.3.0

END.
